
> youtubex-studio-clone@2.0.0 type-check
> tsc --noEmit

src/features/auth/services/authService.ts(15,46): error TS1144: '{' or ';' expected.
src/features/auth/services/authService.ts(15,60): error TS1005: '(' expected.
src/features/auth/services/authService.ts(16,60): error TS1136: Property assignment expected.
src/features/auth/services/authService.ts(18,14): error TS1005: ';' expected.
src/features/auth/services/authService.ts(19,23): error TS1005: ';' expected.
src/features/auth/services/authService.ts(20,7): error TS1109: Expression expected.
src/features/auth/services/authService.ts(20,8): error TS1128: Declaration or statement expected.
src/features/auth/services/authService.ts(22,5): error TS1109: Expression expected.
src/features/auth/services/authService.ts(22,6): error TS1068: Unexpected token. A constructor, method, accessor, or property was expected.
src/features/auth/services/authService.ts(24,9): error TS1003: Identifier expected.
src/features/auth/services/authService.ts(24,18): error TS1005: ',' expected.
src/features/auth/services/authService.ts(30,5): error TS1068: Unexpected token. A constructor, method, accessor, or property was expected.
src/features/auth/services/authService.ts(32,3): error TS1128: Declaration or statement expected.
src/features/auth/services/authService.ts(37,3): error TS1434: Unexpected keyword or identifier.
src/features/auth/services/authService.ts(37,22): error TS1005: ',' expected.
src/features/auth/services/authService.ts(37,38): error TS1005: ';' expected.
src/features/auth/services/authService.ts(38,11): error TS1005: ':' expected.
src/features/auth/services/authService.ts(38,63): error TS1136: Property assignment expected.
src/features/auth/services/authService.ts(44,6): error TS1005: ';' expected.
src/features/auth/services/authService.ts(54,3): error TS1128: Declaration or statement expected.
src/features/auth/services/authService.ts(59,3): error TS1434: Unexpected keyword or identifier.
src/features/auth/services/authService.ts(59,18): error TS1005: ';' expected.
src/features/auth/services/authService.ts(59,30): error TS1109: Expression expected.
src/features/auth/services/authService.ts(60,11): error TS1005: ':' expected.
src/features/auth/services/authService.ts(60,36): error TS1005: ',' expected.
src/features/auth/services/authService.ts(62,18): error TS1005: ',' expected.
src/features/auth/services/authService.ts(62,31): error TS1005: ',' expected.
src/features/auth/services/authService.ts(62,33): error TS1136: Property assignment expected.
src/features/auth/services/authService.ts(78,3): error TS1128: Declaration or statement expected.
src/features/auth/services/authService.ts(83,3): error TS1434: Unexpected keyword or identifier.
src/features/auth/services/authService.ts(83,26): error TS1005: ';' expected.
src/features/auth/services/authService.ts(83,42): error TS1005: ';' expected.
src/features/auth/services/authService.ts(83,56): error TS1005: ':' expected.
src/features/auth/services/authService.ts(83,57): error TS1005: ';' expected.
src/features/auth/services/authService.ts(83,64): error TS1005: ':' expected.
src/features/auth/services/authService.ts(83,65): error TS1005: ';' expected.
src/features/auth/services/authService.ts(84,11): error TS1005: ':' expected.
src/features/auth/services/authService.ts(84,36): error TS1005: ',' expected.
src/features/auth/services/authService.ts(86,9): error TS1003: Identifier expected.
src/features/auth/services/authService.ts(86,19): error TS1005: ',' expected.
src/features/auth/services/authService.ts(86,31): error TS1005: ',' expected.
src/features/auth/services/authService.ts(86,33): error TS1136: Property assignment expected.
src/features/auth/services/authService.ts(91,59): error TS1136: Property assignment expected.
src/features/auth/services/authService.ts(93,26): error TS1005: ';' expected.
src/features/auth/services/authService.ts(94,9): error TS1109: Expression expected.
src/features/auth/services/authService.ts(94,10): error TS1128: Declaration or statement expected.
src/features/auth/services/authService.ts(95,8): error TS1472: 'catch' or 'finally' expected.
src/features/auth/services/authService.ts(110,5): error TS1128: Declaration or statement expected.
src/features/auth/services/authService.ts(110,7): error TS1005: 'try' expected.
src/features/auth/services/authService.ts(114,3): error TS1128: Declaration or statement expected.
src/features/auth/services/authService.ts(119,3): error TS1128: Declaration or statement expected.
src/features/auth/services/authService.ts(119,11): error TS1434: Unexpected keyword or identifier.
src/features/auth/services/authService.ts(119,44): error TS1005: ';' expected.
src/features/auth/services/authService.ts(119,66): error TS1005: ';' expected.
src/features/auth/services/authService.ts(119,80): error TS1005: ':' expected.
src/features/auth/services/authService.ts(119,81): error TS1005: ';' expected.
src/features/auth/services/authService.ts(119,88): error TS1005: ':' expected.
src/features/auth/services/authService.ts(119,89): error TS1005: ';' expected.
src/features/auth/services/authService.ts(120,9): error TS1005: ':' expected.
src/features/auth/services/authService.ts(121,13): error TS1005: ':' expected.
src/features/auth/services/authService.ts(121,64): error TS1136: Property assignment expected.
src/features/auth/services/authService.ts(127,8): error TS1005: ',' expected.
src/features/auth/services/authService.ts(127,9): error TS1136: Property assignment expected.
src/features/auth/services/authService.ts(129,11): error TS1003: Identifier expected.
src/features/auth/services/authService.ts(129,20): error TS1005: ',' expected.
src/features/auth/services/authService.ts(129,23): error TS1005: ',' expected.
src/features/auth/services/authService.ts(129,25): error TS1136: Property assignment expected.
src/features/auth/services/authService.ts(137,5): error TS1128: Declaration or statement expected.
src/features/auth/services/authService.ts(137,7): error TS1005: 'try' expected.
src/features/auth/services/authService.ts(142,3): error TS1128: Declaration or statement expected.
src/features/auth/services/authService.ts(147,3): error TS1128: Declaration or statement expected.
src/features/auth/services/authService.ts(147,27): error TS1005: ',' expected.
src/features/auth/services/authService.ts(147,41): error TS1005: ';' expected.
src/features/auth/services/authService.ts(148,17): error TS1005: ',' expected.
src/features/auth/services/authService.ts(148,64): error TS1005: ',' expected.
src/features/auth/services/authService.ts(154,3): error TS1128: Declaration or statement expected.
src/features/auth/services/authService.ts(154,22): error TS1005: ';' expected.
src/features/auth/services/authService.ts(154,42): error TS1005: ';' expected.
src/features/auth/services/authService.ts(171,3): error TS1128: Declaration or statement expected.
src/features/auth/services/authService.ts(171,25): error TS1005: ';' expected.
src/features/auth/services/authService.ts(172,17): error TS1005: ',' expected.
src/features/auth/services/authService.ts(172,43): error TS1005: ',' expected.
src/features/auth/services/authService.ts(178,21): error TS1005: ';' expected.
src/features/auth/services/authService.ts(185,29): error TS1005: ';' expected.
src/features/auth/services/authService.ts(187,1): error TS1128: Declaration or statement expected.
src/lib/utils.ts(1,1): error TS1084: Invalid 'reference' directive syntax.
src/lib/utils.ts(28,45): error TS1144: '{' or ';' expected.
src/lib/utils.ts(42,57): error TS1144: '{' or ';' expected.
src/lib/utils.ts(63,45): error TS1144: '{' or ';' expected.
src/lib/utils.ts(74,38): error TS1144: '{' or ';' expected.
src/lib/utils.ts(84,73): error TS1144: '{' or ';' expected.
src/lib/utils.ts(85,64): error TS1005: ':' expected.
src/lib/utils.ts(98,41): error TS1144: '{' or ';' expected.
src/lib/utils.ts(100,41): error TS1005: ',' expected.
src/lib/utils.ts(118,57): error TS1144: '{' or ';' expected.
src/lib/utils.ts(121,51): error TS1005: ')' expected.
src/lib/utils.ts(121,75): error TS1005: ',' expected.
src/lib/utils.ts(123,22): error TS1136: Property assignment expected.
src/lib/utils.ts(125,10): error TS1005: ';' expected.
src/lib/utils.ts(126,9): error TS1005: ';' expected.
src/lib/utils.ts(127,8): error TS1005: ';' expected.
src/lib/utils.ts(128,9): error TS1005: ';' expected.
src/lib/utils.ts(129,11): error TS1005: ';' expected.
src/lib/utils.ts(130,11): error TS1005: ';' expected.
src/lib/utils.ts(131,3): error TS1109: Expression expected.
src/lib/utils.ts(141,1): error TS1128: Declaration or statement expected.
src/lib/utils.ts(148,49): error TS1144: '{' or ';' expected.
src/lib/utils.ts(159,59): error TS1144: '{' or ';' expected.
src/lib/utils.ts(174,60): error TS1144: '{' or ';' expected.
src/lib/utils.ts(175,25): error TS1005: ')' expected.
src/lib/utils.ts(175,36): error TS1005: ';' expected.
src/lib/utils.ts(178,46): error TS1005: ',' expected.
src/lib/utils.ts(178,72): error TS1109: Expression expected.
src/lib/utils.ts(186,34): error TS1144: '{' or ';' expected.
src/lib/utils.ts(187,22): error TS1005: ')' expected.
src/lib/utils.ts(189,42): error TS1005: ';' expected.
src/lib/utils.ts(190,3): error TS1109: Expression expected.
src/lib/utils.ts(198,34): error TS1144: '{' or ';' expected.
src/lib/utils.ts(200,5): error TS1128: Declaration or statement expected.
src/lib/utils.ts(218,58): error TS1005: '>' expected.
src/lib/utils.ts(218,64): error TS1005: ':' expected.
src/lib/utils.ts(218,65): error TS1005: ',' expected.
src/lib/utils.ts(218,72): error TS1005: ':' expected.
src/lib/utils.ts(218,73): error TS1005: ',' expected.
src/lib/utils.ts(218,74): error TS1005: ',' expected.
src/lib/utils.ts(218,75): error TS1109: Expression expected.
src/lib/utils.ts(218,77): error TS1434: Unexpected keyword or identifier.
src/lib/utils.ts(247,33): error TS1144: '{' or ';' expected.
src/lib/utils.ts(247,39): error TS1228: A type predicate is only allowed in return type position for functions and methods.
src/lib/utils.ts(247,64): error TS1005: ':' expected.
src/lib/utils.ts(247,65): error TS1005: ';' expected.
src/lib/utils.ts(247,72): error TS1005: ':' expected.
src/lib/utils.ts(247,73): error TS1005: ';' expected.
src/lib/utils.ts(248,10): error TS1005: ':' expected.
src/lib/utils.ts(248,78): error TS1005: ',' expected.
src/lib/utils.ts(256,35): error TS1144: '{' or ';' expected.
src/lib/utils.ts(256,54): error TS1005: ';' expected.
src/lib/utils.ts(256,57): error TS1434: Unexpected keyword or identifier.
src/lib/utils.ts(265,33): error TS1144: '{' or ';' expected.
src/lib/utils.ts(285,28): error TS1005: ',' expected.
src/lib/utils.ts(285,38): error TS1005: ',' expected.
src/lib/utils.ts(285,46): error TS1005: ',' expected.
src/lib/utils.ts(285,54): error TS1005: ',' expected.
src/lib/utils.ts(285,62): error TS1005: ',' expected.
src/lib/utils.ts(285,71): error TS1005: '>' expected.
src/lib/utils.ts(285,81): error TS1144: '{' or ';' expected.
src/lib/utils.ts(286,7): error TS1005: ')' expected.
src/lib/utils.ts(288,1): error TS1109: Expression expected.
src/lib/utils.ts(288,2): error TS1128: Declaration or statement expected.
src/lib/utils.ts(289,7): error TS1005: ',' expected.
src/lib/utils.ts(289,30): error TS1005: ',' expected.
src/lib/utils.ts(291,10): error TS1005: ':' expected.
src/lib/utils.ts(291,59): error TS1005: '{' expected.
src/lib/utils.ts(292,11): error TS1005: ':' expected.
src/lib/utils.ts(295,6): error TS1005: ',' expected.
src/lib/utils.ts(298,5): error TS1005: ',' expected.
src/lib/utils.ts(298,38): error TS1005: ',' expected.
src/lib/utils.ts(300,1): error TS1128: Declaration or statement expected.
src/lib/utils.ts(308,28): error TS1005: ',' expected.
src/lib/utils.ts(308,38): error TS1005: ',' expected.
src/lib/utils.ts(308,46): error TS1005: ',' expected.
src/lib/utils.ts(308,54): error TS1005: ',' expected.
src/lib/utils.ts(308,62): error TS1005: ',' expected.
src/lib/utils.ts(308,71): error TS1005: '>' expected.
src/lib/utils.ts(308,81): error TS1144: '{' or ';' expected.
src/lib/utils.ts(309,7): error TS1005: ')' expected.
src/lib/utils.ts(311,1): error TS1109: Expression expected.
src/lib/utils.ts(311,2): error TS1128: Declaration or statement expected.
src/lib/utils.ts(312,7): error TS1005: ',' expected.
src/lib/utils.ts(312,25): error TS1005: ',' expected.
src/lib/utils.ts(314,10): error TS1005: ':' expected.
src/lib/utils.ts(314,59): error TS1005: '{' expected.
src/lib/utils.ts(315,9): error TS1003: Identifier expected.
src/lib/utils.ts(321,1): error TS1128: Declaration or statement expected.
src/lib/utils.ts(332,42): error TS1144: '{' or ';' expected.
src/lib/utils.ts(333,10): error TS1005: ':' expected.
src/lib/utils.ts(342,5): error TS1005: ',' expected.
src/lib/utils.ts(350,44): error TS1144: '{' or ';' expected.
src/lib/utils.ts(351,53): error TS1005: ')' expected.
src/lib/utils.ts(351,61): error TS1005: ';' expected.
src/lib/utils.ts(351,66): error TS1005: ';' expected.
src/lib/utils.ts(371,45): error TS1144: '{' or ';' expected.
src/lib/utils.ts(371,57): error TS1109: Expression expected.
src/lib/utils.ts(372,7): error TS1003: Identifier expected.
src/lib/utils.ts(372,17): error TS1005: ',' expected.
src/lib/utils.ts(372,19): error TS1005: ';' expected.
src/lib/utils.ts(388,1): error TS1128: Declaration or statement expected.
src/lib/utils.ts(408,33): error TS1144: '{' or ';' expected.
src/lib/utils.ts(408,39): error TS1228: A type predicate is only allowed in return type position for functions and methods.
src/lib/utils.ts(408,42): error TS1434: Unexpected keyword or identifier.
src/lib/utils.ts(417,33): error TS1144: '{' or ';' expected.
src/lib/utils.ts(417,39): error TS1228: A type predicate is only allowed in return type position for functions and methods.
src/lib/utils.ts(417,42): error TS1434: Unexpected keyword or identifier.
src/lib/utils.ts(430,31): error TS1144: '{' or ';' expected.
src/lib/utils.ts(430,63): error TS1128: Declaration or statement expected.
src/lib/utils.ts(430,65): error TS1109: Expression expected.
src/lib/utils.ts(430,72): error TS1005: ';' expected.
src/lib/utils.ts(436,11): error TS1136: Property assignment expected.
src/lib/utils.ts(456,29): error TS1005: ')' expected.
src/lib/utils.ts(456,31): error TS1005: ',' expected.
src/lib/utils.ts(456,40): error TS1005: ';' expected.
src/lib/utils.ts(456,51): error TS1005: ';' expected.
src/lib/utils.ts(456,52): error TS1128: Declaration or statement expected.
src/lib/utils.ts(456,54): error TS1161: Unterminated regular expression literal.
src/lib/utils.ts(481,27): error TS1005: ',' expected.
src/lib/utils.ts(481,37): error TS1005: ',' expected.
src/lib/utils.ts(481,45): error TS1005: ',' expected.
src/lib/utils.ts(481,53): error TS1005: ',' expected.
src/lib/utils.ts(481,61): error TS1005: ',' expected.
src/lib/utils.ts(481,70): error TS1005: ',' expected.
src/lib/utils.ts(481,76): error TS1005: ',' expected.
src/lib/utils.ts(481,83): error TS1005: '>' expected.
src/lib/utils.ts(481,89): error TS1109: Expression expected.
src/lib/utils.ts(481,93): error TS1005: ';' expected.
src/lib/utils.ts(481,101): error TS1434: Unexpected keyword or identifier.
src/lib/utils.ts(482,8): error TS1005: ')' expected.
src/lib/utils.ts(483,6): error TS1005: ';' expected.
src/lib/utils.ts(484,1): error TS1109: Expression expected.
src/lib/utils.ts(484,2): error TS1128: Declaration or statement expected.
src/lib/utils.ts(484,26): error TS1005: ':' expected.
src/lib/utils.ts(484,28): error TS1011: An element access expression should take an argument.
src/lib/utils.ts(485,10): error TS1005: ':' expected.
src/lib/utils.ts(492,28): error TS1005: '>' expected.
src/lib/utils.ts(492,34): error TS1005: ':' expected.
src/lib/utils.ts(492,36): error TS1011: An element access expression should take an argument.
src/lib/utils.ts(492,38): error TS1109: Expression expected.
src/lib/utils.ts(492,39): error TS1005: ',' expected.
src/lib/utils.ts(505,29): error TS1005: ',' expected.
src/lib/utils.ts(505,39): error TS1005: ',' expected.
src/lib/utils.ts(505,47): error TS1005: ',' expected.
src/lib/utils.ts(505,55): error TS1005: ',' expected.
src/lib/utils.ts(505,63): error TS1005: ',' expected.
src/lib/utils.ts(505,72): error TS1005: ',' expected.
src/lib/utils.ts(513,33): error TS1005: ')' expected.
src/lib/utils.ts(513,54): error TS1005: ';' expected.
src/lib/utils.ts(515,9): error TS1128: Declaration or statement expected.
src/lib/utils.ts(533,27): error TS1144: '{' or ';' expected.
src/lib/utils.ts(533,39): error TS1109: Expression expected.
src/lib/utils.ts(534,10): error TS1005: ':' expected.
src/lib/utils.ts(534,59): error TS1005: ',' expected.
src/lib/utils.ts(544,28): error TS1138: Parameter declaration expected.
src/lib/utils.ts(547,33): error TS1138: Parameter declaration expected.
src/lib/utils.ts(549,24): error TS1137: Expression or comma expected.
src/lib/utils.ts(554,3): error TS1109: Expression expected.
src/lib/utils.ts(554,4): error TS1128: Declaration or statement expected.
src/lib/utils.ts(566,51): error TS1144: '{' or ';' expected.
src/lib/utils.ts(571,53): error TS1005: ',' expected.
src/lib/utils.ts(583,37): error TS1144: '{' or ';' expected.
utils/intelligentCodeMonitor.ts(186,35): error TS1005: ')' expected.
utils/intelligentCodeMonitor.ts(186,48): error TS1005: ';' expected.
utils/intelligentCodeMonitor.ts(309,34): error TS1005: ';' expected.
utils/intelligentCodeMonitor.ts(334,44): error TS1005: ',' expected.
utils/intelligentCodeMonitor.ts(334,68): error TS1005: ';' expected.
utils/intelligentCodeMonitor.ts(353,58): error TS1005: ';' expected.
utils/intelligentCodeMonitor.ts(363,29): error TS1005: ')' expected.
utils/intelligentCodeMonitor.ts(363,31): error TS1005: ';' expected.
utils/intelligentCodeMonitor.ts(382,31): error TS1005: ')' expected.
utils/intelligentCodeMonitor.ts(382,33): error TS1005: ';' expected.
utils/intelligentCodeMonitor.ts(401,36): error TS1005: ')' expected.
utils/intelligentCodeMonitor.ts(401,37): error TS1005: ';' expected.
utils/intelligentCodeMonitor.ts(420,42): error TS1005: ')' expected.
utils/intelligentCodeMonitor.ts(420,43): error TS1005: ';' expected.
utils/intelligentCodeMonitor.ts(439,38): error TS1005: ')' expected.
utils/intelligentCodeMonitor.ts(439,39): error TS1005: ';' expected.
utils/intelligentCodeMonitor.ts(467,29): error TS1005: ')' expected.
utils/intelligentCodeMonitor.ts(467,31): error TS1005: ';' expected.
utils/intelligentCodeMonitor.ts(481,32): error TS1005: ')' expected.
utils/intelligentCodeMonitor.ts(481,33): error TS1005: ';' expected.
utils/intelligentCodeMonitor.ts(495,36): error TS1005: ')' expected.
utils/intelligentCodeMonitor.ts(495,37): error TS1005: ';' expected.
utils/intelligentCodeMonitor.ts(509,42): error TS1005: ')' expected.
utils/intelligentCodeMonitor.ts(509,43): error TS1005: ';' expected.
utils/intelligentCodeMonitor.ts(523,31): error TS1005: ')' expected.
utils/intelligentCodeMonitor.ts(523,33): error TS1005: ';' expected.
