
> youtubex-studio-clone@2.0.0 type-check
> tsc --noEmit

components/AddCommentForm.tsx(6,32): error TS1131: Property or signature expected.
components/AddCommentForm.tsx(7,47): error TS1131: Property or signature expected.
components/AdvancedSearch.tsx(7,68): error TS1131: Property or signature expected.
components/AdvancedSearch.tsx(9,32): error TS1131: Property or signature expected.
components/AdvancedVideoPlayer.tsx(20,17): error TS1131: Property or signature expected.
components/AdvancedVideoPlayer.tsx(38,17): error TS1131: Property or signature expected.
components/BaseForm.tsx(6,16): error TS1131: Property or signature expected.
components/BaseForm.tsx(19,21): error TS1131: Property or signature expected.
components/BaseModal.tsx(7,19): error TS1131: Property or signature expected.
components/CategoryChips.tsx(8,22): error TS1131: Property or signature expected.
components/CategoryTabs.tsx(3,54): error TS1131: Property or signature expected.
components/CategoryTabs.tsx(8,24): error TS1131: Property or signature expected.
components/ChannelHeader.tsx(7,20): error TS1131: Property or signature expected.
components/ChannelHeader.tsx(9,25): error TS1131: Property or signature expected.
components/ChannelTabContent.tsx(20,21): error TS1131: Property or signature expected.
components/ChannelTabContent.tsx(22,17): error TS1131: Property or signature expected.
components/ChannelTabContent.tsx(24,33): error TS1131: Property or signature expected.
components/ChannelTabs.tsx(7,13): error TS1131: Property or signature expected.
components/CommentModal.tsx(8,19): error TS1131: Property or signature expected.
components/CommentsSection.tsx(12,25): error TS1131: Property or signature expected.
components/CommentsSection.tsx(14,23): error TS1131: Property or signature expected.
components/CommentsSection.tsx(16,17): error TS1131: Property or signature expected.
components/CommentsSection.tsx(18,36): error TS1131: Property or signature expected.
components/CommentsSection.tsx(26,21): error TS1131: Property or signature expected.
components/CommentsSection.tsx(28,38): error TS1131: Property or signature expected.
components/CommentsSection.tsx(30,28): error TS1131: Property or signature expected.
components/CommentsSection.tsx(32,36): error TS1131: Property or signature expected.
components/CommentsSection.tsx(34,28): error TS1131: Property or signature expected.
components/CommentsSection.tsx(35,47): error TS1131: Property or signature expected.
components/CommentsSection.tsx(36,42): error TS1131: Property or signature expected.
components/CommentsSection.tsx(41,77): error TS1131: Property or signature expected.
components/CommentsSection.tsx(42,51): error TS1131: Property or signature expected.
components/CommentsSection.tsx(44,46): error TS1131: Property or signature expected.
components/CommentsSection.tsx(46,62): error TS1131: Property or signature expected.
components/CommunityPosts.tsx(11,14): error TS1131: Property or signature expected.
components/CommunityPosts.tsx(13,23): error TS1131: Property or signature expected.
components/CommunityPosts.tsx(15,28): error TS1131: Property or signature expected.
components/CommunityPosts.tsx(23,22): error TS1131: Property or signature expected.
components/CommunityPosts.tsx(25,18): error TS1131: Property or signature expected.
components/CommunityPosts.tsx(26,11): error TS1005: '>' expected.
components/CommunityPosts.tsx(28,6): error TS1005: ';' expected.
components/CommunityPosts.tsx(28,7): error TS1109: Expression expected.
components/CommunityPosts.tsx(30,14): error TS1109: Expression expected.
components/CommunityPosts.tsx(31,3): error TS1128: Declaration or statement expected.
components/CommunityPosts.tsx(32,8): error TS1109: Expression expected.
components/CommunityPosts.tsx(33,16): error TS1005: ',' expected.
components/CommunityPosts.tsx(33,17): error TS1136: Property assignment expected.
components/CommunityPosts.tsx(34,18): error TS1005: ',' expected.
components/CommunityPosts.tsx(35,24): error TS1005: ',' expected.
components/CommunityPosts.tsx(35,25): error TS1136: Property assignment expected.
components/CommunityPosts.tsx(36,22): error TS1005: ',' expected.
components/CommunityPosts.tsx(38,17): error TS1128: Declaration or statement expected.
components/CommunityPosts.tsx(40,18): error TS1128: Declaration or statement expected.
components/CommunityPosts.tsx(43,12): error TS1109: Expression expected.
components/CommunityPosts.tsx(44,1): error TS1128: Declaration or statement expected.
components/CommunityPosts.tsx(48,24): error TS1131: Property or signature expected.
components/CommunityPosts.tsx(49,33): error TS1131: Property or signature expected.
components/CommunityPosts.tsx(50,36): error TS1131: Property or signature expected.
components/DataWrapper.tsx(5,11): error TS1131: Property or signature expected.
components/DataWrapper.tsx(7,24): error TS1131: Property or signature expected.
components/DataWrapper.tsx(11,19): error TS1131: Property or signature expected.
components/DeveloperDashboard.tsx(18,17): error TS1131: Property or signature expected.
components/DeveloperDashboard.tsx(19,27): error TS1131: Property or signature expected.
components/DeveloperDashboard.tsx(20,19): error TS1131: Property or signature expected.
components/DeveloperDashboard.tsx(21,23): error TS1131: Property or signature expected.
components/DeveloperDashboard.tsx(24,25): error TS1131: Property or signature expected.
components/DeveloperDashboard.tsx(25,29): error TS1131: Property or signature expected.
components/DeveloperDashboard.tsx(28,17): error TS1131: Property or signature expected.
components/DeveloperDashboard.tsx(29,30): error TS1131: Property or signature expected.
components/DeveloperDashboard.tsx(30,29): error TS1131: Property or signature expected.
components/DeveloperDashboard.tsx(31,32): error TS1131: Property or signature expected.
components/DeveloperDashboard.tsx(34,14): error TS1131: Property or signature expected.
components/DeveloperDashboard.tsx(35,31): error TS1131: Property or signature expected.
components/DeveloperDashboard.tsx(36,29): error TS1131: Property or signature expected.
components/DeveloperDashboard.tsx(37,35): error TS1131: Property or signature expected.
components/DeveloperDashboard.tsx(40,18): error TS1131: Property or signature expected.
components/DeveloperDashboard.tsx(41,30): error TS1131: Property or signature expected.
components/DeveloperDashboard.tsx(42,25): error TS1131: Property or signature expected.
components/DeveloperDashboard.tsx(45,14): error TS1131: Property or signature expected.
components/DeveloperDashboard.tsx(46,35): error TS1131: Property or signature expected.
components/DeveloperDashboard.tsx(47,22): error TS1131: Property or signature expected.
components/DeveloperDashboard.tsx(52,14): error TS1131: Property or signature expected.
components/DeveloperDashboard.tsx(53,46): error TS1131: Property or signature expected.
components/DeveloperDashboard.tsx(54,83): error TS1131: Property or signature expected.
components/DeveloperDashboard.tsx(55,27): error TS1131: Property or signature expected.
components/DeveloperDashboard.tsx(56,21): error TS1131: Property or signature expected.
components/DeveloperDashboard.tsx(57,28): error TS1131: Property or signature expected.
components/DeveloperDashboard.tsx(62,14): error TS1131: Property or signature expected.
components/DeveloperDashboard.tsx(63,28): error TS1131: Property or signature expected.
components/DeveloperDashboard.tsx(64,20): error TS1131: Property or signature expected.
components/DeveloperDashboard.tsx(65,31): error TS1131: Property or signature expected.
components/DeveloperDashboard.tsx(66,27): error TS1131: Property or signature expected.
components/DeveloperDashboard.tsx(94,51): error TS1136: Property assignment expected.
components/DeveloperDashboard.tsx(95,25): error TS1136: Property assignment expected.
components/DeveloperDashboard.tsx(96,27): error TS1136: Property assignment expected.
components/DeveloperDashboard.tsx(103,25): error TS1136: Property assignment expected.
components/DeveloperDashboard.tsx(111,20): error TS1136: Property assignment expected.
components/DevOpsDashboard.tsx(21,17): error TS1131: Property or signature expected.
components/DevOpsDashboard.tsx(22,25): error TS1131: Property or signature expected.
components/DevOpsDashboard.tsx(23,17): error TS1131: Property or signature expected.
components/DevOpsDashboard.tsx(24,23): error TS1131: Property or signature expected.
components/DevOpsDashboard.tsx(25,17): error TS1131: Property or signature expected.
components/DevOpsDashboard.tsx(26,31): error TS1131: Property or signature expected.
components/DevOpsDashboard.tsx(29,14): error TS1131: Property or signature expected.
components/DevOpsDashboard.tsx(30,25): error TS1131: Property or signature expected.
components/DevOpsDashboard.tsx(31,29): error TS1131: Property or signature expected.
components/DevOpsDashboard.tsx(32,35): error TS1131: Property or signature expected.
components/DevOpsDashboard.tsx(35,16): error TS1131: Property or signature expected.
components/DevOpsDashboard.tsx(36,31): error TS1131: Property or signature expected.
components/DevOpsDashboard.tsx(37,25): error TS1131: Property or signature expected.
components/DevOpsDashboard.tsx(38,29): error TS1131: Property or signature expected.
components/DevOpsDashboard.tsx(41,17): error TS1131: Property or signature expected.
components/DevOpsDashboard.tsx(42,25): error TS1131: Property or signature expected.
components/DevOpsDashboard.tsx(43,24): error TS1131: Property or signature expected.
components/DevOpsDashboard.tsx(44,28): error TS1131: Property or signature expected.
components/DevOpsDashboard.tsx(47,18): error TS1131: Property or signature expected.
components/DevOpsDashboard.tsx(48,30): error TS1131: Property or signature expected.
components/DevOpsDashboard.tsx(49,25): error TS1131: Property or signature expected.
components/DevOpsDashboard.tsx(54,14): error TS1131: Property or signature expected.
components/DevOpsDashboard.tsx(55,71): error TS1131: Property or signature expected.
components/DevOpsDashboard.tsx(56,52): error TS1131: Property or signature expected.
components/DevOpsDashboard.tsx(57,25): error TS1131: Property or signature expected.
components/DevOpsDashboard.tsx(58,23): error TS1131: Property or signature expected.
components/DevOpsDashboard.tsx(59,29): error TS1131: Property or signature expected.
components/DevOpsDashboard.tsx(82,25): error TS1005: ',' expected.
components/DevOpsDashboard.tsx(86,51): error TS1136: Property assignment expected.
components/DevOpsDashboard.tsx(87,25): error TS1136: Property assignment expected.
components/DevOpsDashboard.tsx(95,20): error TS1136: Property assignment expected.
components/DevOpsDashboard.tsx(101,22): error TS1136: Property assignment expected.
components/DevOpsDashboard.tsx(107,23): error TS1136: Property assignment expected.
components/DevOpsDashboard.tsx(113,24): error TS1136: Property assignment expected.
components/DevOpsDashboard.tsx(118,10): error TS1005: ',' expected.
components/DevOpsDashboard.tsx(123,7): error TS1005: ',' expected.
components/DevOpsDashboard.tsx(123,13): error TS1005: ':' expected.
components/DevOpsDashboard.tsx(123,22): error TS1005: ',' expected.
components/DevOpsDashboard.tsx(123,33): error TS1005: ',' expected.
components/DevOpsDashboard.tsx(123,34): error TS1109: Expression expected.
components/DevOpsDashboard.tsx(123,36): error TS1005: ':' expected.
components/DevOpsDashboard.tsx(141,8): error TS1005: ',' expected.
components/DevOpsDashboard.tsx(144,27): error TS1005: ',' expected.
components/DevOpsDashboard.tsx(144,50): error TS1005: ',' expected.
components/DevOpsDashboard.tsx(144,52): error TS1136: Property assignment expected.
components/DevOpsDashboard.tsx(145,18): error TS1005: ',' expected.
components/DevOpsDashboard.tsx(145,23): error TS1005: ',' expected.
components/DevOpsDashboard.tsx(156,7): error TS1472: 'catch' or 'finally' expected.
components/DevOpsDashboard.tsx(170,7): error TS1005: ',' expected.
components/DevOpsDashboard.tsx(213,31): error TS1131: Property or signature expected.
components/DevOpsDashboard.tsx(214,16): error TS1005: '>' expected.
components/DevOpsDashboard.tsx(214,25): error TS1128: Declaration or statement expected.
components/DevOpsDashboard.tsx(216,14): error TS1109: Expression expected.
components/DevOpsDashboard.tsx(217,11): error TS1109: Expression expected.
components/DevOpsDashboard.tsx(218,11): error TS1109: Expression expected.
components/DevOpsDashboard.tsx(219,3): error TS1128: Declaration or statement expected.
components/DevOpsDashboard.tsx(219,4): error TS1109: Expression expected.
components/DevOpsDashboard.tsx(219,6): error TS1109: Expression expected.
components/DevOpsDashboard.tsx(248,38): error TS1003: Identifier expected.
components/DevOpsDashboard.tsx(252,12): error TS1382: Unexpected token. Did you mean `{'>'}` or `&gt;`?
components/DevOpsDashboard.tsx(361,45): error TS1003: Identifier expected.
components/DevOpsDashboard.tsx(363,89): error TS1382: Unexpected token. Did you mean `{'>'}` or `&gt;`?
components/DevOpsDashboard.tsx(365,38): error TS1003: Identifier expected.
components/DevOpsDashboard.tsx(367,88): error TS1382: Unexpected token. Did you mean `{'>'}` or `&gt;`?
components/DevOpsDashboard.tsx(369,44): error TS1003: Identifier expected.
components/DevOpsDashboard.tsx(372,12): error TS1382: Unexpected token. Did you mean `{'>'}` or `&gt;`?
components/DevOpsDashboard.tsx(398,37): error TS1003: Identifier expected.
components/DevOpsDashboard.tsx(401,12): error TS1382: Unexpected token. Did you mean `{'>'}` or `&gt;`?
components/DevOpsDashboard.tsx(403,36): error TS1003: Identifier expected.
components/DevOpsDashboard.tsx(405,97): error TS1382: Unexpected token. Did you mean `{'>'}` or `&gt;`?
components/DevOpsDashboard.tsx(407,37): error TS1003: Identifier expected.
components/DevOpsDashboard.tsx(410,12): error TS1382: Unexpected token. Did you mean `{'>'}` or `&gt;`?
components/DevOpsDashboard.tsx(431,33): error TS1003: Identifier expected.
components/DevOpsDashboard.tsx(434,12): error TS1382: Unexpected token. Did you mean `{'>'}` or `&gt;`?
components/DevOpsDashboard.tsx(465,39): error TS1003: Identifier expected.
components/DevOpsDashboard.tsx(468,12): error TS1382: Unexpected token. Did you mean `{'>'}` or `&gt;`?
components/DevOpsDashboard.tsx(499,32): error TS1003: Identifier expected.
components/DevOpsDashboard.tsx(502,12): error TS1382: Unexpected token. Did you mean `{'>'}` or `&gt;`?
components/DevOpsDashboard.tsx(504,33): error TS1003: Identifier expected.
components/DevOpsDashboard.tsx(507,12): error TS1382: Unexpected token. Did you mean `{'>'}` or `&gt;`?
components/DevOpsDashboard.tsx(509,40): error TS1003: Identifier expected.
components/DevOpsDashboard.tsx(512,12): error TS1382: Unexpected token. Did you mean `{'>'}` or `&gt;`?
components/DevOpsDashboard.tsx(572,22): error TS1131: Property or signature expected.
components/DevOpsDashboard.tsx(572,25): error TS1005: ',' expected.
components/DevOpsDashboard.tsx(572,28): error TS1005: ',' expected.
components/DevOpsDashboard.tsx(579,15): error TS1382: Unexpected token. Did you mean `{'>'}` or `&gt;`?
components/DevOpsDashboard.tsx(581,17): error TS17002: Expected corresponding JSX closing tag for 'nav'.
components/DevOpsDashboard.tsx(582,15): error TS1381: Unexpected token. Did you mean `{'}'}` or `&rbrace;`?
components/DevOpsDashboard.tsx(583,13): error TS17002: Expected corresponding JSX closing tag for 'div'.
components/DevOpsDashboard.tsx(587,7): error TS1005: ')' expected.
components/DevOpsDashboard.tsx(596,5): error TS1128: Declaration or statement expected.
components/DevOpsDashboard.tsx(597,3): error TS1109: Expression expected.
components/DevOpsDashboard.tsx(598,1): error TS1128: Declaration or statement expected.
components/EnhancedCommentSystem.tsx(11,14): error TS1131: Property or signature expected.
components/EnhancedCommentSystem.tsx(13,20): error TS1131: Property or signature expected.
components/EnhancedCommentSystem.tsx(15,24): error TS1131: Property or signature expected.
components/EnhancedCommentSystem.tsx(17,27): error TS1131: Property or signature expected.
components/EnhancedCommentSystem.tsx(19,21): error TS1131: Property or signature expected.
components/EnhancedCommentSystem.tsx(21,20): error TS1131: Property or signature expected.
components/EnhancedCommentSystem.tsx(23,23): error TS1131: Property or signature expected.
components/EnhancedCommentSystem.tsx(25,21): error TS1131: Property or signature expected.
components/EnhancedCommentSystem.tsx(28,23): error TS1131: Property or signature expected.
components/EnhancedCommentSystem.tsx(30,20): error TS1131: Property or signature expected.
components/EnhancedCommentSystem.tsx(35,19): error TS1131: Property or signature expected.
components/EnhancedCommentSystem.tsx(40,28): error TS1131: Property or signature expected.
components/EnhancedCommentSystem.tsx(44,33): error TS1131: Property or signature expected.
components/EnhancedCommentSystem.tsx(45,45): error TS1131: Property or signature expected.
components/EnhancedCommentSystem.tsx(46,43): error TS1131: Property or signature expected.
components/EnhancedCommentSystem.tsx(47,46): error TS1131: Property or signature expected.
components/EnhancedCommentSystem.tsx(48,42): error TS1131: Property or signature expected.
components/EnhancedCommentSystem.tsx(50,32): error TS1131: Property or signature expected.
components/EnhancedCommentSystem.tsx(52,58): error TS1131: Property or signature expected.
components/EnhancedVideoUpload.tsx(8,17): error TS1131: Property or signature expected.
components/EnhancedVideoUpload.tsx(10,16): error TS1131: Property or signature expected.
components/EnhancedVideoUpload.tsx(16,25): error TS1131: Property or signature expected.
components/EnhancedVideoUpload.tsx(18,28): error TS1131: Property or signature expected.
components/EnhancedYouTubeVideoCard.tsx(53,10): error TS1136: Property assignment expected.
components/EnhancedYouTubeVideoCard.tsx(59,16): error TS1136: Property assignment expected.
components/EnhancedYouTubeVideoCard.tsx(65,16): error TS1136: Property assignment expected.
components/ErrorBoundary.tsx(8,16): error TS1131: Property or signature expected.
components/ErrorBoundary.tsx(10,21): error TS1131: Property or signature expected.
components/ErrorBoundary.tsx(34,34): error TS1136: Property assignment expected.
components/ErrorBoundary.tsx(66,10): error TS1128: Declaration or statement expected.
components/ErrorBoundary.tsx(68,5): error TS1472: 'catch' or 'finally' expected.
components/ErrorBoundary.tsx(73,3): error TS1128: Declaration or statement expected.
components/ErrorBoundary.tsx(73,30): error TS1005: ';' expected.
components/ErrorBoundary.tsx(73,32): error TS1434: Unexpected keyword or identifier.
components/ErrorBoundary.tsx(76,1): error TS1128: Declaration or statement expected.
components/ErrorBoundary.tsx(102,35): error TS1136: Property assignment expected.
components/forms/UnifiedFormSystem.tsx(13,43): error TS1131: Property or signature expected.
components/forms/UnifiedFormSystem.tsx(15,33): error TS1131: Property or signature expected.
components/forms/UnifiedFormSystem.tsx(17,33): error TS1131: Property or signature expected.
components/forms/UnifiedFormSystem.tsx(27,35): error TS1005: '>' expected.
components/forms/UnifiedFormSystem.tsx(27,60): error TS1005: ':' expected.
components/forms/UnifiedFormSystem.tsx(27,81): error TS1005: ';' expected.
components/forms/UnifiedFormSystem.tsx(27,82): error TS1109: Expression expected.
components/forms/UnifiedFormSystem.tsx(28,12): error TS1109: Expression expected.
components/forms/UnifiedFormSystem.tsx(28,52): error TS1109: Expression expected.
components/forms/UnifiedFormSystem.tsx(29,1): error TS1128: Declaration or statement expected.
components/forms/UnifiedFormSystem.tsx(143,86): error TS1005: '>' expected.
components/forms/UnifiedFormSystem.tsx(143,96): error TS1005: ',' expected.
components/forms/UnifiedFormSystem.tsx(144,15): error TS1005: ',' expected.
components/forms/UnifiedFormSystem.tsx(145,17): error TS1005: ',' expected.
components/forms/UnifiedFormSystem.tsx(146,21): error TS1005: ',' expected.
components/forms/UnifiedFormSystem.tsx(147,20): error TS1005: ',' expected.
components/forms/UnifiedFormSystem.tsx(148,29): error TS1005: ',' expected.
components/forms/UnifiedFormSystem.tsx(149,30): error TS1005: ',' expected.
components/forms/UnifiedFormSystem.tsx(150,45): error TS1005: ',' expected.
components/forms/UnifiedFormSystem.tsx(151,33): error TS1005: ',' expected.
components/forms/UnifiedFormSystem.tsx(153,1): error TS1109: Expression expected.
components/forms/UnifiedFormSystem.tsx(253,95): error TS1005: '>' expected.
components/forms/UnifiedFormSystem.tsx(253,105): error TS1005: ',' expected.
components/forms/UnifiedFormSystem.tsx(254,15): error TS1005: ',' expected.
components/forms/UnifiedFormSystem.tsx(255,17): error TS1005: ',' expected.
components/forms/UnifiedFormSystem.tsx(256,21): error TS1005: ',' expected.
components/forms/UnifiedFormSystem.tsx(257,20): error TS1005: ',' expected.
components/forms/UnifiedFormSystem.tsx(258,45): error TS1005: ',' expected.
components/forms/UnifiedFormSystem.tsx(259,36): error TS1005: ',' expected.
components/forms/UnifiedFormSystem.tsx(260,55): error TS1005: ',' expected.
components/forms/UnifiedFormSystem.tsx(262,1): error TS1109: Expression expected.
components/forms/UnifiedFormSystem.tsx(343,89): error TS1005: '>' expected.
components/forms/UnifiedFormSystem.tsx(343,99): error TS1005: ',' expected.
components/forms/UnifiedFormSystem.tsx(344,15): error TS1005: ',' expected.
components/forms/UnifiedFormSystem.tsx(345,17): error TS1005: ',' expected.
components/forms/UnifiedFormSystem.tsx(346,21): error TS1005: ',' expected.
components/forms/UnifiedFormSystem.tsx(347,20): error TS1005: ',' expected.
components/forms/UnifiedFormSystem.tsx(348,71): error TS1005: ',' expected.
components/forms/UnifiedFormSystem.tsx(349,23): error TS1005: ',' expected.
components/forms/UnifiedFormSystem.tsx(350,45): error TS1005: ',' expected.
components/forms/UnifiedFormSystem.tsx(351,34): error TS1005: ',' expected.
components/forms/UnifiedFormSystem.tsx(353,1): error TS1109: Expression expected.
components/forms/UnifiedFormSystem.tsx(449,35): error TS1005: '>' expected.
components/forms/UnifiedFormSystem.tsx(449,60): error TS1005: ':' expected.
components/forms/UnifiedFormSystem.tsx(449,81): error TS1005: ';' expected.
components/forms/UnifiedFormSystem.tsx(449,82): error TS1109: Expression expected.
components/forms/UnifiedFormSystem.tsx(450,13): error TS1109: Expression expected.
components/forms/UnifiedFormSystem.tsx(451,1): error TS1128: Declaration or statement expected.
components/Header.tsx(54,48): error TS1131: Property or signature expected.
components/Header.tsx(56,30): error TS1131: Property or signature expected.
components/ImageWithFallback.tsx(5,15): error TS1131: Property or signature expected.
components/LiveStreamManager.tsx(25,17): error TS1131: Property or signature expected.
components/LiveStreamManager.tsx(27,20): error TS1131: Property or signature expected.
components/LiveStreamManager.tsx(29,23): error TS1131: Property or signature expected.
components/LiveStreamManager.tsx(36,14): error TS1131: Property or signature expected.
components/LiveStreamManager.tsx(38,19): error TS1131: Property or signature expected.
components/LiveStreamManager.tsx(40,24): error TS1131: Property or signature expected.
components/LiveStreamManager.tsx(43,20): error TS1131: Property or signature expected.
components/LiveStreamManager.tsx(48,19): error TS1131: Property or signature expected.
components/LiveStreamManager.tsx(50,20): error TS1131: Property or signature expected.
components/LiveStreamManager.tsx(52,23): error TS1131: Property or signature expected.
components/LiveStreamManager.tsx(120,17): error TS1136: Property assignment expected.
components/LiveStreamManager.tsx(124,19): error TS1136: Property assignment expected.
components/LiveStreamManager.tsx(249,38): error TS1136: Property assignment expected.
components/LiveStreamManager.tsx(257,20): error TS1136: Property assignment expected.
components/LiveStreamManager.tsx(273,35): error TS1136: Property assignment expected.
components/LoadingStates.tsx(52,17): error TS1131: Property or signature expected.
components/MinimizedSidebar.tsx(18,14): error TS1131: Property or signature expected.
components/MinimizedSidebar.tsx(20,17): error TS1131: Property or signature expected.
components/Miniplayer.tsx(13,23): error TS1131: Property or signature expected.
components/Modal.tsx(7,19): error TS1131: Property or signature expected.
components/ModerationDashboard.tsx(9,14): error TS1131: Property or signature expected.
components/ModerationDashboard.tsx(11,71): error TS1131: Property or signature expected.
components/ModerationDashboard.tsx(13,24): error TS1131: Property or signature expected.
components/ModerationDashboard.tsx(15,22): error TS1131: Property or signature expected.
components/ModerationDashboard.tsx(19,13): error TS1131: Property or signature expected.
components/ModerationDashboard.tsx(24,22): error TS1131: Property or signature expected.
components/ModerationDashboard.tsx(26,26): error TS1131: Property or signature expected.
components/ModerationDashboard.tsx(35,27): error TS1131: Property or signature expected.
components/ModerationDashboard.tsx(37,24): error TS1131: Property or signature expected.
components/ModerationDashboard.tsx(42,29): error TS1131: Property or signature expected.
components/ModerationDashboard.tsx(43,11): error TS1005: '>' expected.
components/ModerationDashboard.tsx(44,25): error TS1131: Property or signature expected.
components/ModerationDashboard.tsx(48,4): error TS1109: Expression expected.
components/ModerationDashboard.tsx(48,5): error TS1109: Expression expected.
components/ModerationDashboard.tsx(49,1): error TS1128: Declaration or statement expected.
components/ModerationDashboard.tsx(89,19): error TS1136: Property assignment expected.
components/ModerationDashboard.tsx(100,21): error TS1005: ',' expected.
components/ModerationDashboard.tsx(100,24): error TS1136: Property assignment expected.
components/ModerationDashboard.tsx(101,24): error TS1005: ',' expected.
components/ModerationDashboard.tsx(102,21): error TS1005: ',' expected.
components/ModerationDashboard.tsx(103,21): error TS1005: ',' expected.
components/ModerationDashboard.tsx(104,26): error TS1005: ',' expected.
components/ModerationDashboard.tsx(104,37): error TS1005: ',' expected.
components/ModerationDashboard.tsx(107,13): error TS1003: Identifier expected.
components/ModerationDashboard.tsx(107,16): error TS1005: ':' expected.
components/ModerationDashboard.tsx(108,17): error TS1003: Identifier expected.
components/ModerationDashboard.tsx(108,26): error TS1005: ':' expected.
components/ModerationDashboard.tsx(109,17): error TS1003: Identifier expected.
components/ModerationDashboard.tsx(109,26): error TS1005: ':' expected.
components/ModerationDashboard.tsx(110,21): error TS1003: Identifier expected.
components/ModerationDashboard.tsx(110,31): error TS1005: ':' expected.
components/ModerationDashboard.tsx(111,23): error TS1003: Identifier expected.
components/ModerationDashboard.tsx(111,36): error TS1005: ':' expected.
components/ModerationDashboard.tsx(112,24): error TS1003: Identifier expected.
components/ModerationDashboard.tsx(112,26): error TS1005: ':' expected.
components/ModerationDashboard.tsx(113,21): error TS1359: Identifier expected. 'new' is a reserved word that cannot be used here.
components/ModerationDashboard.tsx(113,25): error TS1005: ':' expected.
components/ModerationDashboard.tsx(113,29): error TS1005: ',' expected.
components/ModerationDashboard.tsx(114,21): error TS1005: ';' expected.
components/ModerationDashboard.tsx(115,16): error TS1005: ';' expected.
components/ModerationDashboard.tsx(115,19): error TS1128: Declaration or statement expected.
components/ModerationDashboard.tsx(117,15): error TS1005: ';' expected.
components/ModerationDashboard.tsx(118,19): error TS1005: ';' expected.
components/ModerationDashboard.tsx(119,21): error TS1005: ';' expected.
components/ModerationDashboard.tsx(120,23): error TS1005: ';' expected.
components/ModerationDashboard.tsx(121,20): error TS1005: ';' expected.
components/ModerationDashboard.tsx(122,16): error TS1005: ';' expected.
components/ModerationDashboard.tsx(122,21): error TS1128: Declaration or statement expected.
components/ModerationDashboard.tsx(123,24): error TS1128: Declaration or statement expected.
components/ModerationDashboard.tsx(125,21): error TS1005: ';' expected.
components/ModerationDashboard.tsx(126,21): error TS1005: ';' expected.
components/ModerationDashboard.tsx(127,26): error TS1005: ';' expected.
components/ModerationDashboard.tsx(127,38): error TS1128: Declaration or statement expected.
components/ModerationDashboard.tsx(134,55): error TS1128: Declaration or statement expected.
components/ModerationDashboard.tsx(134,56): error TS1128: Declaration or statement expected.
components/ModerationDashboard.tsx(137,15): error TS1005: ';' expected.
components/ModerationDashboard.tsx(138,15): error TS1005: ';' expected.
components/ModerationDashboard.tsx(139,19): error TS1005: ';' expected.
components/ModerationDashboard.tsx(140,21): error TS1005: ';' expected.
components/ModerationDashboard.tsx(141,22): error TS1005: ';' expected.
components/ModerationDashboard.tsx(142,19): error TS1005: ';' expected.
components/ModerationDashboard.tsx(143,21): error TS1005: ';' expected.
components/ModerationDashboard.tsx(144,16): error TS1005: ';' expected.
components/ModerationDashboard.tsx(144,19): error TS1128: Declaration or statement expected.
components/ModerationDashboard.tsx(146,19): error TS1005: ';' expected.
components/ModerationDashboard.tsx(147,21): error TS1005: ';' expected.
components/ModerationDashboard.tsx(148,23): error TS1005: ';' expected.
components/ModerationDashboard.tsx(149,20): error TS1005: ';' expected.
components/ModerationDashboard.tsx(149,84): error TS1128: Declaration or statement expected.
components/ModerationDashboard.tsx(150,32): error TS1128: Declaration or statement expected.
components/ModerationDashboard.tsx(153,3): error TS1128: Declaration or statement expected.
components/ModerationDashboard.tsx(244,77): error TS1129: Statement expected.
components/ModerationDashboard.tsx(255,78): error TS1129: Statement expected.
components/ModerationDashboard.tsx(584,1): error TS1128: Declaration or statement expected.
components/NotificationCenter.tsx(13,14): error TS1131: Property or signature expected.
components/NotificationCenter.tsx(15,17): error TS1131: Property or signature expected.
components/NotificationCenter.tsx(17,23): error TS1131: Property or signature expected.
components/NotificationCenter.tsx(20,21): error TS1131: Property or signature expected.
components/NotificationCenter.tsx(126,44): error TS1136: Property assignment expected.
components/NotificationsPanel.tsx(8,14): error TS1131: Property or signature expected.
components/NotificationsPanel.tsx(10,26): error TS1131: Property or signature expected.
components/NotificationsPanel.tsx(12,23): error TS1131: Property or signature expected.
components/NotificationSystem.tsx(11,14): error TS1131: Property or signature expected.
components/NotificationSystem.tsx(13,17): error TS1131: Property or signature expected.
components/NotificationSystem.tsx(19,21): error TS1131: Property or signature expected.
components/NotificationSystem.tsx(149,44): error TS1136: Property assignment expected.
components/OptimizedSearchResults.tsx(43,17): error TS1131: Property or signature expected.
components/OptimizedSearchResults.tsx(45,42): error TS1131: Property or signature expected.
components/OptimizedSearchResults.tsx(47,17): error TS1131: Property or signature expected.
components/OptimizedSearchResults.tsx(117,42): error TS1131: Property or signature expected.
components/OptimizedSearchResults.tsx(118,7): error TS1005: '>' expected.
components/OptimizedSearchResults.tsx(118,15): error TS1005: ',' expected.
components/OptimizedSearchResults.tsx(120,1): error TS1109: Expression expected.
components/OptimizedSearchResults.tsx(120,2): error TS1109: Expression expected.
components/OptimizedSearchResults.tsx(120,4): error TS1109: Expression expected.
components/OptimizedSearchResults.tsx(342,18): error TS1129: Statement expected.
components/OptimizedVideoCard.tsx(85,15): error TS1131: Property or signature expected.
components/OptimizedVideoCard.tsx(205,8): error TS1136: Property assignment expected.
components/OptimizedVideoCard.tsx(211,16): error TS1136: Property assignment expected.
components/OptimizedVideoCard.tsx(217,16): error TS1136: Property assignment expected.
components/OptimizedVideoCard.tsx(633,66): error TS1005: ',' expected.
components/OptimizedVideoCard.tsx(635,14): error TS1005: ',' expected.
components/OptimizedVideoCard.tsx(646,3): error TS1005: ',' expected.
components/OptimizedVideoCard.tsx(647,1): error TS1128: Declaration or statement expected.
components/OptimizedVideoCard.tsx(647,2): error TS1128: Declaration or statement expected.
components/PageLayout.tsx(7,11): error TS1131: Property or signature expected.
components/PageLayout.tsx(9,24): error TS1131: Property or signature expected.
components/PageLayout.tsx(13,19): error TS1131: Property or signature expected.
components/PerformanceDashboard.tsx(7,16): error TS1131: Property or signature expected.
components/PerformanceDashboard.tsx(9,21): error TS1131: Property or signature expected.
components/PictureInPicture.tsx(8,19): error TS1131: Property or signature expected.
components/PictureInPicture.tsx(10,23): error TS1131: Property or signature expected.
components/PictureInPicture.tsx(13,22): error TS1131: Property or signature expected.
components/PlaylistEditModal.tsx(5,19): error TS1131: Property or signature expected.
components/PlaylistEditModal.tsx(7,24): error TS1131: Property or signature expected.
components/RefactoredSaveToPlaylistModal.tsx(12,19): error TS1131: Property or signature expected.
components/RefactoredSaveToPlaylistModal.tsx(14,19): error TS1131: Property or signature expected.
components/RefactoredSaveToPlaylistModal.tsx(17,45): error TS1131: Property or signature expected.
components/RefactoredVideoDescription.tsx(15,14): error TS1131: Property or signature expected.
components/RefactoredVideoDescription.tsx(17,21): error TS1131: Property or signature expected.
components/RefactoredVideoDescription.tsx(22,14): error TS1131: Property or signature expected.
components/RefactoredVideoDescription.tsx(24,23): error TS1131: Property or signature expected.
components/RefactoredVideoDescription.tsx(29,16): error TS1131: Property or signature expected.
components/RefactoredVideoDescription.tsx(31,25): error TS1131: Property or signature expected.
components/RefactoredVideoDescription.tsx(35,26): error TS1131: Property or signature expected.
components/RefactoredVideoDescription.tsx(37,27): error TS1131: Property or signature expected.
components/RefactoredVideoDescription.tsx(54,27): error TS1131: Property or signature expected.
components/RefactoredVideoDescription.tsx(135,16): error TS1131: Property or signature expected.
components/RefactoredVideoDescription.tsx(189,25): error TS1131: Property or signature expected.
components/SearchSuggestions.tsx(5,23): error TS1131: Property or signature expected.
components/ShortDisplayCard.tsx(33,22): error TS1131: Property or signature expected.
components/ShortDisplayCard.tsx(65,17): error TS1131: Property or signature expected.
components/ShortDisplayCard.tsx(67,17): error TS1131: Property or signature expected.
components/ShortDisplayCard.tsx(105,20): error TS1131: Property or signature expected.
components/ShortDisplayCard.tsx(107,28): error TS1131: Property or signature expected.
components/ShortDisplayCard.tsx(108,41): error TS1131: Property or signature expected.
components/ShortDisplayCard.tsx(109,44): error TS1131: Property or signature expected.
components/ShortDisplayCard.tsx(175,17): error TS1131: Property or signature expected.
components/ShortDisplayCard.tsx(230,15): error TS1136: Property assignment expected.
components/ShortsFilters.tsx(5,22): error TS1131: Property or signature expected.
components/ShortsFilters.tsx(7,45): error TS1131: Property or signature expected.
components/ShortsNavigation.tsx(5,26): error TS1131: Property or signature expected.
components/ShortsNavigation.tsx(7,26): error TS1131: Property or signature expected.
components/ShortsPlayer.tsx(11,17): error TS1131: Property or signature expected.
components/ShortsPlayer.tsx(13,42): error TS1131: Property or signature expected.
components/ShortsPlayer.tsx(14,34): error TS1131: Property or signature expected.
components/ShortsPlayer.tsx(15,41): error TS1131: Property or signature expected.
components/ShortsPlayer.tsx(16,37): error TS1131: Property or signature expected.
components/ShortsProgressIndicator.tsx(3,24): error TS1131: Property or signature expected.
components/ShortsSection.tsx(32,38): error TS1136: Property assignment expected.
components/Sidebar.tsx(30,14): error TS1131: Property or signature expected.
components/Sidebar.tsx(32,17): error TS1131: Property or signature expected.
components/SortFilterPanel.tsx(20,29): error TS1131: Property or signature expected.
components/SubscriptionManager.tsx(10,23): error TS1131: Property or signature expected.
components/SubscriptionManager.tsx(12,21): error TS1131: Property or signature expected.
components/SubscriptionsPage.tsx(11,14): error TS1131: Property or signature expected.
components/SubscriptionsPage.tsx(13,23): error TS1131: Property or signature expected.
components/SubscriptionsPage.tsx(16,28): error TS1131: Property or signature expected.
components/SubscriptionsPage.tsx(18,22): error TS1131: Property or signature expected.
components/SubscriptionsPage.tsx(22,20): error TS1131: Property or signature expected.
components/SubscriptionsPage.tsx(25,24): error TS1131: Property or signature expected.
components/SubscriptionsPage.tsx(26,7): error TS1005: '>' expected.
components/SubscriptionsPage.tsx(27,19): error TS1131: Property or signature expected.
components/SubscriptionsPage.tsx(29,19): error TS1131: Property or signature expected.
components/SubscriptionsPage.tsx(32,4): error TS1109: Expression expected.
components/SubscriptionsPage.tsx(32,5): error TS1109: Expression expected.
components/SubscriptionsPage.tsx(33,1): error TS1128: Declaration or statement expected.
components/SubscriptionStats.tsx(12,25): error TS1131: Property or signature expected.
components/SubscriptionStats.tsx(14,23): error TS1131: Property or signature expected.
components/ui/ActionButton.tsx(3,42): error TS1131: Property or signature expected.
components/ui/Button.tsx(143,41): error TS1131: Property or signature expected.
components/ui/Button.tsx(144,15): error TS1005: '>' expected.
components/ui/Button.tsx(145,11): error TS1109: Expression expected.
components/ui/Button.tsx(146,11): error TS1109: Expression expected.
components/ui/Button.tsx(146,23): error TS1109: Expression expected.
components/ui/Button.tsx(147,13): error TS1109: Expression expected.
components/ui/Button.tsx(148,1): error TS1128: Declaration or statement expected.
components/ui/Button.tsx(148,2): error TS1109: Expression expected.
components/ui/Button.tsx(148,4): error TS1109: Expression expected.
components/ui/Button.tsx(160,36): error TS1131: Property or signature expected.
components/ui/Button.tsx(161,10): error TS1005: '>' expected.
components/ui/Button.tsx(162,9): error TS1109: Expression expected.
components/ui/Button.tsx(163,11): error TS1109: Expression expected.
components/ui/Button.tsx(164,11): error TS1109: Expression expected.
components/ui/Button.tsx(164,23): error TS1109: Expression expected.
components/ui/Button.tsx(165,13): error TS1109: Expression expected.
components/ui/Button.tsx(166,1): error TS1128: Declaration or statement expected.
components/ui/Button.tsx(166,2): error TS1109: Expression expected.
components/ui/Button.tsx(166,4): error TS1109: Expression expected.
components/ui/DropdownMenu.tsx(7,19): error TS1131: Property or signature expected.
components/ui/DropdownMenu.tsx(16,56): error TS1131: Property or signature expected.
components/ui/FormComponents.tsx(23,80): error TS1005: '>' expected.
components/ui/FormComponents.tsx(23,87): error TS1005: ',' expected.
components/ui/FormComponents.tsx(23,130): error TS1005: ';' expected.
components/ui/FormComponents.tsx(24,11): error TS1109: Expression expected.
components/ui/FormComponents.tsx(25,8): error TS1109: Expression expected.
components/ui/FormComponents.tsx(26,12): error TS1109: Expression expected.
components/ui/FormComponents.tsx(27,13): error TS1109: Expression expected.
components/ui/FormComponents.tsx(28,11): error TS1109: Expression expected.
components/ui/FormComponents.tsx(32,89): error TS1005: '>' expected.
components/ui/FormComponents.tsx(32,100): error TS1005: ',' expected.
components/ui/FormComponents.tsx(32,130): error TS1005: ';' expected.
components/ui/FormComponents.tsx(33,11): error TS1109: Expression expected.
components/ui/FormComponents.tsx(34,8): error TS1109: Expression expected.
components/ui/FormComponents.tsx(35,10): error TS1109: Expression expected.
components/ui/FormComponents.tsx(39,89): error TS1005: '>' expected.
components/ui/FormComponents.tsx(39,96): error TS1005: ',' expected.
components/ui/FormComponents.tsx(39,139): error TS1005: ';' expected.
components/ui/FormComponents.tsx(40,11): error TS1109: Expression expected.
components/ui/FormComponents.tsx(41,8): error TS1109: Expression expected.
components/ui/FormComponents.tsx(44,15): error TS1109: Expression expected.
components/ui/FormComponents.tsx(48,83): error TS1005: '>' expected.
components/ui/FormComponents.tsx(48,90): error TS1005: ',' expected.
components/ui/FormComponents.tsx(48,142): error TS1005: ';' expected.
components/ui/FormComponents.tsx(49,8): error TS1109: Expression expected.
components/ui/FormComponents.tsx(53,80): error TS1005: '>' expected.
components/ui/FormComponents.tsx(53,87): error TS1005: ',' expected.
components/ui/FormComponents.tsx(53,139): error TS1005: ';' expected.
components/ui/FormComponents.tsx(54,8): error TS1109: Expression expected.
components/ui/FormComponents.tsx(479,35): error TS1131: Property or signature expected.
components/ui/FormComponents.tsx(480,19): error TS1005: '>' expected.
components/ui/FormComponents.tsx(480,26): error TS1005: ',' expected.
components/ui/FormComponents.tsx(481,13): error TS1109: Expression expected.
components/ui/FormComponents.tsx(482,1): error TS1128: Declaration or statement expected.
components/ui/FormComponents.tsx(482,2): error TS1109: Expression expected.
components/ui/FormComponents.tsx(482,4): error TS1109: Expression expected.
components/ui/FormComponents.tsx(489,37): error TS1131: Property or signature expected.
components/ui/FormComponents.tsx(490,19): error TS1005: '>' expected.
components/ui/FormComponents.tsx(490,26): error TS1005: ',' expected.
components/ui/FormComponents.tsx(491,13): error TS1109: Expression expected.
components/ui/FormComponents.tsx(492,9): error TS1109: Expression expected.
components/ui/FormComponents.tsx(493,1): error TS1128: Declaration or statement expected.
components/ui/FormComponents.tsx(493,2): error TS1109: Expression expected.
components/ui/FormComponents.tsx(493,4): error TS1109: Expression expected.
components/ui/Tabs.tsx(19,17): error TS1131: Property or signature expected.
components/ui/Tabs.tsx(20,51): error TS1131: Property or signature expected.
components/ui/Tabs.tsx(49,17): error TS1131: Property or signature expected.
components/ui/Tabs.tsx(75,17): error TS1131: Property or signature expected.
components/ui/UnifiedComponents.tsx(203,10): error TS1136: Property assignment expected.
components/ui/UnifiedComponents.tsx(209,13): error TS1136: Property assignment expected.
components/ui/UnifiedComponents.tsx(215,13): error TS1136: Property assignment expected.
components/ui/UnifiedComponents.tsx(221,11): error TS1136: Property assignment expected.
components/ui/UnifiedComponents.tsx(348,19): error TS1131: Property or signature expected.
components/video/VideoControls.tsx(7,22): error TS1131: Property or signature expected.
components/video/VideoControls.tsx(9,25): error TS1131: Property or signature expected.
components/video/VideoControls.tsx(11,23): error TS1131: Property or signature expected.
components/video/VideoControls.tsx(13,24): error TS1131: Property or signature expected.
components/video/VideoControls.tsx(15,28): error TS1131: Property or signature expected.
components/video/VideoControls.tsx(16,41): error TS1131: Property or signature expected.
components/video/VideoControls.tsx(17,31): error TS1131: Property or signature expected.
components/video/VideoControls.tsx(19,45): error TS1131: Property or signature expected.
components/video/VideoSettings.tsx(6,17): error TS1131: Property or signature expected.
components/video/VideoSettings.tsx(12,17): error TS1131: Property or signature expected.
components/video/VideoSettings.tsx(18,19): error TS1131: Property or signature expected.
components/video/VideoSettings.tsx(20,27): error TS1131: Property or signature expected.
components/video/VideoSettings.tsx(22,43): error TS1131: Property or signature expected.
components/video/VideoSettings.tsx(24,34): error TS1131: Property or signature expected.
components/video/VideoSettings.tsx(25,55): error TS1131: Property or signature expected.
components/VideoActions.tsx(15,18): error TS1131: Property or signature expected.
components/VideoActions.tsx(17,21): error TS1131: Property or signature expected.
components/VideoActions.tsx(19,22): error TS1131: Property or signature expected.
components/VideoActions.tsx(21,23): error TS1131: Property or signature expected.
components/VideoActions.tsx(27,19): error TS1131: Property or signature expected.
components/VideoActions.tsx(29,44): error TS1131: Property or signature expected.
components/VideoAnalytics.tsx(17,19): error TS1131: Property or signature expected.
components/VideoAnalytics.tsx(19,21): error TS1131: Property or signature expected.
components/VideoAnalytics.tsx(21,17): error TS1131: Property or signature expected.
components/VideoAnalytics.tsx(23,20): error TS1131: Property or signature expected.
components/VideoAnalytics.tsx(25,18): error TS1131: Property or signature expected.
components/VideoAnalytics.tsx(27,31): error TS1131: Property or signature expected.
components/VideoAnalytics.tsx(29,21): error TS1131: Property or signature expected.
components/VideoAnalytics.tsx(34,13): error TS1131: Property or signature expected.
components/VideoAnalytics.tsx(36,21): error TS1131: Property or signature expected.
components/VideoAnalytics.tsx(40,20): error TS1131: Property or signature expected.
components/VideoAnalytics.tsx(42,23): error TS1131: Property or signature expected.
components/VideoAnalytics.tsx(44,20): error TS1131: Property or signature expected.
components/VideoAnalytics.tsx(47,17): error TS1131: Property or signature expected.
components/VideoAnalytics.tsx(49,17): error TS1131: Property or signature expected.
components/VideoAnalytics.tsx(53,16): error TS1131: Property or signature expected.
components/VideoAnalytics.tsx(55,25): error TS1131: Property or signature expected.
components/VideoAnalytics.tsx(57,23): error TS1131: Property or signature expected.
components/VideoAnalytics.tsx(114,22): error TS1136: Property assignment expected.
components/VideoAnalytics.tsx(135,17): error TS1136: Property assignment expected.
components/VideoAnalytics.tsx(140,24): error TS1136: Property assignment expected.
components/VideoAnalytics.tsx(146,25): error TS1136: Property assignment expected.
components/VideoAnalytics.tsx(151,20): error TS1136: Property assignment expected.
components/VideoAnalyticsDashboard.tsx(20,19): error TS1131: Property or signature expected.
components/VideoAnalyticsDashboard.tsx(22,21): error TS1131: Property or signature expected.
components/VideoAnalyticsDashboard.tsx(26,17): error TS1131: Property or signature expected.
components/VideoAnalyticsDashboard.tsx(28,20): error TS1131: Property or signature expected.
components/VideoAnalyticsDashboard.tsx(30,18): error TS1131: Property or signature expected.
components/VideoAnalyticsDashboard.tsx(54,19): error TS1131: Property or signature expected.
components/VideoAnalyticsDashboard.tsx(61,29): error TS1131: Property or signature expected.
components/VideoAnalyticsDashboard.tsx(153,15): error TS1136: Property assignment expected.
components/VideoAnalyticsDashboard.tsx(156,20): error TS1136: Property assignment expected.
components/VideoAnalyticsDashboard.tsx(158,16): error TS1136: Property assignment expected.
components/VideoAnalyticsDashboard.tsx(160,15): error TS1136: Property assignment expected.
components/VideoAnalyticsDashboard.tsx(167,15): error TS1136: Property assignment expected.
components/VideoEditor.tsx(8,14): error TS1131: Property or signature expected.
components/VideoEditor.tsx(10,19): error TS1131: Property or signature expected.
components/VideoEditor.tsx(16,14): error TS1131: Property or signature expected.
components/VideoEditor.tsx(18,15): error TS1131: Property or signature expected.
components/VideoEditor.tsx(20,21): error TS1131: Property or signature expected.
components/VideoEditor.tsx(25,14): error TS1131: Property or signature expected.
components/VideoEditor.tsx(27,13): error TS1131: Property or signature expected.
components/VideoEditor.tsx(29,20): error TS1131: Property or signature expected.
components/VideoEditor.tsx(31,22): error TS1131: Property or signature expected.
components/VideoEditor.tsx(38,14): error TS1131: Property or signature expected.
components/VideoEditor.tsx(40,83): error TS1131: Property or signature expected.
components/VideoEditor.tsx(45,19): error TS1131: Property or signature expected.
components/VideoEditor.tsx(47,34): error TS1131: Property or signature expected.
components/VideoEditor.tsx(93,39): error TS1136: Property assignment expected.
components/VideoEditor.tsx(156,35): error TS1136: Property assignment expected.
components/VideoEditor.tsx(183,37): error TS1136: Property assignment expected.
components/VideoEditor.tsx(204,33): error TS1136: Property assignment expected.
components/VideoPlaybackDetails.tsx(17,16): error TS1131: Property or signature expected.
components/VideoPlaybackDetails.tsx(19,26): error TS1131: Property or signature expected.
components/VideoPlaybackDetails.tsx(21,25): error TS1131: Property or signature expected.
components/VideoPlaybackDetails.tsx(28,28): error TS1131: Property or signature expected.
components/VideoPlaybackDetails.tsx(30,47): error TS1131: Property or signature expected.
components/VideoPlaybackDetails.tsx(32,26): error TS1131: Property or signature expected.
components/VideoPlaybackDetails.tsx(34,31): error TS1131: Property or signature expected.
components/VideoQualitySelector.tsx(8,17): error TS1131: Property or signature expected.
components/VideoQualitySelector.tsx(15,17): error TS1131: Property or signature expected.
components/VideoQualitySelector.tsx(20,27): error TS1131: Property or signature expected.
components/VirtualizedVideoGrid.tsx(27,33): error TS1131: Property or signature expected.
components/VirtualizedVideoGrid.tsx(29,18): error TS1131: Property or signature expected.
components/VirtualizedVideoGrid.tsx(33,47): error TS1131: Property or signature expected.
components/VirtualizedVideoGrid.tsx(88,27): error TS1005: ',' expected.
components/VirtualizedVideoGrid.tsx(93,27): error TS1005: ',' expected.
components/YouTubePlayer.tsx(172,22): error TS1136: Property assignment expected.
components/YouTubePlayer.tsx(185,18): error TS1136: Property assignment expected.
components/YouTubePlayerWrapper.tsx(39,68): error TS1136: Property assignment expected.
contexts/AuthContext.tsx(4,14): error TS1131: Property or signature expected.
contexts/AuthContext.tsx(14,21): error TS1131: Property or signature expected.
contexts/AuthContext.tsx(16,22): error TS1131: Property or signature expected.
contexts/AuthContext.tsx(18,46): error TS1131: Property or signature expected.
contexts/AuthContext.tsx(20,58): error TS1131: Property or signature expected.
contexts/AuthContext.tsx(75,33): error TS1136: Property assignment expected.
contexts/AuthContext.tsx(110,33): error TS1136: Property assignment expected.
contexts/MiniplayerContext.tsx(6,33): error TS1131: Property or signature expected.
contexts/MiniplayerContext.tsx(8,42): error TS1131: Property or signature expected.
contexts/OptimizedMiniplayerContext.tsx(7,22): error TS1131: Property or signature expected.
contexts/OptimizedMiniplayerContext.tsx(9,22): error TS1131: Property or signature expected.
contexts/OptimizedMiniplayerContext.tsx(11,23): error TS1131: Property or signature expected.
contexts/OptimizedMiniplayerContext.tsx(13,24): error TS1131: Property or signature expected.
contexts/OptimizedMiniplayerContext.tsx(37,40): error TS1136: Property assignment expected.
contexts/OptimizedMiniplayerContext.tsx(158,26): error TS1131: Property or signature expected.
contexts/OptimizedMiniplayerContext.tsx(160,44): error TS1131: Property or signature expected.
contexts/OptimizedMiniplayerContext.tsx(162,28): error TS1131: Property or signature expected.
contexts/OptimizedMiniplayerContext.tsx(163,40): error TS1131: Property or signature expected.
contexts/OptimizedMiniplayerContext.tsx(164,38): error TS1131: Property or signature expected.
contexts/OptimizedMiniplayerContext.tsx(165,41): error TS1131: Property or signature expected.
contexts/OptimizedMiniplayerContext.tsx(166,42): error TS1131: Property or signature expected.
contexts/OptimizedMiniplayerContext.tsx(168,44): error TS1131: Property or signature expected.
contexts/OptimizedMiniplayerContext.tsx(169,38): error TS1131: Property or signature expected.
contexts/OptimizedMiniplayerContext.tsx(170,40): error TS1131: Property or signature expected.
contexts/OptimizedMiniplayerContext.tsx(171,45): error TS1131: Property or signature expected.
contexts/OptimizedMiniplayerContext.tsx(173,31): error TS1131: Property or signature expected.
contexts/ThemeContext.tsx(6,16): error TS1131: Property or signature expected.
contexts/UnifiedAppContext.tsx(8,21): error TS1131: Property or signature expected.
contexts/UnifiedAppContext.tsx(16,43): error TS1131: Property or signature expected.
contexts/UnifiedAppContext.tsx(23,29): error TS1131: Property or signature expected.
contexts/UnifiedAppContext.tsx(41,40): error TS1136: Property assignment expected.
contexts/UnifiedAppContext.tsx(108,46): error TS1131: Property or signature expected.
contexts/UnifiedAppContext.tsx(116,52): error TS1131: Property or signature expected.
contexts/UnifiedAppContext.tsx(121,43): error TS1131: Property or signature expected.
contexts/UnifiedAppContext.tsx(122,48): error TS1131: Property or signature expected.
contexts/UnifiedAppContext.tsx(126,29): error TS1131: Property or signature expected.
contexts/UnifiedAppContext.tsx(160,31): error TS1136: Property assignment expected.
contexts/UnifiedAppContext.tsx(168,25): error TS1136: Property assignment expected.
contexts/UnifiedAppContext.tsx(172,27): error TS1136: Property assignment expected.
contexts/UnifiedAppContext.tsx(179,21): error TS1136: Property assignment expected.
contexts/WatchLaterContext.tsx(11,29): error TS1131: Property or signature expected.
contexts/WatchLaterContext.tsx(12,47): error TS1131: Property or signature expected.
contexts/WatchLaterContext.tsx(13,48): error TS1131: Property or signature expected.
pages/AdminPage.tsx(13,14): error TS1131: Property or signature expected.
pages/AdminPage.tsx(15,23): error TS1131: Property or signature expected.
pages/AdminPage.tsx(66,64): error TS1136: Property assignment expected.
pages/AdminPage.tsx(93,21): error TS1136: Property assignment expected.
pages/AdminPage.tsx(185,19): error TS1136: Property assignment expected.
pages/AdminPage.tsx(275,19): error TS1136: Property assignment expected.
pages/AnalyticsPage.tsx(11,22): error TS1131: Property or signature expected.
pages/AnalyticsPage.tsx(13,26): error TS1131: Property or signature expected.
pages/AnalyticsPage.tsx(15,25): error TS1131: Property or signature expected.
pages/AnalyticsPage.tsx(17,36): error TS1131: Property or signature expected.
pages/AnalyticsPage.tsx(19,19): error TS1131: Property or signature expected.
pages/AnalyticsPage.tsx(23,28): error TS1131: Property or signature expected.
pages/AnalyticsPage.tsx(24,10): error TS1005: '>' expected.
pages/AnalyticsPage.tsx(25,19): error TS1131: Property or signature expected.
pages/AnalyticsPage.tsx(27,22): error TS1131: Property or signature expected.
pages/AnalyticsPage.tsx(31,4): error TS1109: Expression expected.
pages/AnalyticsPage.tsx(31,5): error TS1109: Expression expected.
pages/AnalyticsPage.tsx(32,1): error TS1128: Declaration or statement expected.
pages/AnalyticsPage.tsx(45,47): error TS1136: Property assignment expected.
pages/AnalyticsPage.tsx(53,23): error TS1136: Property assignment expected.
pages/AnalyticsPage.tsx(96,29): error TS1131: Property or signature expected.
pages/AnalyticsPage.tsx(97,10): error TS1005: '>' expected.
pages/AnalyticsPage.tsx(99,12): error TS1109: Expression expected.
pages/AnalyticsPage.tsx(101,4): error TS1005: ',' expected.
pages/AnalyticsPage.tsx(101,6): error TS1109: Expression expected.
pages/AnalyticsPage.tsx(326,1): error TS1128: Declaration or statement expected.
pages/ChannelCustomizationPage.tsx(11,22): error TS1131: Property or signature expected.
pages/ChannelCustomizationPage.tsx(13,23): error TS1131: Property or signature expected.
pages/ChannelCustomizationPage.tsx(15,27): error TS1131: Property or signature expected.
pages/ChannelCustomizationPage.tsx(17,28): error TS1131: Property or signature expected.
pages/ChannelCustomizationPage.tsx(19,21): error TS1131: Property or signature expected.
pages/ChannelCustomizationPage.tsx(21,23): error TS1131: Property or signature expected.
pages/ChannelCustomizationPage.tsx(24,53): error TS1131: Property or signature expected.
pages/ChannelCustomizationPage.tsx(30,23): error TS1131: Property or signature expected.
pages/ChannelCustomizationPage.tsx(32,23): error TS1131: Property or signature expected.
pages/ChannelCustomizationPage.tsx(45,19): error TS1136: Property assignment expected.
pages/CommentModerationPage.tsx(12,22): error TS1131: Property or signature expected.
pages/CommunityPage.tsx(9,14): error TS1131: Property or signature expected.
pages/CommunityPage.tsx(15,17): error TS1131: Property or signature expected.
pages/CommunityPage.tsx(17,18): error TS1131: Property or signature expected.
pages/CommunityPage.tsx(19,19): error TS1131: Property or signature expected.
pages/CommunityPage.tsx(21,19): error TS1131: Property or signature expected.
pages/CommunityPage.tsx(26,22): error TS1131: Property or signature expected.
pages/CommunityPage.tsx(28,24): error TS1131: Property or signature expected.
pages/CommunityPage.tsx(30,29): error TS1131: Property or signature expected.
pages/CommunityPage.tsx(65,37): error TS1136: Property assignment expected.
pages/CommunityPage.tsx(79,20): error TS1136: Property assignment expected.
pages/CommunityPage.tsx(150,24): error TS1136: Property assignment expected.
pages/CreatorStudioPage.tsx(9,18): error TS1131: Property or signature expected.
pages/CreatorStudioPage.tsx(11,18): error TS1131: Property or signature expected.
pages/CreatorStudioPage.tsx(16,14): error TS1131: Property or signature expected.
pages/CreatorStudioPage.tsx(18,20): error TS1131: Property or signature expected.
pages/CreatorStudioPage.tsx(20,42): error TS1131: Property or signature expected.
pages/CreatorStudioPage.tsx(26,17): error TS1131: Property or signature expected.
pages/CreatorStudioPage.tsx(28,52): error TS1131: Property or signature expected.
pages/CreatorStudioPage.tsx(34,14): error TS1131: Property or signature expected.
pages/CreatorStudioPage.tsx(36,36): error TS1131: Property or signature expected.
pages/LibraryPage.tsx(20,17): error TS1131: Property or signature expected.
pages/LibraryPage.tsx(22,23): error TS1131: Property or signature expected.
pages/LibraryPage.tsx(25,22): error TS1131: Property or signature expected.
pages/MonetizationPage.tsx(24,16): error TS1131: Property or signature expected.
pages/MonetizationPage.tsx(26,29): error TS1131: Property or signature expected.
pages/MonetizationPage.tsx(28,30): error TS1131: Property or signature expected.
pages/MonetizationPage.tsx(33,24): error TS1131: Property or signature expected.
pages/MonetizationPage.tsx(35,25): error TS1131: Property or signature expected.
pages/MonetizationPage.tsx(38,33): error TS1131: Property or signature expected.
pages/MonetizationPage.tsx(40,23): error TS1131: Property or signature expected.
pages/MonetizationPage.tsx(42,28): error TS1131: Property or signature expected.
pages/MonetizationPage.tsx(197,15): error TS1136: Property assignment expected.
pages/MonetizationPage.tsx(200,20): error TS1136: Property assignment expected.
pages/MonetizationPage.tsx(203,17): error TS1136: Property assignment expected.
pages/MonetizationPage.tsx(206,21): error TS1136: Property assignment expected.
pages/MonetizationPage.tsx(210,14): error TS1136: Property assignment expected.
pages/MonetizationPage.tsx(212,16): error TS1136: Property assignment expected.
pages/MonetizationPage.tsx(214,15): error TS1136: Property assignment expected.
pages/MonetizationPage.tsx(216,19): error TS1136: Property assignment expected.
pages/MonetizationPage.tsx(222,15): error TS1136: Property assignment expected.
pages/MonetizationPage.tsx(225,20): error TS1136: Property assignment expected.
pages/MonetizationPage.tsx(228,17): error TS1136: Property assignment expected.
pages/PlaylistManagerPage.tsx(9,14): error TS1131: Property or signature expected.
pages/PlaylistManagerPage.tsx(11,21): error TS1131: Property or signature expected.
pages/PlaylistManagerPage.tsx(13,17): error TS1131: Property or signature expected.
pages/PlaylistManagerPage.tsx(18,14): error TS1131: Property or signature expected.
pages/PlaylistManagerPage.tsx(20,23): error TS1131: Property or signature expected.
pages/PlaylistManagerPage.tsx(22,22): error TS1131: Property or signature expected.
pages/PlaylistManagerPage.tsx(24,49): error TS1131: Property or signature expected.
pages/PlaylistManagerPage.tsx(26,21): error TS1131: Property or signature expected.
pages/PlaylistManagerPage.tsx(31,26): error TS1131: Property or signature expected.
pages/PlaylistManagerPage.tsx(33,22): error TS1131: Property or signature expected.
pages/PlaylistManagerPage.tsx(35,28): error TS1131: Property or signature expected.
pages/PlaylistManagerPage.tsx(157,33): error TS1136: Property assignment expected.
pages/PlaylistsPage.tsx(50,57): error TS1136: Property assignment expected.
pages/RefactoredContentManagerPage.tsx(27,17): error TS1131: Property or signature expected.
pages/RefactoredContentManagerPage.tsx(29,16): error TS1131: Property or signature expected.
pages/RefactoredContentManagerPage.tsx(37,17): error TS1131: Property or signature expected.
pages/RefactoredContentManagerPage.tsx(39,16): error TS1131: Property or signature expected.
pages/RefactoredTrendingPage.tsx(25,79): error TS1136: Property assignment expected.
pages/SearchResultsPage.tsx(15,17): error TS1131: Property or signature expected.
pages/SearchResultsPage.tsx(17,42): error TS1131: Property or signature expected.
pages/SearchResultsPage.tsx(86,30): error TS1005: ',' expected.
pages/SearchResultsPage.tsx(86,95): error TS1005: ';' expected.
pages/SearchResultsPage.tsx(99,7): error TS1128: Declaration or statement expected.
pages/SearchResultsPage.tsx(99,9): error TS1128: Declaration or statement expected.
pages/SearchResultsPage.tsx(102,30): error TS1005: ',' expected.
pages/SearchResultsPage.tsx(102,95): error TS1005: ';' expected.
pages/SearchResultsPage.tsx(120,5): error TS1128: Declaration or statement expected.
pages/SearchResultsPage.tsx(120,7): error TS1005: 'try' expected.
pages/SearchResultsPage.tsx(133,10): error TS1128: Declaration or statement expected.
pages/SearchResultsPage.tsx(133,11): error TS1128: Declaration or statement expected.
pages/SearchResultsPage.tsx(133,15): error TS1005: ';' expected.
pages/SearchResultsPage.tsx(179,1): error TS1128: Declaration or statement expected.
pages/SettingsPage.tsx(19,32): error TS1131: Property or signature expected.
pages/SettingsPage.tsx(20,8): error TS1005: '>' expected.
pages/SettingsPage.tsx(21,15): error TS1109: Expression expected.
pages/SettingsPage.tsx(22,20): error TS1005: ';' expected.
pages/SettingsPage.tsx(23,1): error TS1109: Expression expected.
pages/SettingsPage.tsx(23,2): error TS1109: Expression expected.
pages/SettingsPage.tsx(23,4): error TS1109: Expression expected.
pages/SettingsPage.tsx(83,48): error TS1005: ',' expected.
pages/StudioDashboardPage.tsx(9,22): error TS1131: Property or signature expected.
pages/StudioDashboardPage.tsx(10,36): error TS1131: Property or signature expected.
pages/StudioDashboardPage.tsx(11,23): error TS1131: Property or signature expected.
pages/StudioDashboardPage.tsx(12,32): error TS1131: Property or signature expected.
pages/StudioDashboardPage.tsx(13,24): error TS1131: Property or signature expected.
pages/StudioDashboardPage.tsx(14,33): error TS1131: Property or signature expected.
pages/StudioDashboardPage.tsx(15,22): error TS1131: Property or signature expected.
pages/StudioDashboardPage.tsx(20,14): error TS1131: Property or signature expected.
pages/StudioDashboardPage.tsx(21,25): error TS1131: Property or signature expected.
pages/StudioDashboardPage.tsx(22,21): error TS1131: Property or signature expected.
pages/StudioDashboardPage.tsx(23,25): error TS1131: Property or signature expected.
pages/StudioDashboardPage.tsx(24,17): error TS1131: Property or signature expected.
pages/StudioDashboardPage.tsx(25,28): error TS1131: Property or signature expected.
pages/StudioDashboardPage.tsx(26,20): error TS1131: Property or signature expected.
pages/StudioDashboardPage.tsx(27,28): error TS1131: Property or signature expected.
pages/StudioDashboardPage.tsx(32,17): error TS1131: Property or signature expected.
pages/StudioDashboardPage.tsx(33,31): error TS1131: Property or signature expected.
pages/StudioDashboardPage.tsx(34,25): error TS1131: Property or signature expected.
pages/StudioDashboardPage.tsx(35,24): error TS1131: Property or signature expected.
pages/StudioDashboardPage.tsx(59,42): error TS1136: Property assignment expected.
pages/StudioPage.tsx(11,14): error TS1131: Property or signature expected.
pages/StudioPage.tsx(12,25): error TS1131: Property or signature expected.
pages/StudioPage.tsx(13,21): error TS1131: Property or signature expected.
pages/StudioPage.tsx(14,70): error TS1131: Property or signature expected.
pages/StudioPage.tsx(15,17): error TS1131: Property or signature expected.
pages/StudioPage.tsx(16,25): error TS1131: Property or signature expected.
pages/StudioPage.tsx(17,20): error TS1131: Property or signature expected.
pages/StudioPage.tsx(18,30): error TS1131: Property or signature expected.
pages/StudioPage.tsx(19,20): error TS1131: Property or signature expected.
pages/StudioPage.tsx(24,22): error TS1131: Property or signature expected.
pages/StudioPage.tsx(25,36): error TS1131: Property or signature expected.
pages/StudioPage.tsx(26,23): error TS1131: Property or signature expected.
pages/StudioPage.tsx(27,32): error TS1131: Property or signature expected.
pages/StudioPage.tsx(28,23): error TS1131: Property or signature expected.
pages/StudioPage.tsx(29,37): error TS1131: Property or signature expected.
pages/StudioPage.tsx(84,45): error TS1136: Property assignment expected.
pages/StudioPage.tsx(116,108): error TS1129: Statement expected.
pages/SubscriptionsPage.tsx(84,21): error TS1129: Statement expected.
pages/UploadPage.tsx(9,14): error TS1131: Property or signature expected.
pages/UploadPage.tsx(11,20): error TS1131: Property or signature expected.
pages/UploadPage.tsx(16,17): error TS1131: Property or signature expected.
pages/UploadPage.tsx(18,49): error TS1131: Property or signature expected.
pages/UploadPage.tsx(20,16): error TS1131: Property or signature expected.
pages/UploadPage.tsx(22,25): error TS1131: Property or signature expected.
pages/VideoEditorPage.tsx(17,14): error TS1131: Property or signature expected.
pages/VideoEditorPage.tsx(19,20): error TS1131: Property or signature expected.
pages/VideoEditorPage.tsx(21,15): error TS1131: Property or signature expected.
pages/VideoEditorPage.tsx(27,14): error TS1131: Property or signature expected.
pages/VideoEditorPage.tsx(29,16): error TS1131: Property or signature expected.
pages/VideoEditorPage.tsx(31,20): error TS1131: Property or signature expected.
pages/VideoEditorPage.tsx(39,55): error TS1131: Property or signature expected.
pages/VideoEditorPage.tsx(229,30): error TS1136: Property assignment expected.
pages/VideoEditorPage.tsx(267,38): error TS1129: Statement expected.
pages/VideoUploadPage.tsx(111,50): error TS1005: ',' expected.
pages/VideoUploadPage.tsx(113,8): error TS1128: Declaration or statement expected.
pages/VideoUploadPage.tsx(121,5): error TS1128: Declaration or statement expected.
pages/VideoUploadPage.tsx(121,7): error TS1005: 'try' expected.
pages/VideoUploadPage.tsx(127,3): error TS1128: Declaration or statement expected.
pages/VideoUploadPage.tsx(436,1): error TS1128: Declaration or statement expected.
pages/YourDataPage.tsx(15,49): error TS1005: ',' expected.
pages/YourDataPage.tsx(95,31): error TS1131: Property or signature expected.
pages/YourDataPage.tsx(96,23): error TS1005: '>' expected.
pages/YourDataPage.tsx(96,25): error TS1134: Variable declaration expected.
pages/YourDataPage.tsx(96,35): error TS1109: Expression expected.
pages/YourDataPage.tsx(97,18): error TS1005: ';' expected.
pages/YourDataPage.tsx(97,30): error TS1109: Expression expected.
pages/YourDataPage.tsx(98,4): error TS1005: ',' expected.
pages/YourDataPage.tsx(98,6): error TS1109: Expression expected.
pages/YourDataPage.tsx(219,1): error TS1128: Declaration or statement expected.
services/analyticsService.ts(102,56): error TS1005: ')' expected.
services/analyticsService.ts(102,71): error TS1005: ';' expected.
services/analyticsService.ts(109,6): error TS1128: Declaration or statement expected.
services/analyticsService.ts(112,50): error TS1005: ')' expected.
services/analyticsService.ts(112,65): error TS1005: ';' expected.
services/analyticsService.ts(115,6): error TS1128: Declaration or statement expected.
services/analyticsService.ts(133,42): error TS1005: ')' expected.
services/analyticsService.ts(133,57): error TS1005: ';' expected.
services/analyticsService.ts(145,6): error TS1128: Declaration or statement expected.
services/analyticsService.ts(195,50): error TS1005: ')' expected.
services/analyticsService.ts(195,65): error TS1005: ';' expected.
services/analyticsService.ts(197,6): error TS1128: Declaration or statement expected.
services/analyticsService.ts(213,63): error TS1005: ',' expected.
services/analyticsService.ts(214,11): error TS1005: ':' expected.
services/analyticsService.ts(219,46): error TS1005: ',' expected.
services/analyticsService.ts(222,76): error TS1005: ',' expected.
services/analyticsService.ts(223,11): error TS1005: ':' expected.
services/analyticsService.ts(225,47): error TS1005: ',' expected.
services/analyticsService.ts(286,9): error TS1138: Parameter declaration expected.
services/api.ts(117,28): error TS1138: Parameter declaration expected.
services/api.ts(151,16): error TS1138: Parameter declaration expected.
services/api.ts(328,29): error TS1138: Parameter declaration expected.
services/api.ts(474,33): error TS1138: Parameter declaration expected.
services/apiService.ts(228,26): error TS1138: Parameter declaration expected.
services/apiService.ts(277,77): error TS1109: Expression expected.
services/apiService.ts(327,35): error TS1138: Parameter declaration expected.
services/apiService.ts(476,23): error TS1138: Parameter declaration expected.
services/apiService.ts(502,47): error TS1005: ')' expected.
services/apiService.ts(502,62): error TS1005: ';' expected.
services/apiService.ts(502,83): error TS1005: ';' expected.
services/apiService.ts(504,6): error TS1128: Declaration or statement expected.
services/apiService.ts(507,3): error TS1128: Declaration or statement expected.
services/apiService.ts(510,3): error TS1434: Unexpected keyword or identifier.
services/apiService.ts(510,15): error TS1005: ';' expected.
services/apiService.ts(510,25): error TS1005: ')' expected.
services/apiService.ts(510,39): error TS1109: Expression expected.
services/apiService.ts(510,54): error TS1005: ';' expected.
services/apiService.ts(510,55): error TS1128: Declaration or statement expected.
services/apiService.ts(511,12): error TS1005: ':' expected.
services/apiService.ts(511,62): error TS1005: ',' expected.
services/apiService.ts(514,3): error TS1434: Unexpected keyword or identifier.
services/apiService.ts(514,16): error TS1005: ';' expected.
services/apiService.ts(514,26): error TS1005: ')' expected.
services/apiService.ts(514,37): error TS1005: ';' expected.
services/apiService.ts(514,43): error TS1109: Expression expected.
services/apiService.ts(514,52): error TS1109: Expression expected.
services/apiService.ts(514,67): error TS1005: ';' expected.
services/apiService.ts(514,68): error TS1128: Declaration or statement expected.
services/apiService.ts(515,12): error TS1005: ':' expected.
services/apiService.ts(515,75): error TS1005: ',' expected.
services/apiService.ts(518,3): error TS1434: Unexpected keyword or identifier.
services/apiService.ts(518,15): error TS1005: ';' expected.
services/apiService.ts(518,25): error TS1005: ')' expected.
services/apiService.ts(518,36): error TS1005: ';' expected.
services/apiService.ts(518,42): error TS1109: Expression expected.
services/apiService.ts(518,51): error TS1109: Expression expected.
services/apiService.ts(518,66): error TS1005: ';' expected.
services/apiService.ts(518,67): error TS1128: Declaration or statement expected.
services/apiService.ts(519,12): error TS1005: ':' expected.
services/apiService.ts(519,74): error TS1005: ',' expected.
services/apiService.ts(522,3): error TS1434: Unexpected keyword or identifier.
services/apiService.ts(522,17): error TS1005: ';' expected.
services/apiService.ts(522,27): error TS1005: ')' expected.
services/apiService.ts(522,38): error TS1005: ';' expected.
services/apiService.ts(522,44): error TS1109: Expression expected.
services/apiService.ts(522,53): error TS1109: Expression expected.
services/apiService.ts(522,68): error TS1005: ';' expected.
services/apiService.ts(522,69): error TS1128: Declaration or statement expected.
services/apiService.ts(523,12): error TS1005: ':' expected.
services/apiService.ts(523,76): error TS1005: ',' expected.
services/apiService.ts(526,3): error TS1434: Unexpected keyword or identifier.
services/apiService.ts(526,18): error TS1005: '>' expected.
services/apiService.ts(526,28): error TS1005: ')' expected.
services/apiService.ts(526,42): error TS1109: Expression expected.
services/apiService.ts(526,57): error TS1005: ';' expected.
services/apiService.ts(526,58): error TS1128: Declaration or statement expected.
services/apiService.ts(527,12): error TS1005: ':' expected.
services/apiService.ts(527,65): error TS1005: ',' expected.
services/apiService.ts(531,3): error TS1434: Unexpected keyword or identifier.
services/apiService.ts(531,22): error TS1005: ';' expected.
services/apiService.ts(531,29): error TS1109: Expression expected.
services/apiService.ts(532,6): error TS1005: ')' expected.
services/apiService.ts(533,9): error TS1005: ';' expected.
services/apiService.ts(534,12): error TS1109: Expression expected.
services/apiService.ts(535,25): error TS1005: ',' expected.
services/apiService.ts(536,48): error TS1005: ',' expected.
services/apiService.ts(538,3): error TS1109: Expression expected.
services/apiService.ts(538,4): error TS1128: Declaration or statement expected.
services/apiService.ts(539,11): error TS1005: ':' expected.
services/apiService.ts(539,36): error TS1005: ',' expected.
services/apiService.ts(540,13): error TS1005: ',' expected.
services/apiService.ts(540,55): error TS1005: ',' expected.
services/apiService.ts(543,15): error TS1005: ',' expected.
services/apiService.ts(549,5): error TS1005: ',' expected.
services/apiService.ts(549,12): error TS1005: ':' expected.
services/apiService.ts(552,24): error TS1005: ',' expected.
services/apiService.ts(556,3): error TS1434: Unexpected keyword or identifier.
services/apiService.ts(556,17): error TS1005: ';' expected.
services/apiService.ts(556,32): error TS1005: ')' expected.
services/apiService.ts(559,5): error TS1005: ';' expected.
services/apiService.ts(559,6): error TS1128: Declaration or statement expected.
services/apiService.ts(560,11): error TS1005: ':' expected.
services/apiService.ts(562,6): error TS1005: ',' expected.
services/apiService.ts(564,12): error TS1005: ':' expected.
services/apiService.ts(564,33): error TS1005: ',' expected.
services/apiService.ts(568,3): error TS1434: Unexpected keyword or identifier.
services/apiService.ts(568,42): error TS1005: ';' expected.
services/apiService.ts(569,36): error TS1005: ',' expected.
services/apiService.ts(570,25): error TS1005: ',' expected.
services/apiService.ts(573,11): error TS1005: ':' expected.
services/apiService.ts(573,40): error TS1005: ',' expected.
services/apiService.ts(575,9): error TS1005: ':' expected.
services/apiService.ts(576,13): error TS1005: ',' expected.
services/apiService.ts(576,17): error TS1005: ':' expected.
services/apiService.ts(576,64): error TS1005: ',' expected.
services/apiService.ts(577,13): error TS1005: ':' expected.
services/apiService.ts(577,57): error TS1005: ',' expected.
services/apiService.ts(579,14): error TS1005: ':' expected.
services/apiService.ts(582,32): error TS1005: ',' expected.
services/apiService.ts(583,7): error TS1005: ',' expected.
services/apiService.ts(592,1): error TS1128: Declaration or statement expected.
services/errorService.ts(58,63): error TS1005: ',' expected.
services/errorService.ts(59,11): error TS1005: ':' expected.
services/errorService.ts(69,38): error TS1005: ',' expected.
services/errorService.ts(73,76): error TS1005: ',' expected.
services/errorService.ts(74,11): error TS1005: ':' expected.
services/errorService.ts(82,40): error TS1005: ',' expected.
services/errorService.ts(231,9): error TS1128: Declaration or statement expected.
services/googleSearchService.ts(291,33): error TS1109: Expression expected.
services/googleSearchService.ts(292,7): error TS1005: ')' expected.
services/googleSearchService.ts(293,15): error TS1005: ',' expected.
services/googleSearchService.ts(293,16): error TS1134: Variable declaration expected.
services/googleSearchService.ts(294,17): error TS1005: ',' expected.
services/googleSearchService.ts(294,18): error TS1134: Variable declaration expected.
services/googleSearchService.ts(295,1): error TS1128: Declaration or statement expected.
services/googleSearchService.ts(295,2): error TS1128: Declaration or statement expected.
services/googleSearchService.ts(331,38): error TS1109: Expression expected.
services/googleSearchService.ts(332,7): error TS1005: ')' expected.
services/googleSearchService.ts(333,15): error TS1005: ',' expected.
services/googleSearchService.ts(333,16): error TS1134: Variable declaration expected.
services/googleSearchService.ts(334,17): error TS1005: ',' expected.
services/googleSearchService.ts(334,18): error TS1134: Variable declaration expected.
services/googleSearchService.ts(335,1): error TS1128: Declaration or statement expected.
services/googleSearchService.ts(335,2): error TS1128: Declaration or statement expected.
services/unifiedApiService.ts(72,15): error TS1138: Parameter declaration expected.
services/unifiedApiService.ts(152,32): error TS1138: Parameter declaration expected.
services/unifiedApiService.ts(183,35): error TS1138: Parameter declaration expected.
services/youtubeSearchService.ts(422,29): error TS1138: Parameter declaration expected.
services/youtubeSearchService.ts(531,22): error TS1138: Parameter declaration expected.
src/components/atoms/Button/Button.tsx(9,16): error TS1136: Property assignment expected.
src/components/atoms/Button/Button.tsx(20,18): error TS1136: Property assignment expected.
src/components/atoms/Button/Button.tsx(25,23): error TS1136: Property assignment expected.
src/components/atoms/Button/Button.tsx(32,5): error TS1005: ',' expected.
src/components/EnhancedPWAInstallBanner.tsx(25,22): error TS1131: Property or signature expected.
src/components/EnhancedPWAInstallBanner.tsx(27,24): error TS1131: Property or signature expected.
src/components/EnhancedPWAInstallBanner.tsx(195,21): error TS1129: Statement expected.
src/components/ErrorBoundaries/DataFetchErrorBoundary.tsx(30,21): error TS1131: Property or signature expected.
src/components/ErrorBoundaries/DataFetchErrorBoundary.tsx(32,31): error TS1131: Property or signature expected.
src/components/ErrorBoundaries/LiveStreamErrorBoundary.tsx(30,21): error TS1131: Property or signature expected.
src/components/ErrorBoundaries/LiveStreamErrorBoundary.tsx(32,31): error TS1131: Property or signature expected.
src/components/ErrorBoundaries/VideoErrorBoundary.tsx(19,21): error TS1131: Property or signature expected.
src/components/ErrorBoundaries/VideoErrorBoundary.tsx(21,31): error TS1131: Property or signature expected.
src/components/examples/YouTubePlayerExample.tsx(68,24): error TS1136: Property assignment expected.
src/components/examples/YouTubePlayerExample.tsx(75,20): error TS1136: Property assignment expected.
src/components/mobile/MobileVideoGrid.tsx(8,17): error TS1131: Property or signature expected.
src/components/mobile/MobileVideoGrid.tsx(18,30): error TS1131: Property or signature expected.
src/components/mobile/MobileVideoGrid.tsx(20,19): error TS1131: Property or signature expected.
src/components/ModularPWAInstallBanner.tsx(33,22): error TS1131: Property or signature expected.
src/components/ModularPWAInstallBanner.tsx(35,24): error TS1131: Property or signature expected.
src/components/optimized/OptimizedSearchResults.tsx(10,17): error TS1131: Property or signature expected.
src/components/optimized/OptimizedSearchResults.tsx(21,30): error TS1131: Property or signature expected.
src/components/optimized/OptimizedSearchResults.tsx(23,19): error TS1131: Property or signature expected.
src/components/optimized/OptimizedSearchResults.tsx(24,42): error TS1131: Property or signature expected.
src/components/optimized/OptimizedVideoGrid.tsx(7,17): error TS1131: Property or signature expected.
src/components/optimized/OptimizedVideoGrid.tsx(18,14): error TS1005: ',' expected.
src/components/optimized/OptimizedVideoGrid.tsx(19,19): error TS1005: ',' expected.
src/components/optimized/OptimizedVideoGrid.tsx(19,20): error TS1136: Property assignment expected.
src/components/optimized/OptimizedVideoGrid.tsx(20,29): error TS1005: ',' expected.
src/components/optimized/OptimizedVideoGrid.tsx(21,10): error TS1136: Property assignment expected.
src/components/optimized/OptimizedVideoGrid.tsx(22,18): error TS1005: ',' expected.
src/components/optimized/OptimizedVideoGrid.tsx(23,24): error TS1005: ',' expected.
src/components/optimized/OptimizedVideoGrid.tsx(23,25): error TS1136: Property assignment expected.
src/components/optimized/OptimizedVideoGrid.tsx(26,9): error TS1109: Expression expected.
src/components/optimized/VirtualizedCommentList.tsx(8,21): error TS1131: Property or signature expected.
src/components/optimized/VirtualizedCommentList.tsx(10,33): error TS1131: Property or signature expected.
src/components/optimized/VirtualizedCommentList.tsx(11,36): error TS1131: Property or signature expected.
src/components/optimized/VirtualizedCommentList.tsx(19,17): error TS1131: Property or signature expected.
src/components/optimized/VirtualizedCommentList.tsx(21,10): error TS1131: Property or signature expected.
src/components/optimized/VirtualizedCommentList.tsx(24,33): error TS1131: Property or signature expected.
src/components/optimized/VirtualizedCommentList.tsx(25,38): error TS1131: Property or signature expected.
src/components/unified/UnifiedVideoCard.tsx(42,23): error TS1131: Property or signature expected.
src/components/unified/UnifiedVideoCard.tsx(43,14): error TS1005: '>' expected.
src/components/unified/UnifiedVideoCard.tsx(44,21): error TS1128: Declaration or statement expected.
src/components/unified/UnifiedVideoCard.tsx(47,3): error TS1128: Declaration or statement expected.
src/components/unified/UnifiedVideoCard.tsx(48,1): error TS1109: Expression expected.
src/components/unified/UnifiedVideoCard.tsx(48,3): error TS1109: Expression expected.
src/components/unified/UnifiedVideoCard.tsx(49,3): error TS1128: Declaration or statement expected.
src/components/unified/UnifiedVideoCard.tsx(49,10): error TS1128: Declaration or statement expected.
src/components/unified/UnifiedVideoCard.tsx(49,13): error TS1128: Declaration or statement expected.
src/components/unified/UnifiedVideoCard.tsx(51,20): error TS1005: ';' expected.
src/components/unified/UnifiedVideoCard.tsx(52,12): error TS1005: ';' expected.
src/components/unified/UnifiedVideoCard.tsx(53,16): error TS1005: ';' expected.
src/components/unified/UnifiedVideoCard.tsx(54,15): error TS1005: ';' expected.
src/components/unified/UnifiedVideoCard.tsx(54,67): error TS1128: Declaration or statement expected.
src/components/unified/UnifiedVideoCard.tsx(55,21): error TS1128: Declaration or statement expected.
src/components/unified/UnifiedVideoCard.tsx(57,20): error TS1005: ';' expected.
src/components/unified/UnifiedVideoCard.tsx(58,12): error TS1005: ';' expected.
src/components/unified/UnifiedVideoCard.tsx(59,16): error TS1005: ';' expected.
src/components/unified/UnifiedVideoCard.tsx(61,15): error TS1005: ';' expected.
src/components/unified/UnifiedVideoCard.tsx(61,67): error TS1128: Declaration or statement expected.
src/components/unified/UnifiedVideoCard.tsx(62,18): error TS1128: Declaration or statement expected.
src/components/unified/UnifiedVideoCard.tsx(64,20): error TS1005: ';' expected.
src/components/unified/UnifiedVideoCard.tsx(65,12): error TS1005: ';' expected.
src/components/unified/UnifiedVideoCard.tsx(66,16): error TS1005: ';' expected.
src/components/unified/UnifiedVideoCard.tsx(67,15): error TS1005: ';' expected.
src/components/unified/UnifiedVideoCard.tsx(67,67): error TS1128: Declaration or statement expected.
src/components/unified/UnifiedVideoCard.tsx(68,18): error TS1128: Declaration or statement expected.
src/components/unified/UnifiedVideoCard.tsx(70,20): error TS1005: ';' expected.
src/components/unified/UnifiedVideoCard.tsx(71,12): error TS1005: ';' expected.
src/components/unified/UnifiedVideoCard.tsx(72,16): error TS1005: ';' expected.
src/components/unified/UnifiedVideoCard.tsx(74,15): error TS1005: ';' expected.
src/components/unified/UnifiedVideoCard.tsx(74,67): error TS1128: Declaration or statement expected.
src/components/unified/UnifiedVideoCard.tsx(75,20): error TS1128: Declaration or statement expected.
src/components/unified/UnifiedVideoCard.tsx(77,20): error TS1005: ';' expected.
src/components/unified/UnifiedVideoCard.tsx(78,12): error TS1005: ';' expected.
src/components/unified/UnifiedVideoCard.tsx(79,16): error TS1005: ';' expected.
src/components/unified/UnifiedVideoCard.tsx(80,9): error TS1005: ';' expected.
src/components/unified/UnifiedVideoCard.tsx(86,23): error TS1131: Property or signature expected.
src/components/unified/UnifiedVideoCard.tsx(87,10): error TS1005: '>' expected.
src/components/unified/UnifiedVideoCard.tsx(89,3): error TS1128: Declaration or statement expected.
src/components/unified/UnifiedVideoCard.tsx(90,1): error TS1109: Expression expected.
src/components/unified/UnifiedVideoCard.tsx(90,3): error TS1109: Expression expected.
src/components/unified/UnifiedVideoCard.tsx(91,8): error TS1128: Declaration or statement expected.
src/components/unified/UnifiedVideoCard.tsx(93,16): error TS1005: ';' expected.
src/components/unified/UnifiedVideoCard.tsx(94,11): error TS1005: ';' expected.
src/components/unified/UnifiedVideoCard.tsx(94,24): error TS1128: Declaration or statement expected.
src/components/unified/UnifiedVideoCard.tsx(95,16): error TS1128: Declaration or statement expected.
src/components/unified/UnifiedVideoCard.tsx(97,16): error TS1005: ';' expected.
src/components/unified/UnifiedVideoCard.tsx(98,11): error TS1005: ';' expected.
src/components/unified/UnifiedVideoCard.tsx(98,24): error TS1128: Declaration or statement expected.
src/components/unified/UnifiedVideoCard.tsx(99,16): error TS1128: Declaration or statement expected.
src/components/unified/UnifiedVideoCard.tsx(101,16): error TS1005: ';' expected.
src/components/unified/UnifiedVideoCard.tsx(102,11): error TS1005: ';' expected.
src/debug/GoogleSearchStoreDebug.tsx(33,21): error TS1136: Property assignment expected.
src/features/analytics/components/AdvancedAnalyticsDashboard.tsx(5,14): error TS1131: Property or signature expected.
src/features/analytics/components/AdvancedAnalyticsDashboard.tsx(7,28): error TS1131: Property or signature expected.
src/features/analytics/components/AdvancedAnalyticsDashboard.tsx(9,25): error TS1131: Property or signature expected.
src/features/analytics/components/AdvancedAnalyticsDashboard.tsx(13,26): error TS1131: Property or signature expected.
src/features/analytics/components/AdvancedAnalyticsDashboard.tsx(14,9): error TS1005: '>' expected.
src/features/analytics/components/AdvancedAnalyticsDashboard.tsx(15,19): error TS1131: Property or signature expected.
src/features/analytics/components/AdvancedAnalyticsDashboard.tsx(17,25): error TS1131: Property or signature expected.
src/features/analytics/components/AdvancedAnalyticsDashboard.tsx(19,4): error TS1109: Expression expected.
src/features/analytics/components/AdvancedAnalyticsDashboard.tsx(19,5): error TS1109: Expression expected.
src/features/analytics/components/AdvancedAnalyticsDashboard.tsx(20,18): error TS1128: Declaration or statement expected.
src/features/analytics/components/AdvancedAnalyticsDashboard.tsx(25,13): error TS1128: Declaration or statement expected.
src/features/analytics/components/AdvancedAnalyticsDashboard.tsx(27,21): error TS1128: Declaration or statement expected.
src/features/analytics/components/AdvancedAnalyticsDashboard.tsx(31,21): error TS1136: Property assignment expected.
src/features/analytics/components/AdvancedAnalyticsDashboard.tsx(32,15): error TS1005: ',' expected.
src/features/analytics/components/AdvancedAnalyticsDashboard.tsx(33,18): error TS1005: ',' expected.
src/features/analytics/components/AdvancedAnalyticsDashboard.tsx(33,19): error TS1136: Property assignment expected.
src/features/analytics/components/AdvancedAnalyticsDashboard.tsx(34,18): error TS1005: ',' expected.
src/features/analytics/components/AdvancedAnalyticsDashboard.tsx(35,22): error TS1005: ',' expected.
src/features/analytics/components/AdvancedAnalyticsDashboard.tsx(35,23): error TS1136: Property assignment expected.
src/features/analytics/components/AdvancedAnalyticsDashboard.tsx(36,18): error TS1005: ',' expected.
src/features/analytics/components/AdvancedAnalyticsDashboard.tsx(37,21): error TS1005: ',' expected.
src/features/analytics/components/AdvancedAnalyticsDashboard.tsx(37,22): error TS1136: Property assignment expected.
src/features/analytics/components/AdvancedAnalyticsDashboard.tsx(38,22): error TS1005: ',' expected.
src/features/analytics/components/AdvancedAnalyticsDashboard.tsx(39,24): error TS1005: ',' expected.
src/features/analytics/components/AdvancedAnalyticsDashboard.tsx(40,5): error TS1109: Expression expected.
src/features/analytics/components/AdvancedAnalyticsDashboard.tsx(41,16): error TS1128: Declaration or statement expected.
src/features/analytics/components/AdvancedAnalyticsDashboard.tsx(43,22): error TS1128: Declaration or statement expected.
src/features/analytics/components/AdvancedAnalyticsDashboard.tsx(45,20): error TS1128: Declaration or statement expected.
src/features/analytics/components/AdvancedAnalyticsDashboard.tsx(48,4): error TS1128: Declaration or statement expected.
src/features/analytics/components/AdvancedAnalyticsDashboard.tsx(51,17): error TS1131: Property or signature expected.
src/features/analytics/components/AdvancedAnalyticsDashboard.tsx(54,34): error TS1131: Property or signature expected.
src/features/analytics/components/AdvancedAnalyticsDashboard.tsx(128,18): error TS1136: Property assignment expected.
src/features/analytics/components/AdvancedAnalyticsDashboard.tsx(145,22): error TS1136: Property assignment expected.
src/features/analytics/components/AdvancedAnalyticsDashboard.tsx(177,21): error TS1136: Property assignment expected.
src/features/analytics/components/AdvancedAnalyticsDashboard.tsx(210,20): error TS1136: Property assignment expected.
src/features/comments/components/CommentSection.tsx(12,19): error TS1131: Property or signature expected.
src/features/comments/components/CommentSection.tsx(22,33): error TS1131: Property or signature expected.
src/features/comments/components/CommentSection.tsx(24,45): error TS1131: Property or signature expected.
src/features/comments/components/CommentSection.tsx(25,51): error TS1131: Property or signature expected.
src/features/comments/components/CommentSection.tsx(26,53): error TS1131: Property or signature expected.
src/features/comments/hooks/useComments.ts(23,35): error TS1138: Parameter declaration expected.
src/features/comments/hooks/useComments.ts(59,33): error TS1138: Parameter declaration expected.
src/features/comments/hooks/useComments.ts(97,37): error TS1138: Parameter declaration expected.
src/features/comments/hooks/useComments.ts(121,37): error TS1138: Parameter declaration expected.
src/features/comments/hooks/useComments.ts(135,35): error TS1138: Parameter declaration expected.
src/features/comments/services/commentService.ts(43,26): error TS1138: Parameter declaration expected.
src/features/comments/services/commentService.ts(53,27): error TS1138: Parameter declaration expected.
src/features/comments/services/commentService.ts(135,23): error TS1138: Parameter declaration expected.
src/features/comments/services/commentService.ts(148,25): error TS1138: Parameter declaration expected.
src/features/comments/services/commentService.ts(169,25): error TS1138: Parameter declaration expected.
src/features/comments/services/commentService.ts(179,30): error TS1138: Parameter declaration expected.
src/features/comments/services/commentService.ts(193,24): error TS1138: Parameter declaration expected.
src/features/comments/services/commentService.ts(228,29): error TS1138: Parameter declaration expected.
src/features/comments/services/commentService.ts(265,28): error TS1138: Parameter declaration expected.
src/features/comments/services/commentService.ts(282,29): error TS1138: Parameter declaration expected.
src/features/comments/services/commentService.ts(301,30): error TS1138: Parameter declaration expected.
src/features/comments/services/commentService.ts(323,24): error TS1138: Parameter declaration expected.
src/features/common/components/ErrorBoundary.tsx(10,21): error TS1131: Property or signature expected.
src/features/community/components/CommunityPost.tsx(7,14): error TS1131: Property or signature expected.
src/features/community/components/CommunityPost.tsx(9,23): error TS1131: Property or signature expected.
src/features/community/components/CommunityPost.tsx(11,25): error TS1131: Property or signature expected.
src/features/community/components/CommunityPost.tsx(13,19): error TS1131: Property or signature expected.
src/features/community/components/CommunityPost.tsx(16,29): error TS1131: Property or signature expected.
src/features/community/components/CommunityPost.tsx(17,8): error TS1005: '>' expected.
src/features/community/components/CommunityPost.tsx(20,4): error TS1109: Expression expected.
src/features/community/components/CommunityPost.tsx(20,5): error TS1109: Expression expected.
src/features/community/components/CommunityPost.tsx(21,8): error TS1109: Expression expected.
src/features/community/components/CommunityPost.tsx(22,21): error TS1005: ',' expected.
src/features/community/components/CommunityPost.tsx(22,22): error TS1136: Property assignment expected.
src/features/community/components/CommunityPost.tsx(24,17): error TS1005: ',' expected.
src/features/community/components/CommunityPost.tsx(24,18): error TS1136: Property assignment expected.
src/features/community/components/CommunityPost.tsx(25,19): error TS1005: ',' expected.
src/features/community/components/CommunityPost.tsx(26,20): error TS1005: ',' expected.
src/features/community/components/CommunityPost.tsx(26,21): error TS1136: Property assignment expected.
src/features/community/components/CommunityPost.tsx(27,25): error TS1005: ',' expected.
src/features/community/components/CommunityPost.tsx(28,7): error TS1109: Expression expected.
src/features/community/components/CommunityPost.tsx(29,23): error TS1005: ',' expected.
src/features/community/components/CommunityPost.tsx(30,20): error TS1005: ',' expected.
src/features/community/components/CommunityPost.tsx(31,22): error TS1005: ',' expected.
src/features/community/components/CommunityPost.tsx(32,22): error TS1005: ',' expected.
src/features/community/components/CommunityPost.tsx(34,17): error TS1128: Declaration or statement expected.
src/features/community/components/CommunityPost.tsx(36,20): error TS1128: Declaration or statement expected.
src/features/community/components/CommunityPost.tsx(38,20): error TS1128: Declaration or statement expected.
src/features/community/components/CommunityPost.tsx(41,13): error TS1109: Expression expected.
src/features/community/components/CommunityPost.tsx(42,12): error TS1109: Expression expected.
src/features/community/components/CommunityPost.tsx(43,1): error TS1128: Declaration or statement expected.
src/features/community/components/CommunityPost.tsx(46,27): error TS1131: Property or signature expected.
src/features/community/components/CommunityPost.tsx(47,33): error TS1131: Property or signature expected.
src/features/community/components/CommunityPost.tsx(48,36): error TS1131: Property or signature expected.
src/features/community/components/CommunityPost.tsx(49,36): error TS1131: Property or signature expected.
src/features/creator/components/CreatorStudioDashboard.tsx(10,11): error TS1131: Property or signature expected.
src/features/creator/components/CreatorStudioDashboard.tsx(12,20): error TS1131: Property or signature expected.
src/features/creator/components/CreatorStudioDashboard.tsx(15,15): error TS1131: Property or signature expected.
src/features/creator/components/CreatorStudioDashboard.tsx(17,26): error TS1131: Property or signature expected.
src/features/creator/components/CreatorStudioDashboard.tsx(20,17): error TS1131: Property or signature expected.
src/features/creator/components/CreatorStudioDashboard.tsx(22,20): error TS1131: Property or signature expected.
src/features/creator/components/CreatorStudioDashboard.tsx(25,13): error TS1131: Property or signature expected.
src/features/creator/components/CreatorStudioDashboard.tsx(27,20): error TS1131: Property or signature expected.
src/features/creator/components/CreatorStudioDashboard.tsx(32,14): error TS1131: Property or signature expected.
src/features/creator/components/CreatorStudioDashboard.tsx(34,21): error TS1131: Property or signature expected.
src/features/creator/components/CreatorStudioDashboard.tsx(36,17): error TS1131: Property or signature expected.
src/features/creator/components/CreatorStudioDashboard.tsx(38,23): error TS1131: Property or signature expected.
src/features/creator/components/CreatorStudioDashboard.tsx(44,14): error TS1131: Property or signature expected.
src/features/creator/components/CreatorStudioDashboard.tsx(46,17): error TS1131: Property or signature expected.
src/features/creator/components/CreatorStudioDashboard.tsx(48,21): error TS1131: Property or signature expected.
src/features/creator/components/CreatorStudioDashboard.tsx(54,14): error TS1131: Property or signature expected.
src/features/creator/components/CreatorStudioDashboard.tsx(56,23): error TS1131: Property or signature expected.
src/features/creator/components/CreatorStudioDashboard.tsx(58,22): error TS1131: Property or signature expected.
src/features/creator/components/CreatorStudioDashboard.tsx(66,38): error TS1136: Property assignment expected.
src/features/creator/components/CreatorStudioDashboard.tsx(170,80): error TS1129: Statement expected.
src/features/creator/pages/DashboardPage.tsx(47,22): error TS1131: Property or signature expected.
src/features/creator/pages/DashboardPage.tsx(53,22): error TS1131: Property or signature expected.
src/features/creator/pages/DashboardPage.tsx(83,42): error TS1136: Property assignment expected.
src/features/livestream/components/ComprehensiveLiveStudio.tsx(61,17): error TS1136: Property assignment expected.
src/features/livestream/components/ComprehensiveLiveStudio.tsx(65,19): error TS1136: Property assignment expected.
src/features/livestream/components/ComprehensiveLiveStudio.tsx(107,48): error TS1136: Property assignment expected.
src/features/livestream/components/ComprehensiveLiveStudio.tsx(112,20): error TS1136: Property assignment expected.
src/features/livestream/components/LivePolls.tsx(8,20): error TS1131: Property or signature expected.
src/features/livestream/components/LiveQA.tsx(8,20): error TS1131: Property or signature expected.
src/features/livestream/components/LiveStreamStudio.tsx(17,17): error TS1131: Property or signature expected.
src/features/livestream/components/LiveStreamStudio.tsx(19,20): error TS1131: Property or signature expected.
src/features/livestream/components/LiveStreamStudio.tsx(21,23): error TS1131: Property or signature expected.
src/features/livestream/components/LiveStreamStudio.tsx(23,46): error TS1131: Property or signature expected.
src/features/livestream/components/LiveStreamStudio.tsx(29,19): error TS1131: Property or signature expected.
src/features/livestream/components/LiveStreamStudio.tsx(31,20): error TS1131: Property or signature expected.
src/features/livestream/components/LiveStreamStudio.tsx(33,24): error TS1131: Property or signature expected.
src/features/livestream/components/LiveStreamStudio.tsx(38,14): error TS1131: Property or signature expected.
src/features/livestream/components/LiveStreamStudio.tsx(40,19): error TS1131: Property or signature expected.
src/features/livestream/components/LiveStreamStudio.tsx(108,17): error TS1136: Property assignment expected.
src/features/livestream/components/LiveStreamStudio.tsx(112,19): error TS1136: Property assignment expected.
src/features/livestream/components/LiveStreamStudio.tsx(177,38): error TS1136: Property assignment expected.
src/features/livestream/components/MultiplatformStreaming.tsx(5,14): error TS1131: Property or signature expected.
src/features/livestream/components/StreamAnalyticsDashboard.tsx(11,42): error TS1131: Property or signature expected.
src/features/livestream/components/StreamAnalyticsDashboard.tsx(21,23): error TS1131: Property or signature expected.
src/features/livestream/components/StreamAnalyticsDashboard.tsx(35,37): error TS1131: Property or signature expected.
src/features/livestream/components/StreamAnalyticsDashboard.tsx(37,36): error TS1131: Property or signature expected.
src/features/livestream/components/StreamAnalyticsDashboard.tsx(38,20): error TS1131: Property or signature expected.
src/features/livestream/components/StreamAnalyticsDashboard.tsx(43,42): error TS1131: Property or signature expected.
src/features/livestream/components/StreamAnalyticsDashboard.tsx(44,18): error TS1131: Property or signature expected.
src/features/livestream/components/StreamAnalyticsDashboard.tsx(49,43): error TS1131: Property or signature expected.
src/features/livestream/components/StreamAnalyticsDashboard.tsx(93,25): error TS1109: Expression expected.
src/features/livestream/components/StreamAnalyticsDashboard.tsx(94,8): error TS1005: ')' expected.
src/features/livestream/components/StreamAnalyticsDashboard.tsx(96,1): error TS1128: Declaration or statement expected.
src/features/livestream/components/StreamAnalyticsDashboard.tsx(96,2): error TS1128: Declaration or statement expected.
src/features/livestream/components/StreamAnalyticsDashboard.tsx(110,19): error TS1136: Property assignment expected.
src/features/livestream/components/StreamAnalyticsDashboard.tsx(126,28): error TS1136: Property assignment expected.
src/features/livestream/components/StreamAnalyticsDashboard.tsx(136,18): error TS1136: Property assignment expected.
src/features/livestream/components/StreamAnalyticsDashboard.tsx(247,26): error TS1131: Property or signature expected.
src/features/livestream/components/StreamAnalyticsDashboard.tsx(249,31): error TS1131: Property or signature expected.
src/features/livestream/components/StreamAnalyticsDashboard.tsx(251,24): error TS1131: Property or signature expected.
src/features/livestream/components/StreamAnalyticsDashboard.tsx(292,41): error TS1131: Property or signature expected.
src/features/livestream/components/StreamAnalyticsDashboard.tsx(309,30): error TS1109: Expression expected.
src/features/livestream/components/StreamAnalyticsDashboard.tsx(310,9): error TS1005: ')' expected.
src/features/livestream/components/StreamAnalyticsDashboard.tsx(310,24): error TS1005: ',' expected.
src/features/livestream/components/StreamAnalyticsDashboard.tsx(310,25): error TS1181: Array element destructuring pattern expected.
src/features/livestream/components/StreamAnalyticsDashboard.tsx(310,37): error TS1005: ';' expected.
src/features/livestream/components/StreamAnalyticsDashboard.tsx(311,3): error TS1128: Declaration or statement expected.
src/features/livestream/components/StreamAnalyticsDashboard.tsx(311,4): error TS1128: Declaration or statement expected.
src/features/livestream/components/StreamAnalyticsDashboard.tsx(363,1): error TS1128: Declaration or statement expected.
src/features/livestream/components/StreamAnalyticsDashboard.tsx(369,35): error TS1131: Property or signature expected.
src/features/livestream/components/StreamManagementDashboard.tsx(17,14): error TS1131: Property or signature expected.
src/features/livestream/components/StreamManagementDashboard.tsx(26,17): error TS1131: Property or signature expected.
src/features/livestream/components/StreamManagementDashboard.tsx(66,22): error TS1136: Property assignment expected.
src/features/livestream/components/StreamManagementDashboard.tsx(82,18): error TS1005: ',' expected.
src/features/livestream/components/StreamManagementDashboard.tsx(82,21): error TS1136: Property assignment expected.
src/features/livestream/components/StreamManagementDashboard.tsx(83,22): error TS1005: ',' expected.
src/features/livestream/components/StreamManagementDashboard.tsx(84,22): error TS1005: ',' expected.
src/features/livestream/components/StreamManagementDashboard.tsx(85,29): error TS1005: ',' expected.
src/features/livestream/components/StreamManagementDashboard.tsx(86,19): error TS1005: ',' expected.
src/features/livestream/components/StreamManagementDashboard.tsx(87,20): error TS1005: ',' expected.
src/features/livestream/components/StreamManagementDashboard.tsx(88,19): error TS1005: ',' expected.
src/features/livestream/components/StreamManagementDashboard.tsx(89,27): error TS1005: ',' expected.
src/features/livestream/components/StreamManagementDashboard.tsx(90,26): error TS1005: ',' expected.
src/features/livestream/components/StreamManagementDashboard.tsx(91,29): error TS1005: ',' expected.
src/features/livestream/components/StreamManagementDashboard.tsx(92,20): error TS1005: ',' expected.
src/features/livestream/components/StreamManagementDashboard.tsx(93,26): error TS1005: ',' expected.
src/features/livestream/components/StreamManagementDashboard.tsx(94,23): error TS1005: ',' expected.
src/features/livestream/components/StreamManagementDashboard.tsx(95,22): error TS1005: ',' expected.
src/features/livestream/components/StreamManagementDashboard.tsx(96,21): error TS1005: ',' expected.
src/features/livestream/components/StreamManagementDashboard.tsx(97,22): error TS1005: ',' expected.
src/features/livestream/components/StreamManagementDashboard.tsx(97,29): error TS1005: ',' expected.
src/features/livestream/components/StreamManagementDashboard.tsx(97,30): error TS1472: 'catch' or 'finally' expected.
src/features/livestream/components/StreamManagementDashboard.tsx(98,26): error TS1128: Declaration or statement expected.
src/features/livestream/components/StreamManagementDashboard.tsx(100,27): error TS1005: ';' expected.
src/features/livestream/components/StreamManagementDashboard.tsx(101,24): error TS1005: ';' expected.
src/features/livestream/components/StreamManagementDashboard.tsx(102,28): error TS1005: ';' expected.
src/features/livestream/components/StreamManagementDashboard.tsx(103,30): error TS1005: ';' expected.
src/features/livestream/components/StreamManagementDashboard.tsx(104,21): error TS1005: ';' expected.
src/features/livestream/components/StreamManagementDashboard.tsx(106,17): error TS1003: Identifier expected.
src/features/livestream/components/StreamManagementDashboard.tsx(106,27): error TS1005: ':' expected.
src/features/livestream/components/StreamManagementDashboard.tsx(107,18): error TS1003: Identifier expected.
src/features/livestream/components/StreamManagementDashboard.tsx(107,38): error TS1005: ':' expected.
src/features/livestream/components/StreamManagementDashboard.tsx(109,15): error TS1003: Identifier expected.
src/features/livestream/components/StreamManagementDashboard.tsx(109,82): error TS1005: ':' expected.
src/features/livestream/components/StreamManagementDashboard.tsx(110,27): error TS1003: Identifier expected.
src/features/livestream/components/StreamManagementDashboard.tsx(110,53): error TS1005: ':' expected.
src/features/livestream/components/StreamManagementDashboard.tsx(111,22): error TS1003: Identifier expected.
src/features/livestream/components/StreamManagementDashboard.tsx(111,61): error TS1005: ':' expected.
src/features/livestream/components/StreamManagementDashboard.tsx(112,22): error TS1003: Identifier expected.
src/features/livestream/components/StreamManagementDashboard.tsx(112,34): error TS1005: ':' expected.
src/features/livestream/components/StreamManagementDashboard.tsx(113,23): error TS1003: Identifier expected.
src/features/livestream/components/StreamManagementDashboard.tsx(113,34): error TS1005: ':' expected.
src/features/livestream/components/StreamManagementDashboard.tsx(114,18): error TS1181: Array element destructuring pattern expected.
src/features/livestream/components/StreamManagementDashboard.tsx(114,22): error TS1005: ':' expected.
src/features/livestream/components/StreamManagementDashboard.tsx(114,35): error TS1005: ':' expected.
src/features/livestream/components/StreamManagementDashboard.tsx(114,43): error TS1005: ':' expected.
src/features/livestream/components/StreamManagementDashboard.tsx(114,44): error TS1180: Property destructuring pattern expected.
src/features/livestream/components/StreamManagementDashboard.tsx(115,25): error TS1003: Identifier expected.
src/features/livestream/components/StreamManagementDashboard.tsx(115,33): error TS1005: ':' expected.
src/features/livestream/components/StreamManagementDashboard.tsx(116,19): error TS1003: Identifier expected.
src/features/livestream/components/StreamManagementDashboard.tsx(116,30): error TS1005: ':' expected.
src/features/livestream/components/StreamManagementDashboard.tsx(117,33): error TS1359: Identifier expected. 'new' is a reserved word that cannot be used here.
src/features/livestream/components/StreamManagementDashboard.tsx(117,37): error TS1005: ':' expected.
src/features/livestream/components/StreamManagementDashboard.tsx(117,41): error TS1005: ',' expected.
src/features/livestream/components/StreamManagementDashboard.tsx(118,12): error TS1005: ';' expected.
src/features/livestream/components/StreamManagementDashboard.tsx(119,22): error TS1005: ';' expected.
src/features/livestream/components/StreamManagementDashboard.tsx(120,26): error TS1005: ';' expected.
src/features/livestream/components/StreamManagementDashboard.tsx(121,19): error TS1005: ';' expected.
src/features/livestream/components/StreamManagementDashboard.tsx(121,22): error TS1128: Declaration or statement expected.
src/features/livestream/components/StreamManagementDashboard.tsx(123,26): error TS1005: ';' expected.
src/features/livestream/components/StreamManagementDashboard.tsx(124,26): error TS1005: ';' expected.
src/features/livestream/components/StreamManagementDashboard.tsx(125,19): error TS1005: ';' expected.
src/features/livestream/components/StreamManagementDashboard.tsx(126,23): error TS1005: ';' expected.
src/features/livestream/components/StreamManagementDashboard.tsx(127,19): error TS1005: ';' expected.
src/features/livestream/components/StreamManagementDashboard.tsx(128,30): error TS1005: ';' expected.
src/features/livestream/components/StreamManagementDashboard.tsx(129,26): error TS1005: ';' expected.
src/features/livestream/components/StreamManagementDashboard.tsx(130,22): error TS1005: ';' expected.
src/features/livestream/components/StreamManagementDashboard.tsx(131,18): error TS1005: ';' expected.
src/features/livestream/components/StreamManagementDashboard.tsx(132,24): error TS1005: ';' expected.
src/features/livestream/components/StreamManagementDashboard.tsx(133,26): error TS1005: ';' expected.
src/features/livestream/components/StreamManagementDashboard.tsx(134,34): error TS1005: ';' expected.
src/features/livestream/components/StreamManagementDashboard.tsx(135,20): error TS1005: ';' expected.
src/features/livestream/components/StreamManagementDashboard.tsx(139,29): error TS1128: Declaration or statement expected.
src/features/livestream/components/StreamManagementDashboard.tsx(140,21): error TS1128: Declaration or statement expected.
src/features/livestream/components/StreamManagementDashboard.tsx(142,22): error TS1005: ';' expected.
src/features/livestream/components/StreamManagementDashboard.tsx(143,29): error TS1005: ';' expected.
src/features/livestream/components/StreamManagementDashboard.tsx(144,19): error TS1005: ';' expected.
src/features/livestream/components/StreamManagementDashboard.tsx(145,20): error TS1005: ';' expected.
src/features/livestream/components/StreamManagementDashboard.tsx(146,19): error TS1005: ';' expected.
src/features/livestream/components/StreamManagementDashboard.tsx(147,27): error TS1005: ';' expected.
src/features/livestream/components/StreamManagementDashboard.tsx(148,26): error TS1005: ';' expected.
src/features/livestream/components/StreamManagementDashboard.tsx(149,29): error TS1005: ';' expected.
src/features/livestream/components/StreamManagementDashboard.tsx(150,20): error TS1005: ';' expected.
src/features/livestream/components/StreamManagementDashboard.tsx(151,26): error TS1005: ';' expected.
src/features/livestream/components/StreamManagementDashboard.tsx(152,23): error TS1005: ';' expected.
src/features/livestream/components/StreamManagementDashboard.tsx(153,22): error TS1005: ';' expected.
src/features/livestream/components/StreamManagementDashboard.tsx(154,21): error TS1005: ';' expected.
src/features/livestream/components/StreamManagementDashboard.tsx(155,22): error TS1005: ';' expected.
src/features/livestream/components/StreamManagementDashboard.tsx(155,30): error TS1128: Declaration or statement expected.
src/features/livestream/components/StreamManagementDashboard.tsx(156,26): error TS1128: Declaration or statement expected.
src/features/livestream/components/StreamManagementDashboard.tsx(158,27): error TS1005: ';' expected.
src/features/livestream/components/StreamManagementDashboard.tsx(159,24): error TS1005: ';' expected.
src/features/livestream/components/StreamManagementDashboard.tsx(160,28): error TS1005: ';' expected.
src/features/livestream/components/StreamManagementDashboard.tsx(161,30): error TS1005: ';' expected.
src/features/livestream/components/StreamManagementDashboard.tsx(162,21): error TS1005: ';' expected.
src/features/livestream/components/StreamManagementDashboard.tsx(180,22): error TS1136: Property assignment expected.
src/features/livestream/components/StreamManagementDashboard.tsx(196,21): error TS1136: Property assignment expected.
src/features/livestream/components/StreamManagementDashboard.tsx(212,26): error TS1136: Property assignment expected.
src/features/livestream/components/StreamManagementDashboard.tsx(218,29): error TS1005: ',' expected.
src/features/livestream/components/StreamManagementDashboard.tsx(218,30): error TS1005: ')' expected.
src/features/livestream/components/StreamManagementDashboard.tsx(221,9): error TS1005: ',' expected.
src/features/livestream/components/StreamManagementDashboard.tsx(226,5): error TS1128: Declaration or statement expected.
src/features/livestream/components/StreamManagementDashboard.tsx(229,3): error TS1128: Declaration or statement expected.
src/features/livestream/components/StreamManagementDashboard.tsx(229,4): error TS1128: Declaration or statement expected.
src/features/livestream/components/StreamManagementDashboard.tsx(229,8): error TS1005: ';' expected.
src/features/livestream/components/StreamManagementDashboard.tsx(652,1): error TS1128: Declaration or statement expected.
src/features/livestream/components/StreamScheduler.tsx(12,17): error TS1131: Property or signature expected.
src/features/livestream/components/StreamScheduler.tsx(14,20): error TS1131: Property or signature expected.
src/features/livestream/components/StreamScheduler.tsx(16,49): error TS1131: Property or signature expected.
src/features/livestream/components/StreamScheduler.tsx(18,24): error TS1131: Property or signature expected.
src/features/livestream/components/StreamSettings.tsx(5,22): error TS1131: Property or signature expected.
src/features/moderation/components/ModerationDashboard.tsx(6,14): error TS1131: Property or signature expected.
src/features/moderation/components/ModerationDashboard.tsx(8,17): error TS1131: Property or signature expected.
src/features/moderation/components/ModerationDashboard.tsx(10,12): error TS1131: Property or signature expected.
src/features/moderation/components/ModerationDashboard.tsx(12,18): error TS1131: Property or signature expected.
src/features/moderation/components/ModerationDashboard.tsx(16,16): error TS1131: Property or signature expected.
src/features/moderation/components/ModerationDashboard.tsx(18,18): error TS1131: Property or signature expected.
src/features/moderation/components/ModerationDashboard.tsx(21,24): error TS1131: Property or signature expected.
src/features/moderation/components/ModerationDashboard.tsx(23,61): error TS1131: Property or signature expected.
src/features/moderation/components/ModerationDashboard.tsx(56,16): error TS1136: Property assignment expected.
src/features/moderation/components/ModerationDashboard.tsx(61,17): error TS1005: ',' expected.
src/features/moderation/components/ModerationDashboard.tsx(61,20): error TS1136: Property assignment expected.
src/features/moderation/components/ModerationDashboard.tsx(62,11): error TS1005: ',' expected.
src/features/moderation/components/ModerationDashboard.tsx(63,15): error TS1005: ',' expected.
src/features/moderation/components/ModerationDashboard.tsx(64,14): error TS1005: ',' expected.
src/features/moderation/components/ModerationDashboard.tsx(64,19): error TS1005: ',' expected.
src/features/moderation/components/ModerationDashboard.tsx(71,22): error TS1131: Property or signature expected.
src/features/moderation/components/ModerationDashboard.tsx(76,9): error TS1128: Declaration or statement expected.
src/features/moderation/components/ModerationDashboard.tsx(76,10): error TS1128: Declaration or statement expected.
src/features/moderation/components/ModerationDashboard.tsx(79,15): error TS1005: ';' expected.
src/features/moderation/components/ModerationDashboard.tsx(80,12): error TS1005: ';' expected.
src/features/moderation/components/ModerationDashboard.tsx(81,18): error TS1005: ';' expected.
src/features/moderation/components/ModerationDashboard.tsx(83,13): error TS1005: ';' expected.
src/features/moderation/components/ModerationDashboard.tsx(83,16): error TS1128: Declaration or statement expected.
src/features/moderation/components/ModerationDashboard.tsx(85,15): error TS1005: ';' expected.
src/features/moderation/components/ModerationDashboard.tsx(86,15): error TS1005: ';' expected.
src/features/moderation/components/ModerationDashboard.tsx(87,21): error TS1005: ';' expected.
src/features/moderation/components/ModerationDashboard.tsx(87,30): error TS1128: Declaration or statement expected.
src/features/moderation/components/ModerationDashboard.tsx(88,20): error TS1128: Declaration or statement expected.
src/features/moderation/components/ModerationDashboard.tsx(90,15): error TS1005: ';' expected.
src/features/moderation/components/ModerationDashboard.tsx(91,14): error TS1005: ';' expected.
src/features/moderation/components/ModerationDashboard.tsx(91,19): error TS1128: Declaration or statement expected.
src/features/moderation/components/ModerationDashboard.tsx(93,15): error TS1005: ';' expected.
src/features/moderation/components/ModerationDashboard.tsx(94,17): error TS1005: ';' expected.
src/features/moderation/components/ModerationDashboard.tsx(95,16): error TS1005: ';' expected.
src/features/moderation/components/ModerationDashboard.tsx(96,21): error TS1005: ';' expected.
src/features/moderation/components/ModerationDashboard.tsx(96,47): error TS1128: Declaration or statement expected.
src/features/moderation/components/ModerationDashboard.tsx(99,15): error TS1005: ';' expected.
src/features/moderation/components/ModerationDashboard.tsx(100,12): error TS1005: ';' expected.
src/features/moderation/components/ModerationDashboard.tsx(101,18): error TS1005: ';' expected.
src/features/moderation/components/ModerationDashboard.tsx(102,13): error TS1005: ';' expected.
src/features/moderation/components/ModerationDashboard.tsx(102,16): error TS1128: Declaration or statement expected.
src/features/moderation/components/ModerationDashboard.tsx(104,15): error TS1005: ';' expected.
src/features/moderation/components/ModerationDashboard.tsx(105,15): error TS1005: ';' expected.
src/features/moderation/components/ModerationDashboard.tsx(106,21): error TS1005: ';' expected.
src/features/moderation/components/ModerationDashboard.tsx(106,30): error TS1128: Declaration or statement expected.
src/features/moderation/components/ModerationDashboard.tsx(107,20): error TS1128: Declaration or statement expected.
src/features/moderation/components/ModerationDashboard.tsx(109,15): error TS1005: ';' expected.
src/features/moderation/components/ModerationDashboard.tsx(110,14): error TS1005: ';' expected.
src/features/moderation/components/ModerationDashboard.tsx(110,20): error TS1128: Declaration or statement expected.
src/features/moderation/components/ModerationDashboard.tsx(112,15): error TS1005: ';' expected.
src/features/moderation/components/ModerationDashboard.tsx(113,17): error TS1005: ';' expected.
src/features/moderation/components/ModerationDashboard.tsx(114,16): error TS1005: ';' expected.
src/features/moderation/components/ModerationDashboard.tsx(115,21): error TS1005: ';' expected.
src/features/moderation/components/ModerationDashboard.tsx(115,47): error TS1128: Declaration or statement expected.
src/features/moderation/components/ModerationDashboard.tsx(167,76): error TS1129: Statement expected.
src/features/moderation/components/ModerationDashboard.tsx(501,1): error TS1128: Declaration or statement expected.
src/features/notifications/components/NotificationCenter.tsx(14,30): error TS1131: Property or signature expected.
src/features/notifications/components/NotificationCenter.tsx(15,38): error TS1131: Property or signature expected.
src/features/notifications/components/NotificationCenter.tsx(16,34): error TS1131: Property or signature expected.
src/features/notifications/services/notificationService.ts(89,26): error TS1138: Parameter declaration expected.
src/features/notifications/services/notificationService.ts(184,27): error TS1138: Parameter declaration expected.
src/features/notifications/services/notificationService.ts(193,25): error TS1138: Parameter declaration expected.
src/features/notifications/services/notificationService.ts(213,26): error TS1138: Parameter declaration expected.
src/features/notifications/services/notificationService.ts(223,28): error TS1138: Parameter declaration expected.
src/features/notifications/services/notificationService.ts(232,31): error TS1138: Parameter declaration expected.
src/features/notifications/services/notificationService.ts(306,30): error TS1138: Parameter declaration expected.
src/features/notifications/services/notificationService.ts(318,37): error TS1138: Parameter declaration expected.
src/features/notifications/services/notificationService.ts(343,28): error TS1138: Parameter declaration expected.
src/features/notifications/services/notificationService.ts(367,33): error TS1138: Parameter declaration expected.
src/features/notifications/services/notificationService.ts(398,29): error TS1138: Parameter declaration expected.
src/features/notifications/services/notificationService.ts(408,23): error TS1138: Parameter declaration expected.
src/features/playlist/components/PlaylistManager.tsx(13,19): error TS1131: Property or signature expected.
src/features/playlist/components/PlaylistManager.tsx(236,50): error TS1136: Property assignment expected.
src/features/playlist/hooks/usePlaylists.ts(33,35): error TS1138: Parameter declaration expected.
src/features/playlist/hooks/usePlaylists.ts(100,36): error TS1138: Parameter declaration expected.
src/features/playlist/services/playlistService.ts(43,26): error TS1138: Parameter declaration expected.
src/features/playlist/services/playlistService.ts(59,27): error TS1138: Parameter declaration expected.
src/features/playlist/services/playlistService.ts(70,24): error TS1138: Parameter declaration expected.
src/features/playlist/services/playlistService.ts(79,24): error TS1138: Parameter declaration expected.
src/features/playlist/services/playlistService.ts(96,28): error TS1138: Parameter declaration expected.
src/features/playlist/services/playlistService.ts(107,33): error TS1138: Parameter declaration expected.
src/features/playlist/services/playlistService.ts(117,31): error TS1138: Parameter declaration expected.
src/features/playlist/services/playlistService.ts(130,27): error TS1138: Parameter declaration expected.
src/features/playlist/services/playlistService.ts(141,32): error TS1138: Parameter declaration expected.
src/features/playlist/services/playlistService.ts(152,25): error TS1138: Parameter declaration expected.
src/features/playlist/services/playlistService.ts(162,30): error TS1138: Parameter declaration expected.
src/features/playlist/services/playlistService.ts(172,27): error TS1138: Parameter declaration expected.
src/features/playlist/services/playlistService.ts(196,24): error TS1138: Parameter declaration expected.
src/features/playlist/services/playlistService.ts(206,24): error TS1138: Parameter declaration expected.
src/features/playlist/services/playlistService.ts(216,33): error TS1138: Parameter declaration expected.
src/features/playlist/services/playlistService.ts(237,30): error TS1138: Parameter declaration expected.
src/features/playlist/services/playlistService.ts(247,25): error TS1138: Parameter declaration expected.
src/features/playlist/services/playlistService.ts(257,28): error TS1138: Parameter declaration expected.
src/features/playlist/services/playlistService.ts(284,23): error TS1138: Parameter declaration expected.
src/features/playlist/services/playlistService.ts(291,26): error TS1138: Parameter declaration expected.
src/features/playlist/services/playlistService.ts(310,25): error TS1138: Parameter declaration expected.
src/features/search/components/AdvancedSearchFilters.tsx(6,59): error TS1131: Property or signature expected.
src/features/search/components/AdvancedSearchFilters.tsx(8,49): error TS1131: Property or signature expected.
src/features/search/components/AdvancedSearchFilters.tsx(10,65): error TS1131: Property or signature expected.
src/features/search/components/AdvancedSearchFilters.tsx(18,26): error TS1131: Property or signature expected.
src/features/search/components/AdvancedSearchFilters.tsx(19,53): error TS1131: Property or signature expected.
src/features/search/components/AdvancedSearchFilters.tsx(31,56): error TS1138: Parameter declaration expected.
src/features/search/services/searchService.ts(67,16): error TS1138: Parameter declaration expected.
src/features/search/services/searchService.ts(83,30): error TS1138: Parameter declaration expected.
src/features/search/services/searchService.ts(103,22): error TS1138: Parameter declaration expected.
src/features/search/services/searchService.ts(119,24): error TS1138: Parameter declaration expected.
src/features/search/services/searchService.ts(135,25): error TS1138: Parameter declaration expected.
src/features/search/services/searchService.ts(151,29): error TS1138: Parameter declaration expected.
src/features/search/services/searchService.ts(173,23): error TS1138: Parameter declaration expected.
src/features/search/services/searchService.ts(183,23): error TS1138: Parameter declaration expected.
src/features/search/services/searchService.ts(193,26): error TS1138: Parameter declaration expected.
src/features/search/services/searchService.ts(209,20): error TS1138: Parameter declaration expected.
src/features/search/services/searchService.ts(259,28): error TS1138: Parameter declaration expected.
src/features/search/services/searchService.ts(283,22): error TS1138: Parameter declaration expected.
src/features/search/services/searchService.ts(293,25): error TS1138: Parameter declaration expected.
src/features/search/services/searchService.ts(310,26): error TS1138: Parameter declaration expected.
src/features/search/services/searchService.ts(325,36): error TS1138: Parameter declaration expected.
src/features/search/services/searchService.ts(334,27): error TS1138: Parameter declaration expected.
src/features/search/services/searchService.ts(367,26): error TS1138: Parameter declaration expected.
src/features/subscription/components/SubscriptionButton.tsx(10,21): error TS1131: Property or signature expected.
src/features/subscription/services/subscriptionService.ts(64,33): error TS1138: Parameter declaration expected.
src/features/subscription/services/subscriptionService.ts(75,26): error TS1138: Parameter declaration expected.
src/features/subscription/services/subscriptionService.ts(95,29): error TS1138: Parameter declaration expected.
src/features/subscription/services/subscriptionService.ts(135,33): error TS1138: Parameter declaration expected.
src/features/subscription/services/subscriptionService.ts(147,32): error TS1138: Parameter declaration expected.
src/features/subscription/services/subscriptionService.ts(192,29): error TS1138: Parameter declaration expected.
src/features/subscription/services/subscriptionService.ts(218,33): error TS1138: Parameter declaration expected.
src/features/subscription/services/subscriptionService.ts(278,29): error TS1138: Parameter declaration expected.
src/features/subscription/services/subscriptionService.ts(299,33): error TS1138: Parameter declaration expected.
src/features/video/components/StudioVideoGrid.tsx(100,19): error TS1129: Statement expected.
src/features/video/components/VideoEditor.tsx(15,14): error TS1131: Property or signature expected.
src/features/video/components/VideoEditor.tsx(17,21): error TS1131: Property or signature expected.
src/features/video/components/VideoEditor.tsx(19,20): error TS1131: Property or signature expected.
src/features/video/components/VideoEditor.tsx(21,18): error TS1131: Property or signature expected.
src/features/video/components/VideoEditor.tsx(26,14): error TS1131: Property or signature expected.
src/features/video/components/VideoEditor.tsx(28,15): error TS1131: Property or signature expected.
src/features/video/components/VideoEditor.tsx(30,21): error TS1131: Property or signature expected.
src/features/video/components/VideoEditor.tsx(35,14): error TS1131: Property or signature expected.
src/features/video/components/VideoEditor.tsx(37,13): error TS1131: Property or signature expected.
src/features/video/components/VideoEditor.tsx(39,20): error TS1131: Property or signature expected.
src/features/video/components/VideoEditor.tsx(41,21): error TS1131: Property or signature expected.
src/features/video/components/VideoEditor.tsx(48,23): error TS1131: Property or signature expected.
src/features/video/components/VideoEditor.tsx(50,22): error TS1131: Property or signature expected.
src/features/video/components/VideoEditor.tsx(52,31): error TS1131: Property or signature expected.
src/features/video/components/VideoEditor.tsx(54,27): error TS1131: Property or signature expected.
src/features/video/components/VideoEditor.tsx(180,35): error TS1136: Property assignment expected.
src/features/video/components/VideoGrid.tsx(38,90): error TS1129: Statement expected.
src/features/video/components/VideoPlayer.tsx(33,22): error TS1131: Property or signature expected.
src/features/video/components/VideoPlayer.tsx(35,20): error TS1131: Property or signature expected.
src/features/video/components/VideoPlayer.tsx(37,20): error TS1131: Property or signature expected.
src/features/video/components/VideoPlayer.tsx(39,25): error TS1131: Property or signature expected.
src/features/video/components/VideoPlayer.tsx(41,24): error TS1131: Property or signature expected.
src/features/video/hooks/useVideo.ts(101,40): error TS1109: Expression expected.
src/features/video/hooks/useVideo.ts(102,8): error TS1005: ')' expected.
src/features/video/hooks/useVideo.ts(105,1): error TS1128: Declaration or statement expected.
src/features/video/hooks/useVideo.ts(105,3): error TS1128: Declaration or statement expected.
src/features/video/hooks/useVideoInteractions.ts(23,38): error TS1138: Parameter declaration expected.
src/features/video/pages/SearchResultsPage.tsx(42,58): error TS1136: Property assignment expected.
src/features/video/pages/SearchResultsPage.tsx(43,15): error TS1005: ')' expected.
src/features/video/pages/SearchResultsPage.tsx(44,16): error TS1005: ',' expected.
src/features/video/pages/SearchResultsPage.tsx(45,24): error TS1005: ',' expected.
src/features/video/pages/SearchResultsPage.tsx(46,23): error TS1005: ',' expected.
src/features/video/pages/SearchResultsPage.tsx(47,21): error TS1005: ',' expected.
src/features/video/pages/SearchResultsPage.tsx(48,19): error TS1005: ',' expected.
src/features/video/pages/SearchResultsPage.tsx(49,16): error TS1005: ',' expected.
src/features/video/pages/SearchResultsPage.tsx(50,18): error TS1005: ',' expected.
src/features/video/pages/SearchResultsPage.tsx(51,19): error TS1005: ',' expected.
src/features/video/pages/SearchResultsPage.tsx(52,23): error TS1005: ',' expected.
src/features/video/pages/SearchResultsPage.tsx(53,22): error TS1005: ',' expected.
src/features/video/pages/SearchResultsPage.tsx(54,22): error TS1005: ',' expected.
src/features/video/pages/SearchResultsPage.tsx(55,27): error TS1005: ',' expected.
src/features/video/pages/SearchResultsPage.tsx(56,21): error TS1005: ',' expected.
src/features/video/pages/SearchResultsPage.tsx(57,15): error TS1005: ',' expected.
src/features/video/pages/SearchResultsPage.tsx(58,23): error TS1005: ',' expected.
src/features/video/pages/SearchResultsPage.tsx(59,20): error TS1005: ',' expected.
src/features/video/pages/SearchResultsPage.tsx(60,22): error TS1005: ',' expected.
src/features/video/pages/SearchResultsPage.tsx(61,17): error TS1005: ',' expected.
src/features/video/pages/SearchResultsPage.tsx(62,20): error TS1005: ',' expected.
src/features/video/pages/SearchResultsPage.tsx(63,20): error TS1005: ',' expected.
src/features/video/pages/SearchResultsPage.tsx(64,22): error TS1005: ',' expected.
src/features/video/pages/SearchResultsPage.tsx(65,23): error TS1005: ',' expected.
src/features/video/pages/SearchResultsPage.tsx(66,25): error TS1005: ',' expected.
src/features/video/pages/SearchResultsPage.tsx(66,51): error TS1005: ',' expected.
src/features/video/pages/SearchResultsPage.tsx(66,52): error TS1472: 'catch' or 'finally' expected.
src/features/video/pages/SearchResultsPage.tsx(66,53): error TS1005: ';' expected.
src/features/video/pages/SearchResultsPage.tsx(66,54): error TS1128: Declaration or statement expected.
src/features/video/pages/SearchResultsPage.tsx(67,11): error TS1128: Declaration or statement expected.
src/features/video/pages/SearchResultsPage.tsx(67,71): error TS1136: Property assignment expected.
src/features/video/pages/SearchResultsPage.tsx(95,54): error TS1005: ';' expected.
src/features/video/pages/SearchResultsPage.tsx(97,7): error TS1128: Declaration or statement expected.
src/features/video/pages/SearchResultsPage.tsx(97,9): error TS1005: 'try' expected.
src/features/video/pages/SearchResultsPage.tsx(106,5): error TS1128: Declaration or statement expected.
src/features/video/pages/SearchResultsPage.tsx(109,3): error TS1128: Declaration or statement expected.
src/features/video/pages/SearchResultsPage.tsx(109,4): error TS1128: Declaration or statement expected.
src/features/video/pages/SearchResultsPage.tsx(109,13): error TS1005: ';' expected.
src/features/video/pages/SearchResultsPage.tsx(228,1): error TS1128: Declaration or statement expected.
src/features/video/pages/VideoDemo.tsx(27,35): error TS1109: Expression expected.
src/features/video/pages/VideoDemo.tsx(28,10): error TS1005: ')' expected.
src/features/video/pages/VideoDemo.tsx(30,3): error TS1128: Declaration or statement expected.
src/features/video/pages/VideoDemo.tsx(30,5): error TS1128: Declaration or statement expected.
src/features/video/pages/VideoDemo.tsx(177,1): error TS1128: Declaration or statement expected.
src/features/video/pages/WatchPage.tsx(59,19): error TS1136: Property assignment expected.
src/features/video/pages/WatchPage.tsx(65,19): error TS1136: Property assignment expected.
src/features/video/pages/WatchPage.tsx(71,22): error TS1136: Property assignment expected.
src/features/video/pages/WatchPage.tsx(78,25): error TS1136: Property assignment expected.
src/features/video/pages/WatchPage.tsx(126,92): error TS1136: Property assignment expected.
src/features/video/pages/WatchPage.tsx(152,24): error TS1136: Property assignment expected.
src/features/video/pages/WatchPage.tsx(158,26): error TS1136: Property assignment expected.
src/features/video/pages/WatchPage.tsx(162,28): error TS1136: Property assignment expected.
src/features/video/pages/WatchPage.tsx(193,37): error TS1136: Property assignment expected.
src/features/video/pages/WatchPage.tsx(219,22): error TS1136: Property assignment expected.
src/features/video/pages/WatchPage.tsx(225,26): error TS1136: Property assignment expected.
src/features/video/pages/WatchPage.tsx(229,28): error TS1136: Property assignment expected.
src/features/video/services/videoService.ts(67,30): error TS1138: Parameter declaration expected.
src/hooks/legacy/root-useVideoPlayer.ts(83,32): error TS1109: Expression expected.
src/hooks/legacy/root-useVideoPlayer.ts(84,10): error TS1005: ')' expected.
src/hooks/legacy/root-useVideoPlayer.ts(85,1): error TS1128: Declaration or statement expected.
src/hooks/legacy/root-useVideoPlayer.ts(85,2): error TS1128: Declaration or statement expected.
src/hooks/optimizedHooks.ts(46,41): error TS1138: Parameter declaration expected.
src/hooks/optimizedHooks.ts(89,45): error TS1138: Parameter declaration expected.
src/hooks/optimizedHooks.ts(92,6): error TS1005: ',' expected.
src/hooks/optimizedHooks.ts(92,42): error TS1005: ',' expected.
src/hooks/optimizedHooks.ts(138,38): error TS1138: Parameter declaration expected.
src/hooks/optimizedHooks.ts(140,3): error TS1005: ',' expected.
src/hooks/optimizedHooks.ts(184,50): error TS1138: Parameter declaration expected.
src/hooks/optimizedHooks.ts(236,36): error TS1138: Parameter declaration expected.
src/hooks/optimizedHooks.ts(239,10): error TS1005: ',' expected.
src/hooks/optimizedHooks.ts(239,20): error TS1005: ',' expected.
src/hooks/optimizedHooks.ts(239,52): error TS1005: ',' expected.
src/hooks/optimizedHooks.ts(239,62): error TS1005: ',' expected.
src/hooks/optimizedHooks.ts(277,6): error TS1109: Expression expected.
src/hooks/optimizedHooks.ts(278,5): error TS1005: ')' expected.
src/hooks/optimizedHooks.ts(279,14): error TS1005: ',' expected.
src/hooks/optimizedHooks.ts(280,8): error TS1005: ',' expected.
src/hooks/optimizedHooks.ts(280,16): error TS1005: ',' expected.
src/hooks/optimizedHooks.ts(281,7): error TS1005: ';' expected.
src/hooks/optimizedHooks.ts(285,6): error TS1128: Declaration or statement expected.
src/hooks/optimizedHooks.ts(287,3): error TS1128: Declaration or statement expected.
src/hooks/optimizedHooks.ts(313,37): error TS1138: Parameter declaration expected.
src/hooks/optimizedHooks.ts(338,66): error TS1138: Parameter declaration expected.
src/hooks/optimizedHooks.ts(362,65): error TS1138: Parameter declaration expected.
src/hooks/optimizedHooks.ts(365,19): error TS1005: '>' expected.
src/hooks/optimizedHooks.ts(366,3): error TS1109: Expression expected.
src/hooks/optimizedHooks.ts(367,1): error TS1109: Expression expected.
src/hooks/unified/useApi.ts(121,27): error TS1138: Parameter declaration expected.
src/hooks/unified/useApi.ts(317,29): error TS1138: Parameter declaration expected.
src/hooks/unified/useApi.ts(320,3): error TS1005: ',' expected.
src/hooks/unified/useApi.ts(325,50): error TS1138: Parameter declaration expected.
src/hooks/unified/useApi.ts(330,18): error TS1110: Type expected.
src/hooks/unified/useApi.ts(334,5): error TS1131: Property or signature expected.
src/hooks/unified/useApi.ts(334,7): error TS1144: '{' or ';' expected.
src/hooks/unified/useApi.ts(334,14): error TS1109: Expression expected.
src/hooks/unified/useApi.ts(335,3): error TS1128: Declaration or statement expected.
src/hooks/unified/useApi.ts(335,5): error TS1128: Declaration or statement expected.
src/hooks/unified/useApi.ts(336,1): error TS1128: Declaration or statement expected.
src/hooks/unified/useVideos.ts(21,34): error TS1138: Parameter declaration expected.
src/hooks/unified/useVideos.ts(50,33): error TS1138: Parameter declaration expected.
src/hooks/unified/useVideos.ts(96,42): error TS1138: Parameter declaration expected.
src/hooks/unified/useVideos.ts(132,37): error TS1138: Parameter declaration expected.
src/hooks/unified/useVideos.ts(198,34): error TS1138: Parameter declaration expected.
src/hooks/unified/useVideos.ts(240,40): error TS1138: Parameter declaration expected.
src/hooks/unifiedHooks.ts(23,3): error TS1005: ',' expected.
src/hooks/unifiedHooks.ts(75,27): error TS1138: Parameter declaration expected.
src/hooks/unifiedHooks.ts(208,18): error TS1110: Type expected.
src/hooks/unifiedHooks.ts(210,3): error TS1131: Property or signature expected.
src/hooks/unifiedHooks.ts(210,5): error TS1131: Property or signature expected.
src/hooks/unifiedHooks.ts(210,30): error TS1005: ':' expected.
src/hooks/unifiedHooks.ts(213,56): error TS1138: Parameter declaration expected.
src/hooks/unifiedHooks.ts(216,18): error TS1005: ',' expected.
src/hooks/unifiedHooks.ts(387,27): error TS1138: Parameter declaration expected.
src/hooks/unifiedHooks.ts(389,12): error TS1005: ',' expected.
src/hooks/unifiedHooks.ts(389,22): error TS1005: ',' expected.
src/hooks/unifiedHooks.ts(421,36): error TS1138: Parameter declaration expected.
src/hooks/unifiedHooks.ts(424,6): error TS1005: ',' expected.
src/hooks/unifiedHooks.ts(424,43): error TS1005: ',' expected.
src/hooks/unifiedHooks.ts(462,41): error TS1138: Parameter declaration expected.
src/hooks/unifiedHooks.ts(464,34): error TS1005: ',' expected.
src/hooks/useAnalytics.ts(148,6): error TS1109: Expression expected.
src/hooks/useAnalytics.ts(149,12): error TS1005: ')' expected.
src/hooks/useAnalytics.ts(150,18): error TS1109: Expression expected.
src/hooks/useAnalytics.ts(151,7): error TS1005: ',' expected.
src/hooks/useAnalytics.ts(151,16): error TS1109: Expression expected.
src/hooks/useAnalytics.ts(152,7): error TS1005: ';' expected.
src/hooks/useAnalytics.ts(161,6): error TS1128: Declaration or statement expected.
src/hooks/useAnalytics.ts(163,3): error TS1128: Declaration or statement expected.
src/hooks/useAnalytics.ts(200,15): error TS1138: Parameter declaration expected.
src/hooks/useAnalytics.ts(231,24): error TS1138: Parameter declaration expected.
src/hooks/useAnalytics.ts(254,1): error TS1128: Declaration or statement expected.
src/hooks/useAnalytics.ts(443,47): error TS1138: Parameter declaration expected.
src/hooks/useAsyncData.ts(22,33): error TS1138: Parameter declaration expected.
src/hooks/useAsyncState.ts(19,34): error TS1138: Parameter declaration expected.
src/hooks/useAsyncState.ts(21,3): error TS1005: ',' expected.
src/hooks/useCommon.ts(7,36): error TS1138: Parameter declaration expected.
src/hooks/useCommon.ts(10,6): error TS1005: ',' expected.
src/hooks/useCommon.ts(10,42): error TS1005: ',' expected.
src/hooks/useCommon.ts(60,70): error TS1138: Parameter declaration expected.
src/hooks/useCommon.ts(82,27): error TS1109: Expression expected.
src/hooks/useCommon.ts(83,15): error TS1005: ')' expected.
src/hooks/useCommon.ts(84,1): error TS1128: Declaration or statement expected.
src/hooks/useCommon.ts(84,2): error TS1128: Declaration or statement expected.
src/hooks/useCommon.ts(84,15): error TS1005: ',' expected.
src/hooks/useCommon.ts(84,28): error TS1005: ')' expected.
src/hooks/useCommon.ts(84,45): error TS1005: ',' expected.
src/hooks/useCommon.ts(84,47): error TS1137: Expression or comma expected.
src/hooks/useCommon.ts(84,54): error TS1109: Expression expected.
src/hooks/useCommon.ts(84,56): error TS1005: ';' expected.
src/hooks/useCommon.ts(94,28): error TS1109: Expression expected.
src/hooks/useCommon.ts(95,15): error TS1005: ')' expected.
src/hooks/useCommon.ts(96,1): error TS1128: Declaration or statement expected.
src/hooks/useCommon.ts(96,2): error TS1128: Declaration or statement expected.
src/hooks/useCommon.ts(98,24): error TS1109: Expression expected.
src/hooks/useCommon.ts(99,24): error TS1109: Expression expected.
src/hooks/useCommon.ts(100,20): error TS1109: Expression expected.
src/hooks/useCommon.ts(102,1): error TS1109: Expression expected.
src/hooks/useCommon.ts(102,3): error TS1128: Declaration or statement expected.
src/hooks/useCommon.ts(114,29): error TS1138: Parameter declaration expected.
src/hooks/useCommon.ts(163,41): error TS1138: Parameter declaration expected.
src/hooks/useCommon.ts(199,33): error TS1109: Expression expected.
src/hooks/useCommon.ts(200,6): error TS1005: ')' expected.
src/hooks/useCommon.ts(200,13): error TS1005: ',' expected.
src/hooks/useCommon.ts(200,23): error TS1005: ',' expected.
src/hooks/useCommon.ts(200,36): error TS1109: Expression expected.
src/hooks/useCommon.ts(201,10): error TS1005: ';' expected.
src/hooks/useCommon.ts(202,1): error TS1109: Expression expected.
src/hooks/useCommon.ts(202,2): error TS1128: Declaration or statement expected.
src/hooks/useCommon.ts(202,9): error TS1109: Expression expected.
src/hooks/useCommon.ts(222,29): error TS1109: Expression expected.
src/hooks/useCommon.ts(223,12): error TS1005: ')' expected.
src/hooks/useCommon.ts(231,1): error TS1128: Declaration or statement expected.
src/hooks/useCommon.ts(231,2): error TS1128: Declaration or statement expected.
src/hooks/useCommon.ts(231,9): error TS1109: Expression expected.
src/hooks/useCommon.ts(301,41): error TS1109: Expression expected.
src/hooks/useCommon.ts(302,13): error TS1005: ')' expected.
src/hooks/useCommon.ts(302,20): error TS1005: ',' expected.
src/hooks/useCommon.ts(302,30): error TS1005: ',' expected.
src/hooks/useCommon.ts(302,39): error TS1109: Expression expected.
src/hooks/useCommon.ts(303,10): error TS1005: ';' expected.
src/hooks/useCommon.ts(304,1): error TS1128: Declaration or statement expected.
src/hooks/useCommon.ts(304,2): error TS1128: Declaration or statement expected.
src/hooks/useCommon.ts(304,37): error TS1005: ';' expected.
src/hooks/useCommon.ts(344,68): error TS1005: '?' expected.
src/hooks/useCommon.ts(344,70): error TS1109: Expression expected.
src/hooks/useCommon.ts(345,16): error TS1005: ')' expected.
src/hooks/useCommon.ts(346,42): error TS1005: '>' expected.
src/hooks/useCommon.ts(347,1): error TS1109: Expression expected.
src/hooks/useCommon.ts(347,2): error TS1128: Declaration or statement expected.
src/hooks/useCommon.ts(351,56): error TS1109: Expression expected.
src/hooks/useCommon.ts(352,80): error TS1109: Expression expected.
src/hooks/useCommon.ts(354,1): error TS1109: Expression expected.
src/hooks/useCommon.ts(354,3): error TS1128: Declaration or statement expected.
src/hooks/useDebounce.ts(42,66): error TS1138: Parameter declaration expected.
src/hooks/useDebounce.ts(80,39): error TS1138: Parameter declaration expected.
src/hooks/useEnhancedQuery.ts(132,39): error TS1138: Parameter declaration expected.
src/hooks/useEnhancedQuery.ts(159,70): error TS1138: Parameter declaration expected.
src/hooks/useEnhancedQuery.ts(170,5): error TS1005: '>' expected.
src/hooks/useEnhancedQuery.ts(170,16): error TS1003: Identifier expected.
src/hooks/useEnhancedQuery.ts(170,18): error TS1003: Identifier expected.
src/hooks/useEnhancedQuery.ts(170,28): error TS1003: Identifier expected.
src/hooks/useEnhancedQuery.ts(170,30): error TS1003: Identifier expected.
src/hooks/useEnhancedQuery.ts(170,38): error TS1003: Identifier expected.
src/hooks/useEnhancedQuery.ts(170,40): error TS1003: Identifier expected.
src/hooks/useEnhancedQuery.ts(171,3): error TS1138: Parameter declaration expected.
src/hooks/useEnhancedQuery.ts(171,5): error TS1109: Expression expected.
src/hooks/useEnhancedQuery.ts(172,1): error TS1128: Declaration or statement expected.
src/hooks/useEnhancedQuery.ts(201,3): error TS1138: Parameter declaration expected.
src/hooks/useEnhancedQuery.ts(215,5): error TS1005: '>' expected.
src/hooks/useEnhancedQuery.ts(215,18): error TS1003: Identifier expected.
src/hooks/useEnhancedQuery.ts(215,20): error TS1003: Identifier expected.
src/hooks/useEnhancedQuery.ts(215,28): error TS1003: Identifier expected.
src/hooks/useEnhancedQuery.ts(215,30): error TS1003: Identifier expected.
src/hooks/useEnhancedQuery.ts(216,3): error TS1138: Parameter declaration expected.
src/hooks/useEnhancedQuery.ts(216,5): error TS1109: Expression expected.
src/hooks/useEnhancedQuery.ts(217,1): error TS1128: Declaration or statement expected.
src/hooks/useEnhancedQuery.ts(266,67): error TS1005: ',' expected.
src/hooks/useEnhancedQuery.ts(266,74): error TS1005: ',' expected.
src/hooks/useEnhancedQuery.ts(302,79): error TS1138: Parameter declaration expected.
src/hooks/useEnhancedQuery.ts(321,21): error TS1138: Parameter declaration expected.
src/hooks/useInstallPrompt.ts(126,51): error TS1005: ')' expected.
src/hooks/useInstallPrompt.ts(130,7): error TS1109: Expression expected.
src/hooks/useInstallPrompt.ts(141,22): error TS1109: Expression expected.
src/hooks/useInstallPrompt.ts(142,17): error TS1005: ',' expected.
src/hooks/useInstallPrompt.ts(142,28): error TS1005: ':' expected.
src/hooks/useInstallPrompt.ts(146,3): error TS1128: Declaration or statement expected.
src/hooks/useInstallPrompt.ts(146,4): error TS1128: Declaration or statement expected.
src/hooks/useInstallPrompt.ts(146,48): error TS1005: ';' expected.
src/hooks/useInstallPrompt.ts(214,53): error TS1005: ')' expected.
src/hooks/useInstallPrompt.ts(214,68): error TS1005: ';' expected.
src/hooks/useInstallPrompt.ts(214,91): error TS1005: ';' expected.
src/hooks/useInstallPrompt.ts(215,7): error TS1128: Declaration or statement expected.
src/hooks/useInstallPrompt.ts(216,5): error TS1128: Declaration or statement expected.
src/hooks/useInstallPrompt.ts(233,3): error TS1128: Declaration or statement expected.
src/hooks/useInstallPrompt.ts(233,4): error TS1128: Declaration or statement expected.
src/hooks/useInstallPrompt.ts(233,21): error TS1005: ';' expected.
src/hooks/useInstallPrompt.ts(251,1): error TS1128: Declaration or statement expected.
src/hooks/useLocalStorage.ts(11,36): error TS1138: Parameter declaration expected.
src/hooks/useLocalStorage.ts(14,6): error TS1005: ',' expected.
src/hooks/useLocalStorage.ts(14,34): error TS1005: ',' expected.
src/hooks/useLocalStorage.ts(74,46): error TS1138: Parameter declaration expected.
src/hooks/useLocalStorage.ts(78,6): error TS1005: ',' expected.
src/hooks/useLocalStorage.ts(78,34): error TS1005: ',' expected.
src/hooks/useLocalStorageSet.ts(12,39): error TS1138: Parameter declaration expected.
src/hooks/useLocalStorageSet.ts(17,3): error TS1005: ',' expected.
src/hooks/useLocalStorageSet.ts(17,20): error TS1005: ',' expected.
src/hooks/useLocalStorageSet.ts(17,37): error TS1005: ',' expected.
src/hooks/useLocalStorageSet.ts(17,54): error TS1005: ',' expected.
src/hooks/useLocalStorageSet.ts(17,64): error TS1005: ',' expected.
src/hooks/useLocalStorageSet.ts(113,44): error TS1138: Parameter declaration expected.
src/hooks/useLocalStorageSet.ts(116,12): error TS1005: ',' expected.
src/hooks/usePerformanceMonitor.ts(90,39): error TS1109: Expression expected.
src/hooks/usePerformanceMonitor.ts(91,16): error TS1005: ')' expected.
src/hooks/usePerformanceMonitor.ts(93,1): error TS1128: Declaration or statement expected.
src/hooks/usePerformanceMonitor.ts(93,3): error TS1128: Declaration or statement expected.
src/hooks/usePerformanceMonitor.ts(154,43): error TS1005: ',' expected.
src/hooks/usePerformanceOptimization.ts(54,57): error TS1138: Parameter declaration expected.
src/hooks/usePerformanceOptimization.ts(111,41): error TS1109: Expression expected.
src/hooks/usePerformanceOptimization.ts(112,10): error TS1005: ')' expected.
src/hooks/usePerformanceOptimization.ts(113,1): error TS1128: Declaration or statement expected.
src/hooks/usePerformanceOptimization.ts(113,3): error TS1128: Declaration or statement expected.
src/hooks/usePWA.ts(148,41): error TS1005: ')' expected.
src/hooks/usePWA.ts(150,9): error TS1128: Declaration or statement expected.
src/hooks/usePWA.ts(159,9): error TS1005: ',' expected.
src/hooks/usePWA.ts(166,8): error TS1134: Variable declaration expected.
src/hooks/usePWA.ts(166,11): error TS1005: ';' expected.
src/hooks/usePWA.ts(169,3): error TS1128: Declaration or statement expected.
src/hooks/usePWA.ts(169,4): error TS1128: Declaration or statement expected.
src/hooks/usePWA.ts(169,43): error TS1005: ';' expected.
src/hooks/usePWA.ts(172,36): error TS1005: ')' expected.
src/hooks/usePWA.ts(209,3): error TS1128: Declaration or statement expected.
src/hooks/usePWA.ts(263,34): error TS1005: ')' expected.
src/hooks/usePWA.ts(275,41): error TS1005: ')' expected.
src/hooks/usePWA.ts(277,9): error TS1109: Expression expected.
src/hooks/usePWA.ts(304,3): error TS1128: Declaration or statement expected.
src/hooks/usePWA.ts(404,1): error TS1128: Declaration or statement expected.
src/hooks/usePWA.ts(429,34): error TS1109: Expression expected.
src/hooks/usePWA.ts(431,11): error TS1109: Expression expected.
src/hooks/usePWA.ts(432,1): error TS1109: Expression expected.
src/hooks/usePWA.ts(432,2): error TS1128: Declaration or statement expected.
src/hooks/usePWA.ts(432,9): error TS1109: Expression expected.
src/hooks/usePWA.ts(441,49): error TS1005: ')' expected.
src/hooks/usePWA.ts(441,64): error TS1005: ';' expected.
src/hooks/usePWA.ts(441,87): error TS1005: ';' expected.
src/hooks/usePWA.ts(460,51): error TS1005: ')' expected.
src/hooks/usePWA.ts(464,7): error TS1109: Expression expected.
src/hooks/usePWA.ts(467,5): error TS1128: Declaration or statement expected.
src/hooks/usePWA.ts(468,3): error TS1128: Declaration or statement expected.
src/hooks/usePWA.ts(477,51): error TS1005: ')' expected.
src/hooks/usePWA.ts(481,7): error TS1109: Expression expected.
src/hooks/usePWA.ts(492,1): error TS1128: Declaration or statement expected.
src/hooks/usePWA.ts(499,21): error TS1109: Expression expected.
src/hooks/usePWA.ts(512,36): error TS1109: Expression expected.
src/hooks/usePWA.ts(519,53): error TS1005: ')' expected.
src/hooks/usePWA.ts(523,9): error TS1109: Expression expected.
src/hooks/usePWA.ts(529,8): error TS1128: Declaration or statement expected.
src/hooks/usePWA.ts(531,1): error TS1128: Declaration or statement expected.
src/hooks/usePWA.ts(533,34): error TS1005: ')' expected.
src/hooks/usePWA.ts(535,10): error TS1005: ';' expected.
src/hooks/usePWA.ts(535,12): error TS1434: Unexpected keyword or identifier.
src/hooks/usePWA.ts(535,15): error TS1128: Declaration or statement expected.
src/hooks/usePWA.ts(535,16): error TS1128: Declaration or statement expected.
src/hooks/usePWA.ts(535,35): error TS1005: ';' expected.
src/hooks/usePWA.ts(546,51): error TS1005: ')' expected.
src/hooks/usePWA.ts(550,7): error TS1109: Expression expected.
src/hooks/usePWA.ts(558,38): error TS1005: ')' expected.
src/hooks/usePWA.ts(559,12): error TS1434: Unexpected keyword or identifier.
src/hooks/usePWA.ts(559,15): error TS1128: Declaration or statement expected.
src/hooks/usePWA.ts(559,16): error TS1128: Declaration or statement expected.
src/hooks/usePWA.ts(559,43): error TS1005: ';' expected.
src/hooks/usePWA.ts(566,51): error TS1005: ')' expected.
src/hooks/usePWA.ts(570,7): error TS1109: Expression expected.
src/hooks/useRefactoredHooks.ts(8,36): error TS1138: Parameter declaration expected.
src/hooks/useRefactoredHooks.ts(11,6): error TS1005: ',' expected.
src/hooks/useRefactoredHooks.ts(11,42): error TS1005: ',' expected.
src/hooks/useRefactoredHooks.ts(95,27): error TS1138: Parameter declaration expected.
src/hooks/useRefactoredHooks.ts(97,12): error TS1005: ',' expected.
src/hooks/useRefactoredHooks.ts(97,22): error TS1005: ',' expected.
src/hooks/useRefactoredHooks.ts(148,41): error TS1138: Parameter declaration expected.
src/hooks/useRefactoredHooks.ts(195,41): error TS1138: Parameter declaration expected.
src/hooks/useRefactoredHooks.ts(197,34): error TS1005: ',' expected.
src/hooks/useRefactoredHooks.ts(227,70): error TS1138: Parameter declaration expected.
src/hooks/useServiceWorker.ts(99,51): error TS1005: ')' expected.
src/hooks/useServiceWorker.ts(103,7): error TS1109: Expression expected.
src/hooks/useServiceWorker.ts(118,3): error TS1128: Declaration or statement expected.
src/hooks/useServiceWorker.ts(118,4): error TS1128: Declaration or statement expected.
src/hooks/useServiceWorker.ts(118,45): error TS1005: ';' expected.
src/hooks/useServiceWorker.ts(153,51): error TS1005: ')' expected.
src/hooks/useServiceWorker.ts(157,7): error TS1109: Expression expected.
src/hooks/useServiceWorker.ts(165,5): error TS1128: Declaration or statement expected.
src/hooks/useServiceWorker.ts(166,3): error TS1128: Declaration or statement expected.
src/hooks/useServiceWorker.ts(166,4): error TS1128: Declaration or statement expected.
src/hooks/useServiceWorker.ts(166,26): error TS1005: ';' expected.
src/hooks/useServiceWorker.ts(187,51): error TS1005: ')' expected.
src/hooks/useServiceWorker.ts(191,7): error TS1109: Expression expected.
src/hooks/useServiceWorker.ts(198,5): error TS1128: Declaration or statement expected.
src/hooks/useServiceWorker.ts(199,3): error TS1128: Declaration or statement expected.
src/hooks/useServiceWorker.ts(199,4): error TS1128: Declaration or statement expected.
src/hooks/useServiceWorker.ts(199,26): error TS1005: ';' expected.
src/hooks/useServiceWorker.ts(257,59): error TS1005: ')' expected.
src/hooks/useServiceWorker.ts(257,74): error TS1005: ';' expected.
src/hooks/useServiceWorker.ts(267,60): error TS1005: ')' expected.
src/hooks/useServiceWorker.ts(267,75): error TS1005: ';' expected.
src/hooks/useServiceWorker.ts(269,51): error TS1109: Expression expected.
src/hooks/useServiceWorker.ts(285,14): error TS1128: Declaration or statement expected.
src/hooks/useServiceWorker.ts(286,11): error TS1128: Declaration or statement expected.
src/hooks/useServiceWorker.ts(287,9): error TS1128: Declaration or statement expected.
src/hooks/useServiceWorker.ts(287,10): error TS1128: Declaration or statement expected.
src/hooks/useServiceWorker.ts(298,44): error TS1005: ')' expected.
src/hooks/useServiceWorker.ts(303,9): error TS1128: Declaration or statement expected.
src/hooks/useServiceWorker.ts(308,7): error TS1128: Declaration or statement expected.
src/hooks/useServiceWorker.ts(308,9): error TS1005: 'try' expected.
src/hooks/useServiceWorker.ts(309,53): error TS1005: ')' expected.
src/hooks/useServiceWorker.ts(313,9): error TS1109: Expression expected.
src/hooks/useServiceWorker.ts(327,5): error TS1128: Declaration or statement expected.
src/hooks/useServiceWorker.ts(353,3): error TS1128: Declaration or statement expected.
src/hooks/useServiceWorker.ts(353,4): error TS1128: Declaration or statement expected.
src/hooks/useServiceWorker.ts(353,42): error TS1005: ';' expected.
src/hooks/useServiceWorker.ts(372,1): error TS1128: Declaration or statement expected.
src/hooks/useTrendingSearch.ts(11,37): error TS1109: Expression expected.
src/hooks/useTrendingSearch.ts(12,9): error TS1005: ')' expected.
src/hooks/useTrendingSearch.ts(12,31): error TS1005: ',' expected.
src/hooks/useTrendingSearch.ts(13,8): error TS1005: ';' expected.
src/hooks/useTrendingSearch.ts(14,1): error TS1128: Declaration or statement expected.
src/hooks/useTrendingSearch.ts(14,2): error TS1128: Declaration or statement expected.
src/hooks/useTrendingSearch.ts(100,75): error TS1005: ',' expected.
src/hooks/useTrendingSearch.ts(100,82): error TS1005: ',' expected.
src/hooks/useTrendingSearch.ts(102,7): error TS1128: Declaration or statement expected.
src/hooks/useTrendingSearch.ts(135,7): error TS1005: 'try' expected.
src/hooks/useTrendingSearch.ts(148,3): error TS1128: Declaration or statement expected.
src/hooks/useTrendingSearch.ts(148,4): error TS1128: Declaration or statement expected.
src/hooks/useTrendingSearch.ts(148,8): error TS1005: ';' expected.
src/hooks/useTrendingSearch.ts(173,1): error TS1128: Declaration or statement expected.
src/hooks/useVideoCache.ts(228,32): error TS1109: Expression expected.
src/hooks/useVideoCache.ts(229,10): error TS1005: ')' expected.
src/hooks/useVideoCache.ts(231,1): error TS1128: Declaration or statement expected.
src/hooks/useVideoCache.ts(231,3): error TS1128: Declaration or statement expected.
src/hooks/useVideoPlayer.ts(50,32): error TS1109: Expression expected.
src/hooks/useVideoPlayer.ts(52,1): error TS1109: Expression expected.
src/hooks/useVideoPlayer.ts(52,2): error TS1128: Declaration or statement expected.
src/hooks/useVideoPlayer.ts(52,43): error TS1005: ';' expected.
src/hooks/useVideoPlayer.ts(138,31): error TS1005: ')' expected.
src/hooks/useVideoPlayer.ts(140,7): error TS1109: Expression expected.
src/hooks/useVideoPlayer.ts(173,58): error TS1005: ')' expected.
src/hooks/useVideoPlayer.ts(173,73): error TS1005: ';' expected.
src/hooks/useVideoPlayer.ts(175,5): error TS1128: Declaration or statement expected.
src/hooks/useVideoPlayer.ts(176,58): error TS1005: ')' expected.
src/hooks/useVideoPlayer.ts(176,73): error TS1005: ';' expected.
src/hooks/useVideoPlayer.ts(178,5): error TS1128: Declaration or statement expected.
src/hooks/useVideoPlayer.ts(183,42): error TS1005: ')' expected.
src/hooks/useVideoPlayer.ts(183,57): error TS1005: ';' expected.
src/hooks/useVideoPlayer.ts(183,71): error TS1005: ';' expected.
src/hooks/useVideoPlayer.ts(195,63): error TS1005: ')' expected.
src/hooks/useVideoPlayer.ts(195,78): error TS1005: ';' expected.
src/hooks/useVideoPlayer.ts(197,7): error TS1128: Declaration or statement expected.
src/hooks/useVideoPlayer.ts(198,63): error TS1005: ')' expected.
src/hooks/useVideoPlayer.ts(198,78): error TS1005: ';' expected.
src/hooks/useVideoPlayer.ts(200,7): error TS1128: Declaration or statement expected.
src/hooks/useVideoPlayer.ts(205,47): error TS1005: ')' expected.
src/hooks/useVideoPlayer.ts(205,62): error TS1005: ';' expected.
src/hooks/useVideoPlayer.ts(205,76): error TS1005: ';' expected.
src/hooks/useVideoPlayer.ts(209,3): error TS1128: Declaration or statement expected.
src/hooks/useVideoPlayer.ts(209,4): error TS1128: Declaration or statement expected.
src/hooks/useVideoPlayer.ts(223,4): error TS1005: ';' expected.
src/hooks/useVideoPlayer.ts(239,29): error TS1109: Expression expected.
src/hooks/useVideoPlayer.ts(436,1): error TS1128: Declaration or statement expected.
src/hooks/useVideosData.ts(16,31): error TS1138: Parameter declaration expected.
src/hooks/useVideosData.ts(29,20): error TS1129: Statement expected.
src/hooks/useVideosData.ts(41,20): error TS1129: Statement expected.
src/hooks/useVideosData.ts(54,38): error TS1138: Parameter declaration expected.
src/hooks/useVideosData.ts(65,18): error TS1129: Statement expected.
src/hooks/useWatchPage.ts(519,36): error TS1109: Expression expected.
src/hooks/useWatchPage.ts(520,7): error TS1005: ')' expected.
src/hooks/useWatchPage.ts(522,22): error TS1005: ',' expected.
src/hooks/useWatchPage.ts(522,23): error TS1134: Variable declaration expected.
src/hooks/useWatchPage.ts(523,5): error TS1128: Declaration or statement expected.
src/hooks/useWatchPage.ts(523,6): error TS1128: Declaration or statement expected.
src/hooks/useWatchPage.ts(523,16): error TS1011: An element access expression should take an argument.
src/hooks/useWatchPage.ts(523,18): error TS1005: ';' expected.
src/hooks/useWatchPage.ts(557,3): error TS1128: Declaration or statement expected.
src/hooks/useWatchPage.ts(559,47): error TS1109: Expression expected.
src/hooks/useWatchPage.ts(560,5): error TS1005: ')' expected.
src/hooks/useWatchPage.ts(563,3): error TS1128: Declaration or statement expected.
src/hooks/useWatchPage.ts(563,5): error TS1128: Declaration or statement expected.
src/hooks/useWatchPage.ts(706,1): error TS1128: Declaration or statement expected.
src/lib/utils.ts(81,29): error TS1138: Parameter declaration expected.
src/lib/utils.ts(157,28): error TS1138: Parameter declaration expected.
src/lib/utils.ts(191,34): error TS1005: ',' expected.
src/lib/utils.ts(191,41): error TS1005: ',' expected.
src/lib/utils.ts(286,61): error TS1138: Parameter declaration expected.
src/lib/utils.ts(309,61): error TS1138: Parameter declaration expected.
src/lib/utils.ts(483,55): error TS1005: ',' expected.
src/lib/utils.ts(483,74): error TS1138: Parameter declaration expected.
src/lib/utils.ts(510,63): error TS1138: Parameter declaration expected.
src/lib/utils.ts(552,28): error TS1138: Parameter declaration expected.
src/lib/youtube-utils.ts(96,35): error TS1138: Parameter declaration expected.
src/lib/youtube-utils.ts(395,35): error TS1138: Parameter declaration expected.
src/lib/youtube-utils.ts(457,39): error TS1138: Parameter declaration expected.
src/pages/LiveStreamingHubPage.tsx(16,17): error TS1131: Property or signature expected.
src/pages/LiveStreamingHubPage.tsx(18,25): error TS1131: Property or signature expected.
src/services/api/base.ts(29,15): error TS1138: Parameter declaration expected.
src/services/api/base.ts(55,30): error TS1138: Parameter declaration expected.
src/services/api/base.ts(127,37): error TS1138: Parameter declaration expected.
src/services/api/base.ts(204,30): error TS1138: Parameter declaration expected.
src/services/api/base.ts(207,3): error TS1005: ',' expected.
src/services/api/base.ts(214,31): error TS1138: Parameter declaration expected.
src/services/api/base.ts(227,30): error TS1138: Parameter declaration expected.
src/services/api/base.ts(240,32): error TS1138: Parameter declaration expected.
src/services/api/base.ts(253,30): error TS1138: Parameter declaration expected.
src/services/api/base.ts(262,33): error TS1138: Parameter declaration expected.
src/services/api/base.ts(266,3): error TS1005: ',' expected.
src/services/api/base.ts(289,39): error TS1138: Parameter declaration expected.
src/services/api/videos.ts(60,27): error TS1138: Parameter declaration expected.
src/services/api/videos.ts(69,27): error TS1138: Parameter declaration expected.
src/services/api/videos.ts(78,29): error TS1138: Parameter declaration expected.
src/services/api/videos.ts(90,29): error TS1138: Parameter declaration expected.
src/services/api/videos.ts(106,27): error TS1138: Parameter declaration expected.
src/services/api/videos.ts(115,22): error TS1138: Parameter declaration expected.
src/services/api/videos.ts(124,26): error TS1138: Parameter declaration expected.
src/services/api/videos.ts(134,21): error TS1138: Parameter declaration expected.
src/services/api/videos.ts(144,21): error TS1138: Parameter declaration expected.
src/services/api/videos.ts(189,21): error TS1138: Parameter declaration expected.
src/services/api/videos.ts(209,28): error TS1138: Parameter declaration expected.
src/services/api/videos.ts(218,25): error TS1138: Parameter declaration expected.
src/services/api/videos.ts(227,27): error TS1138: Parameter declaration expected.
src/services/api/videos.ts(251,24): error TS1138: Parameter declaration expected.
src/services/api/videos.ts(260,24): error TS1138: Parameter declaration expected.
src/services/api/youtubeService.ts(349,22): error TS1138: Parameter declaration expected.
src/services/livestreamAPI.ts(551,24): error TS1138: Parameter declaration expected.
src/services/metadataNormalizationService.ts(173,31): error TS1138: Parameter declaration expected.
src/services/metadataNormalizationService.ts(312,27): error TS1138: Parameter declaration expected.
src/services/metadataNormalizationService.ts(368,30): error TS1138: Parameter declaration expected.
src/services/metadataNormalizationService.ts(541,31): error TS1138: Parameter declaration expected.
src/services/unifiedDataService.ts(104,27): error TS1138: Parameter declaration expected.
src/services/unifiedDataService.ts(162,22): error TS1138: Parameter declaration expected.
src/services/unifiedDataService.ts(768,25): error TS1138: Parameter declaration expected.
src/services/unifiedDataService.ts(777,42): error TS1138: Parameter declaration expected.
src/services/unifiedDataService.ts(784,44): error TS1138: Parameter declaration expected.
src/services/unifiedDataService.ts(828,35): error TS1138: Parameter declaration expected.
src/services/unifiedDataService.ts(841,48): error TS1138: Parameter declaration expected.
src/services/unifiedDataService.ts(926,37): error TS1138: Parameter declaration expected.
src/services/unifiedDataService.ts(1009,27): error TS1138: Parameter declaration expected.
src/services/unifiedDataService.ts(1026,25): error TS1138: Parameter declaration expected.
src/services/unifiedDataService.ts(1050,29): error TS1138: Parameter declaration expected.
src/services/unifiedDataService.ts(1071,24): error TS1138: Parameter declaration expected.
src/types/errors.ts(229,62): error TS1110: Type expected.
src/types/errors.ts(231,11): error TS1109: Expression expected.
src/types/errors.ts(232,1): error TS1128: Declaration or statement expected.
src/types/errors.ts(232,3): error TS1128: Declaration or statement expected.
src/types/errors.ts(232,10): error TS1109: Expression expected.
src/types/errors.ts(233,67): error TS1110: Type expected.
src/types/errors.ts(235,11): error TS1109: Expression expected.
src/types/errors.ts(236,1): error TS1128: Declaration or statement expected.
src/types/errors.ts(236,3): error TS1128: Declaration or statement expected.
src/types/errors.ts(255,17): error TS1110: Type expected.
src/types/errors.ts(258,3): error TS1131: Property or signature expected.
src/types/errors.ts(258,5): error TS1131: Property or signature expected.
src/types/errors.ts(258,8): error TS1131: Property or signature expected.
src/types/errors.ts(259,1): error TS1128: Declaration or statement expected.
src/types/errors.ts(324,32): error TS1109: Expression expected.
src/types/errors.ts(325,10): error TS1005: ')' expected.
src/types/errors.ts(328,13): error TS1005: ',' expected.
src/types/errors.ts(328,14): error TS1134: Variable declaration expected.
src/types/errors.ts(329,10): error TS1005: ',' expected.
src/types/errors.ts(329,11): error TS1134: Variable declaration expected.
src/types/errors.ts(329,19): error TS1005: ',' expected.
src/types/errors.ts(329,26): error TS1005: '>' expected.
src/types/errors.ts(330,1): error TS1109: Expression expected.
src/types/errors.ts(330,2): error TS1128: Declaration or statement expected.
src/types/errors.ts(349,39): error TS1109: Expression expected.
src/types/errors.ts(350,8): error TS1005: ')' expected.
src/types/errors.ts(352,8): error TS1005: ',' expected.
src/types/errors.ts(352,9): error TS1134: Variable declaration expected.
src/types/errors.ts(353,13): error TS1005: ',' expected.
src/types/errors.ts(353,14): error TS1134: Variable declaration expected.
src/types/errors.ts(354,1): error TS1128: Declaration or statement expected.
src/types/errors.ts(354,2): error TS1128: Declaration or statement expected.
src/types/errors.ts(362,36): error TS1109: Expression expected.
src/types/errors.ts(363,10): error TS1005: ')' expected.
src/types/errors.ts(367,1): error TS1128: Declaration or statement expected.
src/types/errors.ts(367,2): error TS1128: Declaration or statement expected.
src/types/errors.ts(375,36): error TS1109: Expression expected.
src/types/errors.ts(376,10): error TS1005: ')' expected.
src/types/errors.ts(378,10): error TS1005: ',' expected.
src/types/errors.ts(378,11): error TS1134: Variable declaration expected.
src/types/errors.ts(379,12): error TS1005: ',' expected.
src/types/errors.ts(379,13): error TS1134: Variable declaration expected.
src/types/errors.ts(380,5): error TS1109: Expression expected.
src/types/errors.ts(385,1): error TS1128: Declaration or statement expected.
src/types/errors.ts(385,2): error TS1128: Declaration or statement expected.
src/types/youtube.ts(520,20): error TS1138: Parameter declaration expected.
src/types/youtube.ts(524,23): error TS1138: Parameter declaration expected.
src/utils/analytics.ts(12,28): error TS1109: Expression expected.
src/utils/analytics.ts(13,12): error TS1005: ')' expected.
src/utils/analytics.ts(14,13): error TS1005: ',' expected.
src/utils/analytics.ts(14,14): error TS1134: Variable declaration expected.
src/utils/analytics.ts(15,1): error TS1128: Declaration or statement expected.
src/utils/analytics.ts(15,2): error TS1128: Declaration or statement expected.
src/utils/analytics.ts(15,9): error TS1109: Expression expected.
src/utils/componentUtils.tsx(15,37): error TS1138: Parameter declaration expected.
src/utils/componentUtils.tsx(44,26): error TS1109: Expression expected.
src/utils/componentUtils.tsx(45,12): error TS1005: ')' expected.
src/utils/componentUtils.tsx(48,1): error TS1128: Declaration or statement expected.
src/utils/componentUtils.tsx(48,2): error TS1128: Declaration or statement expected.
src/utils/conditionalLogger.ts(54,25): error TS1138: Parameter declaration expected.
src/utils/dateUtils.ts(66,42): error TS1109: Expression expected.
src/utils/dateUtils.ts(67,7): error TS1005: ')' expected.
src/utils/dateUtils.ts(67,16): error TS1005: ',' expected.
src/utils/dateUtils.ts(68,1): error TS1128: Declaration or statement expected.
src/utils/dateUtils.ts(68,2): error TS1128: Declaration or statement expected.
src/utils/dateUtils.ts(123,28): error TS1109: Expression expected.
src/utils/dateUtils.ts(124,7): error TS1005: ')' expected.
src/utils/dateUtils.ts(124,16): error TS1005: ',' expected.
src/utils/dateUtils.ts(125,11): error TS1109: Expression expected.
src/utils/dateUtils.ts(126,1): error TS1128: Declaration or statement expected.
src/utils/dateUtils.ts(126,2): error TS1128: Declaration or statement expected.
src/utils/dateUtils.ts(152,28): error TS1109: Expression expected.
src/utils/dateUtils.ts(153,7): error TS1005: ')' expected.
src/utils/dateUtils.ts(153,16): error TS1005: ',' expected.
src/utils/dateUtils.ts(154,11): error TS1109: Expression expected.
src/utils/dateUtils.ts(155,1): error TS1128: Declaration or statement expected.
src/utils/dateUtils.ts(155,2): error TS1128: Declaration or statement expected.
src/utils/dateUtils.ts(179,35): error TS1109: Expression expected.
src/utils/dateUtils.ts(180,15): error TS1005: ')' expected.
src/utils/dateUtils.ts(180,24): error TS1005: ',' expected.
src/utils/dateUtils.ts(181,1): error TS1128: Declaration or statement expected.
src/utils/dateUtils.ts(181,2): error TS1128: Declaration or statement expected.
src/utils/errorUtils.ts(19,38): error TS1138: Parameter declaration expected.
src/utils/errorUtils.ts(52,34): error TS1138: Parameter declaration expected.
src/utils/errorUtils.ts(72,36): error TS1138: Parameter declaration expected.
src/utils/errorUtils.ts(92,39): error TS1138: Parameter declaration expected.
src/utils/logger.ts(36,25): error TS1138: Parameter declaration expected.
src/utils/numberUtils.ts(103,34): error TS1109: Expression expected.
src/utils/numberUtils.ts(104,8): error TS1005: ')' expected.
src/utils/numberUtils.ts(104,17): error TS1005: ',' expected.
src/utils/numberUtils.ts(105,11): error TS1005: ';' expected.
src/utils/numberUtils.ts(106,1): error TS1128: Declaration or statement expected.
src/utils/numberUtils.ts(106,2): error TS1128: Declaration or statement expected.
src/utils/offlineStorage.ts(137,26): error TS1138: Parameter declaration expected.
src/utils/offlineStorage.ts(190,24): error TS1138: Parameter declaration expected.
src/utils/offlineStorage.ts(350,27): error TS1138: Parameter declaration expected.
src/utils/offlineStorage.ts(379,28): error TS1138: Parameter declaration expected.
src/utils/offlineStorage.ts(395,25): error TS1135: Argument expression expected.
src/utils/offlineStorage.ts(421,24): error TS1138: Parameter declaration expected.
src/utils/offlineStorage.ts(529,40): error TS1005: ')' expected.
src/utils/offlineStorage.ts(529,55): error TS1005: ';' expected.
src/utils/offlineStorage.ts(533,2): error TS1128: Declaration or statement expected.
src/utils/performanceOptimizations.ts(4,44): error TS1138: Parameter declaration expected.
src/utils/performanceOptimizations.ts(6,3): error TS1005: ',' expected.
src/utils/performanceOptimizations.ts(153,34): error TS1109: Expression expected.
src/utils/performanceOptimizations.ts(154,6): error TS1005: ')' expected.
src/utils/performanceOptimizations.ts(155,8): error TS1005: ',' expected.
src/utils/performanceOptimizations.ts(155,9): error TS1134: Variable declaration expected.
src/utils/performanceOptimizations.ts(156,9): error TS1005: ',' expected.
src/utils/performanceOptimizations.ts(156,10): error TS1134: Variable declaration expected.
src/utils/performanceOptimizations.ts(158,1): error TS1128: Declaration or statement expected.
src/utils/performanceOptimizations.ts(158,2): error TS1128: Declaration or statement expected.
src/utils/performanceOptimizations.ts(195,34): error TS1109: Expression expected.
src/utils/performanceOptimizations.ts(196,18): error TS1005: ')' expected.
src/utils/performanceOptimizations.ts(196,20): error TS1134: Variable declaration expected.
src/utils/performanceOptimizations.ts(197,1): error TS1128: Declaration or statement expected.
src/utils/performanceOptimizations.ts(197,3): error TS1128: Declaration or statement expected.
src/utils/performanceProfiler.ts(4,59): error TS1138: Parameter declaration expected.
src/utils/testingHelpers.tsx(13,22): error TS1136: Property assignment expected.
src/utils/testingHelpers.tsx(17,19): error TS1136: Property assignment expected.
src/utils/testingHelpers.tsx(38,37): error TS1109: Expression expected.
src/utils/testingHelpers.tsx(39,5): error TS1005: ')' expected.
src/utils/testingHelpers.tsx(40,10): error TS1005: ',' expected.
src/utils/testingHelpers.tsx(40,11): error TS1134: Variable declaration expected.
src/utils/testingHelpers.tsx(41,16): error TS1005: ',' expected.
src/utils/testingHelpers.tsx(41,17): error TS1180: Property destructuring pattern expected.
src/utils/testingHelpers.tsx(41,30): error TS1005: ',' expected.
src/utils/testingHelpers.tsx(43,3): error TS1128: Declaration or statement expected.
src/utils/testingHelpers.tsx(44,1): error TS1128: Declaration or statement expected.
src/utils/testingHelpers.tsx(44,3): error TS1128: Declaration or statement expected.
src/utils/testingHelpers.tsx(47,24): error TS1136: Property assignment expected.
src/utils/testingHelpers.tsx(83,35): error TS1109: Expression expected.
src/utils/testingHelpers.tsx(84,12): error TS1005: ')' expected.
src/utils/testingHelpers.tsx(84,21): error TS1005: ',' expected.
src/utils/testingHelpers.tsx(84,22): error TS17008: JSX element 'Channel' has no corresponding closing tag.
src/utils/testingHelpers.tsx(85,13): error TS1382: Unexpected token. Did you mean `{'>'}` or `&gt;`?
src/utils/testingHelpers.tsx(86,5): error TS1005: '}' expected.
src/utils/testingHelpers.tsx(98,16): error TS1381: Unexpected token. Did you mean `{'}'}` or `&rbrace;`?
src/utils/testingHelpers.tsx(101,22): error TS17008: JSX element 'Comment' has no corresponding closing tag.
src/utils/testingHelpers.tsx(102,13): error TS1382: Unexpected token. Did you mean `{'>'}` or `&gt;`?
src/utils/testingHelpers.tsx(103,5): error TS1005: '}' expected.
src/utils/testingHelpers.tsx(126,16): error TS1381: Unexpected token. Did you mean `{'}'}` or `&rbrace;`?
src/utils/testingHelpers.tsx(130,17): error TS1382: Unexpected token. Did you mean `{'>'}` or `&gt;`?
src/utils/testingHelpers.tsx(131,12): error TS17008: JSX element 'number' has no corresponding closing tag.
src/utils/testingHelpers.tsx(131,21): error TS1382: Unexpected token. Did you mean `{'>'}` or `&gt;`?
src/utils/testingHelpers.tsx(132,3): error TS1109: Expression expected.
src/utils/testingHelpers.tsx(134,21): error TS1382: Unexpected token. Did you mean `{'>'}` or `&gt;`?
src/utils/testingHelpers.tsx(139,1): error TS1381: Unexpected token. Did you mean `{'}'}` or `&rbrace;`?
src/utils/testingHelpers.tsx(142,68): error TS1382: Unexpected token. Did you mean `{'>'}` or `&gt;`?
src/utils/testingHelpers.tsx(143,3): error TS1109: Expression expected.
src/utils/testingHelpers.tsx(148,1): error TS1381: Unexpected token. Did you mean `{'}'}` or `&rbrace;`?
src/utils/testingHelpers.tsx(152,13): error TS1005: '}' expected.
src/utils/testingHelpers.tsx(152,40): error TS1382: Unexpected token. Did you mean `{'>'}` or `&gt;`?
src/utils/testingHelpers.tsx(153,5): error TS1109: Expression expected.
src/utils/testingHelpers.tsx(154,11): error TS1005: '}' expected.
src/utils/testingHelpers.tsx(154,41): error TS1381: Unexpected token. Did you mean `{'}'}` or `&rbrace;`?
src/utils/testingHelpers.tsx(156,3): error TS1381: Unexpected token. Did you mean `{'}'}` or `&rbrace;`?
src/utils/testingHelpers.tsx(158,34): error TS1382: Unexpected token. Did you mean `{'>'}` or `&gt;`?
src/utils/testingHelpers.tsx(159,5): error TS1109: Expression expected.
src/utils/testingHelpers.tsx(163,3): error TS1381: Unexpected token. Did you mean `{'}'}` or `&rbrace;`?
src/utils/testingHelpers.tsx(165,24): error TS1382: Unexpected token. Did you mean `{'>'}` or `&gt;`?
src/utils/testingHelpers.tsx(166,5): error TS1109: Expression expected.
src/utils/testingHelpers.tsx(166,57): error TS1005: '}' expected.
src/utils/testingHelpers.tsx(166,67): error TS1381: Unexpected token. Did you mean `{'}'}` or `&rbrace;`?
src/utils/testingHelpers.tsx(168,3): error TS1381: Unexpected token. Did you mean `{'}'}` or `&rbrace;`?
src/utils/testingHelpers.tsx(170,37): error TS1382: Unexpected token. Did you mean `{'>'}` or `&gt;`?
src/utils/testingHelpers.tsx(171,5): error TS1109: Expression expected.
src/utils/testingHelpers.tsx(171,60): error TS1005: '}' expected.
src/utils/testingHelpers.tsx(171,78): error TS1381: Unexpected token. Did you mean `{'}'}` or `&rbrace;`?
src/utils/testingHelpers.tsx(175,59): error TS1005: '}' expected.
src/utils/testingHelpers.tsx(175,72): error TS1381: Unexpected token. Did you mean `{'}'}` or `&rbrace;`?
src/utils/testingHelpers.tsx(177,3): error TS1381: Unexpected token. Did you mean `{'}'}` or `&rbrace;`?
src/utils/testingHelpers.tsx(179,33): error TS1382: Unexpected token. Did you mean `{'>'}` or `&gt;`?
src/utils/testingHelpers.tsx(180,5): error TS1109: Expression expected.
src/utils/testingHelpers.tsx(180,62): error TS1005: '}' expected.
src/utils/testingHelpers.tsx(180,77): error TS1381: Unexpected token. Did you mean `{'}'}` or `&rbrace;`?
src/utils/testingHelpers.tsx(182,3): error TS1381: Unexpected token. Did you mean `{'}'}` or `&rbrace;`?
src/utils/testingHelpers.tsx(182,5): error TS1381: Unexpected token. Did you mean `{'}'}` or `&rbrace;`?
src/utils/testingHelpers.tsx(186,9): error TS1005: '}' expected.
src/utils/testingHelpers.tsx(186,12): error TS1109: Expression expected.
src/utils/testingHelpers.tsx(187,13): error TS1005: '}' expected.
src/utils/testingHelpers.tsx(187,36): error TS1005: '}' expected.
src/utils/testingHelpers.tsx(188,37): error TS1381: Unexpected token. Did you mean `{'}'}` or `&rbrace;`?
src/utils/testingHelpers.tsx(189,27): error TS1382: Unexpected token. Did you mean `{'>'}` or `&gt;`?
src/utils/testingHelpers.tsx(190,27): error TS1005: '}' expected.
src/utils/testingHelpers.tsx(191,47): error TS1381: Unexpected token. Did you mean `{'}'}` or `&rbrace;`?
src/utils/testingHelpers.tsx(191,51): error TS1381: Unexpected token. Did you mean `{'}'}` or `&rbrace;`?
src/utils/testingHelpers.tsx(193,14): error TS1109: Expression expected.
src/utils/testingHelpers.tsx(194,9): error TS1005: '}' expected.
src/utils/testingHelpers.tsx(194,25): error TS1382: Unexpected token. Did you mean `{'>'}` or `&gt;`?
src/utils/testingHelpers.tsx(195,35): error TS1005: '}' expected.
src/utils/testingHelpers.tsx(195,53): error TS1381: Unexpected token. Did you mean `{'}'}` or `&rbrace;`?
src/utils/testingHelpers.tsx(195,56): error TS1381: Unexpected token. Did you mean `{'}'}` or `&rbrace;`?
src/utils/testingHelpers.tsx(196,22): error TS1109: Expression expected.
src/utils/testingHelpers.tsx(197,14): error TS1005: '}' expected.
src/utils/testingHelpers.tsx(197,32): error TS1382: Unexpected token. Did you mean `{'>'}` or `&gt;`?
src/utils/testingHelpers.tsx(198,29): error TS1005: '}' expected.
src/utils/testingHelpers.tsx(199,51): error TS1381: Unexpected token. Did you mean `{'}'}` or `&rbrace;`?
src/utils/testingHelpers.tsx(199,55): error TS1381: Unexpected token. Did you mean `{'}'}` or `&rbrace;`?
src/utils/testingHelpers.tsx(199,57): error TS1381: Unexpected token. Did you mean `{'}'}` or `&rbrace;`?
src/utils/testingHelpers.tsx(203,16): error TS1005: '}' expected.
src/utils/testingHelpers.tsx(204,37): error TS1005: '}' expected.
src/utils/testingHelpers.tsx(204,49): error TS1382: Unexpected token. Did you mean `{'>'}` or `&gt;`?
src/utils/testingHelpers.tsx(205,53): error TS1005: '}' expected.
src/utils/testingHelpers.tsx(207,42): error TS1005: '}' expected.
src/utils/testingHelpers.tsx(207,53): error TS1381: Unexpected token. Did you mean `{'}'}` or `&rbrace;`?
src/utils/testingHelpers.tsx(209,5): error TS1381: Unexpected token. Did you mean `{'}'}` or `&rbrace;`?
src/utils/testingHelpers.tsx(211,39): error TS1382: Unexpected token. Did you mean `{'>'}` or `&gt;`?
src/utils/testingHelpers.tsx(212,80): error TS1005: '}' expected.
src/utils/testingHelpers.tsx(213,47): error TS1005: '}' expected.
src/utils/testingHelpers.tsx(213,57): error TS1381: Unexpected token. Did you mean `{'}'}` or `&rbrace;`?
src/utils/testingHelpers.tsx(214,5): error TS1381: Unexpected token. Did you mean `{'}'}` or `&rbrace;`?
src/utils/testingHelpers.tsx(214,7): error TS1381: Unexpected token. Did you mean `{'}'}` or `&rbrace;`?
src/utils/testingHelpers.tsx(217,33): error TS1005: '}' expected.
src/utils/testingHelpers.tsx(217,45): error TS1382: Unexpected token. Did you mean `{'>'}` or `&gt;`?
src/utils/testingHelpers.tsx(218,40): error TS1005: '}' expected.
src/utils/testingHelpers.tsx(220,42): error TS1005: '}' expected.
src/utils/testingHelpers.tsx(220,53): error TS1381: Unexpected token. Did you mean `{'}'}` or `&rbrace;`?
src/utils/testingHelpers.tsx(222,5): error TS1381: Unexpected token. Did you mean `{'}'}` or `&rbrace;`?
src/utils/testingHelpers.tsx(224,47): error TS1382: Unexpected token. Did you mean `{'>'}` or `&gt;`?
src/utils/testingHelpers.tsx(225,55): error TS1005: '}' expected.
src/utils/testingHelpers.tsx(227,5): error TS1381: Unexpected token. Did you mean `{'}'}` or `&rbrace;`?
src/utils/testingHelpers.tsx(227,7): error TS1381: Unexpected token. Did you mean `{'}'}` or `&rbrace;`?
src/utils/testingHelpers.tsx(230,36): error TS1005: '}' expected.
src/utils/testingHelpers.tsx(230,48): error TS1382: Unexpected token. Did you mean `{'>'}` or `&gt;`?
src/utils/testingHelpers.tsx(231,53): error TS1005: '}' expected.
src/utils/testingHelpers.tsx(233,5): error TS1381: Unexpected token. Did you mean `{'}'}` or `&rbrace;`?
src/utils/testingHelpers.tsx(235,43): error TS1382: Unexpected token. Did you mean `{'>'}` or `&gt;`?
src/utils/testingHelpers.tsx(236,52): error TS1005: '}' expected.
src/utils/testingHelpers.tsx(238,5): error TS1381: Unexpected token. Did you mean `{'}'}` or `&rbrace;`?
src/utils/testingHelpers.tsx(238,7): error TS1381: Unexpected token. Did you mean `{'}'}` or `&rbrace;`?
src/utils/testingHelpers.tsx(238,9): error TS1381: Unexpected token. Did you mean `{'}'}` or `&rbrace;`?
src/utils/testingHelpers.tsx(242,18): error TS1005: '}' expected.
src/utils/testingHelpers.tsx(242,21): error TS1109: Expression expected.
src/utils/testingHelpers.tsx(243,18): error TS1005: '}' expected.
src/utils/testingHelpers.tsx(245,3): error TS1381: Unexpected token. Did you mean `{'}'}` or `&rbrace;`?
src/utils/testingHelpers.tsx(247,21): error TS1109: Expression expected.
src/utils/testingHelpers.tsx(248,16): error TS1005: '}' expected.
src/utils/testingHelpers.tsx(250,3): error TS1381: Unexpected token. Did you mean `{'}'}` or `&rbrace;`?
src/utils/testingHelpers.tsx(252,20): error TS1109: Expression expected.
src/utils/testingHelpers.tsx(253,18): error TS1005: '}' expected.
src/utils/testingHelpers.tsx(255,3): error TS1381: Unexpected token. Did you mean `{'}'}` or `&rbrace;`?
src/utils/testingHelpers.tsx(256,9): error TS1381: Unexpected token. Did you mean `{'}'}` or `&rbrace;`?
src/utils/testingHelpers.tsx(260,1): error TS1005: '</' expected.
src/utils/youtubeApiUtils.ts(57,52): error TS1138: Parameter declaration expected.
src/utils/youtubeApiUtils.ts(80,48): error TS1138: Parameter declaration expected.
stores/storeUtils.ts(68,35): error TS1138: Parameter declaration expected.
stores/storeUtils.ts(240,40): error TS1138: Parameter declaration expected.
stores/storeUtils.ts(293,62): error TS1138: Parameter declaration expected.
stores/storeUtils.ts(307,38): error TS1138: Parameter declaration expected.
test/hooks/useVideos.test.tsx(18,22): error TS1136: Property assignment expected.
test/hooks/useVideos.test.tsx(53,23): error TS1136: Property assignment expected.
test/hooks/useVideos.test.tsx(60,21): error TS1005: ',' expected.
test/hooks/useVideos.test.tsx(61,22): error TS1005: ',' expected.
test/hooks/useVideos.test.tsx(62,33): error TS1005: ',' expected.
test/hooks/useVideos.test.tsx(63,19): error TS1005: ',' expected.
test/hooks/useVideos.test.tsx(64,17): error TS1005: ',' expected.
test/hooks/useVideos.test.tsx(65,17): error TS1005: ',' expected.
test/hooks/useVideos.test.tsx(66,20): error TS1005: ',' expected.
test/hooks/useVideos.test.tsx(67,21): error TS1005: ',' expected.
test/hooks/useVideos.test.tsx(67,48): error TS1005: ',' expected.
test/hooks/useVideos.test.tsx(68,19): error TS1005: ',' expected.
test/hooks/useVideos.test.tsx(70,13): error TS1005: ',' expected.
test/hooks/useVideos.test.tsx(71,22): error TS1005: ',' expected.
test/hooks/useVideos.test.tsx(72,22): error TS1005: ',' expected.
test/hooks/useVideos.test.tsx(73,27): error TS1005: ',' expected.
test/hooks/useVideos.test.tsx(74,20): error TS1005: ',' expected.
test/hooks/useVideos.test.tsx(75,22): error TS1005: ',' expected.
test/hooks/useVideos.test.tsx(75,49): error TS1005: ',' expected.
test/hooks/useVideos.test.tsx(77,17): error TS1003: Identifier expected.
test/hooks/useVideos.test.tsx(77,26): error TS1005: ':' expected.
test/hooks/useVideos.test.tsx(78,18): error TS1003: Identifier expected.
test/hooks/useVideos.test.tsx(78,32): error TS1005: ':' expected.
test/hooks/useVideos.test.tsx(79,26): error TS1003: Identifier expected.
test/hooks/useVideos.test.tsx(79,46): error TS1005: ':' expected.
test/hooks/useVideos.test.tsx(80,25): error TS1003: Identifier expected.
test/hooks/useVideos.test.tsx(80,57): error TS1005: ':' expected.
test/hooks/useVideos.test.tsx(81,21): error TS1003: Identifier expected.
test/hooks/useVideos.test.tsx(81,49): error TS1005: ':' expected.
test/hooks/useVideos.test.tsx(82,18): error TS1003: Identifier expected.
test/hooks/useVideos.test.tsx(82,22): error TS1005: ':' expected.
test/hooks/useVideos.test.tsx(83,29): error TS1003: Identifier expected.
test/hooks/useVideos.test.tsx(83,39): error TS1005: ':' expected.
test/hooks/useVideos.test.tsx(84,18): error TS1003: Identifier expected.
test/hooks/useVideos.test.tsx(84,20): error TS1005: ':' expected.
test/hooks/useVideos.test.tsx(85,23): error TS1003: Identifier expected.
test/hooks/useVideos.test.tsx(85,24): error TS1005: ':' expected.
test/hooks/useVideos.test.tsx(86,25): error TS1003: Identifier expected.
test/hooks/useVideos.test.tsx(86,27): error TS1005: ':' expected.
test/hooks/useVideos.test.tsx(87,23): error TS1180: Property destructuring pattern expected.
test/hooks/useVideos.test.tsx(88,19): error TS1003: Identifier expected.
test/hooks/useVideos.test.tsx(88,30): error TS1005: ':' expected.
test/hooks/useVideos.test.tsx(89,17): error TS1003: Identifier expected.
test/hooks/useVideos.test.tsx(89,33): error TS1005: ':' expected.
test/hooks/useVideos.test.tsx(90,26): error TS1003: Identifier expected.
test/hooks/useVideos.test.tsx(90,59): error TS1005: ':' expected.
test/hooks/useVideos.test.tsx(91,24): error TS1003: Identifier expected.
test/hooks/useVideos.test.tsx(91,28): error TS1005: ':' expected.
test/hooks/useVideos.test.tsx(92,37): error TS1003: Identifier expected.
test/hooks/useVideos.test.tsx(92,53): error TS1005: ':' expected.
test/hooks/useVideos.test.tsx(93,23): error TS1359: Identifier expected. 'false' is a reserved word that cannot be used here.
test/hooks/useVideos.test.tsx(93,29): error TS1005: ':' expected.
test/hooks/useVideos.test.tsx(94,23): error TS1003: Identifier expected.
test/hooks/useVideos.test.tsx(94,29): error TS1005: ':' expected.
test/hooks/useVideos.test.tsx(95,24): error TS1359: Identifier expected. 'new' is a reserved word that cannot be used here.
test/hooks/useVideos.test.tsx(95,28): error TS1005: ':' expected.
test/hooks/useVideos.test.tsx(95,32): error TS1005: ',' expected.
test/hooks/useVideos.test.tsx(95,33): error TS1109: Expression expected.
test/hooks/useVideos.test.tsx(96,33): error TS1005: ';' expected.
test/hooks/useVideos.test.tsx(97,19): error TS1005: ';' expected.
test/hooks/useVideos.test.tsx(98,17): error TS1005: ';' expected.
test/hooks/useVideos.test.tsx(99,19): error TS1005: ';' expected.
test/hooks/useVideos.test.tsx(100,18): error TS1005: ';' expected.
test/hooks/useVideos.test.tsx(101,23): error TS1005: ';' expected.
test/hooks/useVideos.test.tsx(102,17): error TS1005: ';' expected.
test/hooks/useVideos.test.tsx(102,47): error TS1005: ';' expected.
test/hooks/useVideos.test.tsx(102,51): error TS1128: Declaration or statement expected.
test/hooks/useVideos.test.tsx(105,22): error TS1005: ';' expected.
test/hooks/useVideos.test.tsx(106,22): error TS1005: ';' expected.
test/hooks/useVideos.test.tsx(107,27): error TS1005: ';' expected.
test/hooks/useVideos.test.tsx(108,20): error TS1005: ';' expected.
test/hooks/useVideos.test.tsx(109,22): error TS1005: ';' expected.
test/hooks/useVideos.test.tsx(109,50): error TS1005: ',' expected.
test/hooks/useVideos.test.tsx(109,51): error TS1135: Argument expression expected.
test/hooks/useVideos.test.tsx(110,18): error TS1005: ',' expected.
test/hooks/useVideos.test.tsx(110,21): error TS1136: Property assignment expected.
test/hooks/useVideos.test.tsx(115,19): error TS1005: ',' expected.
test/hooks/useVideos.test.tsx(116,18): error TS1005: ',' expected.
test/hooks/useVideos.test.tsx(116,26): error TS1005: ',' expected.
test/hooks/useVideos.test.tsx(116,27): error TS1005: ')' expected.
test/hooks/useVideos.test.tsx(177,3): error TS1128: Declaration or statement expected.
test/hooks/useVideos.test.tsx(177,4): error TS1128: Declaration or statement expected.
test/hooks/useVideos.test.tsx(192,19): error TS1136: Property assignment expected.
test/hooks/useVideos.test.tsx(291,23): error TS1136: Property assignment expected.
test/hooks/useVideos.test.tsx(298,21): error TS1005: ',' expected.
test/hooks/useVideos.test.tsx(299,22): error TS1005: ',' expected.
test/hooks/useVideos.test.tsx(300,33): error TS1005: ',' expected.
test/hooks/useVideos.test.tsx(301,19): error TS1005: ',' expected.
test/hooks/useVideos.test.tsx(302,17): error TS1005: ',' expected.
test/hooks/useVideos.test.tsx(303,17): error TS1005: ',' expected.
test/hooks/useVideos.test.tsx(304,20): error TS1005: ',' expected.
test/hooks/useVideos.test.tsx(305,21): error TS1005: ',' expected.
test/hooks/useVideos.test.tsx(305,48): error TS1005: ',' expected.
test/hooks/useVideos.test.tsx(306,19): error TS1005: ',' expected.
test/hooks/useVideos.test.tsx(308,13): error TS1005: ',' expected.
test/hooks/useVideos.test.tsx(309,22): error TS1005: ',' expected.
test/hooks/useVideos.test.tsx(310,22): error TS1005: ',' expected.
test/hooks/useVideos.test.tsx(311,27): error TS1005: ',' expected.
test/hooks/useVideos.test.tsx(312,20): error TS1005: ',' expected.
test/hooks/useVideos.test.tsx(313,22): error TS1005: ',' expected.
test/hooks/useVideos.test.tsx(313,49): error TS1005: ',' expected.
test/hooks/useVideos.test.tsx(315,17): error TS1003: Identifier expected.
test/hooks/useVideos.test.tsx(315,29): error TS1005: ':' expected.
test/hooks/useVideos.test.tsx(316,18): error TS1003: Identifier expected.
test/hooks/useVideos.test.tsx(316,36): error TS1005: ':' expected.
test/hooks/useVideos.test.tsx(317,26): error TS1003: Identifier expected.
test/hooks/useVideos.test.tsx(317,41): error TS1005: ':' expected.
test/hooks/useVideos.test.tsx(318,25): error TS1003: Identifier expected.
test/hooks/useVideos.test.tsx(318,57): error TS1005: ':' expected.
test/hooks/useVideos.test.tsx(319,21): error TS1003: Identifier expected.
test/hooks/useVideos.test.tsx(319,49): error TS1005: ':' expected.
test/hooks/useVideos.test.tsx(320,18): error TS1003: Identifier expected.
test/hooks/useVideos.test.tsx(320,22): error TS1005: ':' expected.
test/hooks/useVideos.test.tsx(321,29): error TS1003: Identifier expected.
test/hooks/useVideos.test.tsx(321,39): error TS1005: ':' expected.
test/hooks/useVideos.test.tsx(322,18): error TS1003: Identifier expected.
test/hooks/useVideos.test.tsx(322,20): error TS1005: ':' expected.
test/hooks/useVideos.test.tsx(323,23): error TS1003: Identifier expected.
test/hooks/useVideos.test.tsx(323,24): error TS1005: ':' expected.
test/hooks/useVideos.test.tsx(324,25): error TS1003: Identifier expected.
test/hooks/useVideos.test.tsx(324,27): error TS1005: ':' expected.
test/hooks/useVideos.test.tsx(325,23): error TS1180: Property destructuring pattern expected.
test/hooks/useVideos.test.tsx(326,19): error TS1003: Identifier expected.
test/hooks/useVideos.test.tsx(326,30): error TS1005: ':' expected.
test/hooks/useVideos.test.tsx(327,17): error TS1003: Identifier expected.
test/hooks/useVideos.test.tsx(327,28): error TS1005: ':' expected.
test/hooks/useVideos.test.tsx(328,26): error TS1003: Identifier expected.
test/hooks/useVideos.test.tsx(328,59): error TS1005: ':' expected.
test/hooks/useVideos.test.tsx(329,24): error TS1003: Identifier expected.
test/hooks/useVideos.test.tsx(329,28): error TS1005: ':' expected.
test/hooks/useVideos.test.tsx(330,37): error TS1003: Identifier expected.
test/hooks/useVideos.test.tsx(330,53): error TS1005: ':' expected.
test/hooks/useVideos.test.tsx(331,23): error TS1359: Identifier expected. 'false' is a reserved word that cannot be used here.
test/hooks/useVideos.test.tsx(331,29): error TS1005: ':' expected.
test/hooks/useVideos.test.tsx(332,23): error TS1003: Identifier expected.
test/hooks/useVideos.test.tsx(332,29): error TS1005: ':' expected.
test/hooks/useVideos.test.tsx(333,24): error TS1359: Identifier expected. 'new' is a reserved word that cannot be used here.
test/hooks/useVideos.test.tsx(333,28): error TS1005: ':' expected.
test/hooks/useVideos.test.tsx(333,32): error TS1005: ',' expected.
test/hooks/useVideos.test.tsx(333,33): error TS1109: Expression expected.
test/hooks/useVideos.test.tsx(334,33): error TS1005: ';' expected.
test/hooks/useVideos.test.tsx(335,19): error TS1005: ';' expected.
test/hooks/useVideos.test.tsx(336,17): error TS1005: ';' expected.
test/hooks/useVideos.test.tsx(337,19): error TS1005: ';' expected.
test/hooks/useVideos.test.tsx(338,18): error TS1005: ';' expected.
test/hooks/useVideos.test.tsx(339,23): error TS1005: ';' expected.
test/hooks/useVideos.test.tsx(340,17): error TS1005: ';' expected.
test/hooks/useVideos.test.tsx(340,47): error TS1005: ';' expected.
test/hooks/useVideos.test.tsx(340,51): error TS1128: Declaration or statement expected.
test/hooks/useVideos.test.tsx(343,22): error TS1005: ';' expected.
test/hooks/useVideos.test.tsx(344,22): error TS1005: ';' expected.
test/hooks/useVideos.test.tsx(345,27): error TS1005: ';' expected.
test/hooks/useVideos.test.tsx(346,20): error TS1005: ';' expected.
test/hooks/useVideos.test.tsx(347,22): error TS1005: ';' expected.
test/hooks/useVideos.test.tsx(347,50): error TS1005: ',' expected.
test/hooks/useVideos.test.tsx(347,51): error TS1135: Argument expression expected.
test/hooks/useVideos.test.tsx(348,18): error TS1005: ',' expected.
test/hooks/useVideos.test.tsx(348,21): error TS1136: Property assignment expected.
test/hooks/useVideos.test.tsx(353,19): error TS1005: ',' expected.
test/hooks/useVideos.test.tsx(354,18): error TS1005: ',' expected.
test/hooks/useVideos.test.tsx(354,26): error TS1005: ',' expected.
test/hooks/useVideos.test.tsx(354,27): error TS1005: ')' expected.
test/hooks/useVideos.test.tsx(369,5): error TS1128: Declaration or statement expected.
test/hooks/useVideos.test.tsx(369,6): error TS1128: Declaration or statement expected.
test/hooks/useVideos.test.tsx(394,3): error TS1128: Declaration or statement expected.
test/hooks/useVideos.test.tsx(394,4): error TS1128: Declaration or statement expected.
test/hooks/useVideos.test.tsx(411,23): error TS1136: Property assignment expected.
test/hooks/useVideos.test.tsx(418,21): error TS1005: ',' expected.
test/hooks/useVideos.test.tsx(419,22): error TS1005: ',' expected.
test/hooks/useVideos.test.tsx(420,33): error TS1005: ',' expected.
test/hooks/useVideos.test.tsx(421,19): error TS1005: ',' expected.
test/hooks/useVideos.test.tsx(422,17): error TS1005: ',' expected.
test/hooks/useVideos.test.tsx(423,17): error TS1005: ',' expected.
test/hooks/useVideos.test.tsx(424,20): error TS1005: ',' expected.
test/hooks/useVideos.test.tsx(425,21): error TS1005: ',' expected.
test/hooks/useVideos.test.tsx(425,48): error TS1005: ',' expected.
test/hooks/useVideos.test.tsx(426,19): error TS1005: ',' expected.
test/hooks/useVideos.test.tsx(428,13): error TS1005: ',' expected.
test/hooks/useVideos.test.tsx(429,22): error TS1005: ',' expected.
test/hooks/useVideos.test.tsx(430,22): error TS1005: ',' expected.
test/hooks/useVideos.test.tsx(431,27): error TS1005: ',' expected.
test/hooks/useVideos.test.tsx(432,20): error TS1005: ',' expected.
test/hooks/useVideos.test.tsx(433,22): error TS1005: ',' expected.
test/hooks/useVideos.test.tsx(433,49): error TS1005: ',' expected.
test/hooks/useVideos.test.tsx(435,17): error TS1003: Identifier expected.
test/hooks/useVideos.test.tsx(435,26): error TS1005: ':' expected.
test/hooks/useVideos.test.tsx(436,18): error TS1003: Identifier expected.
test/hooks/useVideos.test.tsx(436,33): error TS1005: ':' expected.
test/hooks/useVideos.test.tsx(437,26): error TS1003: Identifier expected.
test/hooks/useVideos.test.tsx(437,47): error TS1005: ':' expected.
test/hooks/useVideos.test.tsx(438,25): error TS1003: Identifier expected.
test/hooks/useVideos.test.tsx(438,57): error TS1005: ':' expected.
test/hooks/useVideos.test.tsx(439,21): error TS1003: Identifier expected.
test/hooks/useVideos.test.tsx(439,49): error TS1005: ':' expected.
test/hooks/useVideos.test.tsx(440,18): error TS1003: Identifier expected.
test/hooks/useVideos.test.tsx(440,22): error TS1005: ':' expected.
test/hooks/useVideos.test.tsx(441,29): error TS1003: Identifier expected.
test/hooks/useVideos.test.tsx(441,39): error TS1005: ':' expected.
test/hooks/useVideos.test.tsx(442,18): error TS1003: Identifier expected.
test/hooks/useVideos.test.tsx(442,21): error TS1005: ':' expected.
test/hooks/useVideos.test.tsx(443,23): error TS1003: Identifier expected.
test/hooks/useVideos.test.tsx(443,24): error TS1005: ':' expected.
test/hooks/useVideos.test.tsx(444,25): error TS1003: Identifier expected.
test/hooks/useVideos.test.tsx(444,27): error TS1005: ':' expected.
test/hooks/useVideos.test.tsx(445,23): error TS1180: Property destructuring pattern expected.
test/hooks/useVideos.test.tsx(446,19): error TS1003: Identifier expected.
test/hooks/useVideos.test.tsx(446,30): error TS1005: ':' expected.
test/hooks/useVideos.test.tsx(447,17): error TS1003: Identifier expected.
test/hooks/useVideos.test.tsx(447,34): error TS1005: ':' expected.
test/hooks/useVideos.test.tsx(448,26): error TS1003: Identifier expected.
test/hooks/useVideos.test.tsx(448,59): error TS1005: ':' expected.
test/hooks/useVideos.test.tsx(449,24): error TS1003: Identifier expected.
test/hooks/useVideos.test.tsx(449,29): error TS1005: ':' expected.
test/hooks/useVideos.test.tsx(450,37): error TS1003: Identifier expected.
test/hooks/useVideos.test.tsx(450,54): error TS1005: ':' expected.
test/hooks/useVideos.test.tsx(451,23): error TS1359: Identifier expected. 'true' is a reserved word that cannot be used here.
test/hooks/useVideos.test.tsx(451,28): error TS1005: ':' expected.
test/hooks/useVideos.test.tsx(452,23): error TS1003: Identifier expected.
test/hooks/useVideos.test.tsx(452,29): error TS1005: ':' expected.
test/hooks/useVideos.test.tsx(453,24): error TS1359: Identifier expected. 'new' is a reserved word that cannot be used here.
test/hooks/useVideos.test.tsx(453,28): error TS1005: ':' expected.
test/hooks/useVideos.test.tsx(453,32): error TS1005: ',' expected.
test/hooks/useVideos.test.tsx(453,33): error TS1109: Expression expected.
test/hooks/useVideos.test.tsx(454,33): error TS1005: ';' expected.
test/hooks/useVideos.test.tsx(455,19): error TS1005: ';' expected.
test/hooks/useVideos.test.tsx(456,17): error TS1005: ';' expected.
test/hooks/useVideos.test.tsx(457,19): error TS1005: ';' expected.
test/hooks/useVideos.test.tsx(458,18): error TS1005: ';' expected.
test/hooks/useVideos.test.tsx(459,23): error TS1005: ';' expected.
test/hooks/useVideos.test.tsx(460,17): error TS1005: ';' expected.
test/hooks/useVideos.test.tsx(460,47): error TS1005: ';' expected.
test/hooks/useVideos.test.tsx(460,51): error TS1128: Declaration or statement expected.
test/hooks/useVideos.test.tsx(463,22): error TS1005: ';' expected.
test/hooks/useVideos.test.tsx(464,22): error TS1005: ';' expected.
test/hooks/useVideos.test.tsx(465,27): error TS1005: ';' expected.
test/hooks/useVideos.test.tsx(466,20): error TS1005: ';' expected.
test/hooks/useVideos.test.tsx(467,22): error TS1005: ';' expected.
test/hooks/useVideos.test.tsx(467,50): error TS1005: ',' expected.
test/hooks/useVideos.test.tsx(467,51): error TS1135: Argument expression expected.
test/hooks/useVideos.test.tsx(468,18): error TS1005: ',' expected.
test/hooks/useVideos.test.tsx(468,21): error TS1136: Property assignment expected.
test/hooks/useVideos.test.tsx(473,19): error TS1005: ',' expected.
test/hooks/useVideos.test.tsx(474,18): error TS1005: ',' expected.
test/hooks/useVideos.test.tsx(474,26): error TS1005: ',' expected.
test/hooks/useVideos.test.tsx(474,27): error TS1005: ')' expected.
test/hooks/useVideos.test.tsx(489,5): error TS1128: Declaration or statement expected.
test/hooks/useVideos.test.tsx(489,6): error TS1128: Declaration or statement expected.
test/hooks/useVideos.test.tsx(490,3): error TS1128: Declaration or statement expected.
test/hooks/useVideos.test.tsx(490,4): error TS1128: Declaration or statement expected.
test/hooks/useVideos.test.tsx(507,23): error TS1136: Property assignment expected.
test/hooks/useVideos.test.tsx(514,21): error TS1005: ',' expected.
test/hooks/useVideos.test.tsx(515,22): error TS1005: ',' expected.
test/hooks/useVideos.test.tsx(516,33): error TS1005: ',' expected.
test/hooks/useVideos.test.tsx(517,19): error TS1005: ',' expected.
test/hooks/useVideos.test.tsx(518,17): error TS1005: ',' expected.
test/hooks/useVideos.test.tsx(519,19): error TS1005: ',' expected.
test/hooks/useVideos.test.tsx(520,18): error TS1005: ',' expected.
test/hooks/useVideos.test.tsx(521,23): error TS1005: ',' expected.
test/hooks/useVideos.test.tsx(522,17): error TS1005: ',' expected.
test/hooks/useVideos.test.tsx(522,47): error TS1005: ',' expected.
test/hooks/useVideos.test.tsx(524,13): error TS1005: ',' expected.
test/hooks/useVideos.test.tsx(525,22): error TS1005: ',' expected.
test/hooks/useVideos.test.tsx(526,22): error TS1005: ',' expected.
test/hooks/useVideos.test.tsx(527,27): error TS1005: ',' expected.
test/hooks/useVideos.test.tsx(528,20): error TS1005: ',' expected.
test/hooks/useVideos.test.tsx(529,22): error TS1005: ',' expected.
test/hooks/useVideos.test.tsx(529,49): error TS1005: ',' expected.
test/hooks/useVideos.test.tsx(531,17): error TS1003: Identifier expected.
test/hooks/useVideos.test.tsx(531,27): error TS1005: ':' expected.
test/hooks/useVideos.test.tsx(532,18): error TS1003: Identifier expected.
test/hooks/useVideos.test.tsx(532,35): error TS1005: ':' expected.
test/hooks/useVideos.test.tsx(533,26): error TS1003: Identifier expected.
test/hooks/useVideos.test.tsx(533,48): error TS1005: ':' expected.
test/hooks/useVideos.test.tsx(534,25): error TS1003: Identifier expected.
test/hooks/useVideos.test.tsx(534,58): error TS1005: ':' expected.
test/hooks/useVideos.test.tsx(535,21): error TS1003: Identifier expected.
test/hooks/useVideos.test.tsx(535,50): error TS1005: ':' expected.
test/hooks/useVideos.test.tsx(536,18): error TS1003: Identifier expected.
test/hooks/useVideos.test.tsx(536,22): error TS1005: ':' expected.
test/hooks/useVideos.test.tsx(537,29): error TS1003: Identifier expected.
test/hooks/useVideos.test.tsx(537,39): error TS1005: ':' expected.
test/hooks/useVideos.test.tsx(538,18): error TS1003: Identifier expected.
test/hooks/useVideos.test.tsx(538,21): error TS1005: ':' expected.
test/hooks/useVideos.test.tsx(539,23): error TS1003: Identifier expected.
test/hooks/useVideos.test.tsx(539,24): error TS1005: ':' expected.
test/hooks/useVideos.test.tsx(540,25): error TS1003: Identifier expected.
test/hooks/useVideos.test.tsx(540,27): error TS1005: ':' expected.
test/hooks/useVideos.test.tsx(541,23): error TS1180: Property destructuring pattern expected.
test/hooks/useVideos.test.tsx(542,19): error TS1003: Identifier expected.
test/hooks/useVideos.test.tsx(542,30): error TS1005: ':' expected.
test/hooks/useVideos.test.tsx(543,17): error TS1003: Identifier expected.
test/hooks/useVideos.test.tsx(543,35): error TS1005: ':' expected.
test/hooks/useVideos.test.tsx(544,26): error TS1003: Identifier expected.
test/hooks/useVideos.test.tsx(544,59): error TS1005: ':' expected.
test/hooks/useVideos.test.tsx(545,24): error TS1003: Identifier expected.
test/hooks/useVideos.test.tsx(545,29): error TS1005: ':' expected.
test/hooks/useVideos.test.tsx(546,37): error TS1003: Identifier expected.
test/hooks/useVideos.test.tsx(546,54): error TS1005: ':' expected.
test/hooks/useVideos.test.tsx(547,23): error TS1359: Identifier expected. 'true' is a reserved word that cannot be used here.
test/hooks/useVideos.test.tsx(547,28): error TS1005: ':' expected.
test/hooks/useVideos.test.tsx(548,23): error TS1003: Identifier expected.
test/hooks/useVideos.test.tsx(548,29): error TS1005: ':' expected.
test/hooks/useVideos.test.tsx(549,24): error TS1359: Identifier expected. 'new' is a reserved word that cannot be used here.
test/hooks/useVideos.test.tsx(549,28): error TS1005: ':' expected.
test/hooks/useVideos.test.tsx(549,32): error TS1005: ',' expected.
test/hooks/useVideos.test.tsx(549,33): error TS1109: Expression expected.
test/hooks/useVideos.test.tsx(550,33): error TS1005: ';' expected.
test/hooks/useVideos.test.tsx(551,19): error TS1005: ';' expected.
test/hooks/useVideos.test.tsx(552,17): error TS1005: ';' expected.
test/hooks/useVideos.test.tsx(553,19): error TS1005: ';' expected.
test/hooks/useVideos.test.tsx(554,18): error TS1005: ';' expected.
test/hooks/useVideos.test.tsx(555,23): error TS1005: ';' expected.
test/hooks/useVideos.test.tsx(556,17): error TS1005: ';' expected.
test/hooks/useVideos.test.tsx(556,47): error TS1005: ';' expected.
test/hooks/useVideos.test.tsx(556,51): error TS1128: Declaration or statement expected.
test/hooks/useVideos.test.tsx(559,22): error TS1005: ';' expected.
test/hooks/useVideos.test.tsx(560,22): error TS1005: ';' expected.
test/hooks/useVideos.test.tsx(561,27): error TS1005: ';' expected.
test/hooks/useVideos.test.tsx(562,20): error TS1005: ';' expected.
test/hooks/useVideos.test.tsx(563,22): error TS1005: ';' expected.
test/hooks/useVideos.test.tsx(563,50): error TS1005: ',' expected.
test/hooks/useVideos.test.tsx(563,51): error TS1135: Argument expression expected.
test/hooks/useVideos.test.tsx(564,18): error TS1005: ',' expected.
test/hooks/useVideos.test.tsx(564,21): error TS1136: Property assignment expected.
test/hooks/useVideos.test.tsx(569,19): error TS1005: ',' expected.
test/hooks/useVideos.test.tsx(570,18): error TS1005: ',' expected.
test/hooks/useVideos.test.tsx(570,26): error TS1005: ',' expected.
test/hooks/useVideos.test.tsx(570,27): error TS1005: ')' expected.
test/hooks/useVideos.test.tsx(588,5): error TS1128: Declaration or statement expected.
test/hooks/useVideos.test.tsx(588,6): error TS1128: Declaration or statement expected.
test/hooks/useVideos.test.tsx(624,3): error TS1128: Declaration or statement expected.
test/hooks/useVideos.test.tsx(624,4): error TS1128: Declaration or statement expected.
test/hooks/useVideos.test.tsx(739,1): error TS1128: Declaration or statement expected.
test/hooks/useVideos.test.tsx(739,2): error TS1128: Declaration or statement expected.
test/integration/CommunityPage.test.tsx(9,31): error TS1136: Property assignment expected.
test/integration/CommunityPage.test.tsx(34,20): error TS1136: Property assignment expected.
test/test-utils.tsx(20,21): error TS1136: Property assignment expected.
test/test-utils.tsx(35,25): error TS1136: Property assignment expected.
test/test-utils.tsx(71,22): error TS1136: Property assignment expected.
test/test-utils.tsx(76,23): error TS1136: Property assignment expected.
test/test-utils.tsx(94,23): error TS1109: Expression expected.
test/test-utils.tsx(95,5): error TS1005: ')' expected.
test/test-utils.tsx(96,44): error TS1005: ',' expected.
test/test-utils.tsx(96,46): error TS1005: ';' expected.
test/test-utils.tsx(103,28): error TS1136: Property assignment expected.
test/test-utils.tsx(248,20): error TS1136: Property assignment expected.
test/test-utils.tsx(309,22): error TS1136: Property assignment expected.
test/test-utils.tsx(314,23): error TS1136: Property assignment expected.
tests/examples/integration.test.tsx(552,31): error TS1136: Property assignment expected.
tests/examples/VideoDescription.test.tsx(23,21): error TS1136: Property assignment expected.
utils/accessibilityUtils.tsx(16,40): error TS1131: Property or signature expected.
utils/accessibilityUtils.tsx(18,33): error TS1131: Property or signature expected.
utils/accessibilityUtils.tsx(360,18): error TS1136: Property assignment expected.
utils/accessibilityUtils.tsx(447,30): error TS1005: ',' expected.
utils/accessibilityUtils.tsx(453,13): error TS1136: Property assignment expected.
utils/accessibilityUtils.tsx(466,63): error TS1131: Property or signature expected.
utils/accessibilityUtils.tsx(472,24): error TS1131: Property or signature expected.
utils/accessibilityUtils.tsx(473,9): error TS1005: '>' expected.
utils/accessibilityUtils.tsx(473,11): error TS1134: Variable declaration expected.
utils/accessibilityUtils.tsx(474,18): error TS1005: ';' expected.
utils/accessibilityUtils.tsx(475,4): error TS1109: Expression expected.
utils/accessibilityUtils.tsx(475,6): error TS1109: Expression expected.
utils/accessibilityUtils.tsx(483,58): error TS1005: ',' expected.
utils/accessibilityUtils.tsx(545,10): error TS1128: Declaration or statement expected.
utils/advancedMonitoring.ts(200,7): error TS1128: Declaration or statement expected.
utils/advancedMonitoring.ts(201,7): error TS1128: Declaration or statement expected.
utils/advancedMonitoring.ts(599,50): error TS1005: ',' expected.
utils/advancedMonitoring.ts(600,13): error TS1003: Identifier expected.
utils/advancedMonitoring.ts(600,18): error TS1005: ',' expected.
utils/advancedMonitoring.ts(600,29): error TS1005: ',' expected.
utils/advancedMonitoring.ts(600,31): error TS1005: ';' expected.
utils/advancedMonitoring.ts(608,6): error TS1068: Unexpected token. A constructor, method, accessor, or property was expected.
utils/advancedMonitoring.ts(611,3): error TS1128: Declaration or statement expected.
utils/advancedMonitoring.ts(611,27): error TS1005: ';' expected.
utils/advancedMonitoring.ts(613,9): error TS1005: ':' expected.
utils/advancedMonitoring.ts(616,40): error TS1005: ',' expected.
utils/advancedMonitoring.ts(619,11): error TS1005: ':' expected.
utils/advancedMonitoring.ts(619,62): error TS1005: ',' expected.
utils/advancedMonitoring.ts(620,11): error TS1005: ':' expected.
utils/advancedMonitoring.ts(620,68): error TS1005: ',' expected.
utils/advancedMonitoring.ts(622,12): error TS1005: ',' expected.
utils/advancedMonitoring.ts(629,6): error TS1005: ',' expected.
utils/advancedMonitoring.ts(631,12): error TS1005: ',' expected.
utils/advancedMonitoring.ts(638,6): error TS1005: ',' expected.
utils/advancedMonitoring.ts(641,3): error TS1128: Declaration or statement expected.
utils/advancedMonitoring.ts(641,24): error TS1005: ';' expected.
utils/advancedMonitoring.ts(642,11): error TS1005: ',' expected.
utils/advancedMonitoring.ts(642,63): error TS1005: ',' expected.
utils/advancedMonitoring.ts(643,11): error TS1003: Identifier expected.
utils/advancedMonitoring.ts(643,16): error TS1005: ',' expected.
utils/advancedMonitoring.ts(643,27): error TS1005: ',' expected.
utils/advancedMonitoring.ts(643,29): error TS1005: ',' expected.
utils/advancedMonitoring.ts(653,5): error TS1128: Declaration or statement expected.
utils/advancedMonitoring.ts(653,6): error TS1128: Declaration or statement expected.
utils/advancedMonitoring.ts(655,76): error TS1005: ',' expected.
utils/advancedMonitoring.ts(656,11): error TS1003: Identifier expected.
utils/advancedMonitoring.ts(656,16): error TS1005: ',' expected.
utils/advancedMonitoring.ts(656,27): error TS1005: ',' expected.
utils/advancedMonitoring.ts(656,29): error TS1005: ';' expected.
utils/advancedMonitoring.ts(662,5): error TS1128: Declaration or statement expected.
utils/advancedMonitoring.ts(662,6): error TS1128: Declaration or statement expected.
utils/advancedMonitoring.ts(663,3): error TS1128: Declaration or statement expected.
utils/advancedMonitoring.ts(665,3): error TS1128: Declaration or statement expected.
utils/advancedMonitoring.ts(665,29): error TS1005: ';' expected.
utils/advancedMonitoring.ts(667,9): error TS1003: Identifier expected.
utils/advancedMonitoring.ts(673,5): error TS1005: ',' expected.
utils/advancedMonitoring.ts(673,11): error TS1005: ':' expected.
utils/advancedMonitoring.ts(686,7): error TS1005: ',' expected.
utils/advancedMonitoring.ts(688,13): error TS1005: ',' expected.
utils/advancedMonitoring.ts(688,74): error TS1005: ',' expected.
utils/advancedMonitoring.ts(690,1): error TS1128: Declaration or statement expected.
utils/advancedMonitoring.ts(746,79): error TS1109: Expression expected.
utils/advancedMonitoring.ts(798,19): error TS1005: ',' expected.
utils/componentOptimization.tsx(84,45): error TS1138: Parameter declaration expected.
utils/componentOptimization.tsx(86,3): error TS1005: ',' expected.
utils/componentOptimization.tsx(91,66): error TS1005: ',' expected.
utils/componentOptimization.tsx(126,4): error TS1128: Declaration or statement expected.
utils/componentOptimization.tsx(133,66): error TS1138: Parameter declaration expected.
utils/componentOptimization.tsx(166,37): error TS1138: Parameter declaration expected.
utils/componentOptimization.tsx(210,68): error TS1138: Parameter declaration expected.
utils/componentOptimization.tsx(212,3): error TS1005: ',' expected.
utils/componentOptimization.tsx(339,57): error TS1138: Parameter declaration expected.
utils/componentOptimization.tsx(367,61): error TS1138: Parameter declaration expected.
utils/componentOptimization.tsx(369,3): error TS1005: ',' expected.
utils/componentOptimization.tsx(386,81): error TS1109: Expression expected.
utils/componentOptimization.tsx(387,6): error TS1005: ')' expected.
utils/componentOptimization.tsx(388,16): error TS1005: ';' expected.
utils/componentOptimization.tsx(389,25): error TS1005: ';' expected.
utils/componentOptimization.tsx(389,27): error TS1434: Unexpected keyword or identifier.
utils/componentOptimization.tsx(389,30): error TS1128: Declaration or statement expected.
utils/componentOptimization.tsx(389,32): error TS1005: ';' expected.
utils/componentOptimization.tsx(394,6): error TS1128: Declaration or statement expected.
utils/componentOptimization.tsx(394,10): error TS1005: ';' expected.
utils/componentOptimization.tsx(401,3): error TS1128: Declaration or statement expected.
utils/componentOptimization.tsx(401,4): error TS1128: Declaration or statement expected.
utils/componentOptimization.tsx(404,38): error TS1138: Parameter declaration expected.
utils/componentOptimization.tsx(406,38): error TS1005: ',' expected.
utils/componentOptimization.tsx(422,66): error TS1138: Parameter declaration expected.
utils/componentOptimizations.ts(6,44): error TS1138: Parameter declaration expected.
utils/componentOptimizations.ts(8,3): error TS1005: ',' expected.
utils/componentOptimizations.ts(16,51): error TS1138: Parameter declaration expected.
utils/componentOptimizations.ts(18,3): error TS1005: ',' expected.
utils/componentOptimizations.ts(43,6): error TS1136: Property assignment expected.
utils/componentOptimizations.ts(44,58): error TS1005: '=>' expected.
utils/componentOptimizations.ts(44,68): error TS1005: ';' expected.
utils/componentOptimizations.ts(59,4): error TS1128: Declaration or statement expected.
utils/componentOptimizations.ts(63,6): error TS1128: Declaration or statement expected.
utils/componentOptimizations.ts(70,6): error TS1109: Expression expected.
utils/componentOptimizations.ts(71,11): error TS1005: ';' expected.
utils/componentOptimizations.ts(82,7): error TS1128: Declaration or statement expected.
utils/componentOptimizations.ts(90,6): error TS1136: Property assignment expected.
utils/componentOptimizations.ts(91,64): error TS1005: '=>' expected.
utils/componentOptimizations.ts(91,73): error TS1005: ';' expected.
utils/componentOptimizations.ts(99,4): error TS1128: Declaration or statement expected.
utils/componentOptimizations.ts(103,6): error TS1128: Declaration or statement expected.
utils/componentOptimizations.ts(110,5): error TS1128: Declaration or statement expected.
utils/componentOptimizations.ts(118,6): error TS1136: Property assignment expected.
utils/componentOptimizations.ts(119,66): error TS1005: ',' expected.
utils/componentOptimizations.ts(120,5): error TS1131: Property or signature expected.
utils/componentOptimizations.ts(134,3): error TS1128: Declaration or statement expected.
utils/componentOptimizations.ts(134,4): error TS1128: Declaration or statement expected.
utils/componentOptimizations.ts(138,6): error TS1128: Declaration or statement expected.
utils/componentOptimizations.ts(149,5): error TS1128: Declaration or statement expected.
utils/componentOptimizations.ts(157,6): error TS1136: Property assignment expected.
utils/componentOptimizations.ts(158,27): error TS1005: ',' expected.
utils/componentOptimizations.ts(169,6): error TS1109: Expression expected.
utils/componentOptimizations.ts(170,19): error TS1005: ';' expected.
utils/componentOptimizations.ts(175,5): error TS1128: Declaration or statement expected.
utils/componentUtils.tsx(71,38): error TS1109: Expression expected.
utils/componentUtils.tsx(72,8): error TS1005: ')' expected.
utils/componentUtils.tsx(74,1): error TS1128: Declaration or statement expected.
utils/componentUtils.tsx(74,2): error TS1128: Declaration or statement expected.
utils/deploymentAutomation.ts(734,30): error TS1138: Parameter declaration expected.
utils/deploymentAutomation.ts(972,35): error TS1138: Parameter declaration expected.
utils/deploymentAutomation.ts(1004,18): error TS1138: Parameter declaration expected.
utils/imageUtils.ts(4,38): error TS1109: Expression expected.
utils/imageUtils.ts(5,13): error TS1005: ')' expected.
utils/imageUtils.ts(6,14): error TS1005: ',' expected.
utils/imageUtils.ts(6,15): error TS1134: Variable declaration expected.
utils/imageUtils.ts(7,8): error TS1005: ',' expected.
utils/imageUtils.ts(7,9): error TS1134: Variable declaration expected.
utils/imageUtils.ts(8,9): error TS1005: ',' expected.
utils/imageUtils.ts(8,10): error TS1134: Variable declaration expected.
utils/imageUtils.ts(9,1): error TS1128: Declaration or statement expected.
utils/imageUtils.ts(9,2): error TS1128: Declaration or statement expected.
utils/imageUtils.ts(88,38): error TS1109: Expression expected.
utils/imageUtils.ts(89,14): error TS1005: ')' expected.
utils/imageUtils.ts(90,8): error TS1005: ',' expected.
utils/imageUtils.ts(90,9): error TS1134: Variable declaration expected.
utils/imageUtils.ts(91,9): error TS1005: ',' expected.
utils/imageUtils.ts(91,10): error TS1134: Variable declaration expected.
utils/imageUtils.ts(93,1): error TS1128: Declaration or statement expected.
utils/imageUtils.ts(93,2): error TS1128: Declaration or statement expected.
utils/imageUtils.ts(126,44): error TS1109: Expression expected.
utils/imageUtils.ts(127,11): error TS1005: ')' expected.
utils/imageUtils.ts(128,10): error TS1005: ',' expected.
utils/imageUtils.ts(128,11): error TS1134: Variable declaration expected.
utils/imageUtils.ts(129,1): error TS1128: Declaration or statement expected.
utils/imageUtils.ts(129,2): error TS1128: Declaration or statement expected.
utils/imageUtils.ts(188,31): error TS1109: Expression expected.
utils/imageUtils.ts(189,7): error TS1005: ')' expected.
utils/imageUtils.ts(193,1): error TS1128: Declaration or statement expected.
utils/imageUtils.ts(193,2): error TS1128: Declaration or statement expected.
utils/imageUtils.ts(193,18): error TS1005: ';' expected.
utils/performance.ts(235,61): error TS1138: Parameter declaration expected.
utils/performance.ts(237,3): error TS1005: ',' expected.
utils/performanceMonitor.ts(88,42): error TS1005: ')' expected.
utils/performanceMonitor.ts(88,57): error TS1005: ';' expected.
utils/performanceMonitor.ts(113,6): error TS1128: Declaration or statement expected.
utils/performanceMonitor.ts(238,59): error TS1138: Parameter declaration expected.
utils/performanceMonitor.ts(240,3): error TS1005: ',' expected.
utils/performanceMonitor.ts(269,48): error TS1005: ')' expected.
utils/performanceMonitor.ts(269,63): error TS1005: ';' expected.
utils/performanceMonitor.ts(271,4): error TS1128: Declaration or statement expected.
utils/performanceOptimizations.ts(11,6): error TS1136: Property assignment expected.
utils/performanceOptimizations.ts(12,65): error TS1005: ',' expected.
utils/performanceOptimizations.ts(16,6): error TS1109: Expression expected.
utils/performanceOptimizations.ts(17,10): error TS1005: ';' expected.
utils/performanceOptimizations.ts(18,42): error TS1005: ',' expected.
utils/performanceOptimizations.ts(19,13): error TS1005: ':' expected.
utils/performanceOptimizations.ts(19,46): error TS1005: ',' expected.
utils/performanceOptimizations.ts(20,13): error TS1005: ':' expected.
utils/performanceOptimizations.ts(20,46): error TS1005: ',' expected.
utils/performanceOptimizations.ts(22,19): error TS1005: ',' expected.
utils/performanceOptimizations.ts(22,46): error TS1005: ',' expected.
utils/performanceOptimizations.ts(22,48): error TS1005: ';' expected.
utils/performanceOptimizations.ts(33,5): error TS1128: Declaration or statement expected.
utils/performanceOptimizations.ts(33,6): error TS1128: Declaration or statement expected.
utils/performanceOptimizations.ts(33,7): error TS1128: Declaration or statement expected.
utils/performanceOptimizations.ts(37,6): error TS1128: Declaration or statement expected.
utils/performanceOptimizations.ts(40,44): error TS1005: ',' expected.
utils/performanceOptimizations.ts(41,15): error TS1005: ':' expected.
utils/performanceOptimizations.ts(41,46): error TS1005: ',' expected.
utils/performanceOptimizations.ts(42,15): error TS1005: ':' expected.
utils/performanceOptimizations.ts(42,46): error TS1005: ',' expected.
utils/performanceOptimizations.ts(44,21): error TS1005: ',' expected.
utils/performanceOptimizations.ts(47,11): error TS1005: ',' expected.
utils/performanceOptimizations.ts(49,16): error TS1005: ':' expected.
utils/performanceOptimizations.ts(49,77): error TS1005: ',' expected.
utils/performanceOptimizations.ts(54,6): error TS1109: Expression expected.
utils/performanceOptimizations.ts(55,17): error TS1005: ';' expected.
utils/performanceOptimizations.ts(56,42): error TS1005: ',' expected.
utils/performanceOptimizations.ts(57,12): error TS1359: Identifier expected. 'const' is a reserved word that cannot be used here.
utils/performanceOptimizations.ts(57,18): error TS1005: ',' expected.
utils/performanceOptimizations.ts(57,22): error TS1005: ',' expected.
utils/performanceOptimizations.ts(74,7): error TS1005: ',' expected.
utils/performanceOptimizations.ts(74,14): error TS1005: ':' expected.
utils/performanceOptimizations.ts(74,18): error TS1005: ',' expected.
utils/performanceOptimizations.ts(75,8): error TS1128: Declaration or statement expected.
utils/performanceOptimizations.ts(83,6): error TS1136: Property assignment expected.
utils/performanceOptimizations.ts(84,30): error TS1138: Parameter declaration expected.
utils/performanceOptimizations.ts(87,5): error TS1131: Property or signature expected.
utils/performanceOptimizations.ts(88,3): error TS1128: Declaration or statement expected.
utils/performanceOptimizations.ts(88,5): error TS1128: Declaration or statement expected.
utils/performanceOptimizations.ts(96,6): error TS1136: Property assignment expected.
utils/performanceOptimizations.ts(97,46): error TS1005: '=>' expected.
utils/performanceOptimizations.ts(97,50): error TS1005: ';' expected.
utils/performanceOptimizations.ts(102,6): error TS1109: Expression expected.
utils/performanceOptimizations.ts(103,17): error TS1005: ';' expected.
utils/performanceOptimizations.ts(108,6): error TS1109: Expression expected.
utils/performanceOptimizations.ts(109,23): error TS1005: ';' expected.
utils/performanceOptimizations.ts(109,54): error TS1138: Parameter declaration expected.
utils/performanceOptimizations.ts(115,6): error TS1109: Expression expected.
utils/performanceOptimizations.ts(116,26): error TS1005: ';' expected.
utils/performanceOptimizations.ts(116,32): error TS1138: Parameter declaration expected.
utils/performanceOptimizations.ts(128,5): error TS1128: Declaration or statement expected.
utils/performanceOptimizations.ts(136,6): error TS1136: Property assignment expected.
utils/performanceOptimizations.ts(137,70): error TS1005: '=>' expected.
utils/performanceOptimizations.ts(137,79): error TS1005: ';' expected.
utils/performanceOptimizations.ts(148,4): error TS1128: Declaration or statement expected.
utils/performanceOptimizations.ts(152,6): error TS1128: Declaration or statement expected.
utils/performanceOptimizations.ts(163,6): error TS1109: Expression expected.
utils/performanceOptimizations.ts(164,18): error TS1005: ';' expected.
utils/performanceOptimizations.ts(164,24): error TS1138: Parameter declaration expected.
utils/performanceOptimizations.ts(169,5): error TS1128: Declaration or statement expected.
utils/performanceOptimizations.ts(177,6): error TS1136: Property assignment expected.
utils/performanceOptimizations.ts(178,27): error TS1005: '=>' expected.
utils/performanceOptimizations.ts(178,36): error TS1005: ',' expected.
utils/performanceOptimizations.ts(178,43): error TS1109: Expression expected.
utils/performanceOptimizations.ts(185,4): error TS1128: Declaration or statement expected.
utils/performanceOptimizations.ts(189,6): error TS1128: Declaration or statement expected.
utils/performanceOptimizations.ts(190,29): error TS1109: Expression expected.
utils/performanceOptimizations.ts(191,11): error TS1005: ')' expected.
utils/performanceOptimizations.ts(191,55): error TS1109: Expression expected.
utils/performanceOptimizations.ts(192,13): error TS1109: Expression expected.
utils/performanceOptimizations.ts(193,3): error TS1109: Expression expected.
utils/performanceOptimizations.ts(193,4): error TS1128: Declaration or statement expected.
utils/performanceOptimizations.ts(200,5): error TS1128: Declaration or statement expected.
utils/performanceOptimizations.ts(208,6): error TS1136: Property assignment expected.
utils/performanceOptimizations.ts(209,27): error TS1005: ',' expected.
utils/performanceOptimizations.ts(209,28): error TS1109: Expression expected.
utils/performanceOptimizations.ts(210,13): error TS1005: ')' expected.
utils/performanceOptimizations.ts(211,3): error TS1128: Declaration or statement expected.
utils/performanceOptimizations.ts(211,4): error TS1128: Declaration or statement expected.
utils/performanceOptimizations.ts(211,24): error TS1005: ';' expected.
utils/performanceOptimizations.ts(218,4): error TS1128: Declaration or statement expected.
utils/performanceOptimizations.ts(222,6): error TS1128: Declaration or statement expected.
utils/performanceOptimizations.ts(223,43): error TS1138: Parameter declaration expected.
utils/performanceOptimizations.ts(232,5): error TS1128: Declaration or statement expected.
utils/performanceOptimizations.ts(240,6): error TS1136: Property assignment expected.
utils/performanceOptimizations.ts(241,42): error TS1138: Parameter declaration expected.
utils/performanceOptimizations.ts(243,16): error TS1005: '=>' expected.
utils/performanceOptimizations.ts(243,20): error TS1005: ';' expected.
utils/performanceOptimizations.ts(263,4): error TS1128: Declaration or statement expected.
utils/performanceOptimizations.ts(267,6): error TS1128: Declaration or statement expected.
utils/performanceOptimizations.ts(268,42): error TS1138: Parameter declaration expected.
utils/performanceOptimizations.ts(283,6): error TS1109: Expression expected.
utils/performanceOptimizations.ts(284,21): error TS1005: ';' expected.
utils/performanceOptimizations.ts(284,24): error TS1109: Expression expected.
utils/performanceOptimizations.ts(285,10): error TS1005: ')' expected.
utils/performanceOptimizations.ts(286,10): error TS1005: ';' expected.
utils/performanceOptimizations.ts(287,12): error TS1005: ';' expected.
utils/performanceOptimizations.ts(288,13): error TS1109: Expression expected.
utils/performanceOptimizations.ts(289,3): error TS1109: Expression expected.
utils/performanceOptimizations.ts(289,4): error TS1128: Declaration or statement expected.
utils/performanceOptimizations.ts(289,11): error TS1109: Expression expected.
utils/performanceOptimizations.ts(293,5): error TS1128: Declaration or statement expected.
utils/performanceOptimizations.ts(301,6): error TS1136: Property assignment expected.
utils/performanceOptimizations.ts(302,43): error TS1005: '=>' expected.
utils/performanceOptimizations.ts(303,10): error TS1003: Identifier expected.
utils/performanceOptimizations.ts(304,36): error TS1109: Expression expected.
utils/performanceOptimizations.ts(306,11): error TS1109: Expression expected.
utils/performanceOptimizations.ts(307,3): error TS1128: Declaration or statement expected.
utils/performanceOptimizations.ts(307,5): error TS1128: Declaration or statement expected.
utils/performanceOptimizations.ts(315,4): error TS1128: Declaration or statement expected.
utils/performanceOptimizations.ts(319,6): error TS1128: Declaration or statement expected.
utils/performanceOptimizations.ts(347,5): error TS1128: Declaration or statement expected.
utils/playerUtils.ts(437,51): error TS1131: Property or signature expected.
utils/playerUtils.ts(439,40): error TS1131: Property or signature expected.
utils/playerUtils.ts(441,44): error TS1131: Property or signature expected.
utils/playerUtils.ts(443,75): error TS1131: Property or signature expected.
utils/playerUtils.ts(445,63): error TS1131: Property or signature expected.
utils/playerUtils.ts(447,50): error TS1131: Property or signature expected.
utils/playerUtils.ts(449,53): error TS1131: Property or signature expected.
utils/playerUtils.ts(451,47): error TS1131: Property or signature expected.
utils/playerUtils.ts(453,41): error TS1131: Property or signature expected.
utils/playerUtils.ts(455,44): error TS1131: Property or signature expected.
utils/playerUtils.ts(457,41): error TS1131: Property or signature expected.
utils/playerUtils.ts(459,43): error TS1131: Property or signature expected.
utils/playerUtils.ts(461,52): error TS1131: Property or signature expected.
utils/securityMonitoring.ts(546,33): error TS1138: Parameter declaration expected.
utils/securityUtils.ts(287,70): error TS1005: ',' expected.
utils/securityUtils.ts(288,13): error TS1005: ':' expected.
utils/securityUtils.ts(288,39): error TS1005: ',' expected.
utils/securityUtils.ts(289,13): error TS1005: ':' expected.
utils/securityUtils.ts(289,48): error TS1005: ',' expected.
utils/securityUtils.ts(290,14): error TS1005: ':' expected.
utils/securityUtils.ts(290,28): error TS1005: ',' expected.
utils/securityUtils.ts(340,24): error TS1138: Parameter declaration expected.
utils/testing.tsx(19,14): error TS1131: Property or signature expected.
utils/testing.tsx(41,22): error TS1136: Property assignment expected.
utils/testing.tsx(61,37): error TS1109: Expression expected.
utils/testing.tsx(62,5): error TS1005: ')' expected.
utils/testing.tsx(62,12): error TS1005: ',' expected.
utils/testing.tsx(63,44): error TS1005: ',' expected.
utils/testing.tsx(63,45): error TS1134: Variable declaration expected.
utils/testing.tsx(63,60): error TS1005: ';' expected.
utils/testing.tsx(82,58): error TS1138: Parameter declaration expected.
utils/testing.tsx(142,66): error TS1136: Property assignment expected.
utils/testing.tsx(342,35): error TS1109: Expression expected.
utils/testing.tsx(343,7): error TS1005: ')' expected.
utils/testing.tsx(345,20): error TS1005: ',' expected.
utils/testing.tsx(345,22): error TS1005: ';' expected.
utils/testing.tsx(346,19): error TS1005: ',' expected.
utils/testing.tsx(347,16): error TS1138: Parameter declaration expected.
utils/testing.tsx(347,19): error TS1005: ',' expected.
utils/testing.tsx(356,4): error TS1128: Declaration or statement expected.
utils/testing.tsx(357,1): error TS1128: Declaration or statement expected.
utils/testUtils.tsx(63,25): error TS1136: Property assignment expected.
utils/testUtils.tsx(67,27): error TS1136: Property assignment expected.
utils/testUtils.tsx(74,17): error TS1136: Property assignment expected.
utils/testUtils.tsx(121,18): error TS1136: Property assignment expected.
utils/testUtils.tsx(164,22): error TS1136: Property assignment expected.
utils/testUtils.tsx(168,19): error TS1136: Property assignment expected.
utils/testUtils.tsx(210,51): error TS1138: Parameter declaration expected.
utils/testUtils.tsx(340,36): error TS1136: Property assignment expected.
utils/unifiedUtils.ts(116,42): error TS1005: ',' expected.
utils/unifiedUtils.ts(116,54): error TS1005: ',' expected.
utils/unifiedUtils.ts(116,64): error TS1005: ',' expected.
utils/unifiedUtils.ts(118,8): error TS1128: Declaration or statement expected.
utils/unifiedUtils.ts(119,7): error TS1128: Declaration or statement expected.
utils/unifiedUtils.ts(120,3): error TS1128: Declaration or statement expected.
utils/unifiedUtils.ts(120,4): error TS1128: Declaration or statement expected.
utils/unifiedUtils.ts(129,10): error TS1005: ';' expected.
utils/unifiedUtils.ts(137,18): error TS1005: ';' expected.
utils/unifiedUtils.ts(142,18): error TS1005: ';' expected.
utils/unifiedUtils.ts(145,5): error TS1128: Declaration or statement expected.
utils/unifiedUtils.ts(335,57): error TS1138: Parameter declaration expected.
utils/unifiedUtils.ts(345,57): error TS1138: Parameter declaration expected.
utils/uploadUtils.ts(25,29): error TS1138: Parameter declaration expected.
utils/uploadUtils.ts(185,35): error TS1138: Parameter declaration expected.
