
> typescript-error-resolution@1.0.0 type-check
> tsc --noEmit --pretty

[96msrc/components/ErrorBoundaries/ProtectedComponents.ts[0m:[93m4[0m:[93m13[0m - [91merror[0m[90m TS7006: [0mParameter 'data' implicitly has an 'any' type.

[7m4[0m   process: (data) => data
[7m [0m [91m            ~~~~[0m

[96msrc/components/LoadingSpinner.tsx[0m:[93m8[0m:[93m2[0m - [91merror[0m[90m TS6133: [0m'_size' is declared but its value is never read.

[7m8[0m  _size = 'md',
[7m [0m [91m ~~~~~[0m

[96msrc/components/LoadingSpinner.tsx[0m:[93m10[0m:[93m8[0m - [91merror[0m[90m TS6133: [0m'_sizeClasses' is declared but its value is never read.

[7m10[0m  const _sizeClasses = {
[7m  [0m [91m       ~~~~~~~~~~~~[0m

[96msrc/components/organisms/VideoGrid/index.ts[0m:[93m4[0m:[93m13[0m - [91merror[0m[90m TS7006: [0mParameter 'data' implicitly has an 'any' type.

[7m4[0m   process: (data) => data
[7m [0m [91m            ~~~~[0m

[96msrc/components/unified/index.ts[0m:[93m4[0m:[93m13[0m - [91merror[0m[90m TS7006: [0mParameter 'data' implicitly has an 'any' type.

[7m4[0m   process: (data) => data
[7m [0m [91m            ~~~~[0m

[96msrc/config/pwa.ts[0m:[93m19[0m:[93m11[0m - [91merror[0m[90m TS7006: [0mParameter 'data' implicitly has an 'any' type.

[7m19[0m   process(data): any {
[7m  [0m [91m          ~~~~[0m

[96msrc/config/routes.tsx[0m:[93m27[0m:[93m39[0m - [91merror[0m[90m TS2307: [0mCannot find module '../pages/LibraryPage' or its corresponding type declarations.

[7m27[0m const LibraryPage = lazy(() => import('../pages/LibraryPage'));
[7m  [0m [91m                                      ~~~~~~~~~~~~~~~~~~~~~~[0m

[96msrc/config/routes.tsx[0m:[93m28[0m:[93m40[0m - [91merror[0m[90m TS2307: [0mCannot find module '../pages/YourDataPage' or its corresponding type declarations.

[7m28[0m const YourDataPage = lazy(() => import('../pages/YourDataPage'));
[7m  [0m [91m                                       ~~~~~~~~~~~~~~~~~~~~~~~[0m

[96msrc/config/routes.tsx[0m:[93m32[0m:[93m43[0m - [91merror[0m[90m TS2307: [0mCannot find module '../pages/VideoUploadPage' or its corresponding type declarations.

[7m32[0m const VideoUploadPage = lazy(() => import('../pages/VideoUploadPage'));
[7m  [0m [91m                                          ~~~~~~~~~~~~~~~~~~~~~~~~~~[0m

[96msrc/config/routes.tsx[0m:[93m33[0m:[93m40[0m - [91merror[0m[90m TS2307: [0mCannot find module '../pages/SettingsPage' or its corresponding type declarations.

[7m33[0m const SettingsPage = lazy(() => import('../pages/SettingsPage'));
[7m  [0m [91m                                       ~~~~~~~~~~~~~~~~~~~~~~~[0m

[96msrc/config/routes.tsx[0m:[93m34[0m:[93m37[0m - [91merror[0m[90m TS2307: [0mCannot find module '../pages/AdminPage' or its corresponding type declarations.

[7m34[0m const AdminPage = lazy(() => import('../pages/AdminPage'));
[7m  [0m [91m                                    ~~~~~~~~~~~~~~~~~~~~[0m

[96msrc/config/routes.tsx[0m:[93m37[0m:[93m38[0m - [91merror[0m[90m TS2307: [0mCannot find module '../pages/StudioPage' or its corresponding type declarations.

[7m37[0m const StudioPage = lazy(() => import('../pages/StudioPage'));
[7m  [0m [91m                                     ~~~~~~~~~~~~~~~~~~~~~[0m

[96msrc/config/routes.tsx[0m:[93m38[0m:[93m38[0m - [91merror[0m[90m TS2307: [0mCannot find module '../pages/UploadPage' or its corresponding type declarations.

[7m38[0m const UploadPage = lazy(() => import('../pages/UploadPage'));
[7m  [0m [91m                                     ~~~~~~~~~~~~~~~~~~~~~[0m

[96msrc/config/routes.tsx[0m:[93m39[0m:[93m47[0m - [91merror[0m[90m TS2307: [0mCannot find module '../pages/StudioDashboardPage' or its corresponding type declarations.

[7m39[0m const StudioDashboardPage = lazy(() => import('../pages/StudioDashboardPage'));
[7m  [0m [91m                                              ~~~~~~~~~~~~~~~~~~~~~~~~~~~~~~[0m

[96msrc/config/routes.tsx[0m:[93m40[0m:[93m41[0m - [91merror[0m[90m TS2307: [0mCannot find module '../pages/AnalyticsPage' or its corresponding type declarations.

[7m40[0m const AnalyticsPage = lazy(() => import('../pages/AnalyticsPage'));
[7m  [0m [91m                                        ~~~~~~~~~~~~~~~~~~~~~~~~[0m

[96msrc/config/routes.tsx[0m:[93m41[0m:[93m49[0m - [91merror[0m[90m TS2307: [0mCannot find module '../pages/CommentModerationPage' or its corresponding type declarations.

[7m41[0m const CommentModerationPage = lazy(() => import('../pages/CommentModerationPage'));
[7m  [0m [91m                                                ~~~~~~~~~~~~~~~~~~~~~~~~~~~~~~~~[0m

[96msrc/config/routes.tsx[0m:[93m42[0m:[93m44[0m - [91merror[0m[90m TS2307: [0mCannot find module '../pages/MonetizationPage' or its corresponding type declarations.

[7m42[0m const MonetizationPage = lazy(() => import('../pages/MonetizationPage'));
[7m  [0m [91m                                           ~~~~~~~~~~~~~~~~~~~~~~~~~~~[0m

[96msrc/config/routes.tsx[0m:[93m43[0m:[93m46[0m - [91merror[0m[90m TS2307: [0mCannot find module '../pages/ContentManagerPage' or its corresponding type declarations.

[7m43[0m const ContentManagerPage = lazy(() => import('../pages/ContentManagerPage'));
[7m  [0m [91m                                             ~~~~~~~~~~~~~~~~~~~~~~~~~~~~~[0m

[96msrc/config/routes.tsx[0m:[93m44[0m:[93m45[0m - [91merror[0m[90m TS2307: [0mCannot find module '../pages/CreatorStudioPage' or its corresponding type declarations.

[7m44[0m const CreatorStudioPage = lazy(() => import('../pages/CreatorStudioPage'));
[7m  [0m [91m                                            ~~~~~~~~~~~~~~~~~~~~~~~~~~~~[0m

[96msrc/config/routes.tsx[0m:[93m45[0m:[93m41[0m - [91merror[0m[90m TS2307: [0mCannot find module '../pages/CommunityPage' or its corresponding type declarations.

[7m45[0m const CommunityPage = lazy(() => import('../pages/CommunityPage'));
[7m  [0m [91m                                        ~~~~~~~~~~~~~~~~~~~~~~~~[0m

[96msrc/config/routes.tsx[0m:[93m46[0m:[93m47[0m - [91merror[0m[90m TS2307: [0mCannot find module '../pages/PlaylistManagerPage' or its corresponding type declarations.

[7m46[0m const PlaylistManagerPage = lazy(() => import('../pages/PlaylistManagerPage'));
[7m  [0m [91m                                              ~~~~~~~~~~~~~~~~~~~~~~~~~~~~~~[0m

[96msrc/config/routes.tsx[0m:[93m47[0m:[93m52[0m - [91merror[0m[90m TS2307: [0mCannot find module '../pages/ChannelCustomizationPage' or its corresponding type declarations.

[7m47[0m const ChannelCustomizationPage = lazy(() => import('../pages/ChannelCustomizationPage'));
[7m  [0m [91m                                                   ~~~~~~~~~~~~~~~~~~~~~~~~~~~~~~~~~~~[0m

[96msrc/config/routes.tsx[0m:[93m48[0m:[93m43[0m - [91merror[0m[90m TS2307: [0mCannot find module '../pages/VideoEditorPage' or its corresponding type declarations.

[7m48[0m const VideoEditorPage = lazy(() => import('../pages/VideoEditorPage'));
[7m  [0m [91m                                          ~~~~~~~~~~~~~~~~~~~~~~~~~~[0m

[96msrc/config/routes.tsx[0m:[93m211[0m:[93m18[0m - [91merror[0m[90m TS2322: [0mType '{ children: (string | Element)[]; requireAuth: boolean; }' is not assignable to type 'IntrinsicAttributes & ProtectedRouteProps'.
  Property 'requireAuth' does not exist on type 'IntrinsicAttributes & ProtectedRouteProps'.

[7m211[0m  <ProtectedRoute requireAuth={false}>
[7m   [0m [91m                 ~~~~~~~~~~~[0m

[96msrc/config/routes.tsx[0m:[93m219[0m:[93m18[0m - [91merror[0m[90m TS2322: [0mType '{ children: (string | Element)[]; requireAuth: boolean; }' is not assignable to type 'IntrinsicAttributes & ProtectedRouteProps'.
  Property 'requireAuth' does not exist on type 'IntrinsicAttributes & ProtectedRouteProps'.

[7m219[0m  <ProtectedRoute requireAuth={false}>
[7m   [0m [91m                 ~~~~~~~~~~~[0m

[96msrc/error-resolution/config/ConfigManager.ts[0m:[93m4[0m:[93m13[0m - [91merror[0m[90m TS7006: [0mParameter 'data' implicitly has an 'any' type.

[7m4[0m   process: (data) => data
[7m [0m [91m            ~~~~[0m

[96msrc/error-resolution/core/CacheManager.ts[0m:[93m4[0m:[93m10[0m - [91merror[0m[90m TS2724: [0m'"child_process"' has no exported member named '_execSync'. Did you mean 'execSync'?

[7m4[0m import { _execSync } from 'child_process';
[7m [0m [91m         ~~~~~~~~~[0m

  [96mnode_modules/@types/node/child_process.d.ts[0m:[93m1400[0m:[93m14[0m
    [7m1400[0m     function execSync(command: string): Buffer;
    [7m    [0m [96m             ~~~~~~~~[0m
    'execSync' is declared here.

[96msrc/error-resolution/core/ErrorAnalyzer.ts[0m:[93m4[0m:[93m24[0m - [91merror[0m[90m TS2307: [0mCannot find module '_path' or its corresponding type declarations.

[7m4[0m import * as _path from '_path';
[7m [0m [91m                       ~~~~~~~[0m

[96msrc/error-resolution/core/ErrorAnalyzer.ts[0m:[93m201[0m:[93m14[0m - [91merror[0m[90m TS18046: [0m'error' is of type 'unknown'.

[7m201[0m       return error.stdout || error.stderr || '';
[7m   [0m [91m             ~~~~~[0m

[96msrc/error-resolution/core/ErrorAnalyzer.ts[0m:[93m201[0m:[93m30[0m - [91merror[0m[90m TS18046: [0m'error' is of type 'unknown'.

[7m201[0m       return error.stdout || error.stderr || '';
[7m   [0m [91m                             ~~~~~[0m

[96msrc/error-resolution/core/ExecutionOrchestrator.ts[0m:[93m4[0m:[93m13[0m - [91merror[0m[90m TS7006: [0mParameter 'data' implicitly has an 'any' type.

[7m4[0m   process: (data) => data
[7m [0m [91m            ~~~~[0m

[96msrc/error-resolution/core/ProcessMonitor.ts[0m:[93m4[0m:[93m13[0m - [91merror[0m[90m TS7006: [0mParameter 'data' implicitly has an 'any' type.

[7m4[0m   process: (data) => data
[7m [0m [91m            ~~~~[0m

[96msrc/error-resolution/core/ReportGenerator.ts[0m:[93m4[0m:[93m13[0m - [91merror[0m[90m TS7006: [0mParameter 'data' implicitly has an 'any' type.

[7m4[0m   process: (data) => data
[7m [0m [91m            ~~~~[0m

[96msrc/error-resolution/core/RollbackManager.ts[0m:[93m4[0m:[93m13[0m - [91merror[0m[90m TS7006: [0mParameter 'data' implicitly has an 'any' type.

[7m4[0m   process: (data) => data
[7m [0m [91m            ~~~~[0m

[96msrc/error-resolution/core/ValidationEngine.ts[0m:[93m4[0m:[93m13[0m - [91merror[0m[90m TS7006: [0mParameter 'data' implicitly has an 'any' type.

[7m4[0m   process: (data) => data
[7m [0m [91m            ~~~~[0m

[96msrc/error-resolution/core/WorkflowCoordinator.ts[0m:[93m4[0m:[93m13[0m - [91merror[0m[90m TS7006: [0mParameter 'data' implicitly has an 'any' type.

[7m4[0m   process: (data) => data
[7m [0m [91m            ~~~~[0m

[96msrc/error-resolution/fixers/ImportFixer.ts[0m:[93m4[0m:[93m13[0m - [91merror[0m[90m TS7006: [0mParameter 'data' implicitly has an 'any' type.

[7m4[0m   process: (data) => data
[7m [0m [91m            ~~~~[0m

[96msrc/error-resolution/fixers/LogicFixer.ts[0m:[93m4[0m:[93m13[0m - [91merror[0m[90m TS7006: [0mParameter 'data' implicitly has an 'any' type.

[7m4[0m   process: (data) => data
[7m [0m [91m            ~~~~[0m

[96msrc/error-resolution/fixers/TypeFixer.ts[0m:[93m4[0m:[93m13[0m - [91merror[0m[90m TS7006: [0mParameter 'data' implicitly has an 'any' type.

[7m4[0m   process: (data) => data
[7m [0m [91m            ~~~~[0m

[96msrc/error-resolution/generators/BaseScriptGenerator.ts[0m:[93m26[0m:[93m3[0m - [91merror[0m[90m TS7008: [0mMember 'defaultValue' implicitly has an 'any' type.

[7m26[0m   defaultValue?;
[7m  [0m [91m  ~~~~~~~~~~~~[0m

[96msrc/error-resolution/index.ts[0m:[93m4[0m:[93m13[0m - [91merror[0m[90m TS7006: [0mParameter 'data' implicitly has an 'any' type.

[7m4[0m   process: (data) => data
[7m [0m [91m            ~~~~[0m

[96msrc/error-resolution/test/CacheManager.test.ts[0m:[93m4[0m:[93m24[0m - [91merror[0m[90m TS2307: [0mCannot find module '_path' or its corresponding type declarations.

[7m4[0m import * as _path from '_path';
[7m [0m [91m                       ~~~~~~~[0m

[96msrc/error-resolution/test/CacheManager.test.ts[0m:[93m36[0m:[93m9[0m - [91merror[0m[90m TS2322: [0mType 'number' is not assignable to type 'bigint'.

[7m36[0m         size: 1024
[7m  [0m [91m        ~~~~[0m

[96msrc/error-resolution/test/CacheManager.test.ts[0m:[93m58[0m:[93m41[0m - [91merror[0m[90m TS2322: [0mType 'string' is not assignable to type 'Dirent<Buffer<ArrayBufferLike>>'.

[7m58[0m       mockFs.readdir.mockResolvedValue(['error-analysis.json', 'other-file.txt']);
[7m  [0m [91m                                        ~~~~~~~~~~~~~~~~~~~~~[0m

[96msrc/error-resolution/test/CacheManager.test.ts[0m:[93m58[0m:[93m64[0m - [91merror[0m[90m TS2322: [0mType 'string' is not assignable to type 'Dirent<Buffer<ArrayBufferLike>>'.

[7m58[0m       mockFs.readdir.mockResolvedValue(['error-analysis.json', 'other-file.txt']);
[7m  [0m [91m                                                               ~~~~~~~~~~~~~~~~[0m

[96msrc/error-resolution/test/CacheManager.test.ts[0m:[93m62[0m:[93m9[0m - [91merror[0m[90m TS2322: [0mType 'number' is not assignable to type 'bigint'.

[7m62[0m         size: 512
[7m  [0m [91m        ~~~~[0m

[96msrc/error-resolution/test/CacheManager.test.ts[0m:[93m125[0m:[93m41[0m - [91merror[0m[90m TS2322: [0mType 'string' is not assignable to type 'Dirent<Buffer<ArrayBufferLike>>'.

[7m125[0m       mockFs.readdir.mockResolvedValue(['backup-123']);
[7m   [0m [91m                                        ~~~~~~~~~~~~[0m

[96msrc/error-resolution/test/CacheManager.test.ts[0m:[93m151[0m:[93m30[0m - [91merror[0m[90m TS2341: [0mProperty 'matchesPattern' is private and only accessible within class 'CacheManager'.

[7m151[0m       expect(cacheManagerAny.matchesPattern('error-analysis.json', 'error-*.json')).toBe(true);
[7m   [0m [91m                             ~~~~~~~~~~~~~~[0m

[96msrc/error-resolution/test/CacheManager.test.ts[0m:[93m152[0m:[93m30[0m - [91merror[0m[90m TS2341: [0mProperty 'matchesPattern' is private and only accessible within class 'CacheManager'.

[7m152[0m       expect(cacheManagerAny.matchesPattern('test.txt', '*.txt')).toBe(true);
[7m   [0m [91m                             ~~~~~~~~~~~~~~[0m

[96msrc/error-resolution/test/CacheManager.test.ts[0m:[93m153[0m:[93m30[0m - [91merror[0m[90m TS2341: [0mProperty 'matchesPattern' is private and only accessible within class 'CacheManager'.

[7m153[0m       expect(cacheManagerAny.matchesPattern('file.js', '*.ts')).toBe(false);
[7m   [0m [91m                             ~~~~~~~~~~~~~~[0m

[96msrc/error-resolution/test/CacheManager.test.ts[0m:[93m154[0m:[93m30[0m - [91merror[0m[90m TS2341: [0mProperty 'matchesPattern' is private and only accessible within class 'CacheManager'.

[7m154[0m       expect(cacheManagerAny.matchesPattern('prefix-file-suffix.log', '*-file-*.log')).toBe(true);
[7m   [0m [91m                             ~~~~~~~~~~~~~~[0m

[96msrc/error-resolution/test/CacheManager.test.ts[0m:[93m162[0m:[93m30[0m - [91merror[0m[90m TS2341: [0mProperty 'formatBytes' is private and only accessible within class 'CacheManager'.

[7m162[0m       expect(cacheManagerAny.formatBytes(0)).toBe('0 Bytes');
[7m   [0m [91m                             ~~~~~~~~~~~[0m

[96msrc/error-resolution/test/CacheManager.test.ts[0m:[93m163[0m:[93m30[0m - [91merror[0m[90m TS2341: [0mProperty 'formatBytes' is private and only accessible within class 'CacheManager'.

[7m163[0m       expect(cacheManagerAny.formatBytes(1024)).toBe('1 KB');
[7m   [0m [91m                             ~~~~~~~~~~~[0m

[96msrc/error-resolution/test/CacheManager.test.ts[0m:[93m164[0m:[93m30[0m - [91merror[0m[90m TS2341: [0mProperty 'formatBytes' is private and only accessible within class 'CacheManager'.

[7m164[0m       expect(cacheManagerAny.formatBytes(1048576)).toBe('1 MB');
[7m   [0m [91m                             ~~~~~~~~~~~[0m

[96msrc/error-resolution/test/CacheManager.test.ts[0m:[93m165[0m:[93m30[0m - [91merror[0m[90m TS2341: [0mProperty 'formatBytes' is private and only accessible within class 'CacheManager'.

[7m165[0m       expect(cacheManagerAny.formatBytes(1073741824)).toBe('1 GB');
[7m   [0m [91m                             ~~~~~~~~~~~[0m

[96msrc/error-resolution/test/CacheManager.test.ts[0m:[93m173[0m:[93m36[0m - [91merror[0m[90m TS2341: [0mProperty 'fileExists' is private and only accessible within class 'CacheManager'.

[7m173[0m       expect(await cacheManagerAny.fileExists('existing-file.ts')).toBe(true);
[7m   [0m [91m                                   ~~~~~~~~~~[0m

[96msrc/error-resolution/test/CacheManager.test.ts[0m:[93m177[0m:[93m36[0m - [91merror[0m[90m TS2341: [0mProperty 'fileExists' is private and only accessible within class 'CacheManager'.

[7m177[0m       expect(await cacheManagerAny.fileExists('nonexistent-file.ts')).toBe(false);
[7m   [0m [91m                                   ~~~~~~~~~~[0m

[96msrc/error-resolution/test/ErrorAnalyzer.test.ts[0m:[93m15[0m:[93m41[0m - [91merror[0m[90m TS2341: [0mProperty 'parseErrorLine' is private and only accessible within class 'ErrorAnalyzer'.

[7m15[0m       const parseErrorLine = (analyzer).parseErrorLine.bind(analyzer);
[7m  [0m [91m                                        ~~~~~~~~~~~~~~[0m

[96msrc/error-resolution/test/ErrorAnalyzer.test.ts[0m:[93m19[0m:[93m14[0m - [91merror[0m[90m TS18047: [0m'result' is possibly 'null'.

[7m19[0m       expect(result.code).toBe('TS1005');
[7m  [0m [91m             ~~~~~~[0m

[96msrc/error-resolution/test/ErrorAnalyzer.test.ts[0m:[93m19[0m:[93m21[0m - [91merror[0m[90m TS2551: [0mProperty 'code' does not exist on type 'AnalyzedError'. Did you mean '_code'?

[7m19[0m       expect(result.code).toBe('TS1005');
[7m  [0m [91m                    ~~~~[0m

  [96msrc/error-resolution/core/ErrorAnalyzer.ts[0m:[93m36[0m:[93m3[0m
    [7m36[0m   _code: string;
    [7m  [0m [96m  ~~~~~[0m
    '_code' is declared here.

[96msrc/error-resolution/test/ErrorAnalyzer.test.ts[0m:[93m20[0m:[93m14[0m - [91merror[0m[90m TS18047: [0m'result' is possibly 'null'.

[7m20[0m       expect(result.category.rootCause).toBe(ErrorRootCause.SYNTAX);
[7m  [0m [91m             ~~~~~~[0m

[96msrc/error-resolution/test/ErrorAnalyzer.test.ts[0m:[93m21[0m:[93m14[0m - [91merror[0m[90m TS18047: [0m'result' is possibly 'null'.

[7m21[0m       expect(result.severity).toBe(ErrorSeverity.CRITICAL);
[7m  [0m [91m             ~~~~~~[0m

[96msrc/error-resolution/test/ErrorAnalyzer.test.ts[0m:[93m22[0m:[93m14[0m - [91merror[0m[90m TS18047: [0m'result' is possibly 'null'.

[7m22[0m       expect(result.file).toBe('utils/securityMonitoring.ts');
[7m  [0m [91m             ~~~~~~[0m

[96msrc/error-resolution/test/ErrorAnalyzer.test.ts[0m:[93m22[0m:[93m21[0m - [91merror[0m[90m TS2551: [0mProperty 'file' does not exist on type 'AnalyzedError'. Did you mean '_file'?

[7m22[0m       expect(result.file).toBe('utils/securityMonitoring.ts');
[7m  [0m [91m                    ~~~~[0m

  [96msrc/error-resolution/core/ErrorAnalyzer.ts[0m:[93m32[0m:[93m3[0m
    [7m32[0m   _file: string;
    [7m  [0m [96m  ~~~~~[0m
    '_file' is declared here.

[96msrc/error-resolution/test/ErrorAnalyzer.test.ts[0m:[93m23[0m:[93m14[0m - [91merror[0m[90m TS18047: [0m'result' is possibly 'null'.

[7m23[0m       expect(result.line).toBe(515);
[7m  [0m [91m             ~~~~~~[0m

[96msrc/error-resolution/test/ErrorAnalyzer.test.ts[0m:[93m24[0m:[93m14[0m - [91merror[0m[90m TS18047: [0m'result' is possibly 'null'.

[7m24[0m       expect(result.column).toBe(58);
[7m  [0m [91m             ~~~~~~[0m

[96msrc/error-resolution/test/ErrorAnalyzer.test.ts[0m:[93m30[0m:[93m41[0m - [91merror[0m[90m TS2341: [0mProperty 'parseErrorLine' is private and only accessible within class 'ErrorAnalyzer'.

[7m30[0m       const parseErrorLine = (analyzer).parseErrorLine.bind(analyzer);
[7m  [0m [91m                                        ~~~~~~~~~~~~~~[0m

[96msrc/error-resolution/test/ErrorAnalyzer.test.ts[0m:[93m34[0m:[93m14[0m - [91merror[0m[90m TS18047: [0m'result' is possibly 'null'.

[7m34[0m       expect(result.code).toBe('TS2307');
[7m  [0m [91m             ~~~~~~[0m

[96msrc/error-resolution/test/ErrorAnalyzer.test.ts[0m:[93m34[0m:[93m21[0m - [91merror[0m[90m TS2551: [0mProperty 'code' does not exist on type 'AnalyzedError'. Did you mean '_code'?

[7m34[0m       expect(result.code).toBe('TS2307');
[7m  [0m [91m                    ~~~~[0m

  [96msrc/error-resolution/core/ErrorAnalyzer.ts[0m:[93m36[0m:[93m3[0m
    [7m36[0m   _code: string;
    [7m  [0m [96m  ~~~~~[0m
    '_code' is declared here.

[96msrc/error-resolution/test/ErrorAnalyzer.test.ts[0m:[93m35[0m:[93m14[0m - [91merror[0m[90m TS18047: [0m'result' is possibly 'null'.

[7m35[0m       expect(result.category.rootCause).toBe(ErrorRootCause.IMPORT);
[7m  [0m [91m             ~~~~~~[0m

[96msrc/error-resolution/test/ErrorAnalyzer.test.ts[0m:[93m36[0m:[93m14[0m - [91merror[0m[90m TS18047: [0m'result' is possibly 'null'.

[7m36[0m       expect(result.severity).toBe(ErrorSeverity.HIGH);
[7m  [0m [91m             ~~~~~~[0m

[96msrc/error-resolution/test/ErrorAnalyzer.test.ts[0m:[93m42[0m:[93m41[0m - [91merror[0m[90m TS2341: [0mProperty 'parseErrorLine' is private and only accessible within class 'ErrorAnalyzer'.

[7m42[0m       const parseErrorLine = (analyzer).parseErrorLine.bind(analyzer);
[7m  [0m [91m                                        ~~~~~~~~~~~~~~[0m

[96msrc/error-resolution/test/ErrorAnalyzer.test.ts[0m:[93m46[0m:[93m14[0m - [91merror[0m[90m TS18047: [0m'result' is possibly 'null'.

[7m46[0m       expect(result.code).toBe('TS2339');
[7m  [0m [91m             ~~~~~~[0m

[96msrc/error-resolution/test/ErrorAnalyzer.test.ts[0m:[93m46[0m:[93m21[0m - [91merror[0m[90m TS2551: [0mProperty 'code' does not exist on type 'AnalyzedError'. Did you mean '_code'?

[7m46[0m       expect(result.code).toBe('TS2339');
[7m  [0m [91m                    ~~~~[0m

  [96msrc/error-resolution/core/ErrorAnalyzer.ts[0m:[93m36[0m:[93m3[0m
    [7m36[0m   _code: string;
    [7m  [0m [96m  ~~~~~[0m
    '_code' is declared here.

[96msrc/error-resolution/test/ErrorAnalyzer.test.ts[0m:[93m47[0m:[93m14[0m - [91merror[0m[90m TS18047: [0m'result' is possibly 'null'.

[7m47[0m       expect(result.category.rootCause).toBe(ErrorRootCause.TYPE);
[7m  [0m [91m             ~~~~~~[0m

[96msrc/error-resolution/test/ErrorAnalyzer.test.ts[0m:[93m48[0m:[93m14[0m - [91merror[0m[90m TS18047: [0m'result' is possibly 'null'.

[7m48[0m       expect(result.severity).toBe(ErrorSeverity.MEDIUM);
[7m  [0m [91m             ~~~~~~[0m

[96msrc/error-resolution/test/ErrorAnalyzer.test.ts[0m:[93m55[0m:[93m28[0m - [91merror[0m[90m TS2769: [0mNo overload matches this call.
  Overload 1 of 3, '(object: ErrorAnalyzer, method: never): SpyInstance<never, never, any>', gave the following error.
    Argument of type '"captureTypeScriptErrors"' is not assignable to parameter of type 'never'.
  Overload 2 of 3, '(object: ErrorAnalyzer, method: keyof ErrorAnalyzer): SpyInstance<Promise<void> | Promise<ErrorAnalysisResult>, [] | [result: ...], any>', gave the following error.
    Argument of type '"captureTypeScriptErrors"' is not assignable to parameter of type 'keyof ErrorAnalyzer'.

[7m55[0m       jest.spyOn(analyzer, 'captureTypeScriptErrors').mockReturnValue('');
[7m  [0m [91m                           ~~~~~~~~~~~~~~~~~~~~~~~~~[0m


[96msrc/error-resolution/test/ErrorAnalyzer.test.ts[0m:[93m55[0m:[93m55[0m - [91merror[0m[90m TS2339: [0mProperty 'mockReturnValue' does not exist on type 'never'.

[7m55[0m       jest.spyOn(analyzer, 'captureTypeScriptErrors').mockReturnValue('');
[7m  [0m [91m                                                      ~~~~~~~~~~~~~~~[0m

[96msrc/error-resolution/test/ErrorAnalyzer.test.ts[0m:[93m86[0m:[93m49[0m - [91merror[0m[90m TS2341: [0mProperty 'generateAnalysisResult' is private and only accessible within class 'ErrorAnalyzer'.

[7m86[0m       const generateAnalysisResult = (analyzer).generateAnalysisResult.bind(analyzer);
[7m  [0m [91m                                                ~~~~~~~~~~~~~~~~~~~~~~[0m

[96msrc/error-resolution/test/ErrorAnalyzer.test.ts[0m:[93m87[0m:[93m45[0m - [91merror[0m[90m TS2345: [0mArgument of type '{ file: string; line: number; column: number; message: string; code: string; category: { name: string; priority: number; pattern: RegExp; rootCause: ErrorRootCause; fixingStrategy: "bulk"; description: string; }; severity: ErrorSeverity; dependencies: never[]; rawError: string; }[]' is not assignable to parameter of type 'AnalyzedError[]'.
  Type '{ file: string; line: number; column: number; message: string; code: string; category: { name: string; priority: number; pattern: RegExp; rootCause: ErrorRootCause; fixingStrategy: "bulk"; description: string; }; severity: ErrorSeverity; dependencies: never[]; rawError: string; }' is missing the following properties from type 'AnalyzedError': _file, _message, _code

[7m87[0m       const result = generateAnalysisResult(mockErrors);
[7m  [0m [91m                                            ~~~~~~~~~~[0m

[96msrc/error-resolution/test/ErrorAnalyzer.test.ts[0m:[93m100[0m:[93m41[0m - [91merror[0m[90m TS2341: [0mProperty 'parseErrorLine' is private and only accessible within class 'ErrorAnalyzer'.

[7m100[0m       const parseErrorLine = (analyzer).parseErrorLine.bind(analyzer);
[7m   [0m [91m                                        ~~~~~~~~~~~~~~[0m

[96msrc/error-resolution/test/ErrorAnalyzer.test.ts[0m:[93m104[0m:[93m14[0m - [91merror[0m[90m TS18047: [0m'result' is possibly 'null'.

[7m104[0m       expect(result.file).toBe('utils/securityMonitoring.ts');
[7m   [0m [91m             ~~~~~~[0m

[96msrc/error-resolution/test/ErrorAnalyzer.test.ts[0m:[93m104[0m:[93m21[0m - [91merror[0m[90m TS2551: [0mProperty 'file' does not exist on type 'AnalyzedError'. Did you mean '_file'?

[7m104[0m       expect(result.file).toBe('utils/securityMonitoring.ts');
[7m   [0m [91m                    ~~~~[0m

  [96msrc/error-resolution/core/ErrorAnalyzer.ts[0m:[93m32[0m:[93m3[0m
    [7m32[0m   _file: string;
    [7m  [0m [96m  ~~~~~[0m
    '_file' is declared here.

[96msrc/error-resolution/test/ErrorAnalyzer.test.ts[0m:[93m105[0m:[93m14[0m - [91merror[0m[90m TS18047: [0m'result' is possibly 'null'.

[7m105[0m       expect(result.line).toBe(515);
[7m   [0m [91m             ~~~~~~[0m

[96msrc/error-resolution/test/ErrorAnalyzer.test.ts[0m:[93m106[0m:[93m14[0m - [91merror[0m[90m TS18047: [0m'result' is possibly 'null'.

[7m106[0m       expect(result.column).toBe(58);
[7m   [0m [91m             ~~~~~~[0m

[96msrc/error-resolution/test/ErrorAnalyzer.test.ts[0m:[93m107[0m:[93m14[0m - [91merror[0m[90m TS18047: [0m'result' is possibly 'null'.

[7m107[0m       expect(result.code).toBe('TS1005');
[7m   [0m [91m             ~~~~~~[0m

[96msrc/error-resolution/test/ErrorAnalyzer.test.ts[0m:[93m107[0m:[93m21[0m - [91merror[0m[90m TS2551: [0mProperty 'code' does not exist on type 'AnalyzedError'. Did you mean '_code'?

[7m107[0m       expect(result.code).toBe('TS1005');
[7m   [0m [91m                    ~~~~[0m

  [96msrc/error-resolution/core/ErrorAnalyzer.ts[0m:[93m36[0m:[93m3[0m
    [7m36[0m   _code: string;
    [7m  [0m [96m  ~~~~~[0m
    '_code' is declared here.

[96msrc/error-resolution/test/ErrorAnalyzer.test.ts[0m:[93m108[0m:[93m14[0m - [91merror[0m[90m TS18047: [0m'result' is possibly 'null'.

[7m108[0m       expect(result.message).toBe("';' expected.");
[7m   [0m [91m             ~~~~~~[0m

[96msrc/error-resolution/test/ErrorAnalyzer.test.ts[0m:[93m108[0m:[93m21[0m - [91merror[0m[90m TS2551: [0mProperty 'message' does not exist on type 'AnalyzedError'. Did you mean '_message'?

[7m108[0m       expect(result.message).toBe("';' expected.");
[7m   [0m [91m                    ~~~~~~~[0m

  [96msrc/error-resolution/core/ErrorAnalyzer.ts[0m:[93m35[0m:[93m3[0m
    [7m35[0m   _message: string;
    [7m  [0m [96m  ~~~~~~~~[0m
    '_message' is declared here.

[96msrc/error-resolution/test/ErrorAnalyzer.test.ts[0m:[93m114[0m:[93m41[0m - [91merror[0m[90m TS2341: [0mProperty 'parseErrorLine' is private and only accessible within class 'ErrorAnalyzer'.

[7m114[0m       const parseErrorLine = (analyzer).parseErrorLine.bind(analyzer);
[7m   [0m [91m                                        ~~~~~~~~~~~~~~[0m

[96msrc/error-resolution/test/ImportFixer.test.ts[0m:[93m2[0m:[93m10[0m - [91merror[0m[90m TS2614: [0mModule '"../types"' has no exported member 'AnalyzedError'. Did you mean to use 'import AnalyzedError from "../types"' instead?

[7m2[0m import { AnalyzedError, ErrorRootCause } from '../types';
[7m [0m [91m         ~~~~~~~~~~~~~[0m

[96msrc/error-resolution/test/ImportFixer.test.ts[0m:[93m2[0m:[93m25[0m - [91merror[0m[90m TS2614: [0mModule '"../types"' has no exported member 'ErrorRootCause'. Did you mean to use 'import ErrorRootCause from "../types"' instead?

[7m2[0m import { AnalyzedError, ErrorRootCause } from '../types';
[7m [0m [91m                        ~~~~~~~~~~~~~~[0m

[96msrc/error-resolution/test/ImportFixer.test.ts[0m:[93m3[0m:[93m25[0m - [91merror[0m[90m TS2307: [0mCannot find module '../utils/_Logger' or its corresponding type declarations.

[7m3[0m import { _Logger } from '../utils/_Logger';
[7m [0m [91m                        ~~~~~~~~~~~~~~~~~~[0m

[96msrc/error-resolution/test/ImportFixer.test.ts[0m:[93m6[0m:[93m20[0m - [91merror[0m[90m TS2749: [0m'ImportFixer' refers to a value, but is being used as a type here. Did you mean 'typeof ImportFixer'?

[7m6[0m   let importFixer: ImportFixer;
[7m [0m [91m                   ~~~~~~~~~~~[0m

[96msrc/error-resolution/test/ImportFixer.test.ts[0m:[93m11[0m:[93m25[0m - [91merror[0m[90m TS7017: [0mElement implicitly has an 'any' type because type 'typeof globalThis' has no index signature.

[7m11[0m     mockLogger = global.createMockLogger();
[7m  [0m [91m                        ~~~~~~~~~~~~~~~~[0m

[96msrc/error-resolution/test/ImportFixer.test.ts[0m:[93m12[0m:[93m23[0m - [91merror[0m[90m TS2351: [0mThis expression is not constructable.
  Type '{ enabled: boolean; process: (data: any) => any; }' has no construct signatures.

[7m12[0m     importFixer = new ImportFixer(projectRoot, mockLogger);
[7m  [0m [91m                      ~~~~~~~~~~~[0m

[96msrc/error-resolution/test/ValidationEngine.test.ts[0m:[93m3[0m:[93m25[0m - [91merror[0m[90m TS2307: [0mCannot find module '../utils/_Logger' or its corresponding type declarations.

[7m3[0m import { _Logger } from '../utils/_Logger';
[7m [0m [91m                        ~~~~~~~~~~~~~~~~~~[0m

[96msrc/error-resolution/test/ValidationEngine.test.ts[0m:[93m6[0m:[93m25[0m - [91merror[0m[90m TS2749: [0m'ValidationEngine' refers to a value, but is being used as a type here. Did you mean 'typeof ValidationEngine'?

[7m6[0m   let validationEngine: ValidationEngine;
[7m [0m [91m                        ~~~~~~~~~~~~~~~~[0m

[96msrc/error-resolution/test/ValidationEngine.test.ts[0m:[93m10[0m:[93m25[0m - [91merror[0m[90m TS7017: [0mElement implicitly has an 'any' type because type 'typeof globalThis' has no index signature.

[7m10[0m     mockLogger = global.createMockLogger();
[7m  [0m [91m                        ~~~~~~~~~~~~~~~~[0m

[96msrc/error-resolution/test/ValidationEngine.test.ts[0m:[93m11[0m:[93m28[0m - [91merror[0m[90m TS2351: [0mThis expression is not constructable.
  Type '{ enabled: boolean; process: (data: any) => any; }' has no construct signatures.

[7m11[0m     validationEngine = new ValidationEngine({}, mockLogger);
[7m  [0m [91m                           ~~~~~~~~~~~~~~~~[0m

[96msrc/error-resolution/test/WorkflowCoordinator.test.ts[0m:[93m3[0m:[93m25[0m - [91merror[0m[90m TS2307: [0mCannot find module '../utils/_Logger' or its corresponding type declarations.

[7m3[0m import { _Logger } from '../utils/_Logger';
[7m [0m [91m                        ~~~~~~~~~~~~~~~~~~[0m

[96msrc/error-resolution/test/WorkflowCoordinator.test.ts[0m:[93m6[0m:[93m20[0m - [91merror[0m[90m TS2749: [0m'WorkflowCoordinator' refers to a value, but is being used as a type here. Did you mean 'typeof WorkflowCoordinator'?

[7m6[0m   let coordinator: WorkflowCoordinator;
[7m [0m [91m                   ~~~~~~~~~~~~~~~~~~~[0m

[96msrc/error-resolution/test/WorkflowCoordinator.test.ts[0m:[93m10[0m:[93m25[0m - [91merror[0m[90m TS7017: [0mElement implicitly has an 'any' type because type 'typeof globalThis' has no index signature.

[7m10[0m     mockLogger = global.createMockLogger();
[7m  [0m [91m                        ~~~~~~~~~~~~~~~~[0m

[96msrc/error-resolution/test/WorkflowCoordinator.test.ts[0m:[93m11[0m:[93m23[0m - [91merror[0m[90m TS2351: [0mThis expression is not constructable.
  Type '{ enabled: boolean; process: (data: any) => any; }' has no construct signatures.

[7m11[0m     coordinator = new WorkflowCoordinator(mockLogger);
[7m  [0m [91m                      ~~~~~~~~~~~~~~~~~~~[0m

[96msrc/error-resolution/types/index.ts[0m:[93m4[0m:[93m13[0m - [91merror[0m[90m TS7006: [0mParameter 'data' implicitly has an 'any' type.

[7m4[0m   process: (data) => data
[7m [0m [91m            ~~~~[0m

[96msrc/error-resolution/utils/Logger.ts[0m:[93m4[0m:[93m13[0m - [91merror[0m[90m TS7006: [0mParameter 'data' implicitly has an 'any' type.

[7m4[0m   process: (data) => data
[7m [0m [91m            ~~~~[0m

[96msrc/features/auth/services/authService.ts[0m:[93m44[0m:[93m35[0m - [91merror[0m[90m TS7006: [0mParameter 'data' implicitly has an 'any' type.

[7m44[0m   async post<T>(endpoint: string, data): Promise<T> {
[7m  [0m [91m                                  ~~~~[0m

[96msrc/features/auth/store/authStore.ts[0m:[93m4[0m:[93m13[0m - [91merror[0m[90m TS7006: [0mParameter 'data' implicitly has an 'any' type.

[7m4[0m   process: (data) => data
[7m [0m [91m            ~~~~[0m

[96msrc/features/comments/hooks/useComments.ts[0m:[93m6[0m:[93m16[0m - [91merror[0m[90m TS7006: [0mParameter 'data' implicitly has an 'any' type.

[7m6[0m   onSuccess?: (data) => void;
[7m [0m [91m               ~~~~[0m

[96msrc/features/comments/services/commentService.ts[0m:[93m40[0m:[93m39[0m - [91merror[0m[90m TS7006: [0mParameter 'data' implicitly has an 'any' type.

[7m40[0m   async postData<T>(endpoint: string, data): Promise<T> {
[7m  [0m [91m                                      ~~~~[0m

[96msrc/features/common/index.ts[0m:[93m4[0m:[93m13[0m - [91merror[0m[90m TS7006: [0mParameter 'data' implicitly has an 'any' type.

[7m4[0m   process: (data) => data
[7m [0m [91m            ~~~~[0m

[96msrc/features/livestream/components/index.ts[0m:[93m4[0m:[93m13[0m - [91merror[0m[90m TS7006: [0mParameter 'data' implicitly has an 'any' type.

[7m4[0m   process: (data) => data
[7m [0m [91m            ~~~~[0m

[96msrc/features/notifications/hooks/useNotifications.ts[0m:[93m6[0m:[93m16[0m - [91merror[0m[90m TS7006: [0mParameter 'data' implicitly has an 'any' type.

[7m6[0m   onSuccess?: (data) => void;
[7m [0m [91m               ~~~~[0m

[96msrc/features/notifications/hooks/useNotifications.ts[0m:[93m11[0m:[93m3[0m - [91merror[0m[90m TS7008: [0mMember 'data' implicitly has an 'any' type.

[7m11[0m   data;
[7m  [0m [91m  ~~~~[0m

[96msrc/features/notifications/services/notificationService.ts[0m:[93m22[0m:[93m35[0m - [91merror[0m[90m TS7006: [0mParameter 'data' implicitly has an 'any' type.

[7m22[0m   async post<T>(endpoint: string, data): Promise<T> {
[7m  [0m [91m                                  ~~~~[0m

[96msrc/features/playlist/hooks/usePlaylists.ts[0m:[93m6[0m:[93m16[0m - [91merror[0m[90m TS7006: [0mParameter 'data' implicitly has an 'any' type.

[7m6[0m   onSuccess?: (data) => void;
[7m [0m [91m               ~~~~[0m

[96msrc/features/playlist/hooks/usePlaylists.ts[0m:[93m11[0m:[93m3[0m - [91merror[0m[90m TS7008: [0mMember 'data' implicitly has an 'any' type.

[7m11[0m   data;
[7m  [0m [91m  ~~~~[0m

[96msrc/features/playlist/services/playlistService.ts[0m:[93m22[0m:[93m35[0m - [91merror[0m[90m TS7006: [0mParameter 'data' implicitly has an 'any' type.

[7m22[0m   async post<T>(endpoint: string, data): Promise<T> {
[7m  [0m [91m                                  ~~~~[0m

[96msrc/features/search/services/searchService.ts[0m:[93m40[0m:[93m39[0m - [91merror[0m[90m TS7006: [0mParameter 'data' implicitly has an 'any' type.

[7m40[0m   async postData<T>(endpoint: string, data): Promise<T> {
[7m  [0m [91m                                      ~~~~[0m

[96msrc/features/subscription/services/subscriptionService.ts[0m:[93m22[0m:[93m35[0m - [91merror[0m[90m TS7006: [0mParameter 'data' implicitly has an 'any' type.

[7m22[0m   async post<T>(endpoint: string, data): Promise<T> {
[7m  [0m [91m                                  ~~~~[0m

[96msrc/features/user/pages/YourDataPage.tsx[0m:[93m1[0m:[93m17[0m - [91merror[0m[90m TS2305: [0mModule '"react"' has no exported member '_FC'.

[7m1[0m import React, { _FC } from 'react';
[7m [0m [91m                ~~~[0m

[96msrc/features/user/pages/YourDataPage.tsx[0m:[93m5[0m:[93m27[0m - [91merror[0m[90m TS2694: [0mNamespace 'React' has no exported member '_FC'.

[7m5[0m const YourDataPage: React._FC = () => {
[7m [0m [91m                          ~~~[0m

[96msrc/features/video/hooks/useVideo.ts[0m:[93m6[0m:[93m16[0m - [91merror[0m[90m TS7006: [0mParameter 'data' implicitly has an 'any' type.

[7m6[0m   onSuccess?: (data) => void;
[7m [0m [91m               ~~~~[0m

[96msrc/features/video/hooks/useVideo.ts[0m:[93m11[0m:[93m3[0m - [91merror[0m[90m TS7008: [0mMember 'data' implicitly has an 'any' type.

[7m11[0m   data;
[7m  [0m [91m  ~~~~[0m

[96msrc/features/video/hooks/useVideoInteractions.ts[0m:[93m6[0m:[93m16[0m - [91merror[0m[90m TS7006: [0mParameter 'data' implicitly has an 'any' type.

[7m6[0m   onSuccess?: (data) => void;
[7m [0m [91m               ~~~~[0m

[96msrc/features/video/hooks/useVideoInteractions.ts[0m:[93m11[0m:[93m3[0m - [91merror[0m[90m TS7008: [0mMember 'data' implicitly has an 'any' type.

[7m11[0m   data;
[7m  [0m [91m  ~~~~[0m

[96msrc/features/video/pages/HomePage.tsx[0m:[93m1[0m:[93m17[0m - [91merror[0m[90m TS2305: [0mModule '"react"' has no exported member '_FC'.

[7m1[0m import React, { _FC } from 'react';
[7m [0m [91m                ~~~[0m

[96msrc/features/video/pages/HomePage.tsx[0m:[93m5[0m:[93m23[0m - [91merror[0m[90m TS2694: [0mNamespace 'React' has no exported member '_FC'.

[7m5[0m const HomePage: React._FC = () => {
[7m [0m [91m                      ~~~[0m

[96msrc/features/video/pages/ShortsPage.tsx[0m:[93m1[0m:[93m17[0m - [91merror[0m[90m TS2305: [0mModule '"react"' has no exported member '_FC'.

[7m1[0m import React, { _FC } from 'react';
[7m [0m [91m                ~~~[0m

[96msrc/features/video/pages/ShortsPage.tsx[0m:[93m5[0m:[93m25[0m - [91merror[0m[90m TS2694: [0mNamespace 'React' has no exported member '_FC'.

[7m5[0m const ShortsPage: React._FC = () => {
[7m [0m [91m                        ~~~[0m

[96msrc/features/video/pages/TrendingPage.tsx[0m:[93m1[0m:[93m17[0m - [91merror[0m[90m TS2305: [0mModule '"react"' has no exported member '_FC'.

[7m1[0m import React, { _FC } from 'react';
[7m [0m [91m                ~~~[0m

[96msrc/features/video/pages/TrendingPage.tsx[0m:[93m5[0m:[93m27[0m - [91merror[0m[90m TS2694: [0mNamespace 'React' has no exported member '_FC'.

[7m5[0m const TrendingPage: React._FC = () => {
[7m [0m [91m                          ~~~[0m

[96msrc/features/video/services/videoService.ts[0m:[93m40[0m:[93m39[0m - [91merror[0m[90m TS7006: [0mParameter 'data' implicitly has an 'any' type.

[7m40[0m   async postData<T>(endpoint: string, data): Promise<T> {
[7m  [0m [91m                                      ~~~~[0m

[96msrc/hooks/legacy/index.ts[0m:[93m4[0m:[93m13[0m - [91merror[0m[90m TS7006: [0mParameter 'data' implicitly has an 'any' type.

[7m4[0m   process: (data) => data
[7m [0m [91m            ~~~~[0m

[96msrc/hooks/legacy/root-useLiveStream.ts[0m:[93m19[0m:[93m11[0m - [91merror[0m[90m TS7006: [0mParameter 'data' implicitly has an 'any' type.

[7m19[0m   process(data): any {
[7m  [0m [91m          ~~~~[0m

[96msrc/hooks/legacy/root-useVideoPlayer.ts[0m:[93m19[0m:[93m11[0m - [91merror[0m[90m TS7006: [0mParameter 'data' implicitly has an 'any' type.

[7m19[0m   process(data): any {
[7m  [0m [91m          ~~~~[0m

[96msrc/hooks/optimizedHooks.ts[0m:[93m44[0m:[93m35[0m - [91merror[0m[90m TS7006: [0mParameter 'data' implicitly has an 'any' type.

[7m44[0m   async post<T>(endpoint: string, data): Promise<T> {
[7m  [0m [91m                                  ~~~~[0m

[96msrc/hooks/unified/index.ts[0m:[93m4[0m:[93m13[0m - [91merror[0m[90m TS7006: [0mParameter 'data' implicitly has an 'any' type.

[7m4[0m   process: (data) => data
[7m [0m [91m            ~~~~[0m

[96msrc/hooks/unified/useApi.ts[0m:[93m6[0m:[93m16[0m - [91merror[0m[90m TS7006: [0mParameter 'data' implicitly has an 'any' type.

[7m6[0m   onSuccess?: (data) => void;
[7m [0m [91m               ~~~~[0m

[96msrc/hooks/unified/useApi.ts[0m:[93m11[0m:[93m3[0m - [91merror[0m[90m TS7008: [0mMember 'data' implicitly has an 'any' type.

[7m11[0m   data;
[7m  [0m [91m  ~~~~[0m

[96msrc/hooks/unified/useVideos.ts[0m:[93m6[0m:[93m16[0m - [91merror[0m[90m TS7006: [0mParameter 'data' implicitly has an 'any' type.

[7m6[0m   onSuccess?: (data) => void;
[7m [0m [91m               ~~~~[0m

[96msrc/hooks/unified/useVideos.ts[0m:[93m11[0m:[93m3[0m - [91merror[0m[90m TS7008: [0mMember 'data' implicitly has an 'any' type.

[7m11[0m   data;
[7m  [0m [91m  ~~~~[0m

[96msrc/hooks/unifiedHooks.ts[0m:[93m44[0m:[93m35[0m - [91merror[0m[90m TS7006: [0mParameter 'data' implicitly has an 'any' type.

[7m44[0m   async post<T>(endpoint: string, data): Promise<T> {
[7m  [0m [91m                                  ~~~~[0m

[96msrc/hooks/useAnalytics.ts[0m:[93m6[0m:[93m16[0m - [91merror[0m[90m TS7006: [0mParameter 'data' implicitly has an 'any' type.

[7m6[0m   onSuccess?: (data) => void;
[7m [0m [91m               ~~~~[0m

[96msrc/hooks/useAsyncData.ts[0m:[93m5[0m:[93m2[0m - [91merror[0m[90m TS7008: [0mMember 'dependencies' implicitly has an 'any' type.

[7m5[0m  dependencies?;
[7m [0m [91m ~~~~~~~~~~~~[0m

[96msrc/hooks/useDebounce.ts[0m:[93m6[0m:[93m16[0m - [91merror[0m[90m TS7006: [0mParameter 'data' implicitly has an 'any' type.

[7m6[0m   onSuccess?: (data) => void;
[7m [0m [91m               ~~~~[0m

[96msrc/hooks/useDebounce.ts[0m:[93m11[0m:[93m3[0m - [91merror[0m[90m TS7008: [0mMember 'data' implicitly has an 'any' type.

[7m11[0m   data;
[7m  [0m [91m  ~~~~[0m

[96msrc/hooks/useDropdownMenu.ts[0m:[93m6[0m:[93m16[0m - [91merror[0m[90m TS7006: [0mParameter 'data' implicitly has an 'any' type.

[7m6[0m   onSuccess?: (data) => void;
[7m [0m [91m               ~~~~[0m

[96msrc/hooks/useDropdownMenu.ts[0m:[93m11[0m:[93m3[0m - [91merror[0m[90m TS7008: [0mMember 'data' implicitly has an 'any' type.

[7m11[0m   data;
[7m  [0m [91m  ~~~~[0m

[96msrc/hooks/useEnhancedQuery.ts[0m:[93m6[0m:[93m16[0m - [91merror[0m[90m TS7006: [0mParameter 'data' implicitly has an 'any' type.

[7m6[0m   onSuccess?: (data) => void;
[7m [0m [91m               ~~~~[0m

[96msrc/hooks/useFormState.ts[0m:[93m6[0m:[93m16[0m - [91merror[0m[90m TS7006: [0mParameter 'data' implicitly has an 'any' type.

[7m6[0m   onSuccess?: (data) => void;
[7m [0m [91m               ~~~~[0m

[96msrc/hooks/useFormState.ts[0m:[93m11[0m:[93m3[0m - [91merror[0m[90m TS7008: [0mMember 'data' implicitly has an 'any' type.

[7m11[0m   data;
[7m  [0m [91m  ~~~~[0m

[96msrc/hooks/useInstallPrompt.ts[0m:[93m6[0m:[93m16[0m - [91merror[0m[90m TS7006: [0mParameter 'data' implicitly has an 'any' type.

[7m6[0m   onSuccess?: (data) => void;
[7m [0m [91m               ~~~~[0m

[96msrc/hooks/useLocalStorage.ts[0m:[93m6[0m:[93m16[0m - [91merror[0m[90m TS7006: [0mParameter 'data' implicitly has an 'any' type.

[7m6[0m   onSuccess?: (data) => void;
[7m [0m [91m               ~~~~[0m

[96msrc/hooks/useLocalStorage.ts[0m:[93m11[0m:[93m3[0m - [91merror[0m[90m TS7008: [0mMember 'data' implicitly has an 'any' type.

[7m11[0m   data;
[7m  [0m [91m  ~~~~[0m

[96msrc/hooks/useLocalStorageSet.ts[0m:[93m6[0m:[93m16[0m - [91merror[0m[90m TS7006: [0mParameter 'data' implicitly has an 'any' type.

[7m6[0m   onSuccess?: (data) => void;
[7m [0m [91m               ~~~~[0m

[96msrc/hooks/useLocalStorageSet.ts[0m:[93m11[0m:[93m3[0m - [91merror[0m[90m TS7008: [0mMember 'data' implicitly has an 'any' type.

[7m11[0m   data;
[7m  [0m [91m  ~~~~[0m

[96msrc/hooks/useMobileDetection.ts[0m:[93m6[0m:[93m16[0m - [91merror[0m[90m TS7006: [0mParameter 'data' implicitly has an 'any' type.

[7m6[0m   onSuccess?: (data) => void;
[7m [0m [91m               ~~~~[0m

[96msrc/hooks/useMobileDetection.ts[0m:[93m11[0m:[93m3[0m - [91merror[0m[90m TS7008: [0mMember 'data' implicitly has an 'any' type.

[7m11[0m   data;
[7m  [0m [91m  ~~~~[0m

[96msrc/hooks/useModal.ts[0m:[93m6[0m:[93m16[0m - [91merror[0m[90m TS7006: [0mParameter 'data' implicitly has an 'any' type.

[7m6[0m   onSuccess?: (data) => void;
[7m [0m [91m               ~~~~[0m

[96msrc/hooks/useModal.ts[0m:[93m11[0m:[93m3[0m - [91merror[0m[90m TS7008: [0mMember 'data' implicitly has an 'any' type.

[7m11[0m   data;
[7m  [0m [91m  ~~~~[0m

[96msrc/hooks/useOfflineStatus.ts[0m:[93m6[0m:[93m16[0m - [91merror[0m[90m TS7006: [0mParameter 'data' implicitly has an 'any' type.

[7m6[0m   onSuccess?: (data) => void;
[7m [0m [91m               ~~~~[0m

[96msrc/hooks/useOptimizedVideoData.ts[0m:[93m6[0m:[93m16[0m - [91merror[0m[90m TS7006: [0mParameter 'data' implicitly has an 'any' type.

[7m6[0m   onSuccess?: (data) => void;
[7m [0m [91m               ~~~~[0m

[96msrc/hooks/useOptimizedVideoData.ts[0m:[93m11[0m:[93m3[0m - [91merror[0m[90m TS7008: [0mMember 'data' implicitly has an 'any' type.

[7m11[0m   data;
[7m  [0m [91m  ~~~~[0m

[96msrc/hooks/usePerformanceMonitor.ts[0m:[93m6[0m:[93m16[0m - [91merror[0m[90m TS7006: [0mParameter 'data' implicitly has an 'any' type.

[7m6[0m   onSuccess?: (data) => void;
[7m [0m [91m               ~~~~[0m

[96msrc/hooks/usePerformanceMonitor.ts[0m:[93m11[0m:[93m3[0m - [91merror[0m[90m TS7008: [0mMember 'data' implicitly has an 'any' type.

[7m11[0m   data;
[7m  [0m [91m  ~~~~[0m

[96msrc/hooks/usePerformanceOptimization.ts[0m:[93m6[0m:[93m16[0m - [91merror[0m[90m TS7006: [0mParameter 'data' implicitly has an 'any' type.

[7m6[0m   onSuccess?: (data) => void;
[7m [0m [91m               ~~~~[0m

[96msrc/hooks/usePerformanceOptimization.ts[0m:[93m11[0m:[93m3[0m - [91merror[0m[90m TS7008: [0mMember 'data' implicitly has an 'any' type.

[7m11[0m   data;
[7m  [0m [91m  ~~~~[0m

[96msrc/hooks/usePWANotifications.ts[0m:[93m6[0m:[93m16[0m - [91merror[0m[90m TS7006: [0mParameter 'data' implicitly has an 'any' type.

[7m6[0m   onSuccess?: (data) => void;
[7m [0m [91m               ~~~~[0m

[96msrc/hooks/usePWANotifications.ts[0m:[93m11[0m:[93m3[0m - [91merror[0m[90m TS7008: [0mMember 'data' implicitly has an 'any' type.

[7m11[0m   data;
[7m  [0m [91m  ~~~~[0m

[96msrc/hooks/usePWAUpdates.ts[0m:[93m6[0m:[93m16[0m - [91merror[0m[90m TS7006: [0mParameter 'data' implicitly has an 'any' type.

[7m6[0m   onSuccess?: (data) => void;
[7m [0m [91m               ~~~~[0m

[96msrc/hooks/useRefactoredHooks.ts[0m:[93m6[0m:[93m16[0m - [91merror[0m[90m TS7006: [0mParameter 'data' implicitly has an 'any' type.

[7m6[0m   onSuccess?: (data) => void;
[7m [0m [91m               ~~~~[0m

[96msrc/hooks/useServiceWorker.ts[0m:[93m6[0m:[93m16[0m - [91merror[0m[90m TS7006: [0mParameter 'data' implicitly has an 'any' type.

[7m6[0m   onSuccess?: (data) => void;
[7m [0m [91m               ~~~~[0m

[96msrc/hooks/useTrendingSearch.ts[0m:[93m6[0m:[93m16[0m - [91merror[0m[90m TS7006: [0mParameter 'data' implicitly has an 'any' type.

[7m6[0m   onSuccess?: (data) => void;
[7m [0m [91m               ~~~~[0m

[96msrc/hooks/useTrendingSearch.ts[0m:[93m11[0m:[93m3[0m - [91merror[0m[90m TS7008: [0mMember 'data' implicitly has an 'any' type.

[7m11[0m   data;
[7m  [0m [91m  ~~~~[0m

[96msrc/hooks/useVideoCache.ts[0m:[93m6[0m:[93m16[0m - [91merror[0m[90m TS7006: [0mParameter 'data' implicitly has an 'any' type.

[7m6[0m   onSuccess?: (data) => void;
[7m [0m [91m               ~~~~[0m

[96msrc/hooks/useVideoCache.ts[0m:[93m11[0m:[93m3[0m - [91merror[0m[90m TS7008: [0mMember 'data' implicitly has an 'any' type.

[7m11[0m   data;
[7m  [0m [91m  ~~~~[0m

[96msrc/hooks/useVideoPlayer.ts[0m:[93m6[0m:[93m16[0m - [91merror[0m[90m TS7006: [0mParameter 'data' implicitly has an 'any' type.

[7m6[0m   onSuccess?: (data) => void;
[7m [0m [91m               ~~~~[0m

[96msrc/hooks/useVideosData.ts[0m:[93m6[0m:[93m16[0m - [91merror[0m[90m TS7006: [0mParameter 'data' implicitly has an 'any' type.

[7m6[0m   onSuccess?: (data) => void;
[7m [0m [91m               ~~~~[0m

[96msrc/hooks/useVideosData.ts[0m:[93m11[0m:[93m3[0m - [91merror[0m[90m TS7008: [0mMember 'data' implicitly has an 'any' type.

[7m11[0m   data;
[7m  [0m [91m  ~~~~[0m

[96msrc/hooks/useWatchPage.ts[0m:[93m6[0m:[93m16[0m - [91merror[0m[90m TS7006: [0mParameter 'data' implicitly has an 'any' type.

[7m6[0m   onSuccess?: (data) => void;
[7m [0m [91m               ~~~~[0m

[96msrc/hooks/useWatchPage.ts[0m:[93m11[0m:[93m3[0m - [91merror[0m[90m TS7008: [0mMember 'data' implicitly has an 'any' type.

[7m11[0m   data;
[7m  [0m [91m  ~~~~[0m

[96msrc/lib/constants.ts[0m:[93m4[0m:[93m13[0m - [91merror[0m[90m TS7006: [0mParameter 'data' implicitly has an 'any' type.

[7m4[0m   process: (data) => data
[7m [0m [91m            ~~~~[0m

[96msrc/lib/youtube-utils.ts[0m:[93m19[0m:[93m11[0m - [91merror[0m[90m TS7006: [0mParameter 'data' implicitly has an 'any' type.

[7m19[0m   process(data): any {
[7m  [0m [91m          ~~~~[0m

[96msrc/pages/ChannelPage.tsx[0m:[93m1[0m:[93m38[0m - [91merror[0m[90m TS2305: [0mModule '"react"' has no exported member '_FC'.

[7m1[0m import React, { useState, useEffect, _FC } from 'react';
[7m [0m [91m                                     ~~~[0m

[96msrc/pages/ChannelPage.tsx[0m:[93m2[0m:[93m25[0m - [91merror[0m[90m TS2307: [0mCannot find module '../types.ts' or its corresponding type declarations.

[7m2[0m import { Channel } from '../types.ts';
[7m [0m [91m                        ~~~~~~~~~~~~~[0m

[96msrc/pages/ChannelPage.tsx[0m:[93m4[0m:[93m27[0m - [91merror[0m[90m TS2307: [0mCannot find module '../components/ChannelHeader.tsx' or its corresponding type declarations.

[7m4[0m import ChannelHeader from '../components/ChannelHeader.tsx';
[7m [0m [91m                          ~~~~~~~~~~~~~~~~~~~~~~~~~~~~~~~~~[0m

[96msrc/pages/ChannelPage.tsx[0m:[93m5[0m:[93m31[0m - [91merror[0m[90m TS2307: [0mCannot find module '../components/ChannelTabContent.tsx' or its corresponding type declarations.

[7m5[0m import ChannelTabContent from '../components/ChannelTabContent.tsx';
[7m [0m [91m                              ~~~~~~~~~~~~~~~~~~~~~~~~~~~~~~~~~~~~~[0m

[96msrc/pages/ChannelPage.tsx[0m:[93m6[0m:[93m25[0m - [91merror[0m[90m TS2307: [0mCannot find module '../components/ChannelTabs.tsx' or its corresponding type declarations.

[7m6[0m import ChannelTabs from '../components/ChannelTabs.tsx';
[7m [0m [91m                        ~~~~~~~~~~~~~~~~~~~~~~~~~~~~~~~[0m

[96msrc/pages/ChannelPage.tsx[0m:[93m7[0m:[93m33[0m - [91merror[0m[90m TS2307: [0mCannot find module '../components/LoadingStates/ChannelPageSkeleton.tsx' or its corresponding type declarations.

[7m7[0m import ChannelPageSkeleton from '../components/LoadingStates/ChannelPageSkeleton.tsx';
[7m [0m [91m                                ~~~~~~~~~~~~~~~~~~~~~~~~~~~~~~~~~~~~~~~~~~~~~~~~~~~~~[0m

[96msrc/pages/ChannelPage.tsx[0m:[93m8[0m:[93m10[0m - [91merror[0m[90m TS2614: [0mModule '"../services/realVideoService.ts"' has no exported member 'getChannelByName'. Did you mean to use 'import getChannelByName from "../services/realVideoService.ts"' instead?

[7m8[0m import { getChannelByName, getVideosByChannelName, getChannelPlaylists, getChannelCommunityPosts } from '../services/realVideoService.ts';
[7m [0m [91m         ~~~~~~~~~~~~~~~~[0m

[96msrc/pages/ChannelPage.tsx[0m:[93m8[0m:[93m28[0m - [91merror[0m[90m TS2614: [0mModule '"../services/realVideoService.ts"' has no exported member 'getVideosByChannelName'. Did you mean to use 'import getVideosByChannelName from "../services/realVideoService.ts"' instead?

[7m8[0m import { getChannelByName, getVideosByChannelName, getChannelPlaylists, getChannelCommunityPosts } from '../services/realVideoService.ts';
[7m [0m [91m                           ~~~~~~~~~~~~~~~~~~~~~~[0m

[96msrc/pages/ChannelPage.tsx[0m:[93m8[0m:[93m52[0m - [91merror[0m[90m TS2614: [0mModule '"../services/realVideoService.ts"' has no exported member 'getChannelPlaylists'. Did you mean to use 'import getChannelPlaylists from "../services/realVideoService.ts"' instead?

[7m8[0m import { getChannelByName, getVideosByChannelName, getChannelPlaylists, getChannelCommunityPosts } from '../services/realVideoService.ts';
[7m [0m [91m                                                   ~~~~~~~~~~~~~~~~~~~[0m

[96msrc/pages/ChannelPage.tsx[0m:[93m8[0m:[93m73[0m - [91merror[0m[90m TS2614: [0mModule '"../services/realVideoService.ts"' has no exported member 'getChannelCommunityPosts'. Did you mean to use 'import getChannelCommunityPosts from "../services/realVideoService.ts"' instead?

[7m8[0m import { getChannelByName, getVideosByChannelName, getChannelPlaylists, getChannelCommunityPosts } from '../services/realVideoService.ts';
[7m [0m [91m                                                                        ~~~~~~~~~~~~~~~~~~~~~~~~[0m

[96msrc/pages/ChannelPage.tsx[0m:[93m9[0m:[93m28[0m - [91merror[0m[90m TS2307: [0mCannot find module '../types.ts' or its corresponding type declarations.

[7m9[0m import type { Video } from '../types.ts';
[7m [0m [91m                           ~~~~~~~~~~~~~[0m

[96msrc/pages/ChannelPage.tsx[0m:[93m27[0m:[93m26[0m - [91merror[0m[90m TS2694: [0mNamespace 'React' has no exported member '_FC'.

[7m27[0m const ChannelPage: React._FC = () => {
[7m  [0m [91m                         ~~~[0m

[96msrc/pages/HistoryPage.tsx[0m:[93m2[0m:[93m10[0m - [91merror[0m[90m TS2305: [0mModule '"@heroicons/react/24/outline"' has no exported member 'ClockIcon'.

[7m2[0m import { ClockIcon } from '@heroicons/react/24/outline';
[7m [0m [91m         ~~~~~~~~~[0m

[96msrc/pages/HistoryPage.tsx[0m:[93m3[0m:[93m23[0m - [91merror[0m[90m TS2307: [0mCannot find module '../components/VideoCard' or its corresponding type declarations.

[7m3[0m import VideoCard from '../components/VideoCard';
[7m [0m [91m                      ~~~~~~~~~~~~~~~~~~~~~~~~~[0m

[96msrc/pages/HistoryPage.tsx[0m:[93m4[0m:[93m10[0m - [91merror[0m[90m TS2614: [0mModule '"../services/realVideoService"' has no exported member 'getWatchHistoryVideos'. Did you mean to use 'import getWatchHistoryVideos from "../services/realVideoService"' instead?

[7m4[0m import { getWatchHistoryVideos } from '../services/realVideoService';
[7m [0m [91m         ~~~~~~~~~~~~~~~~~~~~~[0m

[96msrc/pages/HistoryPage.tsx[0m:[93m5[0m:[93m15[0m - [91merror[0m[90m TS2614: [0mModule '"../types"' has no exported member 'Video'. Did you mean to use 'import Video from "../types"' instead?

[7m5[0m import type { Video } from '../types';
[7m [0m [91m              ~~~~~[0m

[96msrc/pages/HomePage.tsx[0m:[93m1[0m:[93m55[0m - [91merror[0m[90m TS2305: [0mModule '"react"' has no exported member '_FC'.

[7m1[0m import React, { useCallback, useMemo, useState, memo, _FC } from 'react';
[7m [0m [91m                                                      ~~~[0m

[96msrc/pages/HomePage.tsx[0m:[93m3[0m:[93m27[0m - [91merror[0m[90m TS2307: [0mCannot find module '../components/CategoryChips' or its corresponding type declarations.

[7m3[0m import CategoryChips from '../components/CategoryChips';
[7m [0m [91m                          ~~~~~~~~~~~~~~~~~~~~~~~~~~~~~[0m

[96msrc/pages/HomePage.tsx[0m:[93m4[0m:[93m36[0m - [91merror[0m[90m TS2307: [0mCannot find module '../components/HoverAutoplayVideoCard' or its corresponding type declarations.

[7m4[0m import HoverAutoplayVideoCard from '../components/HoverAutoplayVideoCard';
[7m [0m [91m                                   ~~~~~~~~~~~~~~~~~~~~~~~~~~~~~~~~~~~~~~[0m

[96msrc/pages/HomePage.tsx[0m:[93m6[0m:[93m10[0m - [91merror[0m[90m TS2614: [0mModule '"../services/settingsService"' has no exported member 'getInitialSearchKeyword'. Did you mean to use 'import getInitialSearchKeyword from "../services/settingsService"' instead?

[7m6[0m import { getInitialSearchKeyword } from '../services/settingsService';
[7m [0m [91m         ~~~~~~~~~~~~~~~~~~~~~~~[0m

[96msrc/pages/HomePage.tsx[0m:[93m8[0m:[93m15[0m - [91merror[0m[90m TS2614: [0mModule '"../types"' has no exported member 'Video'. Did you mean to use 'import Video from "../types"' instead?

[7m8[0m import type { Video } from '../types';
[7m [0m [91m              ~~~~~[0m

[96msrc/pages/HomePage.tsx[0m:[93m13[0m:[93m23[0m - [91merror[0m[90m TS2694: [0mNamespace 'React' has no exported member '_FC'.

[7m13[0m const HomePage: React._FC = () => {
[7m  [0m [91m                      ~~~[0m

[96msrc/pages/HomePage.tsx[0m:[93m30[0m:[93m27[0m - [91merror[0m[90m TS7006: [0mParameter 'video' implicitly has an 'any' type.

[7m30[0m     return videos.filter((video) => video.category === selectedCategory);
[7m  [0m [91m                          ~~~~~[0m

[96msrc/pages/HomePage.tsx[0m:[93m46[0m:[93m59[0m - [91merror[0m[90m TS2322: [0mType 'Error' is not assignable to type 'ReactNode'.

[7m46[0m           <p className="text-gray-600 dark:text-gray-400">{error}</p>
[7m  [0m [91m                                                          ~~~~~~~[0m

  [96mnode_modules/@types/react/index.d.ts[0m:[93m2173[0m:[93m9[0m
    [7m2173[0m         children?: ReactNode | undefined;
    [7m    [0m [96m        ~~~~~~~~[0m
    The expected type comes from property 'children' which is declared here on type 'DetailedHTMLProps<HTMLAttributes<HTMLParagraphElement>, HTMLParagraphElement>'

[96msrc/pages/LikedVideosPage.tsx[0m:[93m2[0m:[93m27[0m - [91merror[0m[90m TS2307: [0mCannot find module '@heroicons/react/24/solid' or its corresponding type declarations.

[7m2[0m import { HeartIcon } from '@heroicons/react/24/solid';
[7m [0m [91m                          ~~~~~~~~~~~~~~~~~~~~~~~~~~~[0m

[96msrc/pages/LikedVideosPage.tsx[0m:[93m3[0m:[93m23[0m - [91merror[0m[90m TS2307: [0mCannot find module '../components/VideoCard' or its corresponding type declarations.

[7m3[0m import VideoCard from '../components/VideoCard';
[7m [0m [91m                      ~~~~~~~~~~~~~~~~~~~~~~~~~[0m

[96msrc/pages/LikedVideosPage.tsx[0m:[93m4[0m:[93m10[0m - [91merror[0m[90m TS2614: [0mModule '"../services/realVideoService"' has no exported member 'getLikedVideos'. Did you mean to use 'import getLikedVideos from "../services/realVideoService"' instead?

[7m4[0m import { getLikedVideos } from '../services/realVideoService';
[7m [0m [91m         ~~~~~~~~~~~~~~[0m

[96msrc/pages/LikedVideosPage.tsx[0m:[93m5[0m:[93m15[0m - [91merror[0m[90m TS2614: [0mModule '"../types"' has no exported member 'Video'. Did you mean to use 'import Video from "../types"' instead?

[7m5[0m import type { Video } from '../types';
[7m [0m [91m              ~~~~~[0m

[96msrc/pages/LoginPage.tsx[0m:[93m3[0m:[93m20[0m - [91merror[0m[90m TS2307: [0mCannot find module '../components/forms/Button' or its corresponding type declarations.

[7m3[0m import Button from '../components/forms/Button';
[7m [0m [91m                   ~~~~~~~~~~~~~~~~~~~~~~~~~~~~[0m

[96msrc/pages/LoginPage.tsx[0m:[93m4[0m:[93m19[0m - [91merror[0m[90m TS2307: [0mCannot find module '../components/forms/Input' or its corresponding type declarations.

[7m4[0m import Input from '../components/forms/Input';
[7m [0m [91m                  ~~~~~~~~~~~~~~~~~~~~~~~~~~~[0m

[96msrc/pages/LoginPage.tsx[0m:[93m5[0m:[93m25[0m - [91merror[0m[90m TS2307: [0mCannot find module '../components/icons/YouTubeLogo' or its corresponding type declarations.

[7m5[0m import YouTubeLogo from '../components/icons/YouTubeLogo';
[7m [0m [91m                        ~~~~~~~~~~~~~~~~~~~~~~~~~~~~~~~~~[0m

[96msrc/pages/LoginPage.tsx[0m:[93m6[0m:[93m25[0m - [91merror[0m[90m TS2307: [0mCannot find module '../contexts/AuthContext' or its corresponding type declarations.

[7m6[0m import { useAuth } from '../contexts/AuthContext';
[7m [0m [91m                        ~~~~~~~~~~~~~~~~~~~~~~~~~[0m

[96msrc/pages/LoginPage.tsx[0m:[93m100[0m:[93m30[0m - [91merror[0m[90m TS7006: [0mParameter '_e' implicitly has an 'any' type.

[7m100[0m                   onChange={(_e) => setEmail(_e.target.value)}
[7m   [0m [91m                             ~~[0m

[96msrc/pages/LoginPage.tsx[0m:[93m119[0m:[93m30[0m - [91merror[0m[90m TS7006: [0mParameter '_e' implicitly has an 'any' type.

[7m119[0m                   onChange={(_e) => setPassword(_e.target.value)}
[7m   [0m [91m                             ~~[0m

[96msrc/pages/PlaylistDetailPage.tsx[0m:[93m3[0m:[93m10[0m - [91merror[0m[90m TS2305: [0mModule '"@heroicons/react/24/outline"' has no exported member 'QueueListIcon'.

[7m3[0m import { QueueListIcon, _PlayIcon, TrashIcon, EllipsisVerticalIcon, PencilIcon, ArrowsRightLeftIcon } from '@heroicons/react/24/outline';
[7m [0m [91m         ~~~~~~~~~~~~~[0m

[96msrc/pages/PlaylistDetailPage.tsx[0m:[93m3[0m:[93m25[0m - [91merror[0m[90m TS2724: [0m'"@heroicons/react/24/outline"' has no exported member named '_PlayIcon'. Did you mean 'PlayIcon'?

[7m3[0m import { QueueListIcon, _PlayIcon, TrashIcon, EllipsisVerticalIcon, PencilIcon, ArrowsRightLeftIcon } from '@heroicons/react/24/outline';
[7m [0m [91m                        ~~~~~~~~~[0m

  [96msrc/types/external.d.ts[0m:[93m47[0m:[93m16[0m
    [7m47[0m   export const PlayIcon: ComponentType<{ className?: string }>;
    [7m  [0m [96m               ~~~~~~~~[0m
    'PlayIcon' is declared here.

[96msrc/pages/PlaylistDetailPage.tsx[0m:[93m3[0m:[93m36[0m - [91merror[0m[90m TS2305: [0mModule '"@heroicons/react/24/outline"' has no exported member 'TrashIcon'.

[7m3[0m import { QueueListIcon, _PlayIcon, TrashIcon, EllipsisVerticalIcon, PencilIcon, ArrowsRightLeftIcon } from '@heroicons/react/24/outline';
[7m [0m [91m                                   ~~~~~~~~~[0m

[96msrc/pages/PlaylistDetailPage.tsx[0m:[93m3[0m:[93m47[0m - [91merror[0m[90m TS2305: [0mModule '"@heroicons/react/24/outline"' has no exported member 'EllipsisVerticalIcon'.

[7m3[0m import { QueueListIcon, _PlayIcon, TrashIcon, EllipsisVerticalIcon, PencilIcon, ArrowsRightLeftIcon } from '@heroicons/react/24/outline';
[7m [0m [91m                                              ~~~~~~~~~~~~~~~~~~~~[0m

[96msrc/pages/PlaylistDetailPage.tsx[0m:[93m3[0m:[93m69[0m - [91merror[0m[90m TS2305: [0mModule '"@heroicons/react/24/outline"' has no exported member 'PencilIcon'.

[7m3[0m import { QueueListIcon, _PlayIcon, TrashIcon, EllipsisVerticalIcon, PencilIcon, ArrowsRightLeftIcon } from '@heroicons/react/24/outline';
[7m [0m [91m                                                                    ~~~~~~~~~~[0m

[96msrc/pages/PlaylistDetailPage.tsx[0m:[93m3[0m:[93m81[0m - [91merror[0m[90m TS2305: [0mModule '"@heroicons/react/24/outline"' has no exported member 'ArrowsRightLeftIcon'.

[7m3[0m import { QueueListIcon, _PlayIcon, TrashIcon, EllipsisVerticalIcon, PencilIcon, ArrowsRightLeftIcon } from '@heroicons/react/24/outline';
[7m [0m [91m                                                                                ~~~~~~~~~~~~~~~~~~~[0m

[96msrc/pages/PlaylistDetailPage.tsx[0m:[93m4[0m:[93m82[0m - [91merror[0m[90m TS2307: [0mCannot find module '@heroicons/react/24/solid' or its corresponding type declarations.

[7m4[0m import { QueueListIcon as _QueueListSolidIcon, _PlayIcon as PlaySolidIcon } from '@heroicons/react/24/solid';
[7m [0m [91m                                                                                 ~~~~~~~~~~~~~~~~~~~~~~~~~~~[0m

[96msrc/pages/PlaylistDetailPage.tsx[0m:[93m5[0m:[93m36[0m - [91merror[0m[90m TS2307: [0mCannot find module '../components/LoadingStates/PlaylistDetailSkeleton' or its corresponding type declarations.

[7m5[0m import PlaylistDetailSkeleton from '../components/LoadingStates/PlaylistDetailSkeleton';
[7m [0m [91m                                   ~~~~~~~~~~~~~~~~~~~~~~~~~~~~~~~~~~~~~~~~~~~~~~~~~~~~[0m

[96msrc/pages/PlaylistDetailPage.tsx[0m:[93m6[0m:[93m31[0m - [91merror[0m[90m TS2307: [0mCannot find module '../components/PlaylistEditModal' or its corresponding type declarations.

[7m6[0m import PlaylistEditModal from '../components/PlaylistEditModal';
[7m [0m [91m                              ~~~~~~~~~~~~~~~~~~~~~~~~~~~~~~~~~[0m

[96msrc/pages/PlaylistDetailPage.tsx[0m:[93m7[0m:[93m10[0m - [91merror[0m[90m TS2614: [0mModule '"../services/realVideoService"' has no exported member 'removeVideoFromPlaylist'. Did you mean to use 'import removeVideoFromPlaylist from "../services/realVideoService"' instead?

[7m7[0m import { removeVideoFromPlaylist, getUserPlaylistById, updateUserPlaylistDetails } from '../services/realVideoService';
[7m [0m [91m         ~~~~~~~~~~~~~~~~~~~~~~~[0m

[96msrc/pages/PlaylistDetailPage.tsx[0m:[93m7[0m:[93m35[0m - [91merror[0m[90m TS2614: [0mModule '"../services/realVideoService"' has no exported member 'getUserPlaylistById'. Did you mean to use 'import getUserPlaylistById from "../services/realVideoService"' instead?

[7m7[0m import { removeVideoFromPlaylist, getUserPlaylistById, updateUserPlaylistDetails } from '../services/realVideoService';
[7m [0m [91m                                  ~~~~~~~~~~~~~~~~~~~[0m

[96msrc/pages/PlaylistDetailPage.tsx[0m:[93m7[0m:[93m56[0m - [91merror[0m[90m TS2614: [0mModule '"../services/realVideoService"' has no exported member 'updateUserPlaylistDetails'. Did you mean to use 'import updateUserPlaylistDetails from "../services/realVideoService"' instead?

[7m7[0m import { removeVideoFromPlaylist, getUserPlaylistById, updateUserPlaylistDetails } from '../services/realVideoService';
[7m [0m [91m                                                       ~~~~~~~~~~~~~~~~~~~~~~~~~[0m

[96msrc/pages/PlaylistDetailPage.tsx[0m:[93m8[0m:[93m15[0m - [91merror[0m[90m TS2614: [0mModule '"../types"' has no exported member 'Video'. Did you mean to use 'import Video from "../types"' instead?

[7m8[0m import type { Video } from '../types';
[7m [0m [91m              ~~~~~[0m

[96msrc/pages/PlaylistDetailPage.tsx[0m:[93m94[0m:[93m26[0m - [91merror[0m[90m TS2345: [0mArgument of type '(prevId: string | null) => string | number | null' is not assignable to parameter of type 'SetStateAction<string | null>'.
  Type '(prevId: string | null) => string | number | null' is not assignable to type '(prevState: string | null) => string | null'.
    Type 'string | number | null' is not assignable to type 'string | null'.
      Type 'number' is not assignable to type 'string'.

[7m94[0m     setActiveVideoMenuId(prevId => (prevId === videoId ? null : videoId));
[7m  [0m [91m                         ~~~~~~~~~~~~~~~~~~~~~~~~~~~~~~~~~~~~~~~~~~~~~~~[0m

[96msrc/pages/PlaylistDetailPage.tsx[0m:[93m178[0m:[93m38[0m - [91merror[0m[90m TS2551: [0mProperty 'videoIds' does not exist on type 'PlaylistWithVideos'. Did you mean 'videos'?

[7m178[0m   const videoCount = playlistDetails.videoIds.length;
[7m   [0m [91m                                     ~~~~~~~~[0m

  [96msrc/pages/PlaylistDetailPage.tsx[0m:[93m22[0m:[93m3[0m
    [7m22[0m   videos: Video[];
    [7m  [0m [96m  ~~~~~~[0m
    'videos' is declared here.

[96msrc/pages/PlaylistsPage.tsx[0m:[93m2[0m:[93m47[0m - [91merror[0m[90m TS2307: [0mCannot find module '@heroicons/react/24/solid' or its corresponding type declarations.

[7m2[0m import { PlusCircleIcon, QueueListIcon } from '@heroicons/react/24/solid';
[7m [0m [91m                                              ~~~~~~~~~~~~~~~~~~~~~~~~~~~[0m

[96msrc/pages/PlaylistsPage.tsx[0m:[93m3[0m:[93m20[0m - [91merror[0m[90m TS2305: [0mModule '"@heroicons/react/24/outline"' has no exported member 'XMarkIcon'.

[7m3[0m import { PlayIcon, XMarkIcon } from '@heroicons/react/24/outline';
[7m [0m [91m                   ~~~~~~~~~[0m

[96msrc/pages/PlaylistsPage.tsx[0m:[93m5[0m:[93m10[0m - [91merror[0m[90m TS2614: [0mModule '"../services/realVideoService"' has no exported member 'createUserPlaylist'. Did you mean to use 'import createUserPlaylist from "../services/realVideoService"' instead?

[7m5[0m import { createUserPlaylist, getUserPlaylists } from '../services/realVideoService';
[7m [0m [91m         ~~~~~~~~~~~~~~~~~~[0m

[96msrc/pages/PlaylistsPage.tsx[0m:[93m5[0m:[93m30[0m - [91merror[0m[90m TS2614: [0mModule '"../services/realVideoService"' has no exported member 'getUserPlaylists'. Did you mean to use 'import getUserPlaylists from "../services/realVideoService"' instead?

[7m5[0m import { createUserPlaylist, getUserPlaylists } from '../services/realVideoService';
[7m [0m [91m                             ~~~~~~~~~~~~~~~~[0m

[96msrc/pages/PlaylistsPage.tsx[0m:[93m6[0m:[93m15[0m - [91merror[0m[90m TS2614: [0mModule '"../types"' has no exported member 'UserPlaylistDetails'. Did you mean to use 'import UserPlaylistDetails from "../types"' instead?

[7m6[0m import type { UserPlaylistDetails } from '../types';
[7m [0m [91m              ~~~~~~~~~~~~~~~~~~~[0m

[96msrc/pages/PlaylistsPage.tsx[0m:[93m48[0m:[93m44[0m - [91merror[0m[90m TS7006: [0mParameter 'v' implicitly has an 'any' type.

[7m48[0m         videoIds: newPlaylist.videos?.map((v) => v.id) || [],
[7m  [0m [91m                                           ~[0m

[96msrc/pages/RegisterPage.tsx[0m:[93m3[0m:[93m20[0m - [91merror[0m[90m TS2307: [0mCannot find module '../components/forms/Button' or its corresponding type declarations.

[7m3[0m import Button from '../components/forms/Button';
[7m [0m [91m                   ~~~~~~~~~~~~~~~~~~~~~~~~~~~~[0m

[96msrc/pages/RegisterPage.tsx[0m:[93m4[0m:[93m19[0m - [91merror[0m[90m TS2307: [0mCannot find module '../components/forms/Input' or its corresponding type declarations.

[7m4[0m import Input from '../components/forms/Input';
[7m [0m [91m                  ~~~~~~~~~~~~~~~~~~~~~~~~~~~[0m

[96msrc/pages/RegisterPage.tsx[0m:[93m5[0m:[93m25[0m - [91merror[0m[90m TS2307: [0mCannot find module '../components/icons/YouTubeLogo' or its corresponding type declarations.

[7m5[0m import YouTubeLogo from '../components/icons/YouTubeLogo';
[7m [0m [91m                        ~~~~~~~~~~~~~~~~~~~~~~~~~~~~~~~~~[0m

[96msrc/pages/RegisterPage.tsx[0m:[93m6[0m:[93m25[0m - [91merror[0m[90m TS2307: [0mCannot find module '../contexts/AuthContext' or its corresponding type declarations.

[7m6[0m import { useAuth } from '../contexts/AuthContext';
[7m [0m [91m                        ~~~~~~~~~~~~~~~~~~~~~~~~~[0m

[96msrc/pages/SearchResultsPage.tsx[0m:[93m2[0m:[93m10[0m - [91merror[0m[90m TS2305: [0mModule '"@heroicons/react/24/outline"' has no exported member 'MagnifyingGlassIcon'.

[7m2[0m import { MagnifyingGlassIcon } from '@heroicons/react/24/outline';
[7m [0m [91m         ~~~~~~~~~~~~~~~~~~~[0m

[96msrc/pages/SearchResultsPage.tsx[0m:[93m4[0m:[93m36[0m - [91merror[0m[90m TS2307: [0mCannot find module '../components/OptimizedSearchResults' or its corresponding type declarations.

[7m4[0m import OptimizedSearchResults from '../components/OptimizedSearchResults';
[7m [0m [91m                                   ~~~~~~~~~~~~~~~~~~~~~~~~~~~~~~~~~~~~~~[0m

[96msrc/pages/SearchResultsPage.tsx[0m:[93m7[0m:[93m15[0m - [91merror[0m[90m TS2614: [0mModule '"../types"' has no exported member 'Video'. Did you mean to use 'import Video from "../types"' instead?

[7m7[0m import type { Video } from '../types';
[7m [0m [91m              ~~~~~[0m

[96msrc/pages/SearchResultsPage.tsx[0m:[93m36[0m:[93m45[0m - [91merror[0m[90m TS2554: [0mExpected 0-1 arguments, but got 2.

[7m36[0m   const debouncedQuery = useDebounce(query, 300);
[7m  [0m [91m                                            ~~~[0m

[96msrc/pages/SearchResultsPage.tsx[0m:[93m65[0m:[93m41[0m - [91merror[0m[90m TS2339: [0mProperty 'searchVideos' does not exist on type 'Videos'.

[7m65[0m       const result = await VideoService.searchVideos(searchQuery);
[7m  [0m [91m                                        ~~~~~~~~~~~~[0m

[96msrc/pages/SearchResultsPage.tsx[0m:[93m83[0m:[93m34[0m - [91merror[0m[90m TS2345: [0mArgument of type 'UseDebounceResult' is not assignable to parameter of type 'string'.

[7m83[0m   useEffect(() => {performSearch(debouncedQuery);}, [debouncedQuery, performSearch]);
[7m  [0m [91m                                 ~~~~~~~~~~~~~~[0m

[96msrc/pages/SearchResultsPage.tsx[0m:[93m103[0m:[93m26[0m - [91merror[0m[90m TS7006: [0mParameter 'video' implicitly has an 'any' type.

[7m103[0m           onVideoClick={(video) => {if ('videoId' in video) {
[7m   [0m [91m                         ~~~~~[0m

[96msrc/pages/ShortsPage.tsx[0m:[93m3[0m:[93m10[0m - [91merror[0m[90m TS2305: [0mModule '"@heroicons/react/24/outline"' has no exported member 'MagnifyingGlassIcon'.

[7m3[0m import { MagnifyingGlassIcon, AdjustmentsHorizontalIcon, XMarkIcon } from '@heroicons/react/24/outline';
[7m [0m [91m         ~~~~~~~~~~~~~~~~~~~[0m

[96msrc/pages/ShortsPage.tsx[0m:[93m3[0m:[93m31[0m - [91merror[0m[90m TS2305: [0mModule '"@heroicons/react/24/outline"' has no exported member 'AdjustmentsHorizontalIcon'.

[7m3[0m import { MagnifyingGlassIcon, AdjustmentsHorizontalIcon, XMarkIcon } from '@heroicons/react/24/outline';
[7m [0m [91m                              ~~~~~~~~~~~~~~~~~~~~~~~~~[0m

[96msrc/pages/ShortsPage.tsx[0m:[93m3[0m:[93m58[0m - [91merror[0m[90m TS2305: [0mModule '"@heroicons/react/24/outline"' has no exported member 'XMarkIcon'.

[7m3[0m import { MagnifyingGlassIcon, AdjustmentsHorizontalIcon, XMarkIcon } from '@heroicons/react/24/outline';
[7m [0m [91m                                                         ~~~~~~~~~[0m

[96msrc/pages/ShortsPage.tsx[0m:[93m5[0m:[93m26[0m - [91merror[0m[90m TS2307: [0mCannot find module '../components/CommentModal' or its corresponding type declarations.

[7m5[0m import CommentModal from '../components/CommentModal';
[7m [0m [91m                         ~~~~~~~~~~~~~~~~~~~~~~~~~~~~[0m

[96msrc/pages/ShortsPage.tsx[0m:[93m6[0m:[93m30[0m - [91merror[0m[90m TS2307: [0mCannot find module '../components/ErrorStates/EmptyShortsState' or its corresponding type declarations.

[7m6[0m import EmptyShortsState from '../components/ErrorStates/EmptyShortsState';
[7m [0m [91m                             ~~~~~~~~~~~~~~~~~~~~~~~~~~~~~~~~~~~~~~~~~~~~[0m

[96msrc/pages/ShortsPage.tsx[0m:[93m7[0m:[93m29[0m - [91merror[0m[90m TS2307: [0mCannot find module '../components/ErrorStates/ShortsPageError' or its corresponding type declarations.

[7m7[0m import ShortsPageError from '../components/ErrorStates/ShortsPageError';
[7m [0m [91m                            ~~~~~~~~~~~~~~~~~~~~~~~~~~~~~~~~~~~~~~~~~~~[0m

[96msrc/pages/ShortsPage.tsx[0m:[93m8[0m:[93m32[0m - [91merror[0m[90m TS2307: [0mCannot find module '../components/LoadingStates/ShortsPageSkeleton' or its corresponding type declarations.

[7m8[0m import ShortsPageSkeleton from '../components/LoadingStates/ShortsPageSkeleton';
[7m [0m [91m                               ~~~~~~~~~~~~~~~~~~~~~~~~~~~~~~~~~~~~~~~~~~~~~~~~[0m

[96msrc/pages/ShortsPage.tsx[0m:[93m9[0m:[93m30[0m - [91merror[0m[90m TS2307: [0mCannot find module '../components/ShortDisplayCard' or its corresponding type declarations.

[7m9[0m import ShortDisplayCard from '../components/ShortDisplayCard';
[7m [0m [91m                             ~~~~~~~~~~~~~~~~~~~~~~~~~~~~~~~~[0m

[96msrc/pages/ShortsPage.tsx[0m:[93m10[0m:[93m27[0m - [91merror[0m[90m TS2307: [0mCannot find module '../components/ShortsFilters' or its corresponding type declarations.

[7m10[0m import ShortsFilters from '../components/ShortsFilters';
[7m  [0m [91m                          ~~~~~~~~~~~~~~~~~~~~~~~~~~~~~[0m

[96msrc/pages/ShortsPage.tsx[0m:[93m11[0m:[93m30[0m - [91merror[0m[90m TS2307: [0mCannot find module '../components/ShortsNavigation' or its corresponding type declarations.

[7m11[0m import ShortsNavigation from '../components/ShortsNavigation';
[7m  [0m [91m                             ~~~~~~~~~~~~~~~~~~~~~~~~~~~~~~~~[0m

[96msrc/pages/ShortsPage.tsx[0m:[93m12[0m:[93m50[0m - [91merror[0m[90m TS2307: [0mCannot find module '../src/hooks' or its corresponding type declarations.

[7m12[0m import { useLocalStorage, useShortsVideos } from '../src/hooks';
[7m  [0m [91m                                                 ~~~~~~~~~~~~~~[0m

[96msrc/pages/ShortsPage.tsx[0m:[93m14[0m:[93m28[0m - [91merror[0m[90m TS2307: [0mCannot find module '../src/types/core' or its corresponding type declarations.

[7m14[0m import type { Short } from '../src/types/core';
[7m  [0m [91m                           ~~~~~~~~~~~~~~~~~~~[0m

[96msrc/pages/ShortsPage.tsx[0m:[93m95[0m:[93m16[0m - [91merror[0m[90m TS7006: [0mParameter 'video' implicitly has an 'any' type.

[7m95[0m       .filter((video) => video.visibility !== 'scheduled') // Filter out scheduled videos
[7m  [0m [91m               ~~~~~[0m

[96msrc/pages/ShortsPage.tsx[0m:[93m96[0m:[93m13[0m - [91merror[0m[90m TS7006: [0mParameter 'video' implicitly has an 'any' type.

[7m96[0m       .map((video) => {
[7m  [0m [91m            ~~~~~[0m

[96msrc/pages/ShortsPage.tsx[0m:[93m137[0m:[93m57[0m - [91merror[0m[90m TS7006: [0mParameter 'short' implicitly has an 'any' type.

[7m137[0m     const uniqueCategories = [...new Set(allShorts.map((short) => short.category))];
[7m   [0m [91m                                                        ~~~~~[0m

[96msrc/pages/ShortsPage.tsx[0m:[93m143[0m:[93m26[0m - [91merror[0m[90m TS7006: [0mParameter 'prev' implicitly has an 'any' type.

[7m143[0m     setLikedShortsArray((prev) => {
[7m   [0m [91m                         ~~~~[0m

[96msrc/pages/ShortsPage.tsx[0m:[93m153[0m:[93m31[0m - [91merror[0m[90m TS7006: [0mParameter 'prev' implicitly has an 'any' type.

[7m153[0m     setFollowedChannelsArray((prev) => {
[7m   [0m [91m                              ~~~~[0m

[96msrc/pages/ShortsPage.tsx[0m:[93m435[0m:[93m42[0m - [91merror[0m[90m TS2769: [0mNo overload matches this call.
  Overload 1 of 2, '(type: "keydown", listener: (this: Document, ev: KeyboardEvent) => any, options?: boolean | AddEventListenerOptions | undefined): void', gave the following error.
    Argument of type '(event: KeyboardEvent) => void' is not assignable to parameter of type '(this: Document, ev: KeyboardEvent) => any'.
      Types of parameters 'event' and 'ev' are incompatible.
        Type 'KeyboardEvent' is missing the following properties from type 'KeyboardEvent<Element>': locale, nativeEvent, isDefaultPrevented, isPropagationStopped, persist
  Overload 2 of 2, '(type: string, listener: EventListenerOrEventListenerObject, options?: boolean | AddEventListenerOptions | undefined): void', gave the following error.
    Argument of type '(event: KeyboardEvent) => void' is not assignable to parameter of type 'EventListenerOrEventListenerObject'.
      Type '(event: KeyboardEvent) => void' is not assignable to type 'EventListener'.
        Types of parameters 'event' and 'evt' are incompatible.
          Type 'Event' is missing the following properties from type 'KeyboardEvent<Element>': altKey, charCode, ctrlKey, code, and 15 more.

[7m435[0m     document.addEventListener('keydown', handleKeyboardNavigation);
[7m   [0m [91m                                         ~~~~~~~~~~~~~~~~~~~~~~~~[0m


[96msrc/pages/ShortsPage.tsx[0m:[93m436[0m:[93m58[0m - [91merror[0m[90m TS2769: [0mNo overload matches this call.
  Overload 1 of 2, '(type: "keydown", listener: (this: Document, ev: KeyboardEvent) => any, options?: boolean | EventListenerOptions | undefined): void', gave the following error.
    Argument of type '(event: KeyboardEvent) => void' is not assignable to parameter of type '(this: Document, ev: KeyboardEvent) => any'.
      Types of parameters 'event' and 'ev' are incompatible.
        Type 'KeyboardEvent' is missing the following properties from type 'KeyboardEvent<Element>': locale, nativeEvent, isDefaultPrevented, isPropagationStopped, persist
  Overload 2 of 2, '(type: string, listener: EventListenerOrEventListenerObject, options?: boolean | EventListenerOptions | undefined): void', gave the following error.
    Argument of type '(event: KeyboardEvent) => void' is not assignable to parameter of type 'EventListenerOrEventListenerObject'.
      Type '(event: KeyboardEvent) => void' is not assignable to type 'EventListener'.
        Types of parameters 'event' and 'evt' are incompatible.
          Type 'Event' is missing the following properties from type 'KeyboardEvent<Element>': altKey, charCode, ctrlKey, code, and 15 more.

[7m436[0m     return () => document.removeEventListener('keydown', handleKeyboardNavigation);
[7m   [0m [91m                                                         ~~~~~~~~~~~~~~~~~~~~~~~~[0m


[96msrc/pages/SubscriptionsPage.tsx[0m:[93m3[0m:[93m10[0m - [91merror[0m[90m TS2305: [0mModule '"@heroicons/react/24/outline"' has no exported member 'ViewColumnsIcon'.

[7m3[0m import { ViewColumnsIcon, Bars3Icon, AdjustmentsHorizontalIcon, BellIcon, UserGroupIcon } from '@heroicons/react/24/outline';
[7m [0m [91m         ~~~~~~~~~~~~~~~[0m

[96msrc/pages/SubscriptionsPage.tsx[0m:[93m3[0m:[93m27[0m - [91merror[0m[90m TS2305: [0mModule '"@heroicons/react/24/outline"' has no exported member 'Bars3Icon'.

[7m3[0m import { ViewColumnsIcon, Bars3Icon, AdjustmentsHorizontalIcon, BellIcon, UserGroupIcon } from '@heroicons/react/24/outline';
[7m [0m [91m                          ~~~~~~~~~[0m

[96msrc/pages/SubscriptionsPage.tsx[0m:[93m3[0m:[93m38[0m - [91merror[0m[90m TS2305: [0mModule '"@heroicons/react/24/outline"' has no exported member 'AdjustmentsHorizontalIcon'.

[7m3[0m import { ViewColumnsIcon, Bars3Icon, AdjustmentsHorizontalIcon, BellIcon, UserGroupIcon } from '@heroicons/react/24/outline';
[7m [0m [91m                                     ~~~~~~~~~~~~~~~~~~~~~~~~~[0m

[96msrc/pages/SubscriptionsPage.tsx[0m:[93m3[0m:[93m65[0m - [91merror[0m[90m TS2305: [0mModule '"@heroicons/react/24/outline"' has no exported member 'BellIcon'.

[7m3[0m import { ViewColumnsIcon, Bars3Icon, AdjustmentsHorizontalIcon, BellIcon, UserGroupIcon } from '@heroicons/react/24/outline';
[7m [0m [91m                                                                ~~~~~~~~[0m

[96msrc/pages/SubscriptionsPage.tsx[0m:[93m3[0m:[93m75[0m - [91merror[0m[90m TS2305: [0mModule '"@heroicons/react/24/outline"' has no exported member 'UserGroupIcon'.

[7m3[0m import { ViewColumnsIcon, Bars3Icon, AdjustmentsHorizontalIcon, BellIcon, UserGroupIcon } from '@heroicons/react/24/outline';
[7m [0m [91m                                                                          ~~~~~~~~~~~~~[0m

[96msrc/pages/SubscriptionsPage.tsx[0m:[93m4[0m:[93m43[0m - [91merror[0m[90m TS2307: [0mCannot find module '@heroicons/react/24/solid' or its corresponding type declarations.

[7m4[0m import { BellIcon as BellSolidIcon } from '@heroicons/react/24/solid';
[7m [0m [91m                                          ~~~~~~~~~~~~~~~~~~~~~~~~~~~[0m

[96msrc/pages/SubscriptionsPage.tsx[0m:[93m5[0m:[93m31[0m - [91merror[0m[90m TS2307: [0mCannot find module '../components/icons/SubscriptionsIcon' or its corresponding type declarations.

[7m5[0m import SubscriptionsIcon from '../components/icons/SubscriptionsIcon';
[7m [0m [91m                              ~~~~~~~~~~~~~~~~~~~~~~~~~~~~~~~~~~~~~~~[0m

[96msrc/pages/SubscriptionsPage.tsx[0m:[93m7[0m:[93m31[0m - [91merror[0m[90m TS2307: [0mCannot find module '../components/SubscriptionStats' or its corresponding type declarations.

[7m7[0m import SubscriptionStats from '../components/SubscriptionStats';
[7m [0m [91m                              ~~~~~~~~~~~~~~~~~~~~~~~~~~~~~~~~~[0m

[96msrc/pages/SubscriptionsPage.tsx[0m:[93m8[0m:[93m35[0m - [91merror[0m[90m TS2307: [0mCannot find module '../components/SubscriptionVideoCard' or its corresponding type declarations.

[7m8[0m import SubscriptionVideoCard from '../components/SubscriptionVideoCard';
[7m [0m [91m                                  ~~~~~~~~~~~~~~~~~~~~~~~~~~~~~~~~~~~~~[0m

[96msrc/pages/SubscriptionsPage.tsx[0m:[93m9[0m:[93m24[0m - [91merror[0m[90m TS2307: [0mCannot find module '../components/ui/Button' or its corresponding type declarations.

[7m9[0m import { Button } from '../components/ui/Button';
[7m [0m [91m                       ~~~~~~~~~~~~~~~~~~~~~~~~~[0m

[96msrc/pages/SubscriptionsPage.tsx[0m:[93m10[0m:[93m58[0m - [91merror[0m[90m TS2307: [0mCannot find module '../components/ui/Tabs' or its corresponding type declarations.

[7m10[0m import { Tabs, TabsList, TabsTrigger, TabsContent } from '../components/ui/Tabs';
[7m  [0m [91m                                                         ~~~~~~~~~~~~~~~~~~~~~~~[0m

[96msrc/pages/SubscriptionsPage.tsx[0m:[93m11[0m:[93m10[0m - [91merror[0m[90m TS2724: [0m'"../hooks"' has no exported member named 'useSubscriptions'. Did you mean 'useSubscriptionsFeed'?

[7m11[0m import { useSubscriptions, useSubscriptionsFeed } from '../hooks';
[7m  [0m [91m         ~~~~~~~~~~~~~~~~[0m

[96msrc/pages/SubscriptionsPage.tsx[0m:[93m18[0m:[93m11[0m - [91merror[0m[90m TS2339: [0mProperty 'data' does not exist on type '{ subscriptionsFeed: Video[]; loading: boolean; error: string | null; setSubscriptionsFeed: Dispatch<SetStateAction<Video[]>>; }'.

[7m18[0m   const { data: subscribedVideos, loading: videosLoading, error: videosError } = useSubscriptionsFeed();
[7m  [0m [91m          ~~~~[0m

[96msrc/pages/SubscriptionsPage.tsx[0m:[93m96[0m:[93m61[0m - [91merror[0m[90m TS7006: [0mParameter 'c' implicitly has an 'any' type.

[7m96[0m     const notificationsEnabled = subscribedChannels.filter((c) => c.notificationsEnabled).length;
[7m  [0m [91m                                                            ~[0m

[96msrc/pages/SubscriptionsPage.tsx[0m:[93m102[0m:[93m54[0m - [91merror[0m[90m TS7006: [0mParameter 'video' implicitly has an 'any' type.

[7m102[0m     const newVideosToday = subscribedVideos?.filter((video) => {
[7m   [0m [91m                                                     ~~~~~[0m

[96msrc/pages/SubscriptionsPage.tsx[0m:[93m121[0m:[93m25[0m - [91merror[0m[90m TS2322: [0mType '{ size: string; }' is not assignable to type 'IntrinsicAttributes & LoadingSpinnerProps'.
  Property 'size' does not exist on type 'IntrinsicAttributes & LoadingSpinnerProps'. Did you mean '_size'?

[7m121[0m         <LoadingSpinner size="lg" />
[7m   [0m [91m                        ~~~~[0m

[96msrc/pages/SubscriptionsPage.tsx[0m:[93m214[0m:[93m40[0m - [91merror[0m[90m TS7006: [0mParameter 'channel' implicitly has an 'any' type.

[7m214[0m               {subscribedChannels.map((channel) => (
[7m   [0m [91m                                       ~~~~~~~[0m

[96msrc/pages/SubscriptionsPage.tsx[0m:[93m270[0m:[93m49[0m - [91merror[0m[90m TS7006: [0mParameter 'value' implicitly has an 'any' type.

[7m270[0m         <Tabs value={activeTab} onValueChange={(value) => setActiveTab(value as TabType)}>
[7m   [0m [91m                                                ~~~~~[0m

[96msrc/pages/TrendingPage.tsx[0m:[93m2[0m:[93m26[0m - [91merror[0m[90m TS2307: [0mCannot find module '@heroicons/react/24/solid' or its corresponding type declarations.

[7m2[0m import { FireIcon } from '@heroicons/react/24/solid';
[7m [0m [91m                         ~~~~~~~~~~~~~~~~~~~~~~~~~~~[0m

[96msrc/pages/TrendingPage.tsx[0m:[93m3[0m:[93m26[0m - [91merror[0m[90m TS2307: [0mCannot find module '../components/CategoryTabs' or its corresponding type declarations.

[7m3[0m import CategoryTabs from '../components/CategoryTabs';
[7m [0m [91m                         ~~~~~~~~~~~~~~~~~~~~~~~~~~~~[0m

[96msrc/pages/TrendingPage.tsx[0m:[93m4[0m:[93m24[0m - [91merror[0m[90m TS2307: [0mCannot find module '../components/PageLayout' or its corresponding type declarations.

[7m4[0m import PageLayout from '../components/PageLayout';
[7m [0m [91m                       ~~~~~~~~~~~~~~~~~~~~~~~~~~[0m

[96msrc/pages/TrendingPage.tsx[0m:[93m5[0m:[93m23[0m - [91merror[0m[90m TS2307: [0mCannot find module '../components/VideoGrid' or its corresponding type declarations.

[7m5[0m import VideoGrid from '../components/VideoGrid';
[7m [0m [91m                      ~~~~~~~~~~~~~~~~~~~~~~~~~[0m

[96msrc/pages/TrendingPage.tsx[0m:[93m10[0m:[93m11[0m - [91merror[0m[90m TS2339: [0mProperty 'data' does not exist on type '{ trendingVideos: Video[]; loading: boolean; error: string | null; setTrendingVideos: Dispatch<SetStateAction<Video[]>>; }'.

[7m10[0m   const { data: trendingVideos, loading, error } = useTrendingVideos(activeCategory);
[7m  [0m [91m          ~~~~[0m

[96msrc/pages/TrendingPage.tsx[0m:[93m10[0m:[93m70[0m - [91merror[0m[90m TS2554: [0mExpected 0 arguments, but got 1.

[7m10[0m   const { data: trendingVideos, loading, error } = useTrendingVideos(activeCategory);
[7m  [0m [91m                                                                     ~~~~~~~~~~~~~~[0m

[96msrc/pages/TrendingPage.tsx[0m:[93m33[0m:[93m9[0m - [91merror[0m[90m TS7006: [0mParameter 'videos' implicitly has an 'any' type.

[7m33[0m       {(videos) => <VideoGrid videos={videos || []} />}
[7m  [0m [91m        ~~~~~~[0m

[96msrc/pages/UserPage.tsx[0m:[93m3[0m:[93m10[0m - [91merror[0m[90m TS2305: [0mModule '"@heroicons/react/24/outline"' has no exported member 'CheckIcon'.

[7m3[0m import { CheckIcon, BellIcon, QueueListIcon, ChatBubbleLeftRightIcon, InformationCircleIcon } from '@heroicons/react/24/outline';
[7m [0m [91m         ~~~~~~~~~[0m

[96msrc/pages/UserPage.tsx[0m:[93m3[0m:[93m21[0m - [91merror[0m[90m TS2305: [0mModule '"@heroicons/react/24/outline"' has no exported member 'BellIcon'.

[7m3[0m import { CheckIcon, BellIcon, QueueListIcon, ChatBubbleLeftRightIcon, InformationCircleIcon } from '@heroicons/react/24/outline';
[7m [0m [91m                    ~~~~~~~~[0m

[96msrc/pages/UserPage.tsx[0m:[93m3[0m:[93m31[0m - [91merror[0m[90m TS2305: [0mModule '"@heroicons/react/24/outline"' has no exported member 'QueueListIcon'.

[7m3[0m import { CheckIcon, BellIcon, QueueListIcon, ChatBubbleLeftRightIcon, InformationCircleIcon } from '@heroicons/react/24/outline';
[7m [0m [91m                              ~~~~~~~~~~~~~[0m

[96msrc/pages/UserPage.tsx[0m:[93m3[0m:[93m46[0m - [91merror[0m[90m TS2724: [0m'"@heroicons/react/24/outline"' has no exported member named 'ChatBubbleLeftRightIcon'. Did you mean 'ChatBubbleLeftIcon'?

[7m3[0m import { CheckIcon, BellIcon, QueueListIcon, ChatBubbleLeftRightIcon, InformationCircleIcon } from '@heroicons/react/24/outline';
[7m [0m [91m                                             ~~~~~~~~~~~~~~~~~~~~~~~[0m

  [96msrc/types/external.d.ts[0m:[93m43[0m:[93m16[0m
    [7m43[0m   export const ChatBubbleLeftIcon: ComponentType<{ className?: string }>;
    [7m  [0m [96m               ~~~~~~~~~~~~~~~~~~[0m
    'ChatBubbleLeftIcon' is declared here.

[96msrc/pages/UserPage.tsx[0m:[93m3[0m:[93m71[0m - [91merror[0m[90m TS2305: [0mModule '"@heroicons/react/24/outline"' has no exported member 'InformationCircleIcon'.

[7m3[0m import { CheckIcon, BellIcon, QueueListIcon, ChatBubbleLeftRightIcon, InformationCircleIcon } from '@heroicons/react/24/outline';
[7m [0m [91m                                                                      ~~~~~~~~~~~~~~~~~~~~~[0m

[96msrc/pages/UserPage.tsx[0m:[93m4[0m:[93m36[0m - [91merror[0m[90m TS2307: [0mCannot find module '@heroicons/react/24/solid' or its corresponding type declarations.

[7m4[0m import { PlayIcon, UserIcon } from '@heroicons/react/24/solid';
[7m [0m [91m                                   ~~~~~~~~~~~~~~~~~~~~~~~~~~~[0m

[96msrc/pages/UserPage.tsx[0m:[93m5[0m:[93m23[0m - [91merror[0m[90m TS2307: [0mCannot find module '../components/VideoCard' or its corresponding type declarations.

[7m5[0m import VideoCard from '../components/VideoCard';
[7m [0m [91m                      ~~~~~~~~~~~~~~~~~~~~~~~~~[0m

[96msrc/pages/UserPage.tsx[0m:[93m6[0m:[93m10[0m - [91merror[0m[90m TS2614: [0mModule '"../services/realVideoService"' has no exported member 'getVideos'. Did you mean to use 'import getVideos from "../services/realVideoService"' instead?

[7m6[0m import { getVideos } from '../services/realVideoService';
[7m [0m [91m         ~~~~~~~~~[0m

[96msrc/pages/UserPage.tsx[0m:[93m7[0m:[93m15[0m - [91merror[0m[90m TS2614: [0mModule '"../types"' has no exported member 'Video'. Did you mean to use 'import Video from "../types"' instead?

[7m7[0m import type { Video } from '../types';
[7m [0m [91m              ~~~~~[0m

[96msrc/pages/WatchLaterPage.tsx[0m:[93m1[0m:[93m17[0m - [91merror[0m[90m TS2305: [0mModule '"react"' has no exported member '_FC'.

[7m1[0m import React, { _FC } from 'react';
[7m [0m [91m                ~~~[0m

[96msrc/pages/WatchLaterPage.tsx[0m:[93m2[0m:[93m10[0m - [91merror[0m[90m TS2305: [0mModule '"@heroicons/react/24/outline"' has no exported member 'ClockIcon'.

[7m2[0m import { ClockIcon } from '@heroicons/react/24/outline'; // For empty state;
[7m [0m [91m         ~~~~~~~~~[0m

[96msrc/pages/WatchLaterPage.tsx[0m:[93m4[0m:[93m23[0m - [91merror[0m[90m TS2307: [0mCannot find module '../components/VideoCard.tsx' or its corresponding type declarations.

[7m4[0m import VideoCard from '../components/VideoCard.tsx';
[7m [0m [91m                      ~~~~~~~~~~~~~~~~~~~~~~~~~~~~~[0m

[96msrc/pages/WatchLaterPage.tsx[0m:[93m5[0m:[93m31[0m - [91merror[0m[90m TS2307: [0mCannot find module '../contexts/WatchLaterContext.tsx' or its corresponding type declarations.

[7m5[0m import { useWatchLater } from '../contexts/WatchLaterContext.tsx'; // Import useWatchLater;
[7m [0m [91m                              ~~~~~~~~~~~~~~~~~~~~~~~~~~~~~~~~~~~[0m

[96msrc/pages/WatchLaterPage.tsx[0m:[93m7[0m:[93m28[0m - [91merror[0m[90m TS2307: [0mCannot find module '../src/types/core.ts' or its corresponding type declarations.

[7m7[0m import type { Video } from '../src/types/core.ts'; // Keep Video import for explicit typing;
[7m [0m [91m                           ~~~~~~~~~~~~~~~~~~~~~~[0m

[96msrc/pages/WatchLaterPage.tsx[0m:[93m9[0m:[93m29[0m - [91merror[0m[90m TS2694: [0mNamespace 'React' has no exported member '_FC'.

[7m9[0m const WatchLaterPage: React._FC = () => {
[7m [0m [91m                            ~~~[0m

[96msrc/pages/WatchPage.tsx[0m:[93m1[0m:[93m17[0m - [91merror[0m[90m TS2724: [0m'"react"' has no exported member named '_useState'. Did you mean 'useState'?

[7m1[0m import React, { _useState, _useEffect, memo, _useCallback, _FC } from 'react';
[7m [0m [91m                ~~~~~~~~~[0m

  [96mnode_modules/@types/react/index.d.ts[0m:[93m1680[0m:[93m14[0m
    [7m1680[0m     function useState<S>(initialState: S | (() => S)): [S, Dispatch<SetStateAction<S>>];
    [7m    [0m [96m             ~~~~~~~~[0m
    'useState' is declared here.

[96msrc/pages/WatchPage.tsx[0m:[93m1[0m:[93m28[0m - [91merror[0m[90m TS2724: [0m'"react"' has no exported member named '_useEffect'. Did you mean 'useEffect'?

[7m1[0m import React, { _useState, _useEffect, memo, _useCallback, _FC } from 'react';
[7m [0m [91m                           ~~~~~~~~~~[0m

  [96mnode_modules/@types/react/index.d.ts[0m:[93m1776[0m:[93m14[0m
    [7m1776[0m     function useEffect(effect: EffectCallback, deps?: DependencyList): void;
    [7m    [0m [96m             ~~~~~~~~~[0m
    'useEffect' is declared here.

[96msrc/pages/WatchPage.tsx[0m:[93m1[0m:[93m46[0m - [91merror[0m[90m TS2724: [0m'"react"' has no exported member named '_useCallback'. Did you mean 'useCallback'?

[7m1[0m import React, { _useState, _useEffect, memo, _useCallback, _FC } from 'react';
[7m [0m [91m                                             ~~~~~~~~~~~~[0m

  [96mnode_modules/@types/react/index.d.ts[0m:[93m1800[0m:[93m14[0m
    [7m1800[0m     function useCallback<T extends Function>(callback: T, deps: DependencyList): T;
    [7m    [0m [96m             ~~~~~~~~~~~[0m
    'useCallback' is declared here.

[96msrc/pages/WatchPage.tsx[0m:[93m1[0m:[93m60[0m - [91merror[0m[90m TS2305: [0mModule '"react"' has no exported member '_FC'.

[7m1[0m import React, { _useState, _useEffect, memo, _useCallback, _FC } from 'react';
[7m [0m [91m                                                           ~~~[0m

[96msrc/pages/WatchPage.tsx[0m:[93m2[0m:[93m10[0m - [91merror[0m[90m TS2305: [0mModule '"../components/index.ts"' has no exported member 'AdvancedVideoPlayer'.

[7m2[0m import { AdvancedVideoPlayer, YouTubePlayer, YouTubePlayerWrapper, VideoDescription, VideoActions, CommentsSection, RefactoredSaveToPlaylistModal, RecommendationEngine } from '../components/index.ts';
[7m [0m [91m         ~~~~~~~~~~~~~~~~~~~[0m

[96msrc/pages/WatchPage.tsx[0m:[93m2[0m:[93m31[0m - [91merror[0m[90m TS2305: [0mModule '"../components/index.ts"' has no exported member 'YouTubePlayer'.

[7m2[0m import { AdvancedVideoPlayer, YouTubePlayer, YouTubePlayerWrapper, VideoDescription, VideoActions, CommentsSection, RefactoredSaveToPlaylistModal, RecommendationEngine } from '../components/index.ts';
[7m [0m [91m                              ~~~~~~~~~~~~~[0m

[96msrc/pages/WatchPage.tsx[0m:[93m2[0m:[93m46[0m - [91merror[0m[90m TS2305: [0mModule '"../components/index.ts"' has no exported member 'YouTubePlayerWrapper'.

[7m2[0m import { AdvancedVideoPlayer, YouTubePlayer, YouTubePlayerWrapper, VideoDescription, VideoActions, CommentsSection, RefactoredSaveToPlaylistModal, RecommendationEngine } from '../components/index.ts';
[7m [0m [91m                                             ~~~~~~~~~~~~~~~~~~~~[0m

[96msrc/pages/WatchPage.tsx[0m:[93m2[0m:[93m68[0m - [91merror[0m[90m TS2305: [0mModule '"../components/index.ts"' has no exported member 'VideoDescription'.

[7m2[0m import { AdvancedVideoPlayer, YouTubePlayer, YouTubePlayerWrapper, VideoDescription, VideoActions, CommentsSection, RefactoredSaveToPlaylistModal, RecommendationEngine } from '../components/index.ts';
[7m [0m [91m                                                                   ~~~~~~~~~~~~~~~~[0m

[96msrc/pages/WatchPage.tsx[0m:[93m2[0m:[93m86[0m - [91merror[0m[90m TS2305: [0mModule '"../components/index.ts"' has no exported member 'VideoActions'.

[7m2[0m import { AdvancedVideoPlayer, YouTubePlayer, YouTubePlayerWrapper, VideoDescription, VideoActions, CommentsSection, RefactoredSaveToPlaylistModal, RecommendationEngine } from '../components/index.ts';
[7m [0m [91m                                                                                     ~~~~~~~~~~~~[0m

[96msrc/pages/WatchPage.tsx[0m:[93m2[0m:[93m100[0m - [91merror[0m[90m TS2305: [0mModule '"../components/index.ts"' has no exported member 'CommentsSection'.

[7m2[0m import { AdvancedVideoPlayer, YouTubePlayer, YouTubePlayerWrapper, VideoDescription, VideoActions, CommentsSection, RefactoredSaveToPlaylistModal, RecommendationEngine } from '../components/index.ts';
[7m [0m [91m                                                                                                   ~~~~~~~~~~~~~~~[0m

[96msrc/pages/WatchPage.tsx[0m:[93m2[0m:[93m117[0m - [91merror[0m[90m TS2305: [0mModule '"../components/index.ts"' has no exported member 'RefactoredSaveToPlaylistModal'.

[7m2[0m import { AdvancedVideoPlayer, YouTubePlayer, YouTubePlayerWrapper, VideoDescription, VideoActions, CommentsSection, RefactoredSaveToPlaylistModal, RecommendationEngine } from '../components/index.ts';
[7m [0m [91m                                                                                                                    ~~~~~~~~~~~~~~~~~~~~~~~~~~~~~[0m

[96msrc/pages/WatchPage.tsx[0m:[93m2[0m:[93m148[0m - [91merror[0m[90m TS2305: [0mModule '"../components/index.ts"' has no exported member 'RecommendationEngine'.

[7m2[0m import { AdvancedVideoPlayer, YouTubePlayer, YouTubePlayerWrapper, VideoDescription, VideoActions, CommentsSection, RefactoredSaveToPlaylistModal, RecommendationEngine } from '../components/index.ts';
[7m [0m [91m                                                                                                                                                   ~~~~~~~~~~~~~~~~~~~~[0m

[96msrc/pages/WatchPage.tsx[0m:[93m3[0m:[93m27[0m - [91merror[0m[90m TS2307: [0mCannot find module '../components/VideoMetadata' or its corresponding type declarations.

[7m3[0m import VideoMetadata from '../components/VideoMetadata';
[7m [0m [91m                          ~~~~~~~~~~~~~~~~~~~~~~~~~~~~~[0m

[96msrc/pages/WatchPage.tsx[0m:[93m4[0m:[93m38[0m - [91merror[0m[90m TS2307: [0mCannot find module '../contexts/OptimizedMiniplayerContext' or its corresponding type declarations.

[7m4[0m import { useMiniplayerActions } from '../contexts/OptimizedMiniplayerContext';
[7m [0m [91m                                     ~~~~~~~~~~~~~~~~~~~~~~~~~~~~~~~~~~~~~~~~[0m

[96msrc/pages/WatchPage.tsx[0m:[93m5[0m:[93m31[0m - [91merror[0m[90m TS2307: [0mCannot find module '../contexts/WatchLaterContext' or its corresponding type declarations.

[7m5[0m import { useWatchLater } from '../contexts/WatchLaterContext';
[7m [0m [91m                              ~~~~~~~~~~~~~~~~~~~~~~~~~~~~~~~[0m

[96msrc/pages/WatchPage.tsx[0m:[93m6[0m:[93m30[0m - [91merror[0m[90m TS2307: [0mCannot find module '../src/hooks/useWatchPage' or its corresponding type declarations.

[7m6[0m import { useWatchPage } from '../src/hooks/useWatchPage';
[7m [0m [91m                             ~~~~~~~~~~~~~~~~~~~~~~~~~~~[0m

[96msrc/pages/WatchPage.tsx[0m:[93m7[0m:[93m10[0m - [91merror[0m[90m TS2614: [0mModule '"../services/settingsService"' has no exported member 'getYouTubePlayerType'. Did you mean to use 'import getYouTubePlayerType from "../services/settingsService"' instead?

[7m7[0m import { getYouTubePlayerType } from '../services/settingsService';
[7m [0m [91m         ~~~~~~~~~~~~~~~~~~~~[0m

[96msrc/pages/WatchPage.tsx[0m:[93m8[0m:[93m49[0m - [91merror[0m[90m TS2307: [0mCannot find module '../src/lib/youtube-utils' or its corresponding type declarations.

[7m8[0m import { isYouTubeUrl, getYouTubeVideoId } from '../src/lib/youtube-utils';
[7m [0m [91m                                                ~~~~~~~~~~~~~~~~~~~~~~~~~~[0m

[96msrc/pages/WatchPage.tsx[0m:[93m9[0m:[93m10[0m - [91merror[0m[90m TS2305: [0mModule '"../utils/dateUtils"' has no exported member 'formatDistanceToNow'.

[7m9[0m import { formatDistanceToNow } from '../utils/dateUtils';
[7m [0m [91m         ~~~~~~~~~~~~~~~~~~~[0m

[96msrc/pages/WatchPage.tsx[0m:[93m10[0m:[93m10[0m - [91merror[0m[90m TS2614: [0mModule '"../utils/numberUtils"' has no exported member 'formatCount'. Did you mean to use 'import formatCount from "../utils/numberUtils"' instead?

[7m10[0m import { formatCount } from '../utils/numberUtils';
[7m  [0m [91m         ~~~~~~~~~~~[0m

[96msrc/pages/WatchPage.tsx[0m:[93m87[0m:[93m24[0m - [91merror[0m[90m TS2694: [0mNamespace 'React' has no exported member '_FC'.

[7m87[0m const WatchPage: React._FC = () => {
[7m  [0m [91m                       ~~~[0m

[96msrc/pages/WatchPage.tsx[0m:[93m138[0m:[93m9[0m - [91merror[0m[90m TS6133: [0m'_addToWatchLater' is declared but its value is never read.

[7m138[0m   const { _addToWatchLater } = useWatchLater();
[7m   [0m [91m        ~~~~~~~~~~~~~~~~~~~~[0m

[96msrc/services/api/youtubeService.ts[0m:[93m56[0m:[93m35[0m - [91merror[0m[90m TS7006: [0mParameter 'data' implicitly has an 'any' type.

[7m56[0m   async post<T>(endpoint: string, data): Promise<ServiceResponse<T>> {
[7m  [0m [91m                                  ~~~~[0m

[96msrc/services/googleSearchService.ts[0m:[93m4[0m:[93m13[0m - [91merror[0m[90m TS7006: [0mParameter 'data' implicitly has an 'any' type.

[7m4[0m   process: (data) => data
[7m [0m [91m            ~~~~[0m

[96msrc/services/livestreamAPI.ts[0m:[93m21[0m:[93m11[0m - [91merror[0m[90m TS6133: [0m'_apiKey' is declared but its value is never read.

[7m21[0m   private _apiKey: string;
[7m  [0m [91m          ~~~~~~~[0m

[96msrc/services/livestreamAPI.ts[0m:[93m22[0m:[93m11[0m - [91merror[0m[90m TS6133: [0m'_baseUrl' is declared but its value is never read.

[7m22[0m   private _baseUrl: string;
[7m  [0m [91m          ~~~~~~~~[0m

[96msrc/services/liveStreamService.ts[0m:[93m4[0m:[93m13[0m - [91merror[0m[90m TS7006: [0mParameter 'data' implicitly has an 'any' type.

[7m4[0m   process: (data) => data
[7m [0m [91m            ~~~~[0m

[96msrc/services/metadataNormalizationService.ts[0m:[93m52[0m:[93m23[0m - [91merror[0m[90m TS7006: [0mParameter 'id' implicitly has an 'any' type.

[7m52[0m   private normalizeId(id): string {
[7m  [0m [91m                      ~~[0m

[96msrc/services/metadataNormalizationService.ts[0m:[93m59[0m:[93m26[0m - [91merror[0m[90m TS7006: [0mParameter 'title' implicitly has an 'any' type.

[7m59[0m   private normalizeTitle(title): string {
[7m  [0m [91m                         ~~~~~[0m

[96msrc/services/metadataNormalizationService.ts[0m:[93m66[0m:[93m32[0m - [91merror[0m[90m TS7006: [0mParameter 'description' implicitly has an 'any' type.

[7m66[0m   private normalizeDescription(description): string {
[7m  [0m [91m                               ~~~~~~~~~~~[0m

[96msrc/services/metadataNormalizationService.ts[0m:[93m73[0m:[93m30[0m - [91merror[0m[90m TS7006: [0mParameter 'thumbnail' implicitly has an 'any' type.

[7m73[0m   private normalizeThumbnail(thumbnail): string {
[7m  [0m [91m                             ~~~~~~~~~[0m

[96msrc/services/metadataNormalizationService.ts[0m:[93m83[0m:[93m29[0m - [91merror[0m[90m TS7006: [0mParameter 'duration' implicitly has an 'any' type.

[7m83[0m   private normalizeDuration(duration): string {
[7m  [0m [91m                            ~~~~~~~~[0m

[96msrc/services/metadataNormalizationService.ts[0m:[93m97[0m:[93m26[0m - [91merror[0m[90m TS7006: [0mParameter 'count' implicitly has an 'any' type.

[7m97[0m   private normalizeCount(count): number {
[7m  [0m [91m                         ~~~~~[0m

[96msrc/services/metadataNormalizationService.ts[0m:[93m119[0m:[93m25[0m - [91merror[0m[90m TS7006: [0mParameter 'date' implicitly has an 'any' type.

[7m119[0m   private normalizeDate(date): string {
[7m   [0m [91m                        ~~~~[0m

[96msrc/services/realVideoService.ts[0m:[93m4[0m:[93m13[0m - [91merror[0m[90m TS7006: [0mParameter 'data' implicitly has an 'any' type.

[7m4[0m   process: (data) => data
[7m [0m [91m            ~~~~[0m

[96msrc/services/settingsService.ts[0m:[93m4[0m:[93m13[0m - [91merror[0m[90m TS7006: [0mParameter 'data' implicitly has an 'any' type.

[7m4[0m   process: (data) => data
[7m [0m [91m            ~~~~[0m

[96msrc/services/unifiedDataService.ts[0m:[93m4[0m:[93m13[0m - [91merror[0m[90m TS7006: [0mParameter 'data' implicitly has an 'any' type.

[7m4[0m   process: (data) => data
[7m [0m [91m            ~~~~[0m

[96msrc/test/setup.ts[0m:[93m4[0m:[93m13[0m - [91merror[0m[90m TS7006: [0mParameter 'data' implicitly has an 'any' type.

[7m4[0m   process: (data) => data
[7m [0m [91m            ~~~~[0m

[96msrc/types/common.ts[0m:[93m1[0m:[93m17[0m - [91merror[0m[90m TS6133: [0m'ReactNode' is declared but its value is never read.

[7m1[0m import React, { ReactNode } from 'react';
[7m [0m [91m                ~~~~~~~~~[0m

[96msrc/types/core.ts[0m:[93m29[0m:[93m2[0m - [91merror[0m[90m TS7008: [0mMember 'metadata' implicitly has an 'any' type.

[7m29[0m  metadata?;
[7m  [0m [91m ~~~~~~~~[0m

[96msrc/types/errors.ts[0m:[93m4[0m:[93m13[0m - [91merror[0m[90m TS7006: [0mParameter 'data' implicitly has an 'any' type.

[7m4[0m   process: (data) => data
[7m [0m [91m            ~~~~[0m

[96msrc/types/index.ts[0m:[93m4[0m:[93m13[0m - [91merror[0m[90m TS7006: [0mParameter 'data' implicitly has an 'any' type.

[7m4[0m   process: (data) => data
[7m [0m [91m            ~~~~[0m

[96msrc/types/livestream.ts[0m:[93m182[0m:[93m2[0m - [91merror[0m[90m TS7008: [0mMember 'data' implicitly has an 'any' type.

[7m182[0m  data?;
[7m   [0m [91m ~~~~[0m

[96msrc/types/unified.ts[0m:[93m4[0m:[93m13[0m - [91merror[0m[90m TS7006: [0mParameter 'data' implicitly has an 'any' type.

[7m4[0m   process: (data) => data
[7m [0m [91m            ~~~~[0m

[96msrc/types/youtube.ts[0m:[93m4[0m:[93m13[0m - [91merror[0m[90m TS7006: [0mParameter 'data' implicitly has an 'any' type.

[7m4[0m   process: (data) => data
[7m [0m [91m            ~~~~[0m

[96msrc/utils/analytics.ts[0m:[93m4[0m:[93m13[0m - [91merror[0m[90m TS7006: [0mParameter 'data' implicitly has an 'any' type.

[7m4[0m   process: (data) => data
[7m [0m [91m            ~~~~[0m

[96msrc/utils/conditionalLogger.ts[0m:[93m4[0m:[93m13[0m - [91merror[0m[90m TS7006: [0mParameter 'data' implicitly has an 'any' type.

[7m4[0m   process: (data) => data
[7m [0m [91m            ~~~~[0m

[96msrc/utils/dateUtils.ts[0m:[93m56[0m:[93m29[0m - [91merror[0m[90m TS7006: [0mParameter 'date' implicitly has an 'any' type.

[7m56[0m export const isValidDate = (date): boolean => {
[7m  [0m [91m                            ~~~~[0m

[96msrc/utils/errorUtils.ts[0m:[93m4[0m:[93m13[0m - [91merror[0m[90m TS7006: [0mParameter 'data' implicitly has an 'any' type.

[7m4[0m   process: (data) => data
[7m [0m [91m            ~~~~[0m

[96msrc/utils/index.ts[0m:[93m4[0m:[93m13[0m - [91merror[0m[90m TS7006: [0mParameter 'data' implicitly has an 'any' type.

[7m4[0m   process: (data) => data
[7m [0m [91m            ~~~~[0m

[96msrc/utils/mocks/browser.ts[0m:[93m4[0m:[93m13[0m - [91merror[0m[90m TS7006: [0mParameter 'data' implicitly has an 'any' type.

[7m4[0m   process: (data) => data
[7m [0m [91m            ~~~~[0m

[96msrc/utils/mocks/handlers.ts[0m:[93m4[0m:[93m13[0m - [91merror[0m[90m TS7006: [0mParameter 'data' implicitly has an 'any' type.

[7m4[0m   process: (data) => data
[7m [0m [91m            ~~~~[0m

[96msrc/utils/mocks/server.ts[0m:[93m4[0m:[93m13[0m - [91merror[0m[90m TS7006: [0mParameter 'data' implicitly has an 'any' type.

[7m4[0m   process: (data) => data
[7m [0m [91m            ~~~~[0m

[96msrc/utils/numberUtils.ts[0m:[93m4[0m:[93m13[0m - [91merror[0m[90m TS7006: [0mParameter 'data' implicitly has an 'any' type.

[7m4[0m   process: (data) => data
[7m [0m [91m            ~~~~[0m

[96msrc/utils/offlineStorage.ts[0m:[93m4[0m:[93m13[0m - [91merror[0m[90m TS7006: [0mParameter 'data' implicitly has an 'any' type.

[7m4[0m   process: (data) => data
[7m [0m [91m            ~~~~[0m

[96msrc/utils/performanceOptimizations.ts[0m:[93m4[0m:[93m13[0m - [91merror[0m[90m TS7006: [0mParameter 'data' implicitly has an 'any' type.

[7m4[0m   process: (data) => data
[7m [0m [91m            ~~~~[0m

[96msrc/utils/performanceProfiler.ts[0m:[93m4[0m:[93m13[0m - [91merror[0m[90m TS7006: [0mParameter 'data' implicitly has an 'any' type.

[7m4[0m   process: (data) => data
[7m [0m [91m            ~~~~[0m

[96msrc/utils/pwa.ts[0m:[93m84[0m:[93m36[0m - [91merror[0m[90m TS2339: [0mProperty 'connection' does not exist on type 'Navigator'.

[7m84[0m     const connection = (navigator).connection || (navigator).mozConnection || (navigator).webkitConnection;
[7m  [0m [91m                                   ~~~~~~~~~~[0m

[96msrc/utils/pwa.ts[0m:[93m84[0m:[93m62[0m - [91merror[0m[90m TS2339: [0mProperty 'mozConnection' does not exist on type 'Navigator'.

[7m84[0m     const connection = (navigator).connection || (navigator).mozConnection || (navigator).webkitConnection;
[7m  [0m [91m                                                             ~~~~~~~~~~~~~[0m

[96msrc/utils/pwa.ts[0m:[93m84[0m:[93m91[0m - [91merror[0m[90m TS2339: [0mProperty 'webkitConnection' does not exist on type 'Navigator'.

[7m84[0m     const connection = (navigator).connection || (navigator).mozConnection || (navigator).webkitConnection;
[7m  [0m [91m                                                                                          ~~~~~~~~~~~~~~~~[0m

[96msrc/utils/pwa.ts[0m:[93m101[0m:[93m39[0m - [91merror[0m[90m TS7006: [0mParameter 'detail' implicitly has an 'any' type.

[7m101[0m   static emitEvent(eventName: string, detail?): void {
[7m   [0m [91m                                      ~~~~~~~[0m

[96msrc/utils/pwaAnalytics.ts[0m:[93m4[0m:[93m13[0m - [91merror[0m[90m TS7006: [0mParameter 'data' implicitly has an 'any' type.

[7m4[0m   process: (data) => data
[7m [0m [91m            ~~~~[0m

[96msrc/utils/youtubeApiUtils.ts[0m:[93m4[0m:[93m13[0m - [91merror[0m[90m TS7006: [0mParameter 'data' implicitly has an 'any' type.

[7m4[0m   process: (data) => data
[7m [0m [91m            ~~~~[0m


Found 372 errors in 126 files.

Errors  Files
     1  src/components/ErrorBoundaries/ProtectedComponents.ts[90m:4[0m
     2  src/components/LoadingSpinner.tsx[90m:8[0m
     1  src/components/organisms/VideoGrid/index.ts[90m:4[0m
     1  src/components/unified/index.ts[90m:4[0m
     1  src/config/pwa.ts[90m:19[0m
    19  src/config/routes.tsx[90m:27[0m
     1  src/error-resolution/config/ConfigManager.ts[90m:4[0m
     1  src/error-resolution/core/CacheManager.ts[90m:4[0m
     3  src/error-resolution/core/ErrorAnalyzer.ts[90m:4[0m
     1  src/error-resolution/core/ExecutionOrchestrator.ts[90m:4[0m
     1  src/error-resolution/core/ProcessMonitor.ts[90m:4[0m
     1  src/error-resolution/core/ReportGenerator.ts[90m:4[0m
     1  src/error-resolution/core/RollbackManager.ts[90m:4[0m
     1  src/error-resolution/core/ValidationEngine.ts[90m:4[0m
     1  src/error-resolution/core/WorkflowCoordinator.ts[90m:4[0m
     1  src/error-resolution/fixers/ImportFixer.ts[90m:4[0m
     1  src/error-resolution/fixers/LogicFixer.ts[90m:4[0m
     1  src/error-resolution/fixers/TypeFixer.ts[90m:4[0m
     1  src/error-resolution/generators/BaseScriptGenerator.ts[90m:26[0m
     1  src/error-resolution/index.ts[90m:4[0m
    16  src/error-resolution/test/CacheManager.test.ts[90m:4[0m
    33  src/error-resolution/test/ErrorAnalyzer.test.ts[90m:15[0m
     6  src/error-resolution/test/ImportFixer.test.ts[90m:2[0m
     4  src/error-resolution/test/ValidationEngine.test.ts[90m:3[0m
     4  src/error-resolution/test/WorkflowCoordinator.test.ts[90m:3[0m
     1  src/error-resolution/types/index.ts[90m:4[0m
     1  src/error-resolution/utils/Logger.ts[90m:4[0m
     1  src/features/auth/services/authService.ts[90m:44[0m
     1  src/features/auth/store/authStore.ts[90m:4[0m
     1  src/features/comments/hooks/useComments.ts[90m:6[0m
     1  src/features/comments/services/commentService.ts[90m:40[0m
     1  src/features/common/index.ts[90m:4[0m
     1  src/features/livestream/components/index.ts[90m:4[0m
     2  src/features/notifications/hooks/useNotifications.ts[90m:6[0m
     1  src/features/notifications/services/notificationService.ts[90m:22[0m
     2  src/features/playlist/hooks/usePlaylists.ts[90m:6[0m
     1  src/features/playlist/services/playlistService.ts[90m:22[0m
     1  src/features/search/services/searchService.ts[90m:40[0m
     1  src/features/subscription/services/subscriptionService.ts[90m:22[0m
     2  src/features/user/pages/YourDataPage.tsx[90m:1[0m
     2  src/features/video/hooks/useVideo.ts[90m:6[0m
     2  src/features/video/hooks/useVideoInteractions.ts[90m:6[0m
     2  src/features/video/pages/HomePage.tsx[90m:1[0m
     2  src/features/video/pages/ShortsPage.tsx[90m:1[0m
     2  src/features/video/pages/TrendingPage.tsx[90m:1[0m
     1  src/features/video/services/videoService.ts[90m:40[0m
     1  src/hooks/legacy/index.ts[90m:4[0m
     1  src/hooks/legacy/root-useLiveStream.ts[90m:19[0m
     1  src/hooks/legacy/root-useVideoPlayer.ts[90m:19[0m
     1  src/hooks/optimizedHooks.ts[90m:44[0m
     1  src/hooks/unified/index.ts[90m:4[0m
     2  src/hooks/unified/useApi.ts[90m:6[0m
     2  src/hooks/unified/useVideos.ts[90m:6[0m
     1  src/hooks/unifiedHooks.ts[90m:44[0m
     1  src/hooks/useAnalytics.ts[90m:6[0m
     1  src/hooks/useAsyncData.ts[90m:5[0m
     2  src/hooks/useDebounce.ts[90m:6[0m
     2  src/hooks/useDropdownMenu.ts[90m:6[0m
     1  src/hooks/useEnhancedQuery.ts[90m:6[0m
     2  src/hooks/useFormState.ts[90m:6[0m
     1  src/hooks/useInstallPrompt.ts[90m:6[0m
     2  src/hooks/useLocalStorage.ts[90m:6[0m
     2  src/hooks/useLocalStorageSet.ts[90m:6[0m
     2  src/hooks/useMobileDetection.ts[90m:6[0m
     2  src/hooks/useModal.ts[90m:6[0m
     1  src/hooks/useOfflineStatus.ts[90m:6[0m
     2  src/hooks/useOptimizedVideoData.ts[90m:6[0m
     2  src/hooks/usePerformanceMonitor.ts[90m:6[0m
     2  src/hooks/usePerformanceOptimization.ts[90m:6[0m
     2  src/hooks/usePWANotifications.ts[90m:6[0m
     1  src/hooks/usePWAUpdates.ts[90m:6[0m
     1  src/hooks/useRefactoredHooks.ts[90m:6[0m
     1  src/hooks/useServiceWorker.ts[90m:6[0m
     2  src/hooks/useTrendingSearch.ts[90m:6[0m
     2  src/hooks/useVideoCache.ts[90m:6[0m
     1  src/hooks/useVideoPlayer.ts[90m:6[0m
     2  src/hooks/useVideosData.ts[90m:6[0m
     2  src/hooks/useWatchPage.ts[90m:6[0m
     1  src/lib/constants.ts[90m:4[0m
     1  src/lib/youtube-utils.ts[90m:19[0m
    12  src/pages/ChannelPage.tsx[90m:1[0m
     4  src/pages/HistoryPage.tsx[90m:2[0m
     8  src/pages/HomePage.tsx[90m:1[0m
     4  src/pages/LikedVideosPage.tsx[90m:2[0m
     6  src/pages/LoginPage.tsx[90m:3[0m
    15  src/pages/PlaylistDetailPage.tsx[90m:3[0m
     6  src/pages/PlaylistsPage.tsx[90m:2[0m
     4  src/pages/RegisterPage.tsx[90m:3[0m
     7  src/pages/SearchResultsPage.tsx[90m:2[0m
    19  src/pages/ShortsPage.tsx[90m:3[0m
    18  src/pages/SubscriptionsPage.tsx[90m:3[0m
     7  src/pages/TrendingPage.tsx[90m:2[0m
     9  src/pages/UserPage.tsx[90m:3[0m
     6  src/pages/WatchLaterPage.tsx[90m:1[0m
    22  src/pages/WatchPage.tsx[90m:1[0m
     1  src/services/api/youtubeService.ts[90m:56[0m
     1  src/services/googleSearchService.ts[90m:4[0m
     2  src/services/livestreamAPI.ts[90m:21[0m
     1  src/services/liveStreamService.ts[90m:4[0m
     7  src/services/metadataNormalizationService.ts[90m:52[0m
     1  src/services/realVideoService.ts[90m:4[0m
     1  src/services/settingsService.ts[90m:4[0m
     1  src/services/unifiedDataService.ts[90m:4[0m
     1  src/test/setup.ts[90m:4[0m
     1  src/types/common.ts[90m:1[0m
     1  src/types/core.ts[90m:29[0m
     1  src/types/errors.ts[90m:4[0m
     1  src/types/index.ts[90m:4[0m
     1  src/types/livestream.ts[90m:182[0m
     1  src/types/unified.ts[90m:4[0m
     1  src/types/youtube.ts[90m:4[0m
     1  src/utils/analytics.ts[90m:4[0m
     1  src/utils/conditionalLogger.ts[90m:4[0m
     1  src/utils/dateUtils.ts[90m:56[0m
     1  src/utils/errorUtils.ts[90m:4[0m
     1  src/utils/index.ts[90m:4[0m
     1  src/utils/mocks/browser.ts[90m:4[0m
     1  src/utils/mocks/handlers.ts[90m:4[0m
     1  src/utils/mocks/server.ts[90m:4[0m
     1  src/utils/numberUtils.ts[90m:4[0m
     1  src/utils/offlineStorage.ts[90m:4[0m
     1  src/utils/performanceOptimizations.ts[90m:4[0m
     1  src/utils/performanceProfiler.ts[90m:4[0m
     4  src/utils/pwa.ts[90m:84[0m
     1  src/utils/pwaAnalytics.ts[90m:4[0m
     1  src/utils/youtubeApiUtils.ts[90m:4[0m
